[0.864s] DEBUG:colcon:Command line arguments: ['/usr/bin/colcon', 'build', '--symlink-install', '--packages-select', 'as7265x_at_msgs', 'as7265x_at']
[0.865s] DEBUG:colcon:Parsed command line arguments: Namespace(log_base=None, log_level=None, verb_name='build', build_base='build', install_base='install', merge_install=False, symlink_install=True, test_result_base=None, continue_on_error=False, executor='parallel', parallel_workers=4, event_handlers=None, ignore_user_meta=False, metas=['./colcon.meta'], base_paths=['.'], packages_ignore=None, packages_ignore_regex=None, paths=None, packages_up_to=None, packages_up_to_regex=None, packages_above=None, packages_above_and_dependencies=None, packages_above_depth=None, packages_select_by_dep=None, packages_skip_by_dep=None, packages_skip_up_to=None, packages_select_build_failed=False, packages_skip_build_finished=False, packages_select_test_failures=False, packages_skip_test_passed=False, packages_select=['as7265x_at_msgs', 'as7265x_at'], packages_skip=None, packages_select_regex=None, packages_skip_regex=None, packages_start=None, packages_end=None, allow_overriding=[], cmake_args=None, cmake_target=None, cmake_target_skip_unavailable=False, cmake_clean_cache=False, cmake_clean_first=False, cmake_force_configure=False, ament_cmake_args=None, catkin_cmake_args=None, catkin_skip_building_tests=False, mixin_files=None, mixin=None, verb_parser=<colcon_mixin.mixin.mixin_argument.MixinArgumentDecorator object at 0x7f8fc0bb50>, verb_extension=<colcon_core.verb.build.BuildVerb object at 0x7f8fc0b410>, main=<bound method BuildVerb.main of <colcon_core.verb.build.BuildVerb object at 0x7f8fc0b410>>, mixin_verb=('build',))
[1.999s] Level 1:colcon.colcon_core.package_discovery:discover_packages(colcon_meta) check parameters
[2.000s] Level 1:colcon.colcon_core.package_discovery:discover_packages(recursive) check parameters
[2.000s] Level 1:colcon.colcon_core.package_discovery:discover_packages(ignore) check parameters
[2.000s] Level 1:colcon.colcon_core.package_discovery:discover_packages(path) check parameters
[2.000s] Level 1:colcon.colcon_core.package_discovery:discover_packages(colcon_meta) discover
[2.001s] Level 1:colcon.colcon_core.package_discovery:discover_packages(recursive) discover
[2.001s] INFO:colcon.colcon_core.package_discovery:Crawling recursively for packages in '/home/pi4/camera_ws/src'
[2.001s] Level 1:colcon.colcon_core.package_identification:_identify(.) by extensions ['ignore', 'ignore_ament_install']
[2.002s] Level 1:colcon.colcon_core.package_identification:_identify(.) by extension 'ignore'
[2.002s] Level 1:colcon.colcon_core.package_identification:_identify(.) by extension 'ignore_ament_install'
[2.002s] Level 1:colcon.colcon_core.package_identification:_identify(.) by extensions ['colcon_pkg']
[2.003s] Level 1:colcon.colcon_core.package_identification:_identify(.) by extension 'colcon_pkg'
[2.003s] Level 1:colcon.colcon_core.package_identification:_identify(.) by extensions ['colcon_meta']
[2.003s] Level 1:colcon.colcon_core.package_identification:_identify(.) by extension 'colcon_meta'
[2.003s] Level 1:colcon.colcon_core.package_identification:_identify(.) by extensions ['ros']
[2.003s] Level 1:colcon.colcon_core.package_identification:_identify(.) by extension 'ros'
[2.082s] Level 1:colcon.colcon_core.package_identification:_identify(.) by extensions ['cmake', 'python']
[2.083s] Level 1:colcon.colcon_core.package_identification:_identify(.) by extension 'cmake'
[2.083s] Level 1:colcon.colcon_core.package_identification:_identify(.) by extension 'python'
[2.083s] Level 1:colcon.colcon_core.package_identification:_identify(.) by extensions ['python_setup_py']
[2.083s] Level 1:colcon.colcon_core.package_identification:_identify(.) by extension 'python_setup_py'
[2.084s] Level 1:colcon.colcon_core.package_identification:_identify(as7265x_at) by extensions ['ignore', 'ignore_ament_install']
[2.084s] Level 1:colcon.colcon_core.package_identification:_identify(as7265x_at) by extension 'ignore'
[2.084s] Level 1:colcon.colcon_core.package_identification:_identify(as7265x_at) by extension 'ignore_ament_install'
[2.084s] Level 1:colcon.colcon_core.package_identification:_identify(as7265x_at) by extensions ['colcon_pkg']
[2.084s] Level 1:colcon.colcon_core.package_identification:_identify(as7265x_at) by extension 'colcon_pkg'
[2.084s] Level 1:colcon.colcon_core.package_identification:_identify(as7265x_at) by extensions ['colcon_meta']
[2.085s] Level 1:colcon.colcon_core.package_identification:_identify(as7265x_at) by extension 'colcon_meta'
[2.085s] Level 1:colcon.colcon_core.package_identification:_identify(as7265x_at) by extensions ['ros']
[2.085s] Level 1:colcon.colcon_core.package_identification:_identify(as7265x_at) by extension 'ros'
[2.093s] DEBUG:colcon.colcon_core.package_identification:Package 'as7265x_at' with type 'ros.ament_python' and name 'as7265x_at'
[2.093s] Level 1:colcon.colcon_core.package_identification:_identify(as7265x_at_msgs) by extensions ['ignore', 'ignore_ament_install']
[2.093s] Level 1:colcon.colcon_core.package_identification:_identify(as7265x_at_msgs) by extension 'ignore'
[2.094s] Level 1:colcon.colcon_core.package_identification:_identify(as7265x_at_msgs) by extension 'ignore_ament_install'
[2.094s] Level 1:colcon.colcon_core.package_identification:_identify(as7265x_at_msgs) by extensions ['colcon_pkg']
[2.094s] Level 1:colcon.colcon_core.package_identification:_identify(as7265x_at_msgs) by extension 'colcon_pkg'
[2.094s] Level 1:colcon.colcon_core.package_identification:_identify(as7265x_at_msgs) by extensions ['colcon_meta']
[2.094s] Level 1:colcon.colcon_core.package_identification:_identify(as7265x_at_msgs) by extension 'colcon_meta'
[2.094s] Level 1:colcon.colcon_core.package_identification:_identify(as7265x_at_msgs) by extensions ['ros']
[2.094s] Level 1:colcon.colcon_core.package_identification:_identify(as7265x_at_msgs) by extension 'ros'
[2.096s] DEBUG:colcon.colcon_core.package_identification:Package 'as7265x_at_msgs' with type 'ros.ament_cmake' and name 'as7265x_at_msgs'
[2.097s] Level 1:colcon.colcon_core.package_identification:_identify(build) by extensions ['ignore', 'ignore_ament_install']
[2.097s] Level 1:colcon.colcon_core.package_identification:_identify(build) by extension 'ignore'
[2.097s] Level 1:colcon.colcon_core.package_identification:_identify(build) ignored
[2.097s] Level 1:colcon.colcon_core.package_identification:_identify(camera_ros) by extensions ['ignore', 'ignore_ament_install']
[2.098s] Level 1:colcon.colcon_core.package_identification:_identify(camera_ros) by extension 'ignore'
[2.098s] Level 1:colcon.colcon_core.package_identification:_identify(camera_ros) by extension 'ignore_ament_install'
[2.098s] Level 1:colcon.colcon_core.package_identification:_identify(camera_ros) by extensions ['colcon_pkg']
[2.098s] Level 1:colcon.colcon_core.package_identification:_identify(camera_ros) by extension 'colcon_pkg'
[2.098s] Level 1:colcon.colcon_core.package_identification:_identify(camera_ros) by extensions ['colcon_meta']
[2.098s] Level 1:colcon.colcon_core.package_identification:_identify(camera_ros) by extension 'colcon_meta'
[2.098s] Level 1:colcon.colcon_core.package_identification:_identify(camera_ros) by extensions ['ros']
[2.099s] Level 1:colcon.colcon_core.package_identification:_identify(camera_ros) by extension 'ros'
[2.108s] DEBUG:colcon.colcon_core.package_identification:Package 'camera_ros' with type 'ros.ament_cmake' and name 'camera_ros'
[2.109s] Level 1:colcon.colcon_core.package_identification:_identify(camera_ros_bringup) by extensions ['ignore', 'ignore_ament_install']
[2.109s] Level 1:colcon.colcon_core.package_identification:_identify(camera_ros_bringup) by extension 'ignore'
[2.110s] Level 1:colcon.colcon_core.package_identification:_identify(camera_ros_bringup) by extension 'ignore_ament_install'
[2.110s] Level 1:colcon.colcon_core.package_identification:_identify(camera_ros_bringup) by extensions ['colcon_pkg']
[2.110s] Level 1:colcon.colcon_core.package_identification:_identify(camera_ros_bringup) by extension 'colcon_pkg'
[2.110s] Level 1:colcon.colcon_core.package_identification:_identify(camera_ros_bringup) by extensions ['colcon_meta']
[2.110s] Level 1:colcon.colcon_core.package_identification:_identify(camera_ros_bringup) by extension 'colcon_meta'
[2.110s] Level 1:colcon.colcon_core.package_identification:_identify(camera_ros_bringup) by extensions ['ros']
[2.110s] Level 1:colcon.colcon_core.package_identification:_identify(camera_ros_bringup) by extension 'ros'
[2.112s] DEBUG:colcon.colcon_core.package_identification:Package 'camera_ros_bringup' with type 'ros.ament_cmake' and name 'camera_ros_bringup'
[2.112s] Level 1:colcon.colcon_core.package_identification:_identify(install) by extensions ['ignore', 'ignore_ament_install']
[2.113s] Level 1:colcon.colcon_core.package_identification:_identify(install) by extension 'ignore'
[2.113s] Level 1:colcon.colcon_core.package_identification:_identify(install) ignored
[2.113s] Level 1:colcon.colcon_core.package_identification:_identify(log) by extensions ['ignore', 'ignore_ament_install']
[2.113s] Level 1:colcon.colcon_core.package_identification:_identify(log) by extension 'ignore'
[2.114s] Level 1:colcon.colcon_core.package_identification:_identify(log) ignored
[2.114s] Level 1:colcon.colcon_core.package_identification:_identify(multispec) by extensions ['ignore', 'ignore_ament_install']
[2.114s] Level 1:colcon.colcon_core.package_identification:_identify(multispec) by extension 'ignore'
[2.114s] Level 1:colcon.colcon_core.package_identification:_identify(multispec) by extension 'ignore_ament_install'
[2.114s] Level 1:colcon.colcon_core.package_identification:_identify(multispec) by extensions ['colcon_pkg']
[2.114s] Level 1:colcon.colcon_core.package_identification:_identify(multispec) by extension 'colcon_pkg'
[2.115s] Level 1:colcon.colcon_core.package_identification:_identify(multispec) by extensions ['colcon_meta']
[2.115s] Level 1:colcon.colcon_core.package_identification:_identify(multispec) by extension 'colcon_meta'
[2.115s] Level 1:colcon.colcon_core.package_identification:_identify(multispec) by extensions ['ros']
[2.115s] Level 1:colcon.colcon_core.package_identification:_identify(multispec) by extension 'ros'
[2.115s] Level 1:colcon.colcon_core.package_identification:_identify(multispec) by extensions ['cmake', 'python']
[2.115s] Level 1:colcon.colcon_core.package_identification:_identify(multispec) by extension 'cmake'
[2.115s] Level 1:colcon.colcon_core.package_identification:_identify(multispec) by extension 'python'
[2.115s] Level 1:colcon.colcon_core.package_identification:_identify(multispec) by extensions ['python_setup_py']
[2.115s] Level 1:colcon.colcon_core.package_identification:_identify(multispec) by extension 'python_setup_py'
[2.116s] Level 1:colcon.colcon_core.package_identification:_identify(stamp_and_split_cam1) by extensions ['ignore', 'ignore_ament_install']
[2.116s] Level 1:colcon.colcon_core.package_identification:_identify(stamp_and_split_cam1) by extension 'ignore'
[2.116s] Level 1:colcon.colcon_core.package_identification:_identify(stamp_and_split_cam1) by extension 'ignore_ament_install'
[2.116s] Level 1:colcon.colcon_core.package_identification:_identify(stamp_and_split_cam1) by extensions ['colcon_pkg']
[2.116s] Level 1:colcon.colcon_core.package_identification:_identify(stamp_and_split_cam1) by extension 'colcon_pkg'
[2.116s] Level 1:colcon.colcon_core.package_identification:_identify(stamp_and_split_cam1) by extensions ['colcon_meta']
[2.117s] Level 1:colcon.colcon_core.package_identification:_identify(stamp_and_split_cam1) by extension 'colcon_meta'
[2.117s] Level 1:colcon.colcon_core.package_identification:_identify(stamp_and_split_cam1) by extensions ['ros']
[2.117s] Level 1:colcon.colcon_core.package_identification:_identify(stamp_and_split_cam1) by extension 'ros'
[2.119s] DEBUG:colcon.colcon_core.package_identification:Package 'stamp_and_split_cam1' with type 'ros.ament_python' and name 'stamp_and_split_cam1'
[2.119s] Level 1:colcon.colcon_core.package_identification:_identify(vision_opencv) by extensions ['ignore', 'ignore_ament_install']
[2.120s] Level 1:colcon.colcon_core.package_identification:_identify(vision_opencv) by extension 'ignore'
[2.120s] Level 1:colcon.colcon_core.package_identification:_identify(vision_opencv) by extension 'ignore_ament_install'
[2.120s] Level 1:colcon.colcon_core.package_identification:_identify(vision_opencv) by extensions ['colcon_pkg']
[2.120s] Level 1:colcon.colcon_core.package_identification:_identify(vision_opencv) by extension 'colcon_pkg'
[2.120s] Level 1:colcon.colcon_core.package_identification:_identify(vision_opencv) by extensions ['colcon_meta']
[2.120s] Level 1:colcon.colcon_core.package_identification:_identify(vision_opencv) by extension 'colcon_meta'
[2.120s] Level 1:colcon.colcon_core.package_identification:_identify(vision_opencv) by extensions ['ros']
[2.120s] Level 1:colcon.colcon_core.package_identification:_identify(vision_opencv) by extension 'ros'
[2.121s] Level 1:colcon.colcon_core.package_identification:_identify(vision_opencv) by extensions ['cmake', 'python']
[2.121s] Level 1:colcon.colcon_core.package_identification:_identify(vision_opencv) by extension 'cmake'
[2.121s] Level 1:colcon.colcon_core.package_identification:_identify(vision_opencv) by extension 'python'
[2.121s] Level 1:colcon.colcon_core.package_identification:_identify(vision_opencv) by extensions ['python_setup_py']
[2.121s] Level 1:colcon.colcon_core.package_identification:_identify(vision_opencv) by extension 'python_setup_py'
[2.121s] Level 1:colcon.colcon_core.package_identification:_identify(vision_opencv/cv_bridge) by extensions ['ignore', 'ignore_ament_install']
[2.122s] Level 1:colcon.colcon_core.package_identification:_identify(vision_opencv/cv_bridge) by extension 'ignore'
[2.122s] Level 1:colcon.colcon_core.package_identification:_identify(vision_opencv/cv_bridge) by extension 'ignore_ament_install'
[2.122s] Level 1:colcon.colcon_core.package_identification:_identify(vision_opencv/cv_bridge) by extensions ['colcon_pkg']
[2.122s] Level 1:colcon.colcon_core.package_identification:_identify(vision_opencv/cv_bridge) by extension 'colcon_pkg'
[2.122s] Level 1:colcon.colcon_core.package_identification:_identify(vision_opencv/cv_bridge) by extensions ['colcon_meta']
[2.122s] Level 1:colcon.colcon_core.package_identification:_identify(vision_opencv/cv_bridge) by extension 'colcon_meta'
[2.122s] Level 1:colcon.colcon_core.package_identification:_identify(vision_opencv/cv_bridge) by extensions ['ros']
[2.122s] Level 1:colcon.colcon_core.package_identification:_identify(vision_opencv/cv_bridge) by extension 'ros'
[2.126s] DEBUG:colcon.colcon_core.package_identification:Package 'vision_opencv/cv_bridge' with type 'ros.ament_cmake' and name 'cv_bridge'
[2.126s] Level 1:colcon.colcon_core.package_identification:_identify(vision_opencv/image_geometry) by extensions ['ignore', 'ignore_ament_install']
[2.126s] Level 1:colcon.colcon_core.package_identification:_identify(vision_opencv/image_geometry) by extension 'ignore'
[2.127s] Level 1:colcon.colcon_core.package_identification:_identify(vision_opencv/image_geometry) by extension 'ignore_ament_install'
[2.127s] Level 1:colcon.colcon_core.package_identification:_identify(vision_opencv/image_geometry) by extensions ['colcon_pkg']
[2.127s] Level 1:colcon.colcon_core.package_identification:_identify(vision_opencv/image_geometry) by extension 'colcon_pkg'
[2.127s] Level 1:colcon.colcon_core.package_identification:_identify(vision_opencv/image_geometry) by extensions ['colcon_meta']
[2.127s] Level 1:colcon.colcon_core.package_identification:_identify(vision_opencv/image_geometry) by extension 'colcon_meta'
[2.127s] Level 1:colcon.colcon_core.package_identification:_identify(vision_opencv/image_geometry) by extensions ['ros']
[2.127s] Level 1:colcon.colcon_core.package_identification:_identify(vision_opencv/image_geometry) by extension 'ros'
[2.130s] DEBUG:colcon.colcon_core.package_identification:Package 'vision_opencv/image_geometry' with type 'ros.ament_cmake' and name 'image_geometry'
[2.130s] Level 1:colcon.colcon_core.package_identification:_identify(vision_opencv/opencv_tests) by extensions ['ignore', 'ignore_ament_install']
[2.130s] Level 1:colcon.colcon_core.package_identification:_identify(vision_opencv/opencv_tests) by extension 'ignore'
[2.131s] Level 1:colcon.colcon_core.package_identification:_identify(vision_opencv/opencv_tests) by extension 'ignore_ament_install'
[2.131s] Level 1:colcon.colcon_core.package_identification:_identify(vision_opencv/opencv_tests) by extensions ['colcon_pkg']
[2.131s] Level 1:colcon.colcon_core.package_identification:_identify(vision_opencv/opencv_tests) by extension 'colcon_pkg'
[2.131s] Level 1:colcon.colcon_core.package_identification:_identify(vision_opencv/opencv_tests) by extensions ['colcon_meta']
[2.131s] Level 1:colcon.colcon_core.package_identification:_identify(vision_opencv/opencv_tests) by extension 'colcon_meta'
[2.131s] Level 1:colcon.colcon_core.package_identification:_identify(vision_opencv/opencv_tests) by extensions ['ros']
[2.131s] Level 1:colcon.colcon_core.package_identification:_identify(vision_opencv/opencv_tests) by extension 'ros'
[2.133s] DEBUG:colcon.colcon_core.package_identification:Package 'vision_opencv/opencv_tests' with type 'ros.ament_python' and name 'opencv_tests'
[2.133s] Level 1:colcon.colcon_core.package_identification:_identify(vision_opencv/vision_opencv) by extensions ['ignore', 'ignore_ament_install']
[2.134s] Level 1:colcon.colcon_core.package_identification:_identify(vision_opencv/vision_opencv) by extension 'ignore'
[2.134s] Level 1:colcon.colcon_core.package_identification:_identify(vision_opencv/vision_opencv) by extension 'ignore_ament_install'
[2.134s] Level 1:colcon.colcon_core.package_identification:_identify(vision_opencv/vision_opencv) by extensions ['colcon_pkg']
[2.134s] Level 1:colcon.colcon_core.package_identification:_identify(vision_opencv/vision_opencv) by extension 'colcon_pkg'
[2.134s] Level 1:colcon.colcon_core.package_identification:_identify(vision_opencv/vision_opencv) by extensions ['colcon_meta']
[2.134s] Level 1:colcon.colcon_core.package_identification:_identify(vision_opencv/vision_opencv) by extension 'colcon_meta'
[2.134s] Level 1:colcon.colcon_core.package_identification:_identify(vision_opencv/vision_opencv) by extensions ['ros']
[2.135s] Level 1:colcon.colcon_core.package_identification:_identify(vision_opencv/vision_opencv) by extension 'ros'
[2.136s] DEBUG:colcon.colcon_core.package_identification:Package 'vision_opencv/vision_opencv' with type 'ros.ament_cmake' and name 'vision_opencv'
[2.137s] Level 1:colcon.colcon_core.package_discovery:discover_packages(recursive) using defaults
[2.137s] Level 1:colcon.colcon_core.package_discovery:discover_packages(ignore) discover
[2.137s] Level 1:colcon.colcon_core.package_discovery:discover_packages(ignore) using defaults
[2.137s] Level 1:colcon.colcon_core.package_discovery:discover_packages(path) discover
[2.137s] Level 1:colcon.colcon_core.package_discovery:discover_packages(path) using defaults
[2.294s] INFO:colcon.colcon_core.package_selection:Skipping not selected package 'cv_bridge' in 'vision_opencv/cv_bridge'
[2.294s] INFO:colcon.colcon_core.package_selection:Skipping not selected package 'image_geometry' in 'vision_opencv/image_geometry'
[2.294s] INFO:colcon.colcon_core.package_selection:Skipping not selected package 'stamp_and_split_cam1' in 'stamp_and_split_cam1'
[2.294s] INFO:colcon.colcon_core.package_selection:Skipping not selected package 'camera_ros' in 'camera_ros'
[2.294s] INFO:colcon.colcon_core.package_selection:Skipping not selected package 'opencv_tests' in 'vision_opencv/opencv_tests'
[2.294s] INFO:colcon.colcon_core.package_selection:Skipping not selected package 'vision_opencv' in 'vision_opencv/vision_opencv'
[2.294s] INFO:colcon.colcon_core.package_selection:Skipping not selected package 'camera_ros_bringup' in 'camera_ros_bringup'
[2.296s] Level 1:colcon.colcon_core.package_discovery:discover_packages(prefix_path) check parameters
[2.296s] Level 1:colcon.colcon_core.package_discovery:discover_packages(prefix_path) discover
[2.299s] WARNING:colcon.colcon_core.prefix_path.colcon:The path '/home/pi4/as7265x_at/install' in the environment variable COLCON_PREFIX_PATH doesn't exist
[2.300s] WARNING:colcon.colcon_ros.prefix_path.ament:The path '/home/pi4/as7265x_at/install/as7265x_at' in the environment variable AMENT_PREFIX_PATH doesn't exist
[2.367s] DEBUG:colcon.colcon_installed_package_information.package_discovery:Found 354 installed packages in /home/pi4/ros2_jazzy/install
[2.374s] Level 1:colcon.colcon_core.package_discovery:discover_packages(prefix_path) using defaults
[2.472s] Level 5:colcon.colcon_core.verb:set package 'as7265x_at' build argument 'cmake_args' from command line to 'None'
[2.472s] Level 5:colcon.colcon_core.verb:set package 'as7265x_at' build argument 'cmake_target' from command line to 'None'
[2.473s] Level 5:colcon.colcon_core.verb:set package 'as7265x_at' build argument 'cmake_target_skip_unavailable' from command line to 'False'
[2.473s] Level 5:colcon.colcon_core.verb:set package 'as7265x_at' build argument 'cmake_clean_cache' from command line to 'False'
[2.473s] Level 5:colcon.colcon_core.verb:set package 'as7265x_at' build argument 'cmake_clean_first' from command line to 'False'
[2.473s] Level 5:colcon.colcon_core.verb:set package 'as7265x_at' build argument 'cmake_force_configure' from command line to 'False'
[2.473s] Level 5:colcon.colcon_core.verb:set package 'as7265x_at' build argument 'ament_cmake_args' from command line to 'None'
[2.473s] Level 5:colcon.colcon_core.verb:set package 'as7265x_at' build argument 'catkin_cmake_args' from command line to 'None'
[2.473s] Level 5:colcon.colcon_core.verb:set package 'as7265x_at' build argument 'catkin_skip_building_tests' from command line to 'False'
[2.473s] DEBUG:colcon.colcon_core.verb:Building package 'as7265x_at' with the following arguments: {'ament_cmake_args': None, 'build_base': '/home/pi4/camera_ws/src/build/as7265x_at', 'catkin_cmake_args': None, 'catkin_skip_building_tests': False, 'cmake_args': None, 'cmake_clean_cache': False, 'cmake_clean_first': False, 'cmake_force_configure': False, 'cmake_target': None, 'cmake_target_skip_unavailable': False, 'install_base': '/home/pi4/camera_ws/src/install/as7265x_at', 'merge_install': False, 'path': '/home/pi4/camera_ws/src/as7265x_at', 'symlink_install': True, 'test_result_base': None}
[2.474s] Level 5:colcon.colcon_core.verb:set package 'as7265x_at_msgs' build argument 'cmake_args' from command line to 'None'
[2.475s] Level 5:colcon.colcon_core.verb:set package 'as7265x_at_msgs' build argument 'cmake_target' from command line to 'None'
[2.475s] Level 5:colcon.colcon_core.verb:set package 'as7265x_at_msgs' build argument 'cmake_target_skip_unavailable' from command line to 'False'
[2.475s] Level 5:colcon.colcon_core.verb:set package 'as7265x_at_msgs' build argument 'cmake_clean_cache' from command line to 'False'
[2.475s] Level 5:colcon.colcon_core.verb:set package 'as7265x_at_msgs' build argument 'cmake_clean_first' from command line to 'False'
[2.475s] Level 5:colcon.colcon_core.verb:set package 'as7265x_at_msgs' build argument 'cmake_force_configure' from command line to 'False'
[2.475s] Level 5:colcon.colcon_core.verb:set package 'as7265x_at_msgs' build argument 'ament_cmake_args' from command line to 'None'
[2.475s] Level 5:colcon.colcon_core.verb:set package 'as7265x_at_msgs' build argument 'catkin_cmake_args' from command line to 'None'
[2.475s] Level 5:colcon.colcon_core.verb:set package 'as7265x_at_msgs' build argument 'catkin_skip_building_tests' from command line to 'False'
[2.475s] DEBUG:colcon.colcon_core.verb:Building package 'as7265x_at_msgs' with the following arguments: {'ament_cmake_args': None, 'build_base': '/home/pi4/camera_ws/src/build/as7265x_at_msgs', 'catkin_cmake_args': None, 'catkin_skip_building_tests': False, 'cmake_args': None, 'cmake_clean_cache': False, 'cmake_clean_first': False, 'cmake_force_configure': False, 'cmake_target': None, 'cmake_target_skip_unavailable': False, 'install_base': '/home/pi4/camera_ws/src/install/as7265x_at_msgs', 'merge_install': False, 'path': '/home/pi4/camera_ws/src/as7265x_at_msgs', 'symlink_install': True, 'test_result_base': None}
[2.476s] INFO:colcon.colcon_core.executor:Executing jobs using 'parallel' executor
[2.479s] DEBUG:colcon.colcon_parallel_executor.executor.parallel:run_until_complete
[2.480s] INFO:colcon.colcon_ros.task.ament_python.build:Building ROS package in '/home/pi4/camera_ws/src/as7265x_at' with build type 'ament_python'
[2.480s] Level 1:colcon.colcon_core.shell:create_environment_hook('as7265x_at', 'ament_prefix_path')
[2.502s] INFO:colcon.colcon_core.plugin_system:Skipping extension 'colcon_core.shell.bat': Not used on non-Windows systems
[2.502s] INFO:colcon.colcon_core.shell:Creating environment hook '/home/pi4/camera_ws/src/install/as7265x_at/share/as7265x_at/hook/ament_prefix_path.ps1'
[2.504s] INFO:colcon.colcon_core.shell:Creating environment descriptor '/home/pi4/camera_ws/src/install/as7265x_at/share/as7265x_at/hook/ament_prefix_path.dsv'
[2.506s] INFO:colcon.colcon_core.shell:Creating environment hook '/home/pi4/camera_ws/src/install/as7265x_at/share/as7265x_at/hook/ament_prefix_path.sh'
[2.509s] INFO:colcon.colcon_core.shell:Skip shell extension 'powershell' for command environment: Not usable outside of PowerShell
[2.509s] DEBUG:colcon.colcon_core.shell:Skip shell extension 'dsv' for command environment
[2.581s] INFO:colcon.colcon_ros.task.ament_cmake.build:Building ROS package in '/home/pi4/camera_ws/src/as7265x_at_msgs' with build type 'ament_cmake'
[2.582s] INFO:colcon.colcon_cmake.task.cmake.build:Building CMake package in '/home/pi4/camera_ws/src/as7265x_at_msgs'
[2.583s] INFO:colcon.colcon_core.shell:Skip shell extension 'powershell' for command environment: Not usable outside of PowerShell
[2.583s] DEBUG:colcon.colcon_core.shell:Skip shell extension 'dsv' for command environment
[5.353s] INFO:colcon.colcon_core.task.python.build:Building Python package in '/home/pi4/camera_ws/src/as7265x_at'
[5.353s] INFO:colcon.colcon_core.shell:Skip shell extension 'powershell' for command environment: Not usable outside of PowerShell
[5.354s] DEBUG:colcon.colcon_core.shell:Skip shell extension 'dsv' for command environment
[5.444s] DEBUG:colcon.colcon_core.event_handler.log_command:Invoking command in '/home/pi4/camera_ws/src/build/as7265x_at_msgs': CMAKE_PREFIX_PATH=${CMAKE_PREFIX_PATH}:/home/pi4/as7265x_at/install/as7265x_at:/home/pi4/ros2_jazzy/install/rqt_bag_plugins:/home/pi4/ros2_jazzy/install/rqt_bag:/home/pi4/ros2_jazzy/install/rosbag2_examples_py:/home/pi4/ros2_jazzy/install/launch_testing_examples:/home/pi4/ros2_jazzy/install/ros2bag:/home/pi4/ros2_jazzy/install/tracetools_test:/home/pi4/ros2_jazzy/install/tracetools_launch:/home/pi4/ros2_jazzy/install/topic_monitor:/home/pi4/ros2_jazzy/install/tf2_tools:/home/pi4/ros2_jazzy/install/examples_tf2_py:/home/pi4/ros2_jazzy/install/tf2_ros_py:/home/pi4/ros2_jazzy/install/examples_rclpy_pointcloud_publisher:/home/pi4/ros2_jazzy/install/sensor_msgs_py:/home/pi4/ros2_jazzy/install/quality_of_service_demo_py:/home/pi4/ros2_jazzy/install/camera_info_manager_py:/home/pi4/ros2_jazzy/install/rqt_plot:/home/pi4/ros2_jazzy/install/ros2doctor:/home/pi4/ros2_jazzy/install/lifecycle_py:/home/pi4/ros2_jazzy/install/examples_rclpy_minimal_subscriber:/home/pi4/ros2_jazzy/install/examples_rclpy_minimal_service:/home/pi4/ros2_jazzy/install/examples_rclpy_minimal_publisher:/home/pi4/ros2_jazzy/install/examples_rclpy_minimal_client:/home/pi4/ros2_jazzy/install/examples_rclpy_executors:/home/pi4/ros2_jazzy/install/demo_nodes_py:/home/pi4/ros2_jazzy/install/rqt:/home/pi4/ros2_jazzy/install/ros2component:/home/pi4/ros2_jazzy/install/sros2:/home/pi4/ros2_jazzy/install/rqt_topic:/home/pi4/ros2_jazzy/install/rqt_srv:/home/pi4/ros2_jazzy/install/rqt_shell:/home/pi4/ros2_jazzy/install/rqt_service_caller:/home/pi4/ros2_jazzy/install/rqt_reconfigure:/home/pi4/ros2_jazzy/install/rqt_py_console:/home/pi4/ros2_jazzy/install/rqt_publisher:/home/pi4/ros2_jazzy/install/rqt_action:/home/pi4/ros2_jazzy/install/rqt_msg:/home/pi4/ros2_jazzy/install/rqt_console:/home/pi4/ros2_jazzy/install/rqt_graph:/home/pi4/ros2_jazzy/install/rqt_gui_py:/home/pi4/ros2_jazzy/install/rqt_gui:/home/pi4/ros2_jazzy/install/ros2trace:/home/pi4/ros2_jazzy/install/ros2param:/home/pi4/ros2_jazzy/install/ros2lifecycle:/home/pi4/ros2_jazzy/install/ros2service:/home/pi4/ros2_jazzy/install/ros2topic:/home/pi4/ros2_jazzy/install/ros2test:/home/pi4/ros2_jazzy/install/ros2run:/home/pi4/ros2_jazzy/install/ros2plugin:/home/pi4/ros2_jazzy/install/ros2launch:/home/pi4/ros2_jazzy/install/ros2pkg:/home/pi4/ros2_jazzy/install/ros2node:/home/pi4/ros2_jazzy/install/ros2multicast:/home/pi4/ros2_jazzy/install/ros2interface:/home/pi4/ros2_jazzy/install/ros2action:/home/pi4/ros2_jazzy/install/ros2cli:/home/pi4/ros2_jazzy/install/launch_testing_ros:/home/pi4/ros2_jazzy/install/launch_ros:/home/pi4/ros2_jazzy/install/examples_rclpy_minimal_action_server:/home/pi4/ros2_jazzy/install/examples_rclpy_minimal_action_client:/home/pi4/ros2_jazzy/install/examples_rclpy_guard_conditions:/home/pi4/ros2_jazzy/install/action_tutorials_py:/home/pi4/ros2_jazzy/install/ament_uncrustify:/home/pi4/ros2_jazzy/install/tracetools_trace:/home/pi4/ros2_jazzy/install/tracetools_read:/home/pi4/ros2_jazzy/install/test_tracetools_launch:/home/pi4/ros2_jazzy/install/test_ros2trace:/home/pi4/ros2_jazzy/install/test_launch_ros:/home/pi4/ros2_jazzy/install/rpyutils:/home/pi4/ros2_jazzy/install/rosidl_runtime_py:/home/pi4/ros2_jazzy/install/rosidl_pycommon:/home/pi4/ros2_jazzy/install/rosidl_cli:/home/pi4/ros2_jazzy/install/launch_pytest:/home/pi4/ros2_jazzy/install/launch_testing:/home/pi4/ros2_jazzy/install/launch_yaml:/home/pi4/ros2_jazzy/install/launch_xml:/home/pi4/ros2_jazzy/install/launch:/home/pi4/ros2_jazzy/install/osrf_pycommon:/home/pi4/ros2_jazzy/install/domain_coordinator:/home/pi4/ros2_jazzy/install/ament_xmllint:/home/pi4/ros2_jazzy/install/ament_pyflakes:/home/pi4/ros2_jazzy/install/ament_pycodestyle:/home/pi4/ros2_jazzy/install/ament_pep257:/home/pi4/ros2_jazzy/install/ament_pclint:/home/pi4/ros2_jazzy/install/ament_package:/home/pi4/ros2_jazzy/install/ament_mypy:/home/pi4/ros2_jazzy/install/ament_lint_cmake:/home/pi4/ros2_jazzy/install/ament_flake8:/home/pi4/ros2_jazzy/install/ament_copyright:/home/pi4/ros2_jazzy/install/ament_lint:/home/pi4/ros2_jazzy/install/ament_index_python:/home/pi4/ros2_jazzy/install/ament_cpplint:/home/pi4/ros2_jazzy/install/ament_cppcheck:/home/pi4/ros2_jazzy/install/ament_clang_tidy:/home/pi4/ros2_jazzy/install/ament_clang_format /usr/bin/cmake /home/pi4/camera_ws/src/as7265x_at_msgs -DAMENT_CMAKE_SYMLINK_INSTALL=1 -DCMAKE_INSTALL_PREFIX=/home/pi4/camera_ws/src/install/as7265x_at_msgs
[11.269s] DEBUG:colcon.colcon_core.task.python.build:While undoing a previous installation files outside the Python library path are being ignored: /home/pi4/camera_ws/src/install/as7265x_at/share/ament_index/resource_index/packages/as7265x_at
[11.269s] DEBUG:colcon.colcon_core.task.python.build:While undoing a previous installation files outside the Python library path are being ignored: /home/pi4/camera_ws/src/install/as7265x_at/share/as7265x_at/package.xml
[11.270s] DEBUG:colcon.colcon_core.task.python.build:While undoing a previous installation files outside the Python library path are being ignored: /home/pi4/camera_ws/src/install/as7265x_at/lib/as7265x_at/as7265x_at_node
[11.286s] DEBUG:colcon.colcon_core.event_handler.log_command:Invoking command in '/home/pi4/camera_ws/src/build/as7265x_at': PYTHONPATH=/home/pi4/camera_ws/src/build/as7265x_at/prefix_override:/usr/lib/python3/dist-packages/colcon_core/task/python/colcon_distutils_commands:/home/pi4/camera_ws/src/install/as7265x_at/lib/python3.11/site-packages:${PYTHONPATH} /usr/bin/python3 -W ignore:setup.py install is deprecated -W ignore:easy_install command is deprecated setup.py develop --editable --build-directory /home/pi4/camera_ws/src/build/as7265x_at/build --no-deps symlink_data --force
[15.915s] DEBUG:colcon.colcon_core.event_handler.log_command:Invoked command in '/home/pi4/camera_ws/src/build/as7265x_at_msgs' returned '0': CMAKE_PREFIX_PATH=${CMAKE_PREFIX_PATH}:/home/pi4/as7265x_at/install/as7265x_at:/home/pi4/ros2_jazzy/install/rqt_bag_plugins:/home/pi4/ros2_jazzy/install/rqt_bag:/home/pi4/ros2_jazzy/install/rosbag2_examples_py:/home/pi4/ros2_jazzy/install/launch_testing_examples:/home/pi4/ros2_jazzy/install/ros2bag:/home/pi4/ros2_jazzy/install/tracetools_test:/home/pi4/ros2_jazzy/install/tracetools_launch:/home/pi4/ros2_jazzy/install/topic_monitor:/home/pi4/ros2_jazzy/install/tf2_tools:/home/pi4/ros2_jazzy/install/examples_tf2_py:/home/pi4/ros2_jazzy/install/tf2_ros_py:/home/pi4/ros2_jazzy/install/examples_rclpy_pointcloud_publisher:/home/pi4/ros2_jazzy/install/sensor_msgs_py:/home/pi4/ros2_jazzy/install/quality_of_service_demo_py:/home/pi4/ros2_jazzy/install/camera_info_manager_py:/home/pi4/ros2_jazzy/install/rqt_plot:/home/pi4/ros2_jazzy/install/ros2doctor:/home/pi4/ros2_jazzy/install/lifecycle_py:/home/pi4/ros2_jazzy/install/examples_rclpy_minimal_subscriber:/home/pi4/ros2_jazzy/install/examples_rclpy_minimal_service:/home/pi4/ros2_jazzy/install/examples_rclpy_minimal_publisher:/home/pi4/ros2_jazzy/install/examples_rclpy_minimal_client:/home/pi4/ros2_jazzy/install/examples_rclpy_executors:/home/pi4/ros2_jazzy/install/demo_nodes_py:/home/pi4/ros2_jazzy/install/rqt:/home/pi4/ros2_jazzy/install/ros2component:/home/pi4/ros2_jazzy/install/sros2:/home/pi4/ros2_jazzy/install/rqt_topic:/home/pi4/ros2_jazzy/install/rqt_srv:/home/pi4/ros2_jazzy/install/rqt_shell:/home/pi4/ros2_jazzy/install/rqt_service_caller:/home/pi4/ros2_jazzy/install/rqt_reconfigure:/home/pi4/ros2_jazzy/install/rqt_py_console:/home/pi4/ros2_jazzy/install/rqt_publisher:/home/pi4/ros2_jazzy/install/rqt_action:/home/pi4/ros2_jazzy/install/rqt_msg:/home/pi4/ros2_jazzy/install/rqt_console:/home/pi4/ros2_jazzy/install/rqt_graph:/home/pi4/ros2_jazzy/install/rqt_gui_py:/home/pi4/ros2_jazzy/install/rqt_gui:/home/pi4/ros2_jazzy/install/ros2trace:/home/pi4/ros2_jazzy/install/ros2param:/home/pi4/ros2_jazzy/install/ros2lifecycle:/home/pi4/ros2_jazzy/install/ros2service:/home/pi4/ros2_jazzy/install/ros2topic:/home/pi4/ros2_jazzy/install/ros2test:/home/pi4/ros2_jazzy/install/ros2run:/home/pi4/ros2_jazzy/install/ros2plugin:/home/pi4/ros2_jazzy/install/ros2launch:/home/pi4/ros2_jazzy/install/ros2pkg:/home/pi4/ros2_jazzy/install/ros2node:/home/pi4/ros2_jazzy/install/ros2multicast:/home/pi4/ros2_jazzy/install/ros2interface:/home/pi4/ros2_jazzy/install/ros2action:/home/pi4/ros2_jazzy/install/ros2cli:/home/pi4/ros2_jazzy/install/launch_testing_ros:/home/pi4/ros2_jazzy/install/launch_ros:/home/pi4/ros2_jazzy/install/examples_rclpy_minimal_action_server:/home/pi4/ros2_jazzy/install/examples_rclpy_minimal_action_client:/home/pi4/ros2_jazzy/install/examples_rclpy_guard_conditions:/home/pi4/ros2_jazzy/install/action_tutorials_py:/home/pi4/ros2_jazzy/install/ament_uncrustify:/home/pi4/ros2_jazzy/install/tracetools_trace:/home/pi4/ros2_jazzy/install/tracetools_read:/home/pi4/ros2_jazzy/install/test_tracetools_launch:/home/pi4/ros2_jazzy/install/test_ros2trace:/home/pi4/ros2_jazzy/install/test_launch_ros:/home/pi4/ros2_jazzy/install/rpyutils:/home/pi4/ros2_jazzy/install/rosidl_runtime_py:/home/pi4/ros2_jazzy/install/rosidl_pycommon:/home/pi4/ros2_jazzy/install/rosidl_cli:/home/pi4/ros2_jazzy/install/launch_pytest:/home/pi4/ros2_jazzy/install/launch_testing:/home/pi4/ros2_jazzy/install/launch_yaml:/home/pi4/ros2_jazzy/install/launch_xml:/home/pi4/ros2_jazzy/install/launch:/home/pi4/ros2_jazzy/install/osrf_pycommon:/home/pi4/ros2_jazzy/install/domain_coordinator:/home/pi4/ros2_jazzy/install/ament_xmllint:/home/pi4/ros2_jazzy/install/ament_pyflakes:/home/pi4/ros2_jazzy/install/ament_pycodestyle:/home/pi4/ros2_jazzy/install/ament_pep257:/home/pi4/ros2_jazzy/install/ament_pclint:/home/pi4/ros2_jazzy/install/ament_package:/home/pi4/ros2_jazzy/install/ament_mypy:/home/pi4/ros2_jazzy/install/ament_lint_cmake:/home/pi4/ros2_jazzy/install/ament_flake8:/home/pi4/ros2_jazzy/install/ament_copyright:/home/pi4/ros2_jazzy/install/ament_lint:/home/pi4/ros2_jazzy/install/ament_index_python:/home/pi4/ros2_jazzy/install/ament_cpplint:/home/pi4/ros2_jazzy/install/ament_cppcheck:/home/pi4/ros2_jazzy/install/ament_clang_tidy:/home/pi4/ros2_jazzy/install/ament_clang_format /usr/bin/cmake /home/pi4/camera_ws/src/as7265x_at_msgs -DAMENT_CMAKE_SYMLINK_INSTALL=1 -DCMAKE_INSTALL_PREFIX=/home/pi4/camera_ws/src/install/as7265x_at_msgs
[15.922s] DEBUG:colcon.colcon_core.event_handler.log_command:Invoking command in '/home/pi4/camera_ws/src/build/as7265x_at_msgs': CMAKE_PREFIX_PATH=${CMAKE_PREFIX_PATH}:/home/pi4/as7265x_at/install/as7265x_at:/home/pi4/ros2_jazzy/install/rqt_bag_plugins:/home/pi4/ros2_jazzy/install/rqt_bag:/home/pi4/ros2_jazzy/install/rosbag2_examples_py:/home/pi4/ros2_jazzy/install/launch_testing_examples:/home/pi4/ros2_jazzy/install/ros2bag:/home/pi4/ros2_jazzy/install/tracetools_test:/home/pi4/ros2_jazzy/install/tracetools_launch:/home/pi4/ros2_jazzy/install/topic_monitor:/home/pi4/ros2_jazzy/install/tf2_tools:/home/pi4/ros2_jazzy/install/examples_tf2_py:/home/pi4/ros2_jazzy/install/tf2_ros_py:/home/pi4/ros2_jazzy/install/examples_rclpy_pointcloud_publisher:/home/pi4/ros2_jazzy/install/sensor_msgs_py:/home/pi4/ros2_jazzy/install/quality_of_service_demo_py:/home/pi4/ros2_jazzy/install/camera_info_manager_py:/home/pi4/ros2_jazzy/install/rqt_plot:/home/pi4/ros2_jazzy/install/ros2doctor:/home/pi4/ros2_jazzy/install/lifecycle_py:/home/pi4/ros2_jazzy/install/examples_rclpy_minimal_subscriber:/home/pi4/ros2_jazzy/install/examples_rclpy_minimal_service:/home/pi4/ros2_jazzy/install/examples_rclpy_minimal_publisher:/home/pi4/ros2_jazzy/install/examples_rclpy_minimal_client:/home/pi4/ros2_jazzy/install/examples_rclpy_executors:/home/pi4/ros2_jazzy/install/demo_nodes_py:/home/pi4/ros2_jazzy/install/rqt:/home/pi4/ros2_jazzy/install/ros2component:/home/pi4/ros2_jazzy/install/sros2:/home/pi4/ros2_jazzy/install/rqt_topic:/home/pi4/ros2_jazzy/install/rqt_srv:/home/pi4/ros2_jazzy/install/rqt_shell:/home/pi4/ros2_jazzy/install/rqt_service_caller:/home/pi4/ros2_jazzy/install/rqt_reconfigure:/home/pi4/ros2_jazzy/install/rqt_py_console:/home/pi4/ros2_jazzy/install/rqt_publisher:/home/pi4/ros2_jazzy/install/rqt_action:/home/pi4/ros2_jazzy/install/rqt_msg:/home/pi4/ros2_jazzy/install/rqt_console:/home/pi4/ros2_jazzy/install/rqt_graph:/home/pi4/ros2_jazzy/install/rqt_gui_py:/home/pi4/ros2_jazzy/install/rqt_gui:/home/pi4/ros2_jazzy/install/ros2trace:/home/pi4/ros2_jazzy/install/ros2param:/home/pi4/ros2_jazzy/install/ros2lifecycle:/home/pi4/ros2_jazzy/install/ros2service:/home/pi4/ros2_jazzy/install/ros2topic:/home/pi4/ros2_jazzy/install/ros2test:/home/pi4/ros2_jazzy/install/ros2run:/home/pi4/ros2_jazzy/install/ros2plugin:/home/pi4/ros2_jazzy/install/ros2launch:/home/pi4/ros2_jazzy/install/ros2pkg:/home/pi4/ros2_jazzy/install/ros2node:/home/pi4/ros2_jazzy/install/ros2multicast:/home/pi4/ros2_jazzy/install/ros2interface:/home/pi4/ros2_jazzy/install/ros2action:/home/pi4/ros2_jazzy/install/ros2cli:/home/pi4/ros2_jazzy/install/launch_testing_ros:/home/pi4/ros2_jazzy/install/launch_ros:/home/pi4/ros2_jazzy/install/examples_rclpy_minimal_action_server:/home/pi4/ros2_jazzy/install/examples_rclpy_minimal_action_client:/home/pi4/ros2_jazzy/install/examples_rclpy_guard_conditions:/home/pi4/ros2_jazzy/install/action_tutorials_py:/home/pi4/ros2_jazzy/install/ament_uncrustify:/home/pi4/ros2_jazzy/install/tracetools_trace:/home/pi4/ros2_jazzy/install/tracetools_read:/home/pi4/ros2_jazzy/install/test_tracetools_launch:/home/pi4/ros2_jazzy/install/test_ros2trace:/home/pi4/ros2_jazzy/install/test_launch_ros:/home/pi4/ros2_jazzy/install/rpyutils:/home/pi4/ros2_jazzy/install/rosidl_runtime_py:/home/pi4/ros2_jazzy/install/rosidl_pycommon:/home/pi4/ros2_jazzy/install/rosidl_cli:/home/pi4/ros2_jazzy/install/launch_pytest:/home/pi4/ros2_jazzy/install/launch_testing:/home/pi4/ros2_jazzy/install/launch_yaml:/home/pi4/ros2_jazzy/install/launch_xml:/home/pi4/ros2_jazzy/install/launch:/home/pi4/ros2_jazzy/install/osrf_pycommon:/home/pi4/ros2_jazzy/install/domain_coordinator:/home/pi4/ros2_jazzy/install/ament_xmllint:/home/pi4/ros2_jazzy/install/ament_pyflakes:/home/pi4/ros2_jazzy/install/ament_pycodestyle:/home/pi4/ros2_jazzy/install/ament_pep257:/home/pi4/ros2_jazzy/install/ament_pclint:/home/pi4/ros2_jazzy/install/ament_package:/home/pi4/ros2_jazzy/install/ament_mypy:/home/pi4/ros2_jazzy/install/ament_lint_cmake:/home/pi4/ros2_jazzy/install/ament_flake8:/home/pi4/ros2_jazzy/install/ament_copyright:/home/pi4/ros2_jazzy/install/ament_lint:/home/pi4/ros2_jazzy/install/ament_index_python:/home/pi4/ros2_jazzy/install/ament_cpplint:/home/pi4/ros2_jazzy/install/ament_cppcheck:/home/pi4/ros2_jazzy/install/ament_clang_tidy:/home/pi4/ros2_jazzy/install/ament_clang_format /usr/bin/cmake --build /home/pi4/camera_ws/src/build/as7265x_at_msgs -- -j4 -l4
[18.193s] Level 1:colcon.colcon_core.shell:create_environment_hook('as7265x_at', 'pythonpath_develop')
[18.194s] INFO:colcon.colcon_core.shell:Creating environment hook '/home/pi4/camera_ws/src/build/as7265x_at/share/as7265x_at/hook/pythonpath_develop.ps1'
[18.197s] INFO:colcon.colcon_core.shell:Creating environment descriptor '/home/pi4/camera_ws/src/build/as7265x_at/share/as7265x_at/hook/pythonpath_develop.dsv'
[18.198s] DEBUG:colcon.colcon_core.event_handler.log_command:Invoked command in '/home/pi4/camera_ws/src/build/as7265x_at' returned '0': PYTHONPATH=/home/pi4/camera_ws/src/build/as7265x_at/prefix_override:/usr/lib/python3/dist-packages/colcon_core/task/python/colcon_distutils_commands:/home/pi4/camera_ws/src/install/as7265x_at/lib/python3.11/site-packages:${PYTHONPATH} /usr/bin/python3 -W ignore:setup.py install is deprecated -W ignore:easy_install command is deprecated setup.py develop --editable --build-directory /home/pi4/camera_ws/src/build/as7265x_at/build --no-deps symlink_data --force
[18.200s] INFO:colcon.colcon_core.shell:Creating environment hook '/home/pi4/camera_ws/src/build/as7265x_at/share/as7265x_at/hook/pythonpath_develop.sh'
[18.226s] Level 1:colcon.colcon_core.environment:checking '/home/pi4/camera_ws/src/install/as7265x_at' for CMake module files
[18.228s] Level 1:colcon.colcon_core.environment:checking '/home/pi4/camera_ws/src/install/as7265x_at' for CMake config files
[18.230s] Level 1:colcon.colcon_core.environment:checking '/home/pi4/camera_ws/src/install/as7265x_at/lib'
[18.231s] Level 1:colcon.colcon_core.environment:checking '/home/pi4/camera_ws/src/install/as7265x_at/bin'
[18.231s] Level 1:colcon.colcon_core.environment:checking '/home/pi4/camera_ws/src/install/as7265x_at/lib/pkgconfig/as7265x_at.pc'
[18.232s] Level 1:colcon.colcon_core.environment:checking '/home/pi4/camera_ws/src/install/as7265x_at/lib/python3.11/site-packages'
[18.232s] Level 1:colcon.colcon_core.shell:create_environment_hook('as7265x_at', 'pythonpath')
[18.233s] INFO:colcon.colcon_core.shell:Creating environment hook '/home/pi4/camera_ws/src/install/as7265x_at/share/as7265x_at/hook/pythonpath.ps1'
[18.235s] INFO:colcon.colcon_core.shell:Creating environment descriptor '/home/pi4/camera_ws/src/install/as7265x_at/share/as7265x_at/hook/pythonpath.dsv'
[18.237s] INFO:colcon.colcon_core.shell:Creating environment hook '/home/pi4/camera_ws/src/install/as7265x_at/share/as7265x_at/hook/pythonpath.sh'
[18.240s] Level 1:colcon.colcon_core.environment:checking '/home/pi4/camera_ws/src/install/as7265x_at/bin'
[18.240s] Level 1:colcon.colcon_core.environment:create_environment_scripts_only(as7265x_at)
[18.241s] INFO:colcon.colcon_core.shell:Creating package script '/home/pi4/camera_ws/src/install/as7265x_at/share/as7265x_at/package.ps1'
[18.244s] INFO:colcon.colcon_core.shell:Creating package descriptor '/home/pi4/camera_ws/src/install/as7265x_at/share/as7265x_at/package.dsv'
[18.247s] INFO:colcon.colcon_core.shell:Creating package script '/home/pi4/camera_ws/src/install/as7265x_at/share/as7265x_at/package.sh'
[18.249s] INFO:colcon.colcon_core.shell:Creating package script '/home/pi4/camera_ws/src/install/as7265x_at/share/as7265x_at/package.bash'
[18.252s] INFO:colcon.colcon_core.shell:Creating package script '/home/pi4/camera_ws/src/install/as7265x_at/share/as7265x_at/package.zsh'
[18.255s] Level 1:colcon.colcon_core.environment:create_file_with_runtime_dependencies(/home/pi4/camera_ws/src/install/as7265x_at/share/colcon-core/packages/as7265x_at)
[20.212s] DEBUG:colcon.colcon_core.event_handler.log_command:Invoked command in '/home/pi4/camera_ws/src/build/as7265x_at_msgs' returned '0': CMAKE_PREFIX_PATH=${CMAKE_PREFIX_PATH}:/home/pi4/as7265x_at/install/as7265x_at:/home/pi4/ros2_jazzy/install/rqt_bag_plugins:/home/pi4/ros2_jazzy/install/rqt_bag:/home/pi4/ros2_jazzy/install/rosbag2_examples_py:/home/pi4/ros2_jazzy/install/launch_testing_examples:/home/pi4/ros2_jazzy/install/ros2bag:/home/pi4/ros2_jazzy/install/tracetools_test:/home/pi4/ros2_jazzy/install/tracetools_launch:/home/pi4/ros2_jazzy/install/topic_monitor:/home/pi4/ros2_jazzy/install/tf2_tools:/home/pi4/ros2_jazzy/install/examples_tf2_py:/home/pi4/ros2_jazzy/install/tf2_ros_py:/home/pi4/ros2_jazzy/install/examples_rclpy_pointcloud_publisher:/home/pi4/ros2_jazzy/install/sensor_msgs_py:/home/pi4/ros2_jazzy/install/quality_of_service_demo_py:/home/pi4/ros2_jazzy/install/camera_info_manager_py:/home/pi4/ros2_jazzy/install/rqt_plot:/home/pi4/ros2_jazzy/install/ros2doctor:/home/pi4/ros2_jazzy/install/lifecycle_py:/home/pi4/ros2_jazzy/install/examples_rclpy_minimal_subscriber:/home/pi4/ros2_jazzy/install/examples_rclpy_minimal_service:/home/pi4/ros2_jazzy/install/examples_rclpy_minimal_publisher:/home/pi4/ros2_jazzy/install/examples_rclpy_minimal_client:/home/pi4/ros2_jazzy/install/examples_rclpy_executors:/home/pi4/ros2_jazzy/install/demo_nodes_py:/home/pi4/ros2_jazzy/install/rqt:/home/pi4/ros2_jazzy/install/ros2component:/home/pi4/ros2_jazzy/install/sros2:/home/pi4/ros2_jazzy/install/rqt_topic:/home/pi4/ros2_jazzy/install/rqt_srv:/home/pi4/ros2_jazzy/install/rqt_shell:/home/pi4/ros2_jazzy/install/rqt_service_caller:/home/pi4/ros2_jazzy/install/rqt_reconfigure:/home/pi4/ros2_jazzy/install/rqt_py_console:/home/pi4/ros2_jazzy/install/rqt_publisher:/home/pi4/ros2_jazzy/install/rqt_action:/home/pi4/ros2_jazzy/install/rqt_msg:/home/pi4/ros2_jazzy/install/rqt_console:/home/pi4/ros2_jazzy/install/rqt_graph:/home/pi4/ros2_jazzy/install/rqt_gui_py:/home/pi4/ros2_jazzy/install/rqt_gui:/home/pi4/ros2_jazzy/install/ros2trace:/home/pi4/ros2_jazzy/install/ros2param:/home/pi4/ros2_jazzy/install/ros2lifecycle:/home/pi4/ros2_jazzy/install/ros2service:/home/pi4/ros2_jazzy/install/ros2topic:/home/pi4/ros2_jazzy/install/ros2test:/home/pi4/ros2_jazzy/install/ros2run:/home/pi4/ros2_jazzy/install/ros2plugin:/home/pi4/ros2_jazzy/install/ros2launch:/home/pi4/ros2_jazzy/install/ros2pkg:/home/pi4/ros2_jazzy/install/ros2node:/home/pi4/ros2_jazzy/install/ros2multicast:/home/pi4/ros2_jazzy/install/ros2interface:/home/pi4/ros2_jazzy/install/ros2action:/home/pi4/ros2_jazzy/install/ros2cli:/home/pi4/ros2_jazzy/install/launch_testing_ros:/home/pi4/ros2_jazzy/install/launch_ros:/home/pi4/ros2_jazzy/install/examples_rclpy_minimal_action_server:/home/pi4/ros2_jazzy/install/examples_rclpy_minimal_action_client:/home/pi4/ros2_jazzy/install/examples_rclpy_guard_conditions:/home/pi4/ros2_jazzy/install/action_tutorials_py:/home/pi4/ros2_jazzy/install/ament_uncrustify:/home/pi4/ros2_jazzy/install/tracetools_trace:/home/pi4/ros2_jazzy/install/tracetools_read:/home/pi4/ros2_jazzy/install/test_tracetools_launch:/home/pi4/ros2_jazzy/install/test_ros2trace:/home/pi4/ros2_jazzy/install/test_launch_ros:/home/pi4/ros2_jazzy/install/rpyutils:/home/pi4/ros2_jazzy/install/rosidl_runtime_py:/home/pi4/ros2_jazzy/install/rosidl_pycommon:/home/pi4/ros2_jazzy/install/rosidl_cli:/home/pi4/ros2_jazzy/install/launch_pytest:/home/pi4/ros2_jazzy/install/launch_testing:/home/pi4/ros2_jazzy/install/launch_yaml:/home/pi4/ros2_jazzy/install/launch_xml:/home/pi4/ros2_jazzy/install/launch:/home/pi4/ros2_jazzy/install/osrf_pycommon:/home/pi4/ros2_jazzy/install/domain_coordinator:/home/pi4/ros2_jazzy/install/ament_xmllint:/home/pi4/ros2_jazzy/install/ament_pyflakes:/home/pi4/ros2_jazzy/install/ament_pycodestyle:/home/pi4/ros2_jazzy/install/ament_pep257:/home/pi4/ros2_jazzy/install/ament_pclint:/home/pi4/ros2_jazzy/install/ament_package:/home/pi4/ros2_jazzy/install/ament_mypy:/home/pi4/ros2_jazzy/install/ament_lint_cmake:/home/pi4/ros2_jazzy/install/ament_flake8:/home/pi4/ros2_jazzy/install/ament_copyright:/home/pi4/ros2_jazzy/install/ament_lint:/home/pi4/ros2_jazzy/install/ament_index_python:/home/pi4/ros2_jazzy/install/ament_cpplint:/home/pi4/ros2_jazzy/install/ament_cppcheck:/home/pi4/ros2_jazzy/install/ament_clang_tidy:/home/pi4/ros2_jazzy/install/ament_clang_format /usr/bin/cmake --build /home/pi4/camera_ws/src/build/as7265x_at_msgs -- -j4 -l4
[20.264s] DEBUG:colcon.colcon_core.event_handler.log_command:Invoking command in '/home/pi4/camera_ws/src/build/as7265x_at_msgs': CMAKE_PREFIX_PATH=${CMAKE_PREFIX_PATH}:/home/pi4/as7265x_at/install/as7265x_at:/home/pi4/ros2_jazzy/install/rqt_bag_plugins:/home/pi4/ros2_jazzy/install/rqt_bag:/home/pi4/ros2_jazzy/install/rosbag2_examples_py:/home/pi4/ros2_jazzy/install/launch_testing_examples:/home/pi4/ros2_jazzy/install/ros2bag:/home/pi4/ros2_jazzy/install/tracetools_test:/home/pi4/ros2_jazzy/install/tracetools_launch:/home/pi4/ros2_jazzy/install/topic_monitor:/home/pi4/ros2_jazzy/install/tf2_tools:/home/pi4/ros2_jazzy/install/examples_tf2_py:/home/pi4/ros2_jazzy/install/tf2_ros_py:/home/pi4/ros2_jazzy/install/examples_rclpy_pointcloud_publisher:/home/pi4/ros2_jazzy/install/sensor_msgs_py:/home/pi4/ros2_jazzy/install/quality_of_service_demo_py:/home/pi4/ros2_jazzy/install/camera_info_manager_py:/home/pi4/ros2_jazzy/install/rqt_plot:/home/pi4/ros2_jazzy/install/ros2doctor:/home/pi4/ros2_jazzy/install/lifecycle_py:/home/pi4/ros2_jazzy/install/examples_rclpy_minimal_subscriber:/home/pi4/ros2_jazzy/install/examples_rclpy_minimal_service:/home/pi4/ros2_jazzy/install/examples_rclpy_minimal_publisher:/home/pi4/ros2_jazzy/install/examples_rclpy_minimal_client:/home/pi4/ros2_jazzy/install/examples_rclpy_executors:/home/pi4/ros2_jazzy/install/demo_nodes_py:/home/pi4/ros2_jazzy/install/rqt:/home/pi4/ros2_jazzy/install/ros2component:/home/pi4/ros2_jazzy/install/sros2:/home/pi4/ros2_jazzy/install/rqt_topic:/home/pi4/ros2_jazzy/install/rqt_srv:/home/pi4/ros2_jazzy/install/rqt_shell:/home/pi4/ros2_jazzy/install/rqt_service_caller:/home/pi4/ros2_jazzy/install/rqt_reconfigure:/home/pi4/ros2_jazzy/install/rqt_py_console:/home/pi4/ros2_jazzy/install/rqt_publisher:/home/pi4/ros2_jazzy/install/rqt_action:/home/pi4/ros2_jazzy/install/rqt_msg:/home/pi4/ros2_jazzy/install/rqt_console:/home/pi4/ros2_jazzy/install/rqt_graph:/home/pi4/ros2_jazzy/install/rqt_gui_py:/home/pi4/ros2_jazzy/install/rqt_gui:/home/pi4/ros2_jazzy/install/ros2trace:/home/pi4/ros2_jazzy/install/ros2param:/home/pi4/ros2_jazzy/install/ros2lifecycle:/home/pi4/ros2_jazzy/install/ros2service:/home/pi4/ros2_jazzy/install/ros2topic:/home/pi4/ros2_jazzy/install/ros2test:/home/pi4/ros2_jazzy/install/ros2run:/home/pi4/ros2_jazzy/install/ros2plugin:/home/pi4/ros2_jazzy/install/ros2launch:/home/pi4/ros2_jazzy/install/ros2pkg:/home/pi4/ros2_jazzy/install/ros2node:/home/pi4/ros2_jazzy/install/ros2multicast:/home/pi4/ros2_jazzy/install/ros2interface:/home/pi4/ros2_jazzy/install/ros2action:/home/pi4/ros2_jazzy/install/ros2cli:/home/pi4/ros2_jazzy/install/launch_testing_ros:/home/pi4/ros2_jazzy/install/launch_ros:/home/pi4/ros2_jazzy/install/examples_rclpy_minimal_action_server:/home/pi4/ros2_jazzy/install/examples_rclpy_minimal_action_client:/home/pi4/ros2_jazzy/install/examples_rclpy_guard_conditions:/home/pi4/ros2_jazzy/install/action_tutorials_py:/home/pi4/ros2_jazzy/install/ament_uncrustify:/home/pi4/ros2_jazzy/install/tracetools_trace:/home/pi4/ros2_jazzy/install/tracetools_read:/home/pi4/ros2_jazzy/install/test_tracetools_launch:/home/pi4/ros2_jazzy/install/test_ros2trace:/home/pi4/ros2_jazzy/install/test_launch_ros:/home/pi4/ros2_jazzy/install/rpyutils:/home/pi4/ros2_jazzy/install/rosidl_runtime_py:/home/pi4/ros2_jazzy/install/rosidl_pycommon:/home/pi4/ros2_jazzy/install/rosidl_cli:/home/pi4/ros2_jazzy/install/launch_pytest:/home/pi4/ros2_jazzy/install/launch_testing:/home/pi4/ros2_jazzy/install/launch_yaml:/home/pi4/ros2_jazzy/install/launch_xml:/home/pi4/ros2_jazzy/install/launch:/home/pi4/ros2_jazzy/install/osrf_pycommon:/home/pi4/ros2_jazzy/install/domain_coordinator:/home/pi4/ros2_jazzy/install/ament_xmllint:/home/pi4/ros2_jazzy/install/ament_pyflakes:/home/pi4/ros2_jazzy/install/ament_pycodestyle:/home/pi4/ros2_jazzy/install/ament_pep257:/home/pi4/ros2_jazzy/install/ament_pclint:/home/pi4/ros2_jazzy/install/ament_package:/home/pi4/ros2_jazzy/install/ament_mypy:/home/pi4/ros2_jazzy/install/ament_lint_cmake:/home/pi4/ros2_jazzy/install/ament_flake8:/home/pi4/ros2_jazzy/install/ament_copyright:/home/pi4/ros2_jazzy/install/ament_lint:/home/pi4/ros2_jazzy/install/ament_index_python:/home/pi4/ros2_jazzy/install/ament_cpplint:/home/pi4/ros2_jazzy/install/ament_cppcheck:/home/pi4/ros2_jazzy/install/ament_clang_tidy:/home/pi4/ros2_jazzy/install/ament_clang_format /usr/bin/cmake --install /home/pi4/camera_ws/src/build/as7265x_at_msgs
[20.951s] Level 1:colcon.colcon_core.environment:create_environment_scripts_only(as7265x_at_msgs)
[20.952s] Level 1:colcon.colcon_core.environment:checking '/home/pi4/camera_ws/src/install/as7265x_at_msgs' for CMake module files
[20.954s] DEBUG:colcon.colcon_core.event_handler.log_command:Invoked command in '/home/pi4/camera_ws/src/build/as7265x_at_msgs' returned '0': CMAKE_PREFIX_PATH=${CMAKE_PREFIX_PATH}:/home/pi4/as7265x_at/install/as7265x_at:/home/pi4/ros2_jazzy/install/rqt_bag_plugins:/home/pi4/ros2_jazzy/install/rqt_bag:/home/pi4/ros2_jazzy/install/rosbag2_examples_py:/home/pi4/ros2_jazzy/install/launch_testing_examples:/home/pi4/ros2_jazzy/install/ros2bag:/home/pi4/ros2_jazzy/install/tracetools_test:/home/pi4/ros2_jazzy/install/tracetools_launch:/home/pi4/ros2_jazzy/install/topic_monitor:/home/pi4/ros2_jazzy/install/tf2_tools:/home/pi4/ros2_jazzy/install/examples_tf2_py:/home/pi4/ros2_jazzy/install/tf2_ros_py:/home/pi4/ros2_jazzy/install/examples_rclpy_pointcloud_publisher:/home/pi4/ros2_jazzy/install/sensor_msgs_py:/home/pi4/ros2_jazzy/install/quality_of_service_demo_py:/home/pi4/ros2_jazzy/install/camera_info_manager_py:/home/pi4/ros2_jazzy/install/rqt_plot:/home/pi4/ros2_jazzy/install/ros2doctor:/home/pi4/ros2_jazzy/install/lifecycle_py:/home/pi4/ros2_jazzy/install/examples_rclpy_minimal_subscriber:/home/pi4/ros2_jazzy/install/examples_rclpy_minimal_service:/home/pi4/ros2_jazzy/install/examples_rclpy_minimal_publisher:/home/pi4/ros2_jazzy/install/examples_rclpy_minimal_client:/home/pi4/ros2_jazzy/install/examples_rclpy_executors:/home/pi4/ros2_jazzy/install/demo_nodes_py:/home/pi4/ros2_jazzy/install/rqt:/home/pi4/ros2_jazzy/install/ros2component:/home/pi4/ros2_jazzy/install/sros2:/home/pi4/ros2_jazzy/install/rqt_topic:/home/pi4/ros2_jazzy/install/rqt_srv:/home/pi4/ros2_jazzy/install/rqt_shell:/home/pi4/ros2_jazzy/install/rqt_service_caller:/home/pi4/ros2_jazzy/install/rqt_reconfigure:/home/pi4/ros2_jazzy/install/rqt_py_console:/home/pi4/ros2_jazzy/install/rqt_publisher:/home/pi4/ros2_jazzy/install/rqt_action:/home/pi4/ros2_jazzy/install/rqt_msg:/home/pi4/ros2_jazzy/install/rqt_console:/home/pi4/ros2_jazzy/install/rqt_graph:/home/pi4/ros2_jazzy/install/rqt_gui_py:/home/pi4/ros2_jazzy/install/rqt_gui:/home/pi4/ros2_jazzy/install/ros2trace:/home/pi4/ros2_jazzy/install/ros2param:/home/pi4/ros2_jazzy/install/ros2lifecycle:/home/pi4/ros2_jazzy/install/ros2service:/home/pi4/ros2_jazzy/install/ros2topic:/home/pi4/ros2_jazzy/install/ros2test:/home/pi4/ros2_jazzy/install/ros2run:/home/pi4/ros2_jazzy/install/ros2plugin:/home/pi4/ros2_jazzy/install/ros2launch:/home/pi4/ros2_jazzy/install/ros2pkg:/home/pi4/ros2_jazzy/install/ros2node:/home/pi4/ros2_jazzy/install/ros2multicast:/home/pi4/ros2_jazzy/install/ros2interface:/home/pi4/ros2_jazzy/install/ros2action:/home/pi4/ros2_jazzy/install/ros2cli:/home/pi4/ros2_jazzy/install/launch_testing_ros:/home/pi4/ros2_jazzy/install/launch_ros:/home/pi4/ros2_jazzy/install/examples_rclpy_minimal_action_server:/home/pi4/ros2_jazzy/install/examples_rclpy_minimal_action_client:/home/pi4/ros2_jazzy/install/examples_rclpy_guard_conditions:/home/pi4/ros2_jazzy/install/action_tutorials_py:/home/pi4/ros2_jazzy/install/ament_uncrustify:/home/pi4/ros2_jazzy/install/tracetools_trace:/home/pi4/ros2_jazzy/install/tracetools_read:/home/pi4/ros2_jazzy/install/test_tracetools_launch:/home/pi4/ros2_jazzy/install/test_ros2trace:/home/pi4/ros2_jazzy/install/test_launch_ros:/home/pi4/ros2_jazzy/install/rpyutils:/home/pi4/ros2_jazzy/install/rosidl_runtime_py:/home/pi4/ros2_jazzy/install/rosidl_pycommon:/home/pi4/ros2_jazzy/install/rosidl_cli:/home/pi4/ros2_jazzy/install/launch_pytest:/home/pi4/ros2_jazzy/install/launch_testing:/home/pi4/ros2_jazzy/install/launch_yaml:/home/pi4/ros2_jazzy/install/launch_xml:/home/pi4/ros2_jazzy/install/launch:/home/pi4/ros2_jazzy/install/osrf_pycommon:/home/pi4/ros2_jazzy/install/domain_coordinator:/home/pi4/ros2_jazzy/install/ament_xmllint:/home/pi4/ros2_jazzy/install/ament_pyflakes:/home/pi4/ros2_jazzy/install/ament_pycodestyle:/home/pi4/ros2_jazzy/install/ament_pep257:/home/pi4/ros2_jazzy/install/ament_pclint:/home/pi4/ros2_jazzy/install/ament_package:/home/pi4/ros2_jazzy/install/ament_mypy:/home/pi4/ros2_jazzy/install/ament_lint_cmake:/home/pi4/ros2_jazzy/install/ament_flake8:/home/pi4/ros2_jazzy/install/ament_copyright:/home/pi4/ros2_jazzy/install/ament_lint:/home/pi4/ros2_jazzy/install/ament_index_python:/home/pi4/ros2_jazzy/install/ament_cpplint:/home/pi4/ros2_jazzy/install/ament_cppcheck:/home/pi4/ros2_jazzy/install/ament_clang_tidy:/home/pi4/ros2_jazzy/install/ament_clang_format /usr/bin/cmake --install /home/pi4/camera_ws/src/build/as7265x_at_msgs
[20.955s] Level 1:colcon.colcon_core.environment:checking '/home/pi4/camera_ws/src/install/as7265x_at_msgs' for CMake config files
[20.957s] Level 1:colcon.colcon_core.shell:create_environment_hook('as7265x_at_msgs', 'cmake_prefix_path')
[20.958s] INFO:colcon.colcon_core.shell:Creating environment hook '/home/pi4/camera_ws/src/install/as7265x_at_msgs/share/as7265x_at_msgs/hook/cmake_prefix_path.ps1'
[20.960s] INFO:colcon.colcon_core.shell:Creating environment descriptor '/home/pi4/camera_ws/src/install/as7265x_at_msgs/share/as7265x_at_msgs/hook/cmake_prefix_path.dsv'
[20.961s] INFO:colcon.colcon_core.shell:Creating environment hook '/home/pi4/camera_ws/src/install/as7265x_at_msgs/share/as7265x_at_msgs/hook/cmake_prefix_path.sh'
[20.963s] Level 1:colcon.colcon_core.environment:checking '/home/pi4/camera_ws/src/install/as7265x_at_msgs/lib'
[20.964s] Level 1:colcon.colcon_core.shell:create_environment_hook('as7265x_at_msgs', 'ld_library_path_lib')
[20.964s] INFO:colcon.colcon_core.shell:Creating environment hook '/home/pi4/camera_ws/src/install/as7265x_at_msgs/share/as7265x_at_msgs/hook/ld_library_path_lib.ps1'
[20.966s] INFO:colcon.colcon_core.shell:Creating environment descriptor '/home/pi4/camera_ws/src/install/as7265x_at_msgs/share/as7265x_at_msgs/hook/ld_library_path_lib.dsv'
[20.967s] INFO:colcon.colcon_core.shell:Creating environment hook '/home/pi4/camera_ws/src/install/as7265x_at_msgs/share/as7265x_at_msgs/hook/ld_library_path_lib.sh'
[20.969s] Level 1:colcon.colcon_core.environment:checking '/home/pi4/camera_ws/src/install/as7265x_at_msgs/bin'
[20.970s] Level 1:colcon.colcon_core.environment:checking '/home/pi4/camera_ws/src/install/as7265x_at_msgs/lib/pkgconfig/as7265x_at_msgs.pc'
[20.971s] Level 1:colcon.colcon_core.environment:checking '/home/pi4/camera_ws/src/install/as7265x_at_msgs/lib/python3.11/site-packages'
[20.971s] Level 1:colcon.colcon_core.shell:create_environment_hook('as7265x_at_msgs', 'pythonpath')
[20.972s] INFO:colcon.colcon_core.shell:Creating environment hook '/home/pi4/camera_ws/src/install/as7265x_at_msgs/share/as7265x_at_msgs/hook/pythonpath.ps1'
[20.973s] INFO:colcon.colcon_core.shell:Creating environment descriptor '/home/pi4/camera_ws/src/install/as7265x_at_msgs/share/as7265x_at_msgs/hook/pythonpath.dsv'
[20.975s] INFO:colcon.colcon_core.shell:Creating environment hook '/home/pi4/camera_ws/src/install/as7265x_at_msgs/share/as7265x_at_msgs/hook/pythonpath.sh'
[20.978s] Level 1:colcon.colcon_core.environment:checking '/home/pi4/camera_ws/src/install/as7265x_at_msgs/bin'
[20.980s] INFO:colcon.colcon_core.shell:Creating package script '/home/pi4/camera_ws/src/install/as7265x_at_msgs/share/as7265x_at_msgs/package.ps1'
[20.982s] INFO:colcon.colcon_core.shell:Creating package descriptor '/home/pi4/camera_ws/src/install/as7265x_at_msgs/share/as7265x_at_msgs/package.dsv'
[20.984s] INFO:colcon.colcon_core.shell:Creating package script '/home/pi4/camera_ws/src/install/as7265x_at_msgs/share/as7265x_at_msgs/package.sh'
[20.985s] INFO:colcon.colcon_core.shell:Creating package script '/home/pi4/camera_ws/src/install/as7265x_at_msgs/share/as7265x_at_msgs/package.bash'
[20.987s] INFO:colcon.colcon_core.shell:Creating package script '/home/pi4/camera_ws/src/install/as7265x_at_msgs/share/as7265x_at_msgs/package.zsh'
[20.988s] Level 1:colcon.colcon_core.environment:create_file_with_runtime_dependencies(/home/pi4/camera_ws/src/install/as7265x_at_msgs/share/colcon-core/packages/as7265x_at_msgs)
[20.990s] Level 1:colcon.colcon_core.environment:create_environment_scripts_only(as7265x_at_msgs)
[20.991s] Level 1:colcon.colcon_core.environment:checking '/home/pi4/camera_ws/src/install/as7265x_at_msgs' for CMake module files
[20.993s] Level 1:colcon.colcon_core.environment:checking '/home/pi4/camera_ws/src/install/as7265x_at_msgs' for CMake config files
[20.995s] Level 1:colcon.colcon_core.shell:create_environment_hook('as7265x_at_msgs', 'cmake_prefix_path')
[20.996s] INFO:colcon.colcon_core.shell:Creating environment hook '/home/pi4/camera_ws/src/install/as7265x_at_msgs/share/as7265x_at_msgs/hook/cmake_prefix_path.ps1'
[20.997s] INFO:colcon.colcon_core.shell:Creating environment descriptor '/home/pi4/camera_ws/src/install/as7265x_at_msgs/share/as7265x_at_msgs/hook/cmake_prefix_path.dsv'
[20.999s] INFO:colcon.colcon_core.shell:Creating environment hook '/home/pi4/camera_ws/src/install/as7265x_at_msgs/share/as7265x_at_msgs/hook/cmake_prefix_path.sh'
[21.001s] Level 1:colcon.colcon_core.environment:checking '/home/pi4/camera_ws/src/install/as7265x_at_msgs/lib'
[21.002s] Level 1:colcon.colcon_core.shell:create_environment_hook('as7265x_at_msgs', 'ld_library_path_lib')
[21.003s] INFO:colcon.colcon_core.shell:Creating environment hook '/home/pi4/camera_ws/src/install/as7265x_at_msgs/share/as7265x_at_msgs/hook/ld_library_path_lib.ps1'
[21.004s] INFO:colcon.colcon_core.shell:Creating environment descriptor '/home/pi4/camera_ws/src/install/as7265x_at_msgs/share/as7265x_at_msgs/hook/ld_library_path_lib.dsv'
[21.008s] INFO:colcon.colcon_core.shell:Creating environment hook '/home/pi4/camera_ws/src/install/as7265x_at_msgs/share/as7265x_at_msgs/hook/ld_library_path_lib.sh'
[21.010s] Level 1:colcon.colcon_core.environment:checking '/home/pi4/camera_ws/src/install/as7265x_at_msgs/bin'
[21.010s] Level 1:colcon.colcon_core.environment:checking '/home/pi4/camera_ws/src/install/as7265x_at_msgs/lib/pkgconfig/as7265x_at_msgs.pc'
[21.011s] Level 1:colcon.colcon_core.environment:checking '/home/pi4/camera_ws/src/install/as7265x_at_msgs/lib/python3.11/site-packages'
[21.011s] Level 1:colcon.colcon_core.shell:create_environment_hook('as7265x_at_msgs', 'pythonpath')
[21.012s] INFO:colcon.colcon_core.shell:Creating environment hook '/home/pi4/camera_ws/src/install/as7265x_at_msgs/share/as7265x_at_msgs/hook/pythonpath.ps1'
[21.014s] INFO:colcon.colcon_core.shell:Creating environment descriptor '/home/pi4/camera_ws/src/install/as7265x_at_msgs/share/as7265x_at_msgs/hook/pythonpath.dsv'
[21.015s] INFO:colcon.colcon_core.shell:Creating environment hook '/home/pi4/camera_ws/src/install/as7265x_at_msgs/share/as7265x_at_msgs/hook/pythonpath.sh'
[21.018s] Level 1:colcon.colcon_core.environment:checking '/home/pi4/camera_ws/src/install/as7265x_at_msgs/bin'
[21.019s] INFO:colcon.colcon_core.shell:Creating package script '/home/pi4/camera_ws/src/install/as7265x_at_msgs/share/as7265x_at_msgs/package.ps1'
[21.021s] INFO:colcon.colcon_core.shell:Creating package descriptor '/home/pi4/camera_ws/src/install/as7265x_at_msgs/share/as7265x_at_msgs/package.dsv'
[21.024s] INFO:colcon.colcon_core.shell:Creating package script '/home/pi4/camera_ws/src/install/as7265x_at_msgs/share/as7265x_at_msgs/package.sh'
[21.025s] INFO:colcon.colcon_core.shell:Creating package script '/home/pi4/camera_ws/src/install/as7265x_at_msgs/share/as7265x_at_msgs/package.bash'
[21.027s] INFO:colcon.colcon_core.shell:Creating package script '/home/pi4/camera_ws/src/install/as7265x_at_msgs/share/as7265x_at_msgs/package.zsh'
[21.029s] Level 1:colcon.colcon_core.environment:create_file_with_runtime_dependencies(/home/pi4/camera_ws/src/install/as7265x_at_msgs/share/colcon-core/packages/as7265x_at_msgs)
[21.030s] DEBUG:colcon.colcon_parallel_executor.executor.parallel:closing loop
[21.031s] DEBUG:colcon.colcon_parallel_executor.executor.parallel:loop closed
[21.031s] DEBUG:colcon.colcon_parallel_executor.executor.parallel:run_until_complete finished with '0'
[21.031s] DEBUG:colcon.colcon_core.event_reactor:joining thread
[21.075s] INFO:colcon.colcon_core.plugin_system:Skipping extension 'colcon_notification.desktop_notification.notify_send': Could not find 'notify-send'
[21.075s] INFO:colcon.colcon_core.plugin_system:Skipping extension 'colcon_notification.desktop_notification.terminal_notifier': Not used on non-Darwin systems
[21.076s] INFO:colcon.colcon_core.plugin_system:Skipping extension 'colcon_notification.desktop_notification.win32': Not used on non-Windows systems
[21.076s] INFO:colcon.colcon_notification.desktop_notification:Sending desktop notification using 'notify2'
[21.079s] DEBUG:colcon.colcon_notification.desktop_notification.notify2:Failed to initialize notify2: org.freedesktop.DBus.Error.ServiceUnknown: The name org.freedesktop.Notifications was not provided by any .service files
[21.080s] DEBUG:colcon.colcon_core.event_reactor:joined thread
[21.081s] INFO:colcon.colcon_core.shell:Creating prefix script '/home/pi4/camera_ws/src/install/local_setup.ps1'
[21.083s] INFO:colcon.colcon_core.shell:Creating prefix util module '/home/pi4/camera_ws/src/install/_local_setup_util_ps1.py'
[21.087s] INFO:colcon.colcon_core.shell:Creating prefix chain script '/home/pi4/camera_ws/src/install/setup.ps1'
[21.131s] INFO:colcon.colcon_core.shell:Creating prefix script '/home/pi4/camera_ws/src/install/local_setup.sh'
[21.133s] INFO:colcon.colcon_core.shell:Creating prefix util module '/home/pi4/camera_ws/src/install/_local_setup_util_sh.py'
[21.135s] INFO:colcon.colcon_core.shell:Creating prefix chain script '/home/pi4/camera_ws/src/install/setup.sh'
[21.174s] INFO:colcon.colcon_core.shell:Creating prefix script '/home/pi4/camera_ws/src/install/local_setup.bash'
[21.178s] INFO:colcon.colcon_core.shell:Creating prefix chain script '/home/pi4/camera_ws/src/install/setup.bash'
[21.216s] INFO:colcon.colcon_core.shell:Creating prefix script '/home/pi4/camera_ws/src/install/local_setup.zsh'
[21.218s] INFO:colcon.colcon_core.shell:Creating prefix chain script '/home/pi4/camera_ws/src/install/setup.zsh'
