running egg_info
creating ../../build/stamp_and_split_cam1/stamp_and_split_cam1.egg-info
writing ../../build/stamp_and_split_cam1/stamp_and_split_cam1.egg-info/PKG-INFO
writing dependency_links to ../../build/stamp_and_split_cam1/stamp_and_split_cam1.egg-info/dependency_links.txt
writing requirements to ../../build/stamp_and_split_cam1/stamp_and_split_cam1.egg-info/requires.txt
writing top-level names to ../../build/stamp_and_split_cam1/stamp_and_split_cam1.egg-info/top_level.txt
writing manifest file '../../build/stamp_and_split_cam1/stamp_and_split_cam1.egg-info/SOURCES.txt'
reading manifest file '../../build/stamp_and_split_cam1/stamp_and_split_cam1.egg-info/SOURCES.txt'
writing manifest file '../../build/stamp_and_split_cam1/stamp_and_split_cam1.egg-info/SOURCES.txt'
running build
running build_py
creating /home/pi4/camera_ws/build/stamp_and_split_cam1/build
creating /home/pi4/camera_ws/build/stamp_and_split_cam1/build/lib
creating /home/pi4/camera_ws/build/stamp_and_split_cam1/build/lib/stamp_and_split_cam1
copying stamp_and_split_cam1/__init__.py -> /home/pi4/camera_ws/build/stamp_and_split_cam1/build/lib/stamp_and_split_cam1
copying stamp_and_split_cam1/split_and_stamp.py -> /home/pi4/camera_ws/build/stamp_and_split_cam1/build/lib/stamp_and_split_cam1
running install
running install_lib
creating /home/pi4/camera_ws/install/stamp_and_split_cam1/lib/python3.11/site-packages/stamp_and_split_cam1
copying /home/pi4/camera_ws/build/stamp_and_split_cam1/build/lib/stamp_and_split_cam1/__init__.py -> /home/pi4/camera_ws/install/stamp_and_split_cam1/lib/python3.11/site-packages/stamp_and_split_cam1
copying /home/pi4/camera_ws/build/stamp_and_split_cam1/build/lib/stamp_and_split_cam1/split_and_stamp.py -> /home/pi4/camera_ws/install/stamp_and_split_cam1/lib/python3.11/site-packages/stamp_and_split_cam1
byte-compiling /home/pi4/camera_ws/install/stamp_and_split_cam1/lib/python3.11/site-packages/stamp_and_split_cam1/__init__.py to __init__.cpython-311.pyc
byte-compiling /home/pi4/camera_ws/install/stamp_and_split_cam1/lib/python3.11/site-packages/stamp_and_split_cam1/split_and_stamp.py to split_and_stamp.cpython-311.pyc
running install_data
creating /home/pi4/camera_ws/install/stamp_and_split_cam1/share/ament_index
creating /home/pi4/camera_ws/install/stamp_and_split_cam1/share/ament_index/resource_index
creating /home/pi4/camera_ws/install/stamp_and_split_cam1/share/ament_index/resource_index/packages
copying resource/stamp_and_split_cam1 -> /home/pi4/camera_ws/install/stamp_and_split_cam1/share/ament_index/resource_index/packages
copying package.xml -> /home/pi4/camera_ws/install/stamp_and_split_cam1/share/stamp_and_split_cam1
running install_egg_info
Copying ../../build/stamp_and_split_cam1/stamp_and_split_cam1.egg-info to /home/pi4/camera_ws/install/stamp_and_split_cam1/lib/python3.11/site-packages/stamp_and_split_cam1-0.0.0-py3.11.egg-info
running install_scripts
writing list of installed files to '/home/pi4/camera_ws/build/stamp_and_split_cam1/install.log'
