[8.226s] Invoking command in '/home/pi4/camera_ws/src/stamp_and_split_cam1': PYTHONPATH=/home/pi4/camera_ws/build/stamp_and_split_cam1/prefix_override:/usr/lib/python3/dist-packages/colcon_core/task/python/colcon_distutils_commands:/home/pi4/camera_ws/install/stamp_and_split_cam1/lib/python3.11/site-packages:${PYTHONPATH} /usr/bin/python3 -W ignore:setup.py install is deprecated -W ignore:easy_install command is deprecated setup.py egg_info --egg-base ../../build/stamp_and_split_cam1 build --build-base /home/pi4/camera_ws/build/stamp_and_split_cam1/build install --record /home/pi4/camera_ws/build/stamp_and_split_cam1/install.log --single-version-externally-managed install_data
[11.223s] running egg_info
[11.225s] creating ../../build/stamp_and_split_cam1/stamp_and_split_cam1.egg-info
[11.356s] writing ../../build/stamp_and_split_cam1/stamp_and_split_cam1.egg-info/PKG-INFO
[11.356s] writing dependency_links to ../../build/stamp_and_split_cam1/stamp_and_split_cam1.egg-info/dependency_links.txt
[11.357s] writing requirements to ../../build/stamp_and_split_cam1/stamp_and_split_cam1.egg-info/requires.txt
[11.357s] writing top-level names to ../../build/stamp_and_split_cam1/stamp_and_split_cam1.egg-info/top_level.txt
[11.357s] writing manifest file '../../build/stamp_and_split_cam1/stamp_and_split_cam1.egg-info/SOURCES.txt'
[11.619s] reading manifest file '../../build/stamp_and_split_cam1/stamp_and_split_cam1.egg-info/SOURCES.txt'
[11.622s] writing manifest file '../../build/stamp_and_split_cam1/stamp_and_split_cam1.egg-info/SOURCES.txt'
[11.622s] running build
[11.623s] running build_py
[11.623s] creating /home/pi4/camera_ws/build/stamp_and_split_cam1/build
[11.624s] creating /home/pi4/camera_ws/build/stamp_and_split_cam1/build/lib
[11.624s] creating /home/pi4/camera_ws/build/stamp_and_split_cam1/build/lib/stamp_and_split_cam1
[11.624s] copying stamp_and_split_cam1/__init__.py -> /home/pi4/camera_ws/build/stamp_and_split_cam1/build/lib/stamp_and_split_cam1
[11.625s] copying stamp_and_split_cam1/split_and_stamp.py -> /home/pi4/camera_ws/build/stamp_and_split_cam1/build/lib/stamp_and_split_cam1
[11.626s] running install
[11.653s] running install_lib
[11.782s] creating /home/pi4/camera_ws/install/stamp_and_split_cam1/lib/python3.11/site-packages/stamp_and_split_cam1
[11.782s] copying /home/pi4/camera_ws/build/stamp_and_split_cam1/build/lib/stamp_and_split_cam1/__init__.py -> /home/pi4/camera_ws/install/stamp_and_split_cam1/lib/python3.11/site-packages/stamp_and_split_cam1
[11.783s] copying /home/pi4/camera_ws/build/stamp_and_split_cam1/build/lib/stamp_and_split_cam1/split_and_stamp.py -> /home/pi4/camera_ws/install/stamp_and_split_cam1/lib/python3.11/site-packages/stamp_and_split_cam1
[11.794s] byte-compiling /home/pi4/camera_ws/install/stamp_and_split_cam1/lib/python3.11/site-packages/stamp_and_split_cam1/__init__.py to __init__.cpython-311.pyc
[11.796s] byte-compiling /home/pi4/camera_ws/install/stamp_and_split_cam1/lib/python3.11/site-packages/stamp_and_split_cam1/split_and_stamp.py to split_and_stamp.cpython-311.pyc
[11.800s] running install_data
[11.800s] creating /home/pi4/camera_ws/install/stamp_and_split_cam1/share/ament_index
[11.801s] creating /home/pi4/camera_ws/install/stamp_and_split_cam1/share/ament_index/resource_index
[11.801s] creating /home/pi4/camera_ws/install/stamp_and_split_cam1/share/ament_index/resource_index/packages
[11.801s] copying resource/stamp_and_split_cam1 -> /home/pi4/camera_ws/install/stamp_and_split_cam1/share/ament_index/resource_index/packages
[11.802s] copying package.xml -> /home/pi4/camera_ws/install/stamp_and_split_cam1/share/stamp_and_split_cam1
[11.802s] running install_egg_info
[12.027s] Copying ../../build/stamp_and_split_cam1/stamp_and_split_cam1.egg-info to /home/pi4/camera_ws/install/stamp_and_split_cam1/lib/python3.11/site-packages/stamp_and_split_cam1-0.0.0-py3.11.egg-info
[12.029s] running install_scripts
[12.531s] writing list of installed files to '/home/pi4/camera_ws/build/stamp_and_split_cam1/install.log'
[12.794s] Invoked command in '/home/pi4/camera_ws/src/stamp_and_split_cam1' returned '0': PYTHONPATH=/home/pi4/camera_ws/build/stamp_and_split_cam1/prefix_override:/usr/lib/python3/dist-packages/colcon_core/task/python/colcon_distutils_commands:/home/pi4/camera_ws/install/stamp_and_split_cam1/lib/python3.11/site-packages:${PYTHONPATH} /usr/bin/python3 -W ignore:setup.py install is deprecated -W ignore:easy_install command is deprecated setup.py egg_info --egg-base ../../build/stamp_and_split_cam1 build --build-base /home/pi4/camera_ws/build/stamp_and_split_cam1/build install --record /home/pi4/camera_ws/build/stamp_and_split_cam1/install.log --single-version-externally-managed install_data
