[0.457s] Invoking command in '/home/pi4/camera_ws/src/build/as7265x_at_msgs': CMAKE_PREFIX_PATH=${CMAKE_PREFIX_PATH}:/home/pi4/as7265x_at/install/as7265x_at:/home/pi4/ros2_jazzy/install/rqt_bag_plugins:/home/pi4/ros2_jazzy/install/rqt_bag:/home/pi4/ros2_jazzy/install/rosbag2_examples_py:/home/pi4/ros2_jazzy/install/launch_testing_examples:/home/pi4/ros2_jazzy/install/ros2bag:/home/pi4/ros2_jazzy/install/tracetools_test:/home/pi4/ros2_jazzy/install/tracetools_launch:/home/pi4/ros2_jazzy/install/topic_monitor:/home/pi4/ros2_jazzy/install/tf2_tools:/home/pi4/ros2_jazzy/install/examples_tf2_py:/home/pi4/ros2_jazzy/install/tf2_ros_py:/home/pi4/ros2_jazzy/install/examples_rclpy_pointcloud_publisher:/home/pi4/ros2_jazzy/install/sensor_msgs_py:/home/pi4/ros2_jazzy/install/quality_of_service_demo_py:/home/pi4/ros2_jazzy/install/camera_info_manager_py:/home/pi4/ros2_jazzy/install/rqt_plot:/home/pi4/ros2_jazzy/install/ros2doctor:/home/pi4/ros2_jazzy/install/lifecycle_py:/home/pi4/ros2_jazzy/install/examples_rclpy_minimal_subscriber:/home/pi4/ros2_jazzy/install/examples_rclpy_minimal_service:/home/pi4/ros2_jazzy/install/examples_rclpy_minimal_publisher:/home/pi4/ros2_jazzy/install/examples_rclpy_minimal_client:/home/pi4/ros2_jazzy/install/examples_rclpy_executors:/home/pi4/ros2_jazzy/install/demo_nodes_py:/home/pi4/ros2_jazzy/install/rqt:/home/pi4/ros2_jazzy/install/ros2component:/home/pi4/ros2_jazzy/install/sros2:/home/pi4/ros2_jazzy/install/rqt_topic:/home/pi4/ros2_jazzy/install/rqt_srv:/home/pi4/ros2_jazzy/install/rqt_shell:/home/pi4/ros2_jazzy/install/rqt_service_caller:/home/pi4/ros2_jazzy/install/rqt_reconfigure:/home/pi4/ros2_jazzy/install/rqt_py_console:/home/pi4/ros2_jazzy/install/rqt_publisher:/home/pi4/ros2_jazzy/install/rqt_action:/home/pi4/ros2_jazzy/install/rqt_msg:/home/pi4/ros2_jazzy/install/rqt_console:/home/pi4/ros2_jazzy/install/rqt_graph:/home/pi4/ros2_jazzy/install/rqt_gui_py:/home/pi4/ros2_jazzy/install/rqt_gui:/home/pi4/ros2_jazzy/install/ros2trace:/home/pi4/ros2_jazzy/install/ros2param:/home/pi4/ros2_jazzy/install/ros2lifecycle:/home/pi4/ros2_jazzy/install/ros2service:/home/pi4/ros2_jazzy/install/ros2topic:/home/pi4/ros2_jazzy/install/ros2test:/home/pi4/ros2_jazzy/install/ros2run:/home/pi4/ros2_jazzy/install/ros2plugin:/home/pi4/ros2_jazzy/install/ros2launch:/home/pi4/ros2_jazzy/install/ros2pkg:/home/pi4/ros2_jazzy/install/ros2node:/home/pi4/ros2_jazzy/install/ros2multicast:/home/pi4/ros2_jazzy/install/ros2interface:/home/pi4/ros2_jazzy/install/ros2action:/home/pi4/ros2_jazzy/install/ros2cli:/home/pi4/ros2_jazzy/install/launch_testing_ros:/home/pi4/ros2_jazzy/install/launch_ros:/home/pi4/ros2_jazzy/install/examples_rclpy_minimal_action_server:/home/pi4/ros2_jazzy/install/examples_rclpy_minimal_action_client:/home/pi4/ros2_jazzy/install/examples_rclpy_guard_conditions:/home/pi4/ros2_jazzy/install/action_tutorials_py:/home/pi4/ros2_jazzy/install/ament_uncrustify:/home/pi4/ros2_jazzy/install/tracetools_trace:/home/pi4/ros2_jazzy/install/tracetools_read:/home/pi4/ros2_jazzy/install/test_tracetools_launch:/home/pi4/ros2_jazzy/install/test_ros2trace:/home/pi4/ros2_jazzy/install/test_launch_ros:/home/pi4/ros2_jazzy/install/rpyutils:/home/pi4/ros2_jazzy/install/rosidl_runtime_py:/home/pi4/ros2_jazzy/install/rosidl_pycommon:/home/pi4/ros2_jazzy/install/rosidl_cli:/home/pi4/ros2_jazzy/install/launch_pytest:/home/pi4/ros2_jazzy/install/launch_testing:/home/pi4/ros2_jazzy/install/launch_yaml:/home/pi4/ros2_jazzy/install/launch_xml:/home/pi4/ros2_jazzy/install/launch:/home/pi4/ros2_jazzy/install/osrf_pycommon:/home/pi4/ros2_jazzy/install/domain_coordinator:/home/pi4/ros2_jazzy/install/ament_xmllint:/home/pi4/ros2_jazzy/install/ament_pyflakes:/home/pi4/ros2_jazzy/install/ament_pycodestyle:/home/pi4/ros2_jazzy/install/ament_pep257:/home/pi4/ros2_jazzy/install/ament_pclint:/home/pi4/ros2_jazzy/install/ament_package:/home/pi4/ros2_jazzy/install/ament_mypy:/home/pi4/ros2_jazzy/install/ament_lint_cmake:/home/pi4/ros2_jazzy/install/ament_flake8:/home/pi4/ros2_jazzy/install/ament_copyright:/home/pi4/ros2_jazzy/install/ament_lint:/home/pi4/ros2_jazzy/install/ament_index_python:/home/pi4/ros2_jazzy/install/ament_cpplint:/home/pi4/ros2_jazzy/install/ament_cppcheck:/home/pi4/ros2_jazzy/install/ament_clang_tidy:/home/pi4/ros2_jazzy/install/ament_clang_format /usr/bin/cmake /home/pi4/camera_ws/src/as7265x_at_msgs -DCMAKE_INSTALL_PREFIX=/home/pi4/camera_ws/src/install/as7265x_at_msgs
[0.694s] -- Found ament_cmake: 2.5.4 (/home/pi4/ros2_jazzy/install/ament_cmake/share/ament_cmake/cmake)
[1.078s] -- Found Python3: /usr/bin/python3 (found version "3.11.2") found components: Interpreter 
[3.360s] -- Override CMake install command with custom implementation using symlinks instead of copying resources
[3.486s] -- Found rosidl_default_generators: 1.6.0 (/home/pi4/ros2_jazzy/install/rosidl_default_generators/share/rosidl_default_generators/cmake)
[4.678s] -- Using all available rosidl_typesupport_c: rosidl_typesupport_introspection_c;rosidl_typesupport_fastrtps_c
[5.328s] -- Using all available rosidl_typesupport_cpp: rosidl_typesupport_introspection_cpp;rosidl_typesupport_fastrtps_cpp
[5.671s] -- Found rosidl_adapter: 4.6.6 (/home/pi4/ros2_jazzy/install/rosidl_adapter/share/rosidl_adapter/cmake)
[5.692s] -- Found std_msgs: 5.3.6 (/home/pi4/ros2_jazzy/install/std_msgs/share/std_msgs/cmake)
[6.342s] -- Found ament_lint_auto: 0.17.3 (/home/pi4/ros2_jazzy/install/ament_lint_auto/share/ament_lint_auto/cmake)
[16.919s] -- Found ament_cmake_ros: 0.12.0 (/home/pi4/ros2_jazzy/install/ament_cmake_ros/share/ament_cmake_ros/cmake)
[18.555s] -- Using all available rosidl_typesupport_c: rosidl_typesupport_introspection_c;rosidl_typesupport_fastrtps_c
[21.178s] -- Using all available rosidl_typesupport_cpp: rosidl_typesupport_introspection_cpp;rosidl_typesupport_fastrtps_cpp
[21.187s] -- Found python_cmake_module: 0.11.1 (/home/pi4/ros2_jazzy/install/python_cmake_module/share/python_cmake_module/cmake)
[24.551s] -- Found Python3: /usr/bin/python3 (found version "3.11.2") found components: Interpreter Development NumPy Development.Module Development.Embed 
[25.169s] -- Added test 'lint_cmake' to check CMake code style
[25.181s] -- Added test 'xmllint' to check XML markup files
[25.203s] -- Configuring done
[26.243s] -- Generating done
[27.646s] -- Build files have been written to: /home/pi4/camera_ws/src/build/as7265x_at_msgs
[27.685s] Invoked command in '/home/pi4/camera_ws/src/build/as7265x_at_msgs' returned '0': CMAKE_PREFIX_PATH=${CMAKE_PREFIX_PATH}:/home/pi4/as7265x_at/install/as7265x_at:/home/pi4/ros2_jazzy/install/rqt_bag_plugins:/home/pi4/ros2_jazzy/install/rqt_bag:/home/pi4/ros2_jazzy/install/rosbag2_examples_py:/home/pi4/ros2_jazzy/install/launch_testing_examples:/home/pi4/ros2_jazzy/install/ros2bag:/home/pi4/ros2_jazzy/install/tracetools_test:/home/pi4/ros2_jazzy/install/tracetools_launch:/home/pi4/ros2_jazzy/install/topic_monitor:/home/pi4/ros2_jazzy/install/tf2_tools:/home/pi4/ros2_jazzy/install/examples_tf2_py:/home/pi4/ros2_jazzy/install/tf2_ros_py:/home/pi4/ros2_jazzy/install/examples_rclpy_pointcloud_publisher:/home/pi4/ros2_jazzy/install/sensor_msgs_py:/home/pi4/ros2_jazzy/install/quality_of_service_demo_py:/home/pi4/ros2_jazzy/install/camera_info_manager_py:/home/pi4/ros2_jazzy/install/rqt_plot:/home/pi4/ros2_jazzy/install/ros2doctor:/home/pi4/ros2_jazzy/install/lifecycle_py:/home/pi4/ros2_jazzy/install/examples_rclpy_minimal_subscriber:/home/pi4/ros2_jazzy/install/examples_rclpy_minimal_service:/home/pi4/ros2_jazzy/install/examples_rclpy_minimal_publisher:/home/pi4/ros2_jazzy/install/examples_rclpy_minimal_client:/home/pi4/ros2_jazzy/install/examples_rclpy_executors:/home/pi4/ros2_jazzy/install/demo_nodes_py:/home/pi4/ros2_jazzy/install/rqt:/home/pi4/ros2_jazzy/install/ros2component:/home/pi4/ros2_jazzy/install/sros2:/home/pi4/ros2_jazzy/install/rqt_topic:/home/pi4/ros2_jazzy/install/rqt_srv:/home/pi4/ros2_jazzy/install/rqt_shell:/home/pi4/ros2_jazzy/install/rqt_service_caller:/home/pi4/ros2_jazzy/install/rqt_reconfigure:/home/pi4/ros2_jazzy/install/rqt_py_console:/home/pi4/ros2_jazzy/install/rqt_publisher:/home/pi4/ros2_jazzy/install/rqt_action:/home/pi4/ros2_jazzy/install/rqt_msg:/home/pi4/ros2_jazzy/install/rqt_console:/home/pi4/ros2_jazzy/install/rqt_graph:/home/pi4/ros2_jazzy/install/rqt_gui_py:/home/pi4/ros2_jazzy/install/rqt_gui:/home/pi4/ros2_jazzy/install/ros2trace:/home/pi4/ros2_jazzy/install/ros2param:/home/pi4/ros2_jazzy/install/ros2lifecycle:/home/pi4/ros2_jazzy/install/ros2service:/home/pi4/ros2_jazzy/install/ros2topic:/home/pi4/ros2_jazzy/install/ros2test:/home/pi4/ros2_jazzy/install/ros2run:/home/pi4/ros2_jazzy/install/ros2plugin:/home/pi4/ros2_jazzy/install/ros2launch:/home/pi4/ros2_jazzy/install/ros2pkg:/home/pi4/ros2_jazzy/install/ros2node:/home/pi4/ros2_jazzy/install/ros2multicast:/home/pi4/ros2_jazzy/install/ros2interface:/home/pi4/ros2_jazzy/install/ros2action:/home/pi4/ros2_jazzy/install/ros2cli:/home/pi4/ros2_jazzy/install/launch_testing_ros:/home/pi4/ros2_jazzy/install/launch_ros:/home/pi4/ros2_jazzy/install/examples_rclpy_minimal_action_server:/home/pi4/ros2_jazzy/install/examples_rclpy_minimal_action_client:/home/pi4/ros2_jazzy/install/examples_rclpy_guard_conditions:/home/pi4/ros2_jazzy/install/action_tutorials_py:/home/pi4/ros2_jazzy/install/ament_uncrustify:/home/pi4/ros2_jazzy/install/tracetools_trace:/home/pi4/ros2_jazzy/install/tracetools_read:/home/pi4/ros2_jazzy/install/test_tracetools_launch:/home/pi4/ros2_jazzy/install/test_ros2trace:/home/pi4/ros2_jazzy/install/test_launch_ros:/home/pi4/ros2_jazzy/install/rpyutils:/home/pi4/ros2_jazzy/install/rosidl_runtime_py:/home/pi4/ros2_jazzy/install/rosidl_pycommon:/home/pi4/ros2_jazzy/install/rosidl_cli:/home/pi4/ros2_jazzy/install/launch_pytest:/home/pi4/ros2_jazzy/install/launch_testing:/home/pi4/ros2_jazzy/install/launch_yaml:/home/pi4/ros2_jazzy/install/launch_xml:/home/pi4/ros2_jazzy/install/launch:/home/pi4/ros2_jazzy/install/osrf_pycommon:/home/pi4/ros2_jazzy/install/domain_coordinator:/home/pi4/ros2_jazzy/install/ament_xmllint:/home/pi4/ros2_jazzy/install/ament_pyflakes:/home/pi4/ros2_jazzy/install/ament_pycodestyle:/home/pi4/ros2_jazzy/install/ament_pep257:/home/pi4/ros2_jazzy/install/ament_pclint:/home/pi4/ros2_jazzy/install/ament_package:/home/pi4/ros2_jazzy/install/ament_mypy:/home/pi4/ros2_jazzy/install/ament_lint_cmake:/home/pi4/ros2_jazzy/install/ament_flake8:/home/pi4/ros2_jazzy/install/ament_copyright:/home/pi4/ros2_jazzy/install/ament_lint:/home/pi4/ros2_jazzy/install/ament_index_python:/home/pi4/ros2_jazzy/install/ament_cpplint:/home/pi4/ros2_jazzy/install/ament_cppcheck:/home/pi4/ros2_jazzy/install/ament_clang_tidy:/home/pi4/ros2_jazzy/install/ament_clang_format /usr/bin/cmake /home/pi4/camera_ws/src/as7265x_at_msgs -DCMAKE_INSTALL_PREFIX=/home/pi4/camera_ws/src/install/as7265x_at_msgs
[27.693s] Invoking command in '/home/pi4/camera_ws/src/build/as7265x_at_msgs': CMAKE_PREFIX_PATH=${CMAKE_PREFIX_PATH}:/home/pi4/as7265x_at/install/as7265x_at:/home/pi4/ros2_jazzy/install/rqt_bag_plugins:/home/pi4/ros2_jazzy/install/rqt_bag:/home/pi4/ros2_jazzy/install/rosbag2_examples_py:/home/pi4/ros2_jazzy/install/launch_testing_examples:/home/pi4/ros2_jazzy/install/ros2bag:/home/pi4/ros2_jazzy/install/tracetools_test:/home/pi4/ros2_jazzy/install/tracetools_launch:/home/pi4/ros2_jazzy/install/topic_monitor:/home/pi4/ros2_jazzy/install/tf2_tools:/home/pi4/ros2_jazzy/install/examples_tf2_py:/home/pi4/ros2_jazzy/install/tf2_ros_py:/home/pi4/ros2_jazzy/install/examples_rclpy_pointcloud_publisher:/home/pi4/ros2_jazzy/install/sensor_msgs_py:/home/pi4/ros2_jazzy/install/quality_of_service_demo_py:/home/pi4/ros2_jazzy/install/camera_info_manager_py:/home/pi4/ros2_jazzy/install/rqt_plot:/home/pi4/ros2_jazzy/install/ros2doctor:/home/pi4/ros2_jazzy/install/lifecycle_py:/home/pi4/ros2_jazzy/install/examples_rclpy_minimal_subscriber:/home/pi4/ros2_jazzy/install/examples_rclpy_minimal_service:/home/pi4/ros2_jazzy/install/examples_rclpy_minimal_publisher:/home/pi4/ros2_jazzy/install/examples_rclpy_minimal_client:/home/pi4/ros2_jazzy/install/examples_rclpy_executors:/home/pi4/ros2_jazzy/install/demo_nodes_py:/home/pi4/ros2_jazzy/install/rqt:/home/pi4/ros2_jazzy/install/ros2component:/home/pi4/ros2_jazzy/install/sros2:/home/pi4/ros2_jazzy/install/rqt_topic:/home/pi4/ros2_jazzy/install/rqt_srv:/home/pi4/ros2_jazzy/install/rqt_shell:/home/pi4/ros2_jazzy/install/rqt_service_caller:/home/pi4/ros2_jazzy/install/rqt_reconfigure:/home/pi4/ros2_jazzy/install/rqt_py_console:/home/pi4/ros2_jazzy/install/rqt_publisher:/home/pi4/ros2_jazzy/install/rqt_action:/home/pi4/ros2_jazzy/install/rqt_msg:/home/pi4/ros2_jazzy/install/rqt_console:/home/pi4/ros2_jazzy/install/rqt_graph:/home/pi4/ros2_jazzy/install/rqt_gui_py:/home/pi4/ros2_jazzy/install/rqt_gui:/home/pi4/ros2_jazzy/install/ros2trace:/home/pi4/ros2_jazzy/install/ros2param:/home/pi4/ros2_jazzy/install/ros2lifecycle:/home/pi4/ros2_jazzy/install/ros2service:/home/pi4/ros2_jazzy/install/ros2topic:/home/pi4/ros2_jazzy/install/ros2test:/home/pi4/ros2_jazzy/install/ros2run:/home/pi4/ros2_jazzy/install/ros2plugin:/home/pi4/ros2_jazzy/install/ros2launch:/home/pi4/ros2_jazzy/install/ros2pkg:/home/pi4/ros2_jazzy/install/ros2node:/home/pi4/ros2_jazzy/install/ros2multicast:/home/pi4/ros2_jazzy/install/ros2interface:/home/pi4/ros2_jazzy/install/ros2action:/home/pi4/ros2_jazzy/install/ros2cli:/home/pi4/ros2_jazzy/install/launch_testing_ros:/home/pi4/ros2_jazzy/install/launch_ros:/home/pi4/ros2_jazzy/install/examples_rclpy_minimal_action_server:/home/pi4/ros2_jazzy/install/examples_rclpy_minimal_action_client:/home/pi4/ros2_jazzy/install/examples_rclpy_guard_conditions:/home/pi4/ros2_jazzy/install/action_tutorials_py:/home/pi4/ros2_jazzy/install/ament_uncrustify:/home/pi4/ros2_jazzy/install/tracetools_trace:/home/pi4/ros2_jazzy/install/tracetools_read:/home/pi4/ros2_jazzy/install/test_tracetools_launch:/home/pi4/ros2_jazzy/install/test_ros2trace:/home/pi4/ros2_jazzy/install/test_launch_ros:/home/pi4/ros2_jazzy/install/rpyutils:/home/pi4/ros2_jazzy/install/rosidl_runtime_py:/home/pi4/ros2_jazzy/install/rosidl_pycommon:/home/pi4/ros2_jazzy/install/rosidl_cli:/home/pi4/ros2_jazzy/install/launch_pytest:/home/pi4/ros2_jazzy/install/launch_testing:/home/pi4/ros2_jazzy/install/launch_yaml:/home/pi4/ros2_jazzy/install/launch_xml:/home/pi4/ros2_jazzy/install/launch:/home/pi4/ros2_jazzy/install/osrf_pycommon:/home/pi4/ros2_jazzy/install/domain_coordinator:/home/pi4/ros2_jazzy/install/ament_xmllint:/home/pi4/ros2_jazzy/install/ament_pyflakes:/home/pi4/ros2_jazzy/install/ament_pycodestyle:/home/pi4/ros2_jazzy/install/ament_pep257:/home/pi4/ros2_jazzy/install/ament_pclint:/home/pi4/ros2_jazzy/install/ament_package:/home/pi4/ros2_jazzy/install/ament_mypy:/home/pi4/ros2_jazzy/install/ament_lint_cmake:/home/pi4/ros2_jazzy/install/ament_flake8:/home/pi4/ros2_jazzy/install/ament_copyright:/home/pi4/ros2_jazzy/install/ament_lint:/home/pi4/ros2_jazzy/install/ament_index_python:/home/pi4/ros2_jazzy/install/ament_cpplint:/home/pi4/ros2_jazzy/install/ament_cppcheck:/home/pi4/ros2_jazzy/install/ament_clang_tidy:/home/pi4/ros2_jazzy/install/ament_clang_format /usr/bin/cmake --build /home/pi4/camera_ws/src/build/as7265x_at_msgs -- -j4 -l4
[28.090s] [  2%] Built target as7265x_at_msgs__rosidl_generator_type_description
[28.168s] [  2%] Built target ament_cmake_python_symlink_as7265x_at_msgs
[28.288s] [ 20%] Built target as7265x_at_msgs__rosidl_generator_c
[28.354s] [ 22%] Built target as7265x_at_msgs__cpp
[28.554s] [ 31%] Built target as7265x_at_msgs__rosidl_typesupport_fastrtps_c
[28.755s] [ 40%] Built target as7265x_at_msgs__rosidl_typesupport_c
[28.966s] [ 50%] Built target as7265x_at_msgs__rosidl_typesupport_introspection_cpp
[29.214s] [ 59%] Built target as7265x_at_msgs__rosidl_typesupport_fastrtps_cpp
[29.419s] [ 68%] Built target as7265x_at_msgs__rosidl_typesupport_cpp
[29.628s] [ 77%] Built target as7265x_at_msgs__rosidl_typesupport_introspection_c
[29.819s] [ 77%] Built target as7265x_at_msgs
[30.017s] [ 79%] Built target as7265x_at_msgs__py
[30.230s] [ 86%] Built target as7265x_at_msgs__rosidl_generator_py
[30.430s] [ 90%] Built target as7265x_at_msgs_s__rosidl_typesupport_introspection_c
[30.622s] [ 95%] Built target as7265x_at_msgs_s__rosidl_typesupport_c
[30.963s] [100%] Built target as7265x_at_msgs_s__rosidl_typesupport_fastrtps_c
[32.324s] running egg_info
[32.506s] writing as7265x_at_msgs.egg-info/PKG-INFO
[32.508s] writing dependency_links to as7265x_at_msgs.egg-info/dependency_links.txt
[32.575s] writing top-level names to as7265x_at_msgs.egg-info/top_level.txt
[33.286s] reading manifest file 'as7265x_at_msgs.egg-info/SOURCES.txt'
[33.290s] writing manifest file 'as7265x_at_msgs.egg-info/SOURCES.txt'
[33.705s] [100%] Built target ament_cmake_python_build_as7265x_at_msgs_egg
[33.789s] Invoked command in '/home/pi4/camera_ws/src/build/as7265x_at_msgs' returned '0': CMAKE_PREFIX_PATH=${CMAKE_PREFIX_PATH}:/home/pi4/as7265x_at/install/as7265x_at:/home/pi4/ros2_jazzy/install/rqt_bag_plugins:/home/pi4/ros2_jazzy/install/rqt_bag:/home/pi4/ros2_jazzy/install/rosbag2_examples_py:/home/pi4/ros2_jazzy/install/launch_testing_examples:/home/pi4/ros2_jazzy/install/ros2bag:/home/pi4/ros2_jazzy/install/tracetools_test:/home/pi4/ros2_jazzy/install/tracetools_launch:/home/pi4/ros2_jazzy/install/topic_monitor:/home/pi4/ros2_jazzy/install/tf2_tools:/home/pi4/ros2_jazzy/install/examples_tf2_py:/home/pi4/ros2_jazzy/install/tf2_ros_py:/home/pi4/ros2_jazzy/install/examples_rclpy_pointcloud_publisher:/home/pi4/ros2_jazzy/install/sensor_msgs_py:/home/pi4/ros2_jazzy/install/quality_of_service_demo_py:/home/pi4/ros2_jazzy/install/camera_info_manager_py:/home/pi4/ros2_jazzy/install/rqt_plot:/home/pi4/ros2_jazzy/install/ros2doctor:/home/pi4/ros2_jazzy/install/lifecycle_py:/home/pi4/ros2_jazzy/install/examples_rclpy_minimal_subscriber:/home/pi4/ros2_jazzy/install/examples_rclpy_minimal_service:/home/pi4/ros2_jazzy/install/examples_rclpy_minimal_publisher:/home/pi4/ros2_jazzy/install/examples_rclpy_minimal_client:/home/pi4/ros2_jazzy/install/examples_rclpy_executors:/home/pi4/ros2_jazzy/install/demo_nodes_py:/home/pi4/ros2_jazzy/install/rqt:/home/pi4/ros2_jazzy/install/ros2component:/home/pi4/ros2_jazzy/install/sros2:/home/pi4/ros2_jazzy/install/rqt_topic:/home/pi4/ros2_jazzy/install/rqt_srv:/home/pi4/ros2_jazzy/install/rqt_shell:/home/pi4/ros2_jazzy/install/rqt_service_caller:/home/pi4/ros2_jazzy/install/rqt_reconfigure:/home/pi4/ros2_jazzy/install/rqt_py_console:/home/pi4/ros2_jazzy/install/rqt_publisher:/home/pi4/ros2_jazzy/install/rqt_action:/home/pi4/ros2_jazzy/install/rqt_msg:/home/pi4/ros2_jazzy/install/rqt_console:/home/pi4/ros2_jazzy/install/rqt_graph:/home/pi4/ros2_jazzy/install/rqt_gui_py:/home/pi4/ros2_jazzy/install/rqt_gui:/home/pi4/ros2_jazzy/install/ros2trace:/home/pi4/ros2_jazzy/install/ros2param:/home/pi4/ros2_jazzy/install/ros2lifecycle:/home/pi4/ros2_jazzy/install/ros2service:/home/pi4/ros2_jazzy/install/ros2topic:/home/pi4/ros2_jazzy/install/ros2test:/home/pi4/ros2_jazzy/install/ros2run:/home/pi4/ros2_jazzy/install/ros2plugin:/home/pi4/ros2_jazzy/install/ros2launch:/home/pi4/ros2_jazzy/install/ros2pkg:/home/pi4/ros2_jazzy/install/ros2node:/home/pi4/ros2_jazzy/install/ros2multicast:/home/pi4/ros2_jazzy/install/ros2interface:/home/pi4/ros2_jazzy/install/ros2action:/home/pi4/ros2_jazzy/install/ros2cli:/home/pi4/ros2_jazzy/install/launch_testing_ros:/home/pi4/ros2_jazzy/install/launch_ros:/home/pi4/ros2_jazzy/install/examples_rclpy_minimal_action_server:/home/pi4/ros2_jazzy/install/examples_rclpy_minimal_action_client:/home/pi4/ros2_jazzy/install/examples_rclpy_guard_conditions:/home/pi4/ros2_jazzy/install/action_tutorials_py:/home/pi4/ros2_jazzy/install/ament_uncrustify:/home/pi4/ros2_jazzy/install/tracetools_trace:/home/pi4/ros2_jazzy/install/tracetools_read:/home/pi4/ros2_jazzy/install/test_tracetools_launch:/home/pi4/ros2_jazzy/install/test_ros2trace:/home/pi4/ros2_jazzy/install/test_launch_ros:/home/pi4/ros2_jazzy/install/rpyutils:/home/pi4/ros2_jazzy/install/rosidl_runtime_py:/home/pi4/ros2_jazzy/install/rosidl_pycommon:/home/pi4/ros2_jazzy/install/rosidl_cli:/home/pi4/ros2_jazzy/install/launch_pytest:/home/pi4/ros2_jazzy/install/launch_testing:/home/pi4/ros2_jazzy/install/launch_yaml:/home/pi4/ros2_jazzy/install/launch_xml:/home/pi4/ros2_jazzy/install/launch:/home/pi4/ros2_jazzy/install/osrf_pycommon:/home/pi4/ros2_jazzy/install/domain_coordinator:/home/pi4/ros2_jazzy/install/ament_xmllint:/home/pi4/ros2_jazzy/install/ament_pyflakes:/home/pi4/ros2_jazzy/install/ament_pycodestyle:/home/pi4/ros2_jazzy/install/ament_pep257:/home/pi4/ros2_jazzy/install/ament_pclint:/home/pi4/ros2_jazzy/install/ament_package:/home/pi4/ros2_jazzy/install/ament_mypy:/home/pi4/ros2_jazzy/install/ament_lint_cmake:/home/pi4/ros2_jazzy/install/ament_flake8:/home/pi4/ros2_jazzy/install/ament_copyright:/home/pi4/ros2_jazzy/install/ament_lint:/home/pi4/ros2_jazzy/install/ament_index_python:/home/pi4/ros2_jazzy/install/ament_cpplint:/home/pi4/ros2_jazzy/install/ament_cppcheck:/home/pi4/ros2_jazzy/install/ament_clang_tidy:/home/pi4/ros2_jazzy/install/ament_clang_format /usr/bin/cmake --build /home/pi4/camera_ws/src/build/as7265x_at_msgs -- -j4 -l4
[33.885s] Invoking command in '/home/pi4/camera_ws/src/build/as7265x_at_msgs': CMAKE_PREFIX_PATH=${CMAKE_PREFIX_PATH}:/home/pi4/as7265x_at/install/as7265x_at:/home/pi4/ros2_jazzy/install/rqt_bag_plugins:/home/pi4/ros2_jazzy/install/rqt_bag:/home/pi4/ros2_jazzy/install/rosbag2_examples_py:/home/pi4/ros2_jazzy/install/launch_testing_examples:/home/pi4/ros2_jazzy/install/ros2bag:/home/pi4/ros2_jazzy/install/tracetools_test:/home/pi4/ros2_jazzy/install/tracetools_launch:/home/pi4/ros2_jazzy/install/topic_monitor:/home/pi4/ros2_jazzy/install/tf2_tools:/home/pi4/ros2_jazzy/install/examples_tf2_py:/home/pi4/ros2_jazzy/install/tf2_ros_py:/home/pi4/ros2_jazzy/install/examples_rclpy_pointcloud_publisher:/home/pi4/ros2_jazzy/install/sensor_msgs_py:/home/pi4/ros2_jazzy/install/quality_of_service_demo_py:/home/pi4/ros2_jazzy/install/camera_info_manager_py:/home/pi4/ros2_jazzy/install/rqt_plot:/home/pi4/ros2_jazzy/install/ros2doctor:/home/pi4/ros2_jazzy/install/lifecycle_py:/home/pi4/ros2_jazzy/install/examples_rclpy_minimal_subscriber:/home/pi4/ros2_jazzy/install/examples_rclpy_minimal_service:/home/pi4/ros2_jazzy/install/examples_rclpy_minimal_publisher:/home/pi4/ros2_jazzy/install/examples_rclpy_minimal_client:/home/pi4/ros2_jazzy/install/examples_rclpy_executors:/home/pi4/ros2_jazzy/install/demo_nodes_py:/home/pi4/ros2_jazzy/install/rqt:/home/pi4/ros2_jazzy/install/ros2component:/home/pi4/ros2_jazzy/install/sros2:/home/pi4/ros2_jazzy/install/rqt_topic:/home/pi4/ros2_jazzy/install/rqt_srv:/home/pi4/ros2_jazzy/install/rqt_shell:/home/pi4/ros2_jazzy/install/rqt_service_caller:/home/pi4/ros2_jazzy/install/rqt_reconfigure:/home/pi4/ros2_jazzy/install/rqt_py_console:/home/pi4/ros2_jazzy/install/rqt_publisher:/home/pi4/ros2_jazzy/install/rqt_action:/home/pi4/ros2_jazzy/install/rqt_msg:/home/pi4/ros2_jazzy/install/rqt_console:/home/pi4/ros2_jazzy/install/rqt_graph:/home/pi4/ros2_jazzy/install/rqt_gui_py:/home/pi4/ros2_jazzy/install/rqt_gui:/home/pi4/ros2_jazzy/install/ros2trace:/home/pi4/ros2_jazzy/install/ros2param:/home/pi4/ros2_jazzy/install/ros2lifecycle:/home/pi4/ros2_jazzy/install/ros2service:/home/pi4/ros2_jazzy/install/ros2topic:/home/pi4/ros2_jazzy/install/ros2test:/home/pi4/ros2_jazzy/install/ros2run:/home/pi4/ros2_jazzy/install/ros2plugin:/home/pi4/ros2_jazzy/install/ros2launch:/home/pi4/ros2_jazzy/install/ros2pkg:/home/pi4/ros2_jazzy/install/ros2node:/home/pi4/ros2_jazzy/install/ros2multicast:/home/pi4/ros2_jazzy/install/ros2interface:/home/pi4/ros2_jazzy/install/ros2action:/home/pi4/ros2_jazzy/install/ros2cli:/home/pi4/ros2_jazzy/install/launch_testing_ros:/home/pi4/ros2_jazzy/install/launch_ros:/home/pi4/ros2_jazzy/install/examples_rclpy_minimal_action_server:/home/pi4/ros2_jazzy/install/examples_rclpy_minimal_action_client:/home/pi4/ros2_jazzy/install/examples_rclpy_guard_conditions:/home/pi4/ros2_jazzy/install/action_tutorials_py:/home/pi4/ros2_jazzy/install/ament_uncrustify:/home/pi4/ros2_jazzy/install/tracetools_trace:/home/pi4/ros2_jazzy/install/tracetools_read:/home/pi4/ros2_jazzy/install/test_tracetools_launch:/home/pi4/ros2_jazzy/install/test_ros2trace:/home/pi4/ros2_jazzy/install/test_launch_ros:/home/pi4/ros2_jazzy/install/rpyutils:/home/pi4/ros2_jazzy/install/rosidl_runtime_py:/home/pi4/ros2_jazzy/install/rosidl_pycommon:/home/pi4/ros2_jazzy/install/rosidl_cli:/home/pi4/ros2_jazzy/install/launch_pytest:/home/pi4/ros2_jazzy/install/launch_testing:/home/pi4/ros2_jazzy/install/launch_yaml:/home/pi4/ros2_jazzy/install/launch_xml:/home/pi4/ros2_jazzy/install/launch:/home/pi4/ros2_jazzy/install/osrf_pycommon:/home/pi4/ros2_jazzy/install/domain_coordinator:/home/pi4/ros2_jazzy/install/ament_xmllint:/home/pi4/ros2_jazzy/install/ament_pyflakes:/home/pi4/ros2_jazzy/install/ament_pycodestyle:/home/pi4/ros2_jazzy/install/ament_pep257:/home/pi4/ros2_jazzy/install/ament_pclint:/home/pi4/ros2_jazzy/install/ament_package:/home/pi4/ros2_jazzy/install/ament_mypy:/home/pi4/ros2_jazzy/install/ament_lint_cmake:/home/pi4/ros2_jazzy/install/ament_flake8:/home/pi4/ros2_jazzy/install/ament_copyright:/home/pi4/ros2_jazzy/install/ament_lint:/home/pi4/ros2_jazzy/install/ament_index_python:/home/pi4/ros2_jazzy/install/ament_cpplint:/home/pi4/ros2_jazzy/install/ament_cppcheck:/home/pi4/ros2_jazzy/install/ament_clang_tidy:/home/pi4/ros2_jazzy/install/ament_clang_format /usr/bin/cmake --install /home/pi4/camera_ws/src/build/as7265x_at_msgs
[33.957s] -- Install configuration: ""
[33.961s] -- Execute custom install script
[33.966s] -- Up-to-date symlink: /home/pi4/camera_ws/src/install/as7265x_at_msgs/share/ament_index/resource_index/rosidl_interfaces/as7265x_at_msgs
[33.968s] -- Up-to-date symlink: /home/pi4/camera_ws/src/install/as7265x_at_msgs/share/as7265x_at_msgs/msg/AS7265xRaw.json
[33.968s] -- Up-to-date symlink: /home/pi4/camera_ws/src/install/as7265x_at_msgs/share/as7265x_at_msgs/msg/AS7265xCal.json
[33.975s] -- Up-to-date symlink: /home/pi4/camera_ws/src/install/as7265x_at_msgs/include/as7265x_at_msgs/as7265x_at_msgs/msg/as7265x_cal.h
[33.978s] -- Up-to-date symlink: /home/pi4/camera_ws/src/install/as7265x_at_msgs/include/as7265x_at_msgs/as7265x_at_msgs/msg/as7265x_raw.h
[33.981s] -- Up-to-date symlink: /home/pi4/camera_ws/src/install/as7265x_at_msgs/include/as7265x_at_msgs/as7265x_at_msgs/msg/detail/as7265x_cal__functions.h
[33.981s] -- Up-to-date symlink: /home/pi4/camera_ws/src/install/as7265x_at_msgs/include/as7265x_at_msgs/as7265x_at_msgs/msg/detail/as7265x_cal__struct.h
[33.982s] -- Up-to-date symlink: /home/pi4/camera_ws/src/install/as7265x_at_msgs/include/as7265x_at_msgs/as7265x_at_msgs/msg/detail/as7265x_cal__type_support.h
[33.982s] -- Up-to-date symlink: /home/pi4/camera_ws/src/install/as7265x_at_msgs/include/as7265x_at_msgs/as7265x_at_msgs/msg/detail/as7265x_raw__functions.h
[33.982s] -- Up-to-date symlink: /home/pi4/camera_ws/src/install/as7265x_at_msgs/include/as7265x_at_msgs/as7265x_at_msgs/msg/detail/as7265x_raw__struct.h
[33.982s] -- Up-to-date symlink: /home/pi4/camera_ws/src/install/as7265x_at_msgs/include/as7265x_at_msgs/as7265x_at_msgs/msg/detail/as7265x_raw__type_support.h
[33.983s] -- Up-to-date symlink: /home/pi4/camera_ws/src/install/as7265x_at_msgs/include/as7265x_at_msgs/as7265x_at_msgs/msg/rosidl_generator_c__visibility_control.h
[33.983s] -- Up-to-date symlink: /home/pi4/camera_ws/src/install/as7265x_at_msgs/share/as7265x_at_msgs/environment/library_path.sh
[33.983s] -- Up-to-date symlink: /home/pi4/camera_ws/src/install/as7265x_at_msgs/share/as7265x_at_msgs/environment/library_path.dsv
[33.984s] -- Up-to-date symlink: /home/pi4/camera_ws/src/install/as7265x_at_msgs/include/as7265x_at_msgs/as7265x_at_msgs/msg/detail/as7265x_cal__rosidl_typesupport_introspection_c.h
[33.984s] -- Up-to-date symlink: /home/pi4/camera_ws/src/install/as7265x_at_msgs/include/as7265x_at_msgs/as7265x_at_msgs/msg/detail/as7265x_raw__rosidl_typesupport_introspection_c.h
[33.984s] -- Up-to-date symlink: /home/pi4/camera_ws/src/install/as7265x_at_msgs/include/as7265x_at_msgs/as7265x_at_msgs/msg/rosidl_typesupport_introspection_c__visibility_control.h
[33.985s] -- Up-to-date symlink: /home/pi4/camera_ws/src/install/as7265x_at_msgs/include/as7265x_at_msgs/as7265x_at_msgs/msg/detail/as7265x_cal__rosidl_typesupport_fastrtps_c.h
[33.985s] -- Up-to-date symlink: /home/pi4/camera_ws/src/install/as7265x_at_msgs/include/as7265x_at_msgs/as7265x_at_msgs/msg/detail/as7265x_raw__rosidl_typesupport_fastrtps_c.h
[33.986s] -- Up-to-date symlink: /home/pi4/camera_ws/src/install/as7265x_at_msgs/include/as7265x_at_msgs/as7265x_at_msgs/msg/rosidl_typesupport_fastrtps_c__visibility_control.h
[33.986s] -- Up-to-date symlink: /home/pi4/camera_ws/src/install/as7265x_at_msgs/include/as7265x_at_msgs/as7265x_at_msgs/msg/as7265x_cal.hpp
[33.988s] -- Up-to-date symlink: /home/pi4/camera_ws/src/install/as7265x_at_msgs/include/as7265x_at_msgs/as7265x_at_msgs/msg/as7265x_raw.hpp
[33.988s] -- Up-to-date symlink: /home/pi4/camera_ws/src/install/as7265x_at_msgs/include/as7265x_at_msgs/as7265x_at_msgs/msg/detail/as7265x_cal__builder.hpp
[33.988s] -- Up-to-date symlink: /home/pi4/camera_ws/src/install/as7265x_at_msgs/include/as7265x_at_msgs/as7265x_at_msgs/msg/detail/as7265x_cal__struct.hpp
[33.989s] -- Up-to-date symlink: /home/pi4/camera_ws/src/install/as7265x_at_msgs/include/as7265x_at_msgs/as7265x_at_msgs/msg/detail/as7265x_cal__traits.hpp
[33.989s] -- Up-to-date symlink: /home/pi4/camera_ws/src/install/as7265x_at_msgs/include/as7265x_at_msgs/as7265x_at_msgs/msg/detail/as7265x_cal__type_support.hpp
[33.990s] -- Up-to-date symlink: /home/pi4/camera_ws/src/install/as7265x_at_msgs/include/as7265x_at_msgs/as7265x_at_msgs/msg/detail/as7265x_raw__builder.hpp
[33.991s] -- Up-to-date symlink: /home/pi4/camera_ws/src/install/as7265x_at_msgs/include/as7265x_at_msgs/as7265x_at_msgs/msg/detail/as7265x_raw__struct.hpp
[33.991s] -- Up-to-date symlink: /home/pi4/camera_ws/src/install/as7265x_at_msgs/include/as7265x_at_msgs/as7265x_at_msgs/msg/detail/as7265x_raw__traits.hpp
[33.991s] -- Up-to-date symlink: /home/pi4/camera_ws/src/install/as7265x_at_msgs/include/as7265x_at_msgs/as7265x_at_msgs/msg/detail/as7265x_raw__type_support.hpp
[33.992s] -- Up-to-date symlink: /home/pi4/camera_ws/src/install/as7265x_at_msgs/include/as7265x_at_msgs/as7265x_at_msgs/msg/rosidl_generator_cpp__visibility_control.hpp
[33.992s] -- Up-to-date symlink: /home/pi4/camera_ws/src/install/as7265x_at_msgs/include/as7265x_at_msgs/as7265x_at_msgs/msg/detail/as7265x_cal__rosidl_typesupport_introspection_cpp.hpp
[33.994s] -- Up-to-date symlink: /home/pi4/camera_ws/src/install/as7265x_at_msgs/include/as7265x_at_msgs/as7265x_at_msgs/msg/detail/as7265x_raw__rosidl_typesupport_introspection_cpp.hpp
[33.995s] -- Up-to-date symlink: /home/pi4/camera_ws/src/install/as7265x_at_msgs/include/as7265x_at_msgs/as7265x_at_msgs/msg/detail/as7265x_cal__rosidl_typesupport_fastrtps_cpp.hpp
[33.995s] -- Up-to-date symlink: /home/pi4/camera_ws/src/install/as7265x_at_msgs/include/as7265x_at_msgs/as7265x_at_msgs/msg/detail/as7265x_raw__rosidl_typesupport_fastrtps_cpp.hpp
[33.996s] -- Up-to-date symlink: /home/pi4/camera_ws/src/install/as7265x_at_msgs/include/as7265x_at_msgs/as7265x_at_msgs/msg/rosidl_typesupport_fastrtps_cpp__visibility_control.h
[33.996s] -- Up-to-date symlink: /home/pi4/camera_ws/src/install/as7265x_at_msgs/share/as7265x_at_msgs/environment/pythonpath.sh
[33.997s] -- Up-to-date symlink: /home/pi4/camera_ws/src/install/as7265x_at_msgs/share/as7265x_at_msgs/environment/pythonpath.dsv
[33.998s] -- Up-to-date symlink: /home/pi4/camera_ws/src/install/as7265x_at_msgs/lib/python3.11/site-packages/as7265x_at_msgs-0.0.1-py3.11.egg-info/PKG-INFO
[33.999s] -- Up-to-date symlink: /home/pi4/camera_ws/src/install/as7265x_at_msgs/lib/python3.11/site-packages/as7265x_at_msgs-0.0.1-py3.11.egg-info/SOURCES.txt
[33.999s] -- Up-to-date symlink: /home/pi4/camera_ws/src/install/as7265x_at_msgs/lib/python3.11/site-packages/as7265x_at_msgs-0.0.1-py3.11.egg-info/dependency_links.txt
[34.000s] -- Up-to-date symlink: /home/pi4/camera_ws/src/install/as7265x_at_msgs/lib/python3.11/site-packages/as7265x_at_msgs-0.0.1-py3.11.egg-info/top_level.txt
[34.002s] -- Up-to-date symlink: /home/pi4/camera_ws/src/install/as7265x_at_msgs/lib/python3.11/site-packages/as7265x_at_msgs/__init__.py
[34.003s] -- Up-to-date symlink: /home/pi4/camera_ws/src/install/as7265x_at_msgs/lib/python3.11/site-packages/as7265x_at_msgs/_as7265x_at_msgs_s.ep.rosidl_typesupport_c.c
[34.003s] -- Up-to-date symlink: /home/pi4/camera_ws/src/install/as7265x_at_msgs/lib/python3.11/site-packages/as7265x_at_msgs/_as7265x_at_msgs_s.ep.rosidl_typesupport_fastrtps_c.c
[34.004s] -- Up-to-date symlink: /home/pi4/camera_ws/src/install/as7265x_at_msgs/lib/python3.11/site-packages/as7265x_at_msgs/_as7265x_at_msgs_s.ep.rosidl_typesupport_introspection_c.c
[34.005s] -- Up-to-date symlink: /home/pi4/camera_ws/src/install/as7265x_at_msgs/lib/python3.11/site-packages/as7265x_at_msgs/as7265x_at_msgs_s__rosidl_typesupport_c.so
[34.005s] -- Up-to-date symlink: /home/pi4/camera_ws/src/install/as7265x_at_msgs/lib/python3.11/site-packages/as7265x_at_msgs/as7265x_at_msgs_s__rosidl_typesupport_fastrtps_c.so
[34.006s] -- Up-to-date symlink: /home/pi4/camera_ws/src/install/as7265x_at_msgs/lib/python3.11/site-packages/as7265x_at_msgs/as7265x_at_msgs_s__rosidl_typesupport_introspection_c.so
[34.006s] -- Up-to-date symlink: /home/pi4/camera_ws/src/install/as7265x_at_msgs/lib/python3.11/site-packages/as7265x_at_msgs/msg/__init__.py
[34.007s] -- Up-to-date symlink: /home/pi4/camera_ws/src/install/as7265x_at_msgs/lib/python3.11/site-packages/as7265x_at_msgs/msg/_as7265x_cal.py
[34.007s] -- Up-to-date symlink: /home/pi4/camera_ws/src/install/as7265x_at_msgs/lib/python3.11/site-packages/as7265x_at_msgs/msg/_as7265x_cal_s.c
[34.008s] -- Up-to-date symlink: /home/pi4/camera_ws/src/install/as7265x_at_msgs/lib/python3.11/site-packages/as7265x_at_msgs/msg/_as7265x_raw.py
[34.008s] -- Up-to-date symlink: /home/pi4/camera_ws/src/install/as7265x_at_msgs/lib/python3.11/site-packages/as7265x_at_msgs/msg/_as7265x_raw_s.c
[34.009s] -- Up-to-date symlink: /home/pi4/camera_ws/src/install/as7265x_at_msgs/lib/python3.11/site-packages/as7265x_at_msgs/as7265x_at_msgs_s__rosidl_typesupport_introspection_c.so
[34.011s] -- Up-to-date symlink: /home/pi4/camera_ws/src/install/as7265x_at_msgs/lib/python3.11/site-packages/as7265x_at_msgs/as7265x_at_msgs_s__rosidl_typesupport_fastrtps_c.so
[34.012s] -- Up-to-date symlink: /home/pi4/camera_ws/src/install/as7265x_at_msgs/lib/python3.11/site-packages/as7265x_at_msgs/as7265x_at_msgs_s__rosidl_typesupport_c.so
[34.012s] -- Up-to-date symlink: /home/pi4/camera_ws/src/install/as7265x_at_msgs/share/as7265x_at_msgs/msg/AS7265xRaw.idl
[34.013s] -- Up-to-date symlink: /home/pi4/camera_ws/src/install/as7265x_at_msgs/share/as7265x_at_msgs/msg/AS7265xCal.idl
[34.014s] -- Up-to-date symlink: /home/pi4/camera_ws/src/install/as7265x_at_msgs/share/as7265x_at_msgs/msg/AS7265xRaw.msg
[34.014s] -- Up-to-date symlink: /home/pi4/camera_ws/src/install/as7265x_at_msgs/share/as7265x_at_msgs/msg/AS7265xCal.msg
[34.015s] -- Up-to-date symlink: /home/pi4/camera_ws/src/install/as7265x_at_msgs/share/ament_index/resource_index/package_run_dependencies/as7265x_at_msgs
[34.016s] -- Up-to-date symlink: /home/pi4/camera_ws/src/install/as7265x_at_msgs/share/ament_index/resource_index/parent_prefix_path/as7265x_at_msgs
[34.017s] -- Up-to-date symlink: /home/pi4/camera_ws/src/install/as7265x_at_msgs/share/as7265x_at_msgs/environment/ament_prefix_path.sh
[34.018s] -- Up-to-date symlink: /home/pi4/camera_ws/src/install/as7265x_at_msgs/share/as7265x_at_msgs/environment/ament_prefix_path.dsv
[34.018s] -- Up-to-date symlink: /home/pi4/camera_ws/src/install/as7265x_at_msgs/share/as7265x_at_msgs/environment/path.sh
[34.019s] -- Up-to-date symlink: /home/pi4/camera_ws/src/install/as7265x_at_msgs/share/as7265x_at_msgs/environment/path.dsv
[34.020s] -- Up-to-date symlink: /home/pi4/camera_ws/src/install/as7265x_at_msgs/share/as7265x_at_msgs/local_setup.bash
[34.021s] -- Up-to-date symlink: /home/pi4/camera_ws/src/install/as7265x_at_msgs/share/as7265x_at_msgs/local_setup.sh
[34.022s] -- Up-to-date symlink: /home/pi4/camera_ws/src/install/as7265x_at_msgs/share/as7265x_at_msgs/local_setup.zsh
[34.022s] -- Up-to-date symlink: /home/pi4/camera_ws/src/install/as7265x_at_msgs/share/as7265x_at_msgs/local_setup.dsv
[34.023s] -- Symlinking: /home/pi4/camera_ws/src/install/as7265x_at_msgs/share/as7265x_at_msgs/package.dsv
[34.084s] -- Up-to-date symlink: /home/pi4/camera_ws/src/install/as7265x_at_msgs/share/ament_index/resource_index/packages/as7265x_at_msgs
[34.085s] -- Up-to-date symlink: /home/pi4/camera_ws/src/install/as7265x_at_msgs/share/as7265x_at_msgs/cmake/rosidl_cmake-extras.cmake
[34.086s] -- Up-to-date symlink: /home/pi4/camera_ws/src/install/as7265x_at_msgs/share/as7265x_at_msgs/cmake/ament_cmake_export_dependencies-extras.cmake
[34.086s] -- Up-to-date symlink: /home/pi4/camera_ws/src/install/as7265x_at_msgs/share/as7265x_at_msgs/cmake/ament_cmake_export_include_directories-extras.cmake
[34.090s] -- Up-to-date symlink: /home/pi4/camera_ws/src/install/as7265x_at_msgs/share/as7265x_at_msgs/cmake/ament_cmake_export_libraries-extras.cmake
[34.090s] -- Up-to-date symlink: /home/pi4/camera_ws/src/install/as7265x_at_msgs/share/as7265x_at_msgs/cmake/ament_cmake_export_targets-extras.cmake
[34.091s] -- Up-to-date symlink: /home/pi4/camera_ws/src/install/as7265x_at_msgs/share/as7265x_at_msgs/cmake/rosidl_cmake_export_typesupport_targets-extras.cmake
[34.091s] -- Up-to-date symlink: /home/pi4/camera_ws/src/install/as7265x_at_msgs/share/as7265x_at_msgs/cmake/rosidl_cmake_export_typesupport_libraries-extras.cmake
[34.092s] -- Up-to-date symlink: /home/pi4/camera_ws/src/install/as7265x_at_msgs/share/as7265x_at_msgs/cmake/as7265x_at_msgsConfig.cmake
[34.092s] -- Up-to-date symlink: /home/pi4/camera_ws/src/install/as7265x_at_msgs/share/as7265x_at_msgs/cmake/as7265x_at_msgsConfig-version.cmake
[34.093s] -- Up-to-date symlink: /home/pi4/camera_ws/src/install/as7265x_at_msgs/share/as7265x_at_msgs/package.xml
[34.094s] -- Up-to-date: /home/pi4/camera_ws/src/install/as7265x_at_msgs/lib/libas7265x_at_msgs__rosidl_generator_c.so
[34.096s] -- Up-to-date: /home/pi4/camera_ws/src/install/as7265x_at_msgs/lib/libas7265x_at_msgs__rosidl_typesupport_introspection_c.so
[34.096s] -- Up-to-date: /home/pi4/camera_ws/src/install/as7265x_at_msgs/lib/libas7265x_at_msgs__rosidl_typesupport_fastrtps_c.so
[34.097s] -- Up-to-date: /home/pi4/camera_ws/src/install/as7265x_at_msgs/lib/libas7265x_at_msgs__rosidl_typesupport_c.so
[34.099s] -- Up-to-date: /home/pi4/camera_ws/src/install/as7265x_at_msgs/lib/libas7265x_at_msgs__rosidl_typesupport_introspection_cpp.so
[34.100s] -- Up-to-date: /home/pi4/camera_ws/src/install/as7265x_at_msgs/lib/libas7265x_at_msgs__rosidl_typesupport_fastrtps_cpp.so
[34.101s] -- Up-to-date: /home/pi4/camera_ws/src/install/as7265x_at_msgs/lib/libas7265x_at_msgs__rosidl_typesupport_cpp.so
[34.655s] Listing '/home/pi4/camera_ws/src/install/as7265x_at_msgs/lib/python3.11/site-packages/as7265x_at_msgs'...
[34.656s] Compiling '/home/pi4/camera_ws/src/install/as7265x_at_msgs/lib/python3.11/site-packages/as7265x_at_msgs/__init__.py'...
[34.657s] Listing '/home/pi4/camera_ws/src/install/as7265x_at_msgs/lib/python3.11/site-packages/as7265x_at_msgs/msg'...
[34.691s] -- Up-to-date: /home/pi4/camera_ws/src/install/as7265x_at_msgs/lib/libas7265x_at_msgs__rosidl_generator_py.so
[34.693s] -- Up-to-date: /home/pi4/camera_ws/src/install/as7265x_at_msgs/share/as7265x_at_msgs/cmake/export_as7265x_at_msgs__rosidl_generator_cExport.cmake
[34.693s] -- Up-to-date: /home/pi4/camera_ws/src/install/as7265x_at_msgs/share/as7265x_at_msgs/cmake/export_as7265x_at_msgs__rosidl_generator_cExport-noconfig.cmake
[34.698s] -- Up-to-date: /home/pi4/camera_ws/src/install/as7265x_at_msgs/share/as7265x_at_msgs/cmake/as7265x_at_msgs__rosidl_typesupport_introspection_cExport.cmake
[34.700s] -- Up-to-date: /home/pi4/camera_ws/src/install/as7265x_at_msgs/share/as7265x_at_msgs/cmake/as7265x_at_msgs__rosidl_typesupport_introspection_cExport-noconfig.cmake
[34.700s] -- Up-to-date: /home/pi4/camera_ws/src/install/as7265x_at_msgs/share/as7265x_at_msgs/cmake/export_as7265x_at_msgs__rosidl_typesupport_fastrtps_cExport.cmake
[34.705s] -- Up-to-date: /home/pi4/camera_ws/src/install/as7265x_at_msgs/share/as7265x_at_msgs/cmake/export_as7265x_at_msgs__rosidl_typesupport_fastrtps_cExport-noconfig.cmake
[34.709s] -- Up-to-date: /home/pi4/camera_ws/src/install/as7265x_at_msgs/share/as7265x_at_msgs/cmake/as7265x_at_msgs__rosidl_typesupport_cExport.cmake
[34.711s] -- Up-to-date: /home/pi4/camera_ws/src/install/as7265x_at_msgs/share/as7265x_at_msgs/cmake/as7265x_at_msgs__rosidl_typesupport_cExport-noconfig.cmake
[34.712s] -- Up-to-date: /home/pi4/camera_ws/src/install/as7265x_at_msgs/share/as7265x_at_msgs/cmake/export_as7265x_at_msgs__rosidl_generator_cppExport.cmake
[34.714s] -- Up-to-date: /home/pi4/camera_ws/src/install/as7265x_at_msgs/share/as7265x_at_msgs/cmake/as7265x_at_msgs__rosidl_typesupport_introspection_cppExport.cmake
[34.717s] -- Up-to-date: /home/pi4/camera_ws/src/install/as7265x_at_msgs/share/as7265x_at_msgs/cmake/as7265x_at_msgs__rosidl_typesupport_introspection_cppExport-noconfig.cmake
[34.720s] -- Up-to-date: /home/pi4/camera_ws/src/install/as7265x_at_msgs/share/as7265x_at_msgs/cmake/export_as7265x_at_msgs__rosidl_typesupport_fastrtps_cppExport.cmake
[34.722s] -- Up-to-date: /home/pi4/camera_ws/src/install/as7265x_at_msgs/share/as7265x_at_msgs/cmake/export_as7265x_at_msgs__rosidl_typesupport_fastrtps_cppExport-noconfig.cmake
[34.725s] -- Up-to-date: /home/pi4/camera_ws/src/install/as7265x_at_msgs/share/as7265x_at_msgs/cmake/as7265x_at_msgs__rosidl_typesupport_cppExport.cmake
[34.728s] -- Up-to-date: /home/pi4/camera_ws/src/install/as7265x_at_msgs/share/as7265x_at_msgs/cmake/as7265x_at_msgs__rosidl_typesupport_cppExport-noconfig.cmake
[34.730s] -- Up-to-date: /home/pi4/camera_ws/src/install/as7265x_at_msgs/share/as7265x_at_msgs/cmake/export_as7265x_at_msgs__rosidl_generator_pyExport.cmake
[34.732s] -- Up-to-date: /home/pi4/camera_ws/src/install/as7265x_at_msgs/share/as7265x_at_msgs/cmake/export_as7265x_at_msgs__rosidl_generator_pyExport-noconfig.cmake
[34.737s] Invoked command in '/home/pi4/camera_ws/src/build/as7265x_at_msgs' returned '0': CMAKE_PREFIX_PATH=${CMAKE_PREFIX_PATH}:/home/pi4/as7265x_at/install/as7265x_at:/home/pi4/ros2_jazzy/install/rqt_bag_plugins:/home/pi4/ros2_jazzy/install/rqt_bag:/home/pi4/ros2_jazzy/install/rosbag2_examples_py:/home/pi4/ros2_jazzy/install/launch_testing_examples:/home/pi4/ros2_jazzy/install/ros2bag:/home/pi4/ros2_jazzy/install/tracetools_test:/home/pi4/ros2_jazzy/install/tracetools_launch:/home/pi4/ros2_jazzy/install/topic_monitor:/home/pi4/ros2_jazzy/install/tf2_tools:/home/pi4/ros2_jazzy/install/examples_tf2_py:/home/pi4/ros2_jazzy/install/tf2_ros_py:/home/pi4/ros2_jazzy/install/examples_rclpy_pointcloud_publisher:/home/pi4/ros2_jazzy/install/sensor_msgs_py:/home/pi4/ros2_jazzy/install/quality_of_service_demo_py:/home/pi4/ros2_jazzy/install/camera_info_manager_py:/home/pi4/ros2_jazzy/install/rqt_plot:/home/pi4/ros2_jazzy/install/ros2doctor:/home/pi4/ros2_jazzy/install/lifecycle_py:/home/pi4/ros2_jazzy/install/examples_rclpy_minimal_subscriber:/home/pi4/ros2_jazzy/install/examples_rclpy_minimal_service:/home/pi4/ros2_jazzy/install/examples_rclpy_minimal_publisher:/home/pi4/ros2_jazzy/install/examples_rclpy_minimal_client:/home/pi4/ros2_jazzy/install/examples_rclpy_executors:/home/pi4/ros2_jazzy/install/demo_nodes_py:/home/pi4/ros2_jazzy/install/rqt:/home/pi4/ros2_jazzy/install/ros2component:/home/pi4/ros2_jazzy/install/sros2:/home/pi4/ros2_jazzy/install/rqt_topic:/home/pi4/ros2_jazzy/install/rqt_srv:/home/pi4/ros2_jazzy/install/rqt_shell:/home/pi4/ros2_jazzy/install/rqt_service_caller:/home/pi4/ros2_jazzy/install/rqt_reconfigure:/home/pi4/ros2_jazzy/install/rqt_py_console:/home/pi4/ros2_jazzy/install/rqt_publisher:/home/pi4/ros2_jazzy/install/rqt_action:/home/pi4/ros2_jazzy/install/rqt_msg:/home/pi4/ros2_jazzy/install/rqt_console:/home/pi4/ros2_jazzy/install/rqt_graph:/home/pi4/ros2_jazzy/install/rqt_gui_py:/home/pi4/ros2_jazzy/install/rqt_gui:/home/pi4/ros2_jazzy/install/ros2trace:/home/pi4/ros2_jazzy/install/ros2param:/home/pi4/ros2_jazzy/install/ros2lifecycle:/home/pi4/ros2_jazzy/install/ros2service:/home/pi4/ros2_jazzy/install/ros2topic:/home/pi4/ros2_jazzy/install/ros2test:/home/pi4/ros2_jazzy/install/ros2run:/home/pi4/ros2_jazzy/install/ros2plugin:/home/pi4/ros2_jazzy/install/ros2launch:/home/pi4/ros2_jazzy/install/ros2pkg:/home/pi4/ros2_jazzy/install/ros2node:/home/pi4/ros2_jazzy/install/ros2multicast:/home/pi4/ros2_jazzy/install/ros2interface:/home/pi4/ros2_jazzy/install/ros2action:/home/pi4/ros2_jazzy/install/ros2cli:/home/pi4/ros2_jazzy/install/launch_testing_ros:/home/pi4/ros2_jazzy/install/launch_ros:/home/pi4/ros2_jazzy/install/examples_rclpy_minimal_action_server:/home/pi4/ros2_jazzy/install/examples_rclpy_minimal_action_client:/home/pi4/ros2_jazzy/install/examples_rclpy_guard_conditions:/home/pi4/ros2_jazzy/install/action_tutorials_py:/home/pi4/ros2_jazzy/install/ament_uncrustify:/home/pi4/ros2_jazzy/install/tracetools_trace:/home/pi4/ros2_jazzy/install/tracetools_read:/home/pi4/ros2_jazzy/install/test_tracetools_launch:/home/pi4/ros2_jazzy/install/test_ros2trace:/home/pi4/ros2_jazzy/install/test_launch_ros:/home/pi4/ros2_jazzy/install/rpyutils:/home/pi4/ros2_jazzy/install/rosidl_runtime_py:/home/pi4/ros2_jazzy/install/rosidl_pycommon:/home/pi4/ros2_jazzy/install/rosidl_cli:/home/pi4/ros2_jazzy/install/launch_pytest:/home/pi4/ros2_jazzy/install/launch_testing:/home/pi4/ros2_jazzy/install/launch_yaml:/home/pi4/ros2_jazzy/install/launch_xml:/home/pi4/ros2_jazzy/install/launch:/home/pi4/ros2_jazzy/install/osrf_pycommon:/home/pi4/ros2_jazzy/install/domain_coordinator:/home/pi4/ros2_jazzy/install/ament_xmllint:/home/pi4/ros2_jazzy/install/ament_pyflakes:/home/pi4/ros2_jazzy/install/ament_pycodestyle:/home/pi4/ros2_jazzy/install/ament_pep257:/home/pi4/ros2_jazzy/install/ament_pclint:/home/pi4/ros2_jazzy/install/ament_package:/home/pi4/ros2_jazzy/install/ament_mypy:/home/pi4/ros2_jazzy/install/ament_lint_cmake:/home/pi4/ros2_jazzy/install/ament_flake8:/home/pi4/ros2_jazzy/install/ament_copyright:/home/pi4/ros2_jazzy/install/ament_lint:/home/pi4/ros2_jazzy/install/ament_index_python:/home/pi4/ros2_jazzy/install/ament_cpplint:/home/pi4/ros2_jazzy/install/ament_cppcheck:/home/pi4/ros2_jazzy/install/ament_clang_tidy:/home/pi4/ros2_jazzy/install/ament_clang_format /usr/bin/cmake --install /home/pi4/camera_ws/src/build/as7265x_at_msgs
