-- The C compiler identification is GNU 12.2.0
-- The CXX compiler identification is GNU 12.2.0
-- Detecting C compiler ABI info
-- Detecting C compiler ABI info - done
-- Check for working C compiler: /usr/bin/cc - skipped
-- Detecting C compile features
-- Detecting C compile features - done
-- Detecting CXX compiler ABI info
-- Detecting CXX compiler ABI info - done
-- Check for working CXX compiler: /usr/bin/c++ - skipped
-- Detecting CXX compile features
-- Detecting CXX compile features - done
-- Found ament_cmake: 2.5.4 (/home/pi4/ros2_jazzy/install/ament_cmake/share/ament_cmake/cmake)
-- Found Python3: /usr/bin/python3 (found version "3.11.2") found components: Interpreter 
-- Found PkgConfig: /usr/bin/pkg-config (found version "1.8.1") 
-- Found rclcpp: 28.1.13 (/home/pi4/ros2_jazzy/install/rclcpp/share/rclcpp/cmake)
-- Found rosidl_generator_c: 4.6.6 (/home/pi4/ros2_jazzy/install/rosidl_generator_c/share/rosidl_generator_c/cmake)
-- Found rosidl_generator_cpp: 4.6.6 (/home/pi4/ros2_jazzy/install/rosidl_generator_cpp/share/rosidl_generator_cpp/cmake)
-- Using all available rosidl_typesupport_c: rosidl_typesupport_introspection_c;rosidl_typesupport_fastrtps_c
-- Using all available rosidl_typesupport_cpp: rosidl_typesupport_introspection_cpp;rosidl_typesupport_fastrtps_cpp
-- Found rmw_implementation_cmake: 7.3.2 (/home/pi4/ros2_jazzy/install/rmw_implementation_cmake/share/rmw_implementation_cmake/cmake)
-- Found rmw_fastrtps_cpp: 8.4.3 (/home/pi4/ros2_jazzy/install/rmw_fastrtps_cpp/share/rmw_fastrtps_cpp/cmake)
-- Found OpenSSL: /usr/lib/aarch64-linux-gnu/libcrypto.so (found version "3.0.17")  
-- Found FastRTPS: /home/pi4/ros2_jazzy/install/fastrtps/include (Required is at least version "2.13") 
-- Using RMW implementation 'rmw_fastrtps_cpp' as default
-- Found rclcpp_components: 28.1.13 (/home/pi4/ros2_jazzy/install/rclcpp_components/share/rclcpp_components/cmake)
-- Found sensor_msgs: 5.3.6 (/home/pi4/ros2_jazzy/install/sensor_msgs/share/sensor_msgs/cmake)
-- Found camera_info_manager: 5.1.7 (/home/pi4/ros2_jazzy/install/camera_info_manager/share/camera_info_manager/cmake)
-- Setting yaml-cpp_DIR to: '/home/pi4/ros2_jazzy/install/yaml_cpp_vendor/share/yaml_cpp_vendor/cmake/../../../opt/yaml_cpp_vendor/share/cmake/yaml-cpp'
[31mCMake Error at CMakeLists.txt:23 (find_package):
  By not providing "Findcv_bridge.cmake" in CMAKE_MODULE_PATH this project
  has asked CMake to find a package configuration file provided by
  "cv_bridge", but CMake did not find one.

  Could not find a package configuration file provided by "cv_bridge" with
  any of the following names:

    cv_bridgeConfig.cmake
    cv_bridge-config.cmake

  Add the installation prefix of "cv_bridge" to CMAKE_PREFIX_PATH or set
  "cv_bridge_DIR" to a directory containing one of the above files.  If
  "cv_bridge" provides a separate development package or SDK, be sure it has
  been installed.

[0m
-- Configuring incomplete, errors occurred!
See also "/home/pi4/camera_ws/build/camera_ros/CMakeFiles/CMakeOutput.log".
