[0.197s] Invoking command in '/home/pi4/camera_ws/build/camera_ros': CMAKE_PREFIX_PATH=${CMAKE_PREFIX_PATH}:/home/pi4/camera_ws/install/stamp_and_split_cam1:/home/pi4/ros2_jazzy/install/rqt_bag_plugins:/home/pi4/ros2_jazzy/install/rqt_bag:/home/pi4/ros2_jazzy/install/rosbag2_examples_py:/home/pi4/ros2_jazzy/install/launch_testing_examples:/home/pi4/ros2_jazzy/install/ros2bag:/home/pi4/ros2_jazzy/install/tracetools_test:/home/pi4/ros2_jazzy/install/tracetools_launch:/home/pi4/ros2_jazzy/install/topic_monitor:/home/pi4/ros2_jazzy/install/tf2_tools:/home/pi4/ros2_jazzy/install/examples_tf2_py:/home/pi4/ros2_jazzy/install/tf2_ros_py:/home/pi4/ros2_jazzy/install/examples_rclpy_pointcloud_publisher:/home/pi4/ros2_jazzy/install/sensor_msgs_py:/home/pi4/ros2_jazzy/install/quality_of_service_demo_py:/home/pi4/ros2_jazzy/install/camera_info_manager_py:/home/pi4/ros2_jazzy/install/rqt_plot:/home/pi4/ros2_jazzy/install/ros2doctor:/home/pi4/ros2_jazzy/install/lifecycle_py:/home/pi4/ros2_jazzy/install/examples_rclpy_minimal_subscriber:/home/pi4/ros2_jazzy/install/examples_rclpy_minimal_service:/home/pi4/ros2_jazzy/install/examples_rclpy_minimal_publisher:/home/pi4/ros2_jazzy/install/examples_rclpy_minimal_client:/home/pi4/ros2_jazzy/install/examples_rclpy_executors:/home/pi4/ros2_jazzy/install/demo_nodes_py:/home/pi4/ros2_jazzy/install/rqt:/home/pi4/ros2_jazzy/install/ros2component:/home/pi4/ros2_jazzy/install/sros2:/home/pi4/ros2_jazzy/install/rqt_topic:/home/pi4/ros2_jazzy/install/rqt_srv:/home/pi4/ros2_jazzy/install/rqt_shell:/home/pi4/ros2_jazzy/install/rqt_service_caller:/home/pi4/ros2_jazzy/install/rqt_reconfigure:/home/pi4/ros2_jazzy/install/rqt_py_console:/home/pi4/ros2_jazzy/install/rqt_publisher:/home/pi4/ros2_jazzy/install/rqt_action:/home/pi4/ros2_jazzy/install/rqt_msg:/home/pi4/ros2_jazzy/install/rqt_console:/home/pi4/ros2_jazzy/install/rqt_graph:/home/pi4/ros2_jazzy/install/rqt_gui_py:/home/pi4/ros2_jazzy/install/rqt_gui:/home/pi4/ros2_jazzy/install/ros2trace:/home/pi4/ros2_jazzy/install/ros2param:/home/pi4/ros2_jazzy/install/ros2lifecycle:/home/pi4/ros2_jazzy/install/ros2service:/home/pi4/ros2_jazzy/install/ros2topic:/home/pi4/ros2_jazzy/install/ros2test:/home/pi4/ros2_jazzy/install/ros2run:/home/pi4/ros2_jazzy/install/ros2plugin:/home/pi4/ros2_jazzy/install/ros2launch:/home/pi4/ros2_jazzy/install/ros2pkg:/home/pi4/ros2_jazzy/install/ros2node:/home/pi4/ros2_jazzy/install/ros2multicast:/home/pi4/ros2_jazzy/install/ros2interface:/home/pi4/ros2_jazzy/install/ros2action:/home/pi4/ros2_jazzy/install/ros2cli:/home/pi4/ros2_jazzy/install/launch_testing_ros:/home/pi4/ros2_jazzy/install/launch_ros:/home/pi4/ros2_jazzy/install/examples_rclpy_minimal_action_server:/home/pi4/ros2_jazzy/install/examples_rclpy_minimal_action_client:/home/pi4/ros2_jazzy/install/examples_rclpy_guard_conditions:/home/pi4/ros2_jazzy/install/action_tutorials_py:/home/pi4/ros2_jazzy/install/ament_uncrustify:/home/pi4/ros2_jazzy/install/tracetools_trace:/home/pi4/ros2_jazzy/install/tracetools_read:/home/pi4/ros2_jazzy/install/test_tracetools_launch:/home/pi4/ros2_jazzy/install/test_ros2trace:/home/pi4/ros2_jazzy/install/test_launch_ros:/home/pi4/ros2_jazzy/install/rpyutils:/home/pi4/ros2_jazzy/install/rosidl_runtime_py:/home/pi4/ros2_jazzy/install/rosidl_pycommon:/home/pi4/ros2_jazzy/install/rosidl_cli:/home/pi4/ros2_jazzy/install/launch_pytest:/home/pi4/ros2_jazzy/install/launch_testing:/home/pi4/ros2_jazzy/install/launch_yaml:/home/pi4/ros2_jazzy/install/launch_xml:/home/pi4/ros2_jazzy/install/launch:/home/pi4/ros2_jazzy/install/osrf_pycommon:/home/pi4/ros2_jazzy/install/domain_coordinator:/home/pi4/ros2_jazzy/install/ament_xmllint:/home/pi4/ros2_jazzy/install/ament_pyflakes:/home/pi4/ros2_jazzy/install/ament_pycodestyle:/home/pi4/ros2_jazzy/install/ament_pep257:/home/pi4/ros2_jazzy/install/ament_pclint:/home/pi4/ros2_jazzy/install/ament_package:/home/pi4/ros2_jazzy/install/ament_mypy:/home/pi4/ros2_jazzy/install/ament_lint_cmake:/home/pi4/ros2_jazzy/install/ament_flake8:/home/pi4/ros2_jazzy/install/ament_copyright:/home/pi4/ros2_jazzy/install/ament_lint:/home/pi4/ros2_jazzy/install/ament_index_python:/home/pi4/ros2_jazzy/install/ament_cpplint:/home/pi4/ros2_jazzy/install/ament_cppcheck:/home/pi4/ros2_jazzy/install/ament_clang_tidy:/home/pi4/ros2_jazzy/install/ament_clang_format /usr/bin/cmake /home/pi4/camera_ws/src/camera_ros -DCMAKE_INSTALL_PREFIX=/home/pi4/camera_ws/install/camera_ros
[0.568s] -- The C compiler identification is GNU 12.2.0
[0.822s] -- The CXX compiler identification is GNU 12.2.0
[0.862s] -- Detecting C compiler ABI info
[1.236s] -- Detecting C compiler ABI info - done
[1.267s] -- Check for working C compiler: /usr/bin/cc - skipped
[1.268s] -- Detecting C compile features
[1.270s] -- Detecting C compile features - done
[1.280s] -- Detecting CXX compiler ABI info
[1.711s] -- Detecting CXX compiler ABI info - done
[1.741s] -- Check for working CXX compiler: /usr/bin/c++ - skipped
[1.742s] -- Detecting CXX compile features
[1.744s] -- Detecting CXX compile features - done
[1.805s] -- Found ament_cmake: 2.5.4 (/home/pi4/ros2_jazzy/install/ament_cmake/share/ament_cmake/cmake)
[7.533s] -- Found Python3: /usr/bin/python3 (found version "3.11.2") found components: Interpreter 
[9.092s] -- Found PkgConfig: /usr/bin/pkg-config (found version "1.8.1") 
[9.124s] -- Found rclcpp: 28.1.13 (/home/pi4/ros2_jazzy/install/rclcpp/share/rclcpp/cmake)
[9.661s] -- Found rosidl_generator_c: 4.6.6 (/home/pi4/ros2_jazzy/install/rosidl_generator_c/share/rosidl_generator_c/cmake)
[9.816s] -- Found rosidl_generator_cpp: 4.6.6 (/home/pi4/ros2_jazzy/install/rosidl_generator_cpp/share/rosidl_generator_cpp/cmake)
[10.090s] -- Using all available rosidl_typesupport_c: rosidl_typesupport_introspection_c;rosidl_typesupport_fastrtps_c
[10.375s] -- Using all available rosidl_typesupport_cpp: rosidl_typesupport_introspection_cpp;rosidl_typesupport_fastrtps_cpp
[11.075s] -- Found rmw_implementation_cmake: 7.3.2 (/home/pi4/ros2_jazzy/install/rmw_implementation_cmake/share/rmw_implementation_cmake/cmake)
[11.218s] -- Found rmw_fastrtps_cpp: 8.4.3 (/home/pi4/ros2_jazzy/install/rmw_fastrtps_cpp/share/rmw_fastrtps_cpp/cmake)
[11.898s] -- Found OpenSSL: /usr/lib/aarch64-linux-gnu/libcrypto.so (found version "3.0.17")  
[12.032s] -- Found FastRTPS: /home/pi4/ros2_jazzy/install/fastrtps/include (Required is at least version "2.13") 
[12.254s] -- Using RMW implementation 'rmw_fastrtps_cpp' as default
[12.778s] -- Found rclcpp_components: 28.1.13 (/home/pi4/ros2_jazzy/install/rclcpp_components/share/rclcpp_components/cmake)
[13.467s] -- Found sensor_msgs: 5.3.6 (/home/pi4/ros2_jazzy/install/sensor_msgs/share/sensor_msgs/cmake)
[13.773s] -- Found camera_info_manager: 5.1.7 (/home/pi4/ros2_jazzy/install/camera_info_manager/share/camera_info_manager/cmake)
[13.797s] -- Setting yaml-cpp_DIR to: '/home/pi4/ros2_jazzy/install/yaml_cpp_vendor/share/yaml_cpp_vendor/cmake/../../../opt/yaml_cpp_vendor/share/cmake/yaml-cpp'
[14.075s] [31mCMake Error at CMakeLists.txt:23 (find_package):
[14.075s]   By not providing "Findcv_bridge.cmake" in CMAKE_MODULE_PATH this project
[14.076s]   has asked CMake to find a package configuration file provided by
[14.076s]   "cv_bridge", but CMake did not find one.
[14.076s] 
[14.076s]   Could not find a package configuration file provided by "cv_bridge" with
[14.077s]   any of the following names:
[14.077s] 
[14.077s]     cv_bridgeConfig.cmake
[14.078s]     cv_bridge-config.cmake
[14.078s] 
[14.078s]   Add the installation prefix of "cv_bridge" to CMAKE_PREFIX_PATH or set
[14.079s]   "cv_bridge_DIR" to a directory containing one of the above files.  If
[14.079s]   "cv_bridge" provides a separate development package or SDK, be sure it has
[14.079s]   been installed.
[14.080s] 
[14.081s] [0m
[14.081s] -- Configuring incomplete, errors occurred!
[14.081s] See also "/home/pi4/camera_ws/build/camera_ros/CMakeFiles/CMakeOutput.log".
[14.130s] Invoked command in '/home/pi4/camera_ws/build/camera_ros' returned '1': CMAKE_PREFIX_PATH=${CMAKE_PREFIX_PATH}:/home/pi4/camera_ws/install/stamp_and_split_cam1:/home/pi4/ros2_jazzy/install/rqt_bag_plugins:/home/pi4/ros2_jazzy/install/rqt_bag:/home/pi4/ros2_jazzy/install/rosbag2_examples_py:/home/pi4/ros2_jazzy/install/launch_testing_examples:/home/pi4/ros2_jazzy/install/ros2bag:/home/pi4/ros2_jazzy/install/tracetools_test:/home/pi4/ros2_jazzy/install/tracetools_launch:/home/pi4/ros2_jazzy/install/topic_monitor:/home/pi4/ros2_jazzy/install/tf2_tools:/home/pi4/ros2_jazzy/install/examples_tf2_py:/home/pi4/ros2_jazzy/install/tf2_ros_py:/home/pi4/ros2_jazzy/install/examples_rclpy_pointcloud_publisher:/home/pi4/ros2_jazzy/install/sensor_msgs_py:/home/pi4/ros2_jazzy/install/quality_of_service_demo_py:/home/pi4/ros2_jazzy/install/camera_info_manager_py:/home/pi4/ros2_jazzy/install/rqt_plot:/home/pi4/ros2_jazzy/install/ros2doctor:/home/pi4/ros2_jazzy/install/lifecycle_py:/home/pi4/ros2_jazzy/install/examples_rclpy_minimal_subscriber:/home/pi4/ros2_jazzy/install/examples_rclpy_minimal_service:/home/pi4/ros2_jazzy/install/examples_rclpy_minimal_publisher:/home/pi4/ros2_jazzy/install/examples_rclpy_minimal_client:/home/pi4/ros2_jazzy/install/examples_rclpy_executors:/home/pi4/ros2_jazzy/install/demo_nodes_py:/home/pi4/ros2_jazzy/install/rqt:/home/pi4/ros2_jazzy/install/ros2component:/home/pi4/ros2_jazzy/install/sros2:/home/pi4/ros2_jazzy/install/rqt_topic:/home/pi4/ros2_jazzy/install/rqt_srv:/home/pi4/ros2_jazzy/install/rqt_shell:/home/pi4/ros2_jazzy/install/rqt_service_caller:/home/pi4/ros2_jazzy/install/rqt_reconfigure:/home/pi4/ros2_jazzy/install/rqt_py_console:/home/pi4/ros2_jazzy/install/rqt_publisher:/home/pi4/ros2_jazzy/install/rqt_action:/home/pi4/ros2_jazzy/install/rqt_msg:/home/pi4/ros2_jazzy/install/rqt_console:/home/pi4/ros2_jazzy/install/rqt_graph:/home/pi4/ros2_jazzy/install/rqt_gui_py:/home/pi4/ros2_jazzy/install/rqt_gui:/home/pi4/ros2_jazzy/install/ros2trace:/home/pi4/ros2_jazzy/install/ros2param:/home/pi4/ros2_jazzy/install/ros2lifecycle:/home/pi4/ros2_jazzy/install/ros2service:/home/pi4/ros2_jazzy/install/ros2topic:/home/pi4/ros2_jazzy/install/ros2test:/home/pi4/ros2_jazzy/install/ros2run:/home/pi4/ros2_jazzy/install/ros2plugin:/home/pi4/ros2_jazzy/install/ros2launch:/home/pi4/ros2_jazzy/install/ros2pkg:/home/pi4/ros2_jazzy/install/ros2node:/home/pi4/ros2_jazzy/install/ros2multicast:/home/pi4/ros2_jazzy/install/ros2interface:/home/pi4/ros2_jazzy/install/ros2action:/home/pi4/ros2_jazzy/install/ros2cli:/home/pi4/ros2_jazzy/install/launch_testing_ros:/home/pi4/ros2_jazzy/install/launch_ros:/home/pi4/ros2_jazzy/install/examples_rclpy_minimal_action_server:/home/pi4/ros2_jazzy/install/examples_rclpy_minimal_action_client:/home/pi4/ros2_jazzy/install/examples_rclpy_guard_conditions:/home/pi4/ros2_jazzy/install/action_tutorials_py:/home/pi4/ros2_jazzy/install/ament_uncrustify:/home/pi4/ros2_jazzy/install/tracetools_trace:/home/pi4/ros2_jazzy/install/tracetools_read:/home/pi4/ros2_jazzy/install/test_tracetools_launch:/home/pi4/ros2_jazzy/install/test_ros2trace:/home/pi4/ros2_jazzy/install/test_launch_ros:/home/pi4/ros2_jazzy/install/rpyutils:/home/pi4/ros2_jazzy/install/rosidl_runtime_py:/home/pi4/ros2_jazzy/install/rosidl_pycommon:/home/pi4/ros2_jazzy/install/rosidl_cli:/home/pi4/ros2_jazzy/install/launch_pytest:/home/pi4/ros2_jazzy/install/launch_testing:/home/pi4/ros2_jazzy/install/launch_yaml:/home/pi4/ros2_jazzy/install/launch_xml:/home/pi4/ros2_jazzy/install/launch:/home/pi4/ros2_jazzy/install/osrf_pycommon:/home/pi4/ros2_jazzy/install/domain_coordinator:/home/pi4/ros2_jazzy/install/ament_xmllint:/home/pi4/ros2_jazzy/install/ament_pyflakes:/home/pi4/ros2_jazzy/install/ament_pycodestyle:/home/pi4/ros2_jazzy/install/ament_pep257:/home/pi4/ros2_jazzy/install/ament_pclint:/home/pi4/ros2_jazzy/install/ament_package:/home/pi4/ros2_jazzy/install/ament_mypy:/home/pi4/ros2_jazzy/install/ament_lint_cmake:/home/pi4/ros2_jazzy/install/ament_flake8:/home/pi4/ros2_jazzy/install/ament_copyright:/home/pi4/ros2_jazzy/install/ament_lint:/home/pi4/ros2_jazzy/install/ament_index_python:/home/pi4/ros2_jazzy/install/ament_cpplint:/home/pi4/ros2_jazzy/install/ament_cppcheck:/home/pi4/ros2_jazzy/install/ament_clang_tidy:/home/pi4/ros2_jazzy/install/ament_clang_format /usr/bin/cmake /home/pi4/camera_ws/src/camera_ros -DCMAKE_INSTALL_PREFIX=/home/pi4/camera_ws/install/camera_ros
