[15.719s] Invoking command in '/home/pi4/camera_ws/src/stamp_and_split_cam1': PYTHONPATH=/home/pi4/camera_ws/src/build/stamp_and_split_cam1/prefix_override:/usr/lib/python3/dist-packages/colcon_core/task/python/colcon_distutils_commands:/home/pi4/camera_ws/src/install/stamp_and_split_cam1/lib/python3.11/site-packages:${PYTHONPATH} /usr/bin/python3 -W ignore:setup.py install is deprecated -W ignore:easy_install command is deprecated setup.py egg_info --egg-base ../build/stamp_and_split_cam1 build --build-base /home/pi4/camera_ws/src/build/stamp_and_split_cam1/build install --record /home/pi4/camera_ws/src/build/stamp_and_split_cam1/install.log --single-version-externally-managed install_data
[21.046s] running egg_info
[21.050s] creating ../build/stamp_and_split_cam1/stamp_and_split_cam1.egg-info
[21.275s] writing ../build/stamp_and_split_cam1/stamp_and_split_cam1.egg-info/PKG-INFO
[21.277s] writing dependency_links to ../build/stamp_and_split_cam1/stamp_and_split_cam1.egg-info/dependency_links.txt
[21.279s] writing entry points to ../build/stamp_and_split_cam1/stamp_and_split_cam1.egg-info/entry_points.txt
[21.280s] writing requirements to ../build/stamp_and_split_cam1/stamp_and_split_cam1.egg-info/requires.txt
[21.281s] writing top-level names to ../build/stamp_and_split_cam1/stamp_and_split_cam1.egg-info/top_level.txt
[21.285s] writing manifest file '../build/stamp_and_split_cam1/stamp_and_split_cam1.egg-info/SOURCES.txt'
[21.758s] reading manifest file '../build/stamp_and_split_cam1/stamp_and_split_cam1.egg-info/SOURCES.txt'
[21.765s] writing manifest file '../build/stamp_and_split_cam1/stamp_and_split_cam1.egg-info/SOURCES.txt'
[21.765s] running build
[21.765s] running build_py
[21.766s] creating /home/pi4/camera_ws/src/build/stamp_and_split_cam1/build
[21.766s] creating /home/pi4/camera_ws/src/build/stamp_and_split_cam1/build/lib
[21.766s] creating /home/pi4/camera_ws/src/build/stamp_and_split_cam1/build/lib/stamp_and_split_cam1
[21.767s] copying stamp_and_split_cam1/__init__.py -> /home/pi4/camera_ws/src/build/stamp_and_split_cam1/build/lib/stamp_and_split_cam1
[21.767s] copying stamp_and_split_cam1/pps_stamp_and_split.py -> /home/pi4/camera_ws/src/build/stamp_and_split_cam1/build/lib/stamp_and_split_cam1
[21.767s] copying stamp_and_split_cam1/split_and_stamp.py -> /home/pi4/camera_ws/src/build/stamp_and_split_cam1/build/lib/stamp_and_split_cam1
[21.837s] running install
[21.874s] running install_lib
[22.241s] creating /home/pi4/camera_ws/src/install/stamp_and_split_cam1/lib/python3.11/site-packages/stamp_and_split_cam1
[22.242s] copying /home/pi4/camera_ws/src/build/stamp_and_split_cam1/build/lib/stamp_and_split_cam1/__init__.py -> /home/pi4/camera_ws/src/install/stamp_and_split_cam1/lib/python3.11/site-packages/stamp_and_split_cam1
[22.243s] copying /home/pi4/camera_ws/src/build/stamp_and_split_cam1/build/lib/stamp_and_split_cam1/pps_stamp_and_split.py -> /home/pi4/camera_ws/src/install/stamp_and_split_cam1/lib/python3.11/site-packages/stamp_and_split_cam1
[22.244s] copying /home/pi4/camera_ws/src/build/stamp_and_split_cam1/build/lib/stamp_and_split_cam1/split_and_stamp.py -> /home/pi4/camera_ws/src/install/stamp_and_split_cam1/lib/python3.11/site-packages/stamp_and_split_cam1
[22.257s] byte-compiling /home/pi4/camera_ws/src/install/stamp_and_split_cam1/lib/python3.11/site-packages/stamp_and_split_cam1/__init__.py to __init__.cpython-311.pyc
[22.259s] byte-compiling /home/pi4/camera_ws/src/install/stamp_and_split_cam1/lib/python3.11/site-packages/stamp_and_split_cam1/pps_stamp_and_split.py to pps_stamp_and_split.cpython-311.pyc
[22.264s] byte-compiling /home/pi4/camera_ws/src/install/stamp_and_split_cam1/lib/python3.11/site-packages/stamp_and_split_cam1/split_and_stamp.py to split_and_stamp.cpython-311.pyc
[22.267s] running install_data
[22.268s] creating /home/pi4/camera_ws/src/install/stamp_and_split_cam1/share/ament_index
[22.268s] creating /home/pi4/camera_ws/src/install/stamp_and_split_cam1/share/ament_index/resource_index
[22.270s] creating /home/pi4/camera_ws/src/install/stamp_and_split_cam1/share/ament_index/resource_index/packages
[22.270s] copying resource/stamp_and_split_cam1 -> /home/pi4/camera_ws/src/install/stamp_and_split_cam1/share/ament_index/resource_index/packages
[22.274s] copying package.xml -> /home/pi4/camera_ws/src/install/stamp_and_split_cam1/share/stamp_and_split_cam1
[22.276s] running install_egg_info
[22.569s] Copying ../build/stamp_and_split_cam1/stamp_and_split_cam1.egg-info to /home/pi4/camera_ws/src/install/stamp_and_split_cam1/lib/python3.11/site-packages/stamp_and_split_cam1-0.0.0-py3.11.egg-info
[22.577s] running install_scripts
[23.981s] Installing pps_stamp_and_split script to /home/pi4/camera_ws/src/install/stamp_and_split_cam1/lib/stamp_and_split_cam1
[23.989s] Installing split_and_stamp script to /home/pi4/camera_ws/src/install/stamp_and_split_cam1/lib/stamp_and_split_cam1
[23.995s] writing list of installed files to '/home/pi4/camera_ws/src/build/stamp_and_split_cam1/install.log'
[24.466s] Invoked command in '/home/pi4/camera_ws/src/stamp_and_split_cam1' returned '0': PYTHONPATH=/home/pi4/camera_ws/src/build/stamp_and_split_cam1/prefix_override:/usr/lib/python3/dist-packages/colcon_core/task/python/colcon_distutils_commands:/home/pi4/camera_ws/src/install/stamp_and_split_cam1/lib/python3.11/site-packages:${PYTHONPATH} /usr/bin/python3 -W ignore:setup.py install is deprecated -W ignore:easy_install command is deprecated setup.py egg_info --egg-base ../build/stamp_and_split_cam1 build --build-base /home/pi4/camera_ws/src/build/stamp_and_split_cam1/build install --record /home/pi4/camera_ws/src/build/stamp_and_split_cam1/install.log --single-version-externally-managed install_data
