[0.123s] Invoking command in '/home/pi4/camera_ws/src/build/as7265x_at_msgs': CMAKE_PREFIX_PATH=${CMAKE_PREFIX_PATH}:/home/pi4/camera_ws/install/stamp_and_split_cam1:/home/pi4/camera_ws/install/opencv_tests:/home/pi4/camera_ws/install/as7265x_at:/home/pi4/ros2_jazzy/install/rqt_bag_plugins:/home/pi4/ros2_jazzy/install/rqt_bag:/home/pi4/ros2_jazzy/install/rosbag2_examples_py:/home/pi4/ros2_jazzy/install/launch_testing_examples:/home/pi4/ros2_jazzy/install/ros2bag:/home/pi4/ros2_jazzy/install/tracetools_test:/home/pi4/ros2_jazzy/install/tracetools_launch:/home/pi4/ros2_jazzy/install/topic_monitor:/home/pi4/ros2_jazzy/install/tf2_tools:/home/pi4/ros2_jazzy/install/examples_tf2_py:/home/pi4/ros2_jazzy/install/tf2_ros_py:/home/pi4/ros2_jazzy/install/examples_rclpy_pointcloud_publisher:/home/pi4/ros2_jazzy/install/sensor_msgs_py:/home/pi4/ros2_jazzy/install/quality_of_service_demo_py:/home/pi4/ros2_jazzy/install/camera_info_manager_py:/home/pi4/ros2_jazzy/install/rqt_plot:/home/pi4/ros2_jazzy/install/ros2doctor:/home/pi4/ros2_jazzy/install/lifecycle_py:/home/pi4/ros2_jazzy/install/examples_rclpy_minimal_subscriber:/home/pi4/ros2_jazzy/install/examples_rclpy_minimal_service:/home/pi4/ros2_jazzy/install/examples_rclpy_minimal_publisher:/home/pi4/ros2_jazzy/install/examples_rclpy_minimal_client:/home/pi4/ros2_jazzy/install/examples_rclpy_executors:/home/pi4/ros2_jazzy/install/demo_nodes_py:/home/pi4/ros2_jazzy/install/rqt:/home/pi4/ros2_jazzy/install/ros2component:/home/pi4/ros2_jazzy/install/sros2:/home/pi4/ros2_jazzy/install/rqt_topic:/home/pi4/ros2_jazzy/install/rqt_srv:/home/pi4/ros2_jazzy/install/rqt_shell:/home/pi4/ros2_jazzy/install/rqt_service_caller:/home/pi4/ros2_jazzy/install/rqt_reconfigure:/home/pi4/ros2_jazzy/install/rqt_py_console:/home/pi4/ros2_jazzy/install/rqt_publisher:/home/pi4/ros2_jazzy/install/rqt_action:/home/pi4/ros2_jazzy/install/rqt_msg:/home/pi4/ros2_jazzy/install/rqt_console:/home/pi4/ros2_jazzy/install/rqt_graph:/home/pi4/ros2_jazzy/install/rqt_gui_py:/home/pi4/ros2_jazzy/install/rqt_gui:/home/pi4/ros2_jazzy/install/ros2trace:/home/pi4/ros2_jazzy/install/ros2param:/home/pi4/ros2_jazzy/install/ros2lifecycle:/home/pi4/ros2_jazzy/install/ros2service:/home/pi4/ros2_jazzy/install/ros2topic:/home/pi4/ros2_jazzy/install/ros2test:/home/pi4/ros2_jazzy/install/ros2run:/home/pi4/ros2_jazzy/install/ros2plugin:/home/pi4/ros2_jazzy/install/ros2launch:/home/pi4/ros2_jazzy/install/ros2pkg:/home/pi4/ros2_jazzy/install/ros2node:/home/pi4/ros2_jazzy/install/ros2multicast:/home/pi4/ros2_jazzy/install/ros2interface:/home/pi4/ros2_jazzy/install/ros2action:/home/pi4/ros2_jazzy/install/ros2cli:/home/pi4/ros2_jazzy/install/launch_testing_ros:/home/pi4/ros2_jazzy/install/launch_ros:/home/pi4/ros2_jazzy/install/examples_rclpy_minimal_action_server:/home/pi4/ros2_jazzy/install/examples_rclpy_minimal_action_client:/home/pi4/ros2_jazzy/install/examples_rclpy_guard_conditions:/home/pi4/ros2_jazzy/install/action_tutorials_py:/home/pi4/ros2_jazzy/install/ament_uncrustify:/home/pi4/ros2_jazzy/install/tracetools_trace:/home/pi4/ros2_jazzy/install/tracetools_read:/home/pi4/ros2_jazzy/install/test_tracetools_launch:/home/pi4/ros2_jazzy/install/test_ros2trace:/home/pi4/ros2_jazzy/install/test_launch_ros:/home/pi4/ros2_jazzy/install/rpyutils:/home/pi4/ros2_jazzy/install/rosidl_runtime_py:/home/pi4/ros2_jazzy/install/rosidl_pycommon:/home/pi4/ros2_jazzy/install/rosidl_cli:/home/pi4/ros2_jazzy/install/launch_pytest:/home/pi4/ros2_jazzy/install/launch_testing:/home/pi4/ros2_jazzy/install/launch_yaml:/home/pi4/ros2_jazzy/install/launch_xml:/home/pi4/ros2_jazzy/install/launch:/home/pi4/ros2_jazzy/install/osrf_pycommon:/home/pi4/ros2_jazzy/install/domain_coordinator:/home/pi4/ros2_jazzy/install/ament_xmllint:/home/pi4/ros2_jazzy/install/ament_pyflakes:/home/pi4/ros2_jazzy/install/ament_pycodestyle:/home/pi4/ros2_jazzy/install/ament_pep257:/home/pi4/ros2_jazzy/install/ament_pclint:/home/pi4/ros2_jazzy/install/ament_package:/home/pi4/ros2_jazzy/install/ament_mypy:/home/pi4/ros2_jazzy/install/ament_lint_cmake:/home/pi4/ros2_jazzy/install/ament_flake8:/home/pi4/ros2_jazzy/install/ament_copyright:/home/pi4/ros2_jazzy/install/ament_lint:/home/pi4/ros2_jazzy/install/ament_index_python:/home/pi4/ros2_jazzy/install/ament_cpplint:/home/pi4/ros2_jazzy/install/ament_cppcheck:/home/pi4/ros2_jazzy/install/ament_clang_tidy:/home/pi4/ros2_jazzy/install/ament_clang_format /usr/bin/cmake --build /home/pi4/camera_ws/src/build/as7265x_at_msgs -- -j4 -l4
[0.449s] [  2%] Built target as7265x_at_msgs__rosidl_generator_type_description
[0.522s] [  2%] Built target ament_cmake_python_symlink_as7265x_at_msgs
[0.621s] [  4%] Built target as7265x_at_msgs__cpp
[0.628s] [ 22%] Built target as7265x_at_msgs__rosidl_generator_c
[0.792s] [ 31%] Built target as7265x_at_msgs__rosidl_typesupport_c
[0.803s] [ 40%] Built target as7265x_at_msgs__rosidl_typesupport_introspection_cpp
[0.912s] [ 50%] Built target as7265x_at_msgs__rosidl_typesupport_fastrtps_cpp
[0.960s] [ 59%] Built target as7265x_at_msgs__rosidl_typesupport_introspection_c
[0.968s] [ 68%] Built target as7265x_at_msgs__rosidl_typesupport_cpp
[1.128s] [ 77%] Built target as7265x_at_msgs__rosidl_typesupport_fastrtps_c
[1.298s] [ 77%] Built target as7265x_at_msgs
[1.442s] [ 79%] Built target as7265x_at_msgs__py
[1.600s] [ 86%] Built target as7265x_at_msgs__rosidl_generator_py
[1.763s] [ 90%] Built target as7265x_at_msgs_s__rosidl_typesupport_fastrtps_c
[1.785s] [ 95%] Built target as7265x_at_msgs_s__rosidl_typesupport_introspection_c
[1.830s] [100%] Built target as7265x_at_msgs_s__rosidl_typesupport_c
[3.270s] running egg_info
[3.426s] writing as7265x_at_msgs.egg-info/PKG-INFO
[3.427s] writing dependency_links to as7265x_at_msgs.egg-info/dependency_links.txt
[3.431s] writing top-level names to as7265x_at_msgs.egg-info/top_level.txt
[3.819s] reading manifest file 'as7265x_at_msgs.egg-info/SOURCES.txt'
[3.821s] writing manifest file 'as7265x_at_msgs.egg-info/SOURCES.txt'
[4.107s] [100%] Built target ament_cmake_python_build_as7265x_at_msgs_egg
[4.172s] Invoked command in '/home/pi4/camera_ws/src/build/as7265x_at_msgs' returned '0': CMAKE_PREFIX_PATH=${CMAKE_PREFIX_PATH}:/home/pi4/camera_ws/install/stamp_and_split_cam1:/home/pi4/camera_ws/install/opencv_tests:/home/pi4/camera_ws/install/as7265x_at:/home/pi4/ros2_jazzy/install/rqt_bag_plugins:/home/pi4/ros2_jazzy/install/rqt_bag:/home/pi4/ros2_jazzy/install/rosbag2_examples_py:/home/pi4/ros2_jazzy/install/launch_testing_examples:/home/pi4/ros2_jazzy/install/ros2bag:/home/pi4/ros2_jazzy/install/tracetools_test:/home/pi4/ros2_jazzy/install/tracetools_launch:/home/pi4/ros2_jazzy/install/topic_monitor:/home/pi4/ros2_jazzy/install/tf2_tools:/home/pi4/ros2_jazzy/install/examples_tf2_py:/home/pi4/ros2_jazzy/install/tf2_ros_py:/home/pi4/ros2_jazzy/install/examples_rclpy_pointcloud_publisher:/home/pi4/ros2_jazzy/install/sensor_msgs_py:/home/pi4/ros2_jazzy/install/quality_of_service_demo_py:/home/pi4/ros2_jazzy/install/camera_info_manager_py:/home/pi4/ros2_jazzy/install/rqt_plot:/home/pi4/ros2_jazzy/install/ros2doctor:/home/pi4/ros2_jazzy/install/lifecycle_py:/home/pi4/ros2_jazzy/install/examples_rclpy_minimal_subscriber:/home/pi4/ros2_jazzy/install/examples_rclpy_minimal_service:/home/pi4/ros2_jazzy/install/examples_rclpy_minimal_publisher:/home/pi4/ros2_jazzy/install/examples_rclpy_minimal_client:/home/pi4/ros2_jazzy/install/examples_rclpy_executors:/home/pi4/ros2_jazzy/install/demo_nodes_py:/home/pi4/ros2_jazzy/install/rqt:/home/pi4/ros2_jazzy/install/ros2component:/home/pi4/ros2_jazzy/install/sros2:/home/pi4/ros2_jazzy/install/rqt_topic:/home/pi4/ros2_jazzy/install/rqt_srv:/home/pi4/ros2_jazzy/install/rqt_shell:/home/pi4/ros2_jazzy/install/rqt_service_caller:/home/pi4/ros2_jazzy/install/rqt_reconfigure:/home/pi4/ros2_jazzy/install/rqt_py_console:/home/pi4/ros2_jazzy/install/rqt_publisher:/home/pi4/ros2_jazzy/install/rqt_action:/home/pi4/ros2_jazzy/install/rqt_msg:/home/pi4/ros2_jazzy/install/rqt_console:/home/pi4/ros2_jazzy/install/rqt_graph:/home/pi4/ros2_jazzy/install/rqt_gui_py:/home/pi4/ros2_jazzy/install/rqt_gui:/home/pi4/ros2_jazzy/install/ros2trace:/home/pi4/ros2_jazzy/install/ros2param:/home/pi4/ros2_jazzy/install/ros2lifecycle:/home/pi4/ros2_jazzy/install/ros2service:/home/pi4/ros2_jazzy/install/ros2topic:/home/pi4/ros2_jazzy/install/ros2test:/home/pi4/ros2_jazzy/install/ros2run:/home/pi4/ros2_jazzy/install/ros2plugin:/home/pi4/ros2_jazzy/install/ros2launch:/home/pi4/ros2_jazzy/install/ros2pkg:/home/pi4/ros2_jazzy/install/ros2node:/home/pi4/ros2_jazzy/install/ros2multicast:/home/pi4/ros2_jazzy/install/ros2interface:/home/pi4/ros2_jazzy/install/ros2action:/home/pi4/ros2_jazzy/install/ros2cli:/home/pi4/ros2_jazzy/install/launch_testing_ros:/home/pi4/ros2_jazzy/install/launch_ros:/home/pi4/ros2_jazzy/install/examples_rclpy_minimal_action_server:/home/pi4/ros2_jazzy/install/examples_rclpy_minimal_action_client:/home/pi4/ros2_jazzy/install/examples_rclpy_guard_conditions:/home/pi4/ros2_jazzy/install/action_tutorials_py:/home/pi4/ros2_jazzy/install/ament_uncrustify:/home/pi4/ros2_jazzy/install/tracetools_trace:/home/pi4/ros2_jazzy/install/tracetools_read:/home/pi4/ros2_jazzy/install/test_tracetools_launch:/home/pi4/ros2_jazzy/install/test_ros2trace:/home/pi4/ros2_jazzy/install/test_launch_ros:/home/pi4/ros2_jazzy/install/rpyutils:/home/pi4/ros2_jazzy/install/rosidl_runtime_py:/home/pi4/ros2_jazzy/install/rosidl_pycommon:/home/pi4/ros2_jazzy/install/rosidl_cli:/home/pi4/ros2_jazzy/install/launch_pytest:/home/pi4/ros2_jazzy/install/launch_testing:/home/pi4/ros2_jazzy/install/launch_yaml:/home/pi4/ros2_jazzy/install/launch_xml:/home/pi4/ros2_jazzy/install/launch:/home/pi4/ros2_jazzy/install/osrf_pycommon:/home/pi4/ros2_jazzy/install/domain_coordinator:/home/pi4/ros2_jazzy/install/ament_xmllint:/home/pi4/ros2_jazzy/install/ament_pyflakes:/home/pi4/ros2_jazzy/install/ament_pycodestyle:/home/pi4/ros2_jazzy/install/ament_pep257:/home/pi4/ros2_jazzy/install/ament_pclint:/home/pi4/ros2_jazzy/install/ament_package:/home/pi4/ros2_jazzy/install/ament_mypy:/home/pi4/ros2_jazzy/install/ament_lint_cmake:/home/pi4/ros2_jazzy/install/ament_flake8:/home/pi4/ros2_jazzy/install/ament_copyright:/home/pi4/ros2_jazzy/install/ament_lint:/home/pi4/ros2_jazzy/install/ament_index_python:/home/pi4/ros2_jazzy/install/ament_cpplint:/home/pi4/ros2_jazzy/install/ament_cppcheck:/home/pi4/ros2_jazzy/install/ament_clang_tidy:/home/pi4/ros2_jazzy/install/ament_clang_format /usr/bin/cmake --build /home/pi4/camera_ws/src/build/as7265x_at_msgs -- -j4 -l4
[4.225s] Invoking command in '/home/pi4/camera_ws/src/build/as7265x_at_msgs': CMAKE_PREFIX_PATH=${CMAKE_PREFIX_PATH}:/home/pi4/camera_ws/install/stamp_and_split_cam1:/home/pi4/camera_ws/install/opencv_tests:/home/pi4/camera_ws/install/as7265x_at:/home/pi4/ros2_jazzy/install/rqt_bag_plugins:/home/pi4/ros2_jazzy/install/rqt_bag:/home/pi4/ros2_jazzy/install/rosbag2_examples_py:/home/pi4/ros2_jazzy/install/launch_testing_examples:/home/pi4/ros2_jazzy/install/ros2bag:/home/pi4/ros2_jazzy/install/tracetools_test:/home/pi4/ros2_jazzy/install/tracetools_launch:/home/pi4/ros2_jazzy/install/topic_monitor:/home/pi4/ros2_jazzy/install/tf2_tools:/home/pi4/ros2_jazzy/install/examples_tf2_py:/home/pi4/ros2_jazzy/install/tf2_ros_py:/home/pi4/ros2_jazzy/install/examples_rclpy_pointcloud_publisher:/home/pi4/ros2_jazzy/install/sensor_msgs_py:/home/pi4/ros2_jazzy/install/quality_of_service_demo_py:/home/pi4/ros2_jazzy/install/camera_info_manager_py:/home/pi4/ros2_jazzy/install/rqt_plot:/home/pi4/ros2_jazzy/install/ros2doctor:/home/pi4/ros2_jazzy/install/lifecycle_py:/home/pi4/ros2_jazzy/install/examples_rclpy_minimal_subscriber:/home/pi4/ros2_jazzy/install/examples_rclpy_minimal_service:/home/pi4/ros2_jazzy/install/examples_rclpy_minimal_publisher:/home/pi4/ros2_jazzy/install/examples_rclpy_minimal_client:/home/pi4/ros2_jazzy/install/examples_rclpy_executors:/home/pi4/ros2_jazzy/install/demo_nodes_py:/home/pi4/ros2_jazzy/install/rqt:/home/pi4/ros2_jazzy/install/ros2component:/home/pi4/ros2_jazzy/install/sros2:/home/pi4/ros2_jazzy/install/rqt_topic:/home/pi4/ros2_jazzy/install/rqt_srv:/home/pi4/ros2_jazzy/install/rqt_shell:/home/pi4/ros2_jazzy/install/rqt_service_caller:/home/pi4/ros2_jazzy/install/rqt_reconfigure:/home/pi4/ros2_jazzy/install/rqt_py_console:/home/pi4/ros2_jazzy/install/rqt_publisher:/home/pi4/ros2_jazzy/install/rqt_action:/home/pi4/ros2_jazzy/install/rqt_msg:/home/pi4/ros2_jazzy/install/rqt_console:/home/pi4/ros2_jazzy/install/rqt_graph:/home/pi4/ros2_jazzy/install/rqt_gui_py:/home/pi4/ros2_jazzy/install/rqt_gui:/home/pi4/ros2_jazzy/install/ros2trace:/home/pi4/ros2_jazzy/install/ros2param:/home/pi4/ros2_jazzy/install/ros2lifecycle:/home/pi4/ros2_jazzy/install/ros2service:/home/pi4/ros2_jazzy/install/ros2topic:/home/pi4/ros2_jazzy/install/ros2test:/home/pi4/ros2_jazzy/install/ros2run:/home/pi4/ros2_jazzy/install/ros2plugin:/home/pi4/ros2_jazzy/install/ros2launch:/home/pi4/ros2_jazzy/install/ros2pkg:/home/pi4/ros2_jazzy/install/ros2node:/home/pi4/ros2_jazzy/install/ros2multicast:/home/pi4/ros2_jazzy/install/ros2interface:/home/pi4/ros2_jazzy/install/ros2action:/home/pi4/ros2_jazzy/install/ros2cli:/home/pi4/ros2_jazzy/install/launch_testing_ros:/home/pi4/ros2_jazzy/install/launch_ros:/home/pi4/ros2_jazzy/install/examples_rclpy_minimal_action_server:/home/pi4/ros2_jazzy/install/examples_rclpy_minimal_action_client:/home/pi4/ros2_jazzy/install/examples_rclpy_guard_conditions:/home/pi4/ros2_jazzy/install/action_tutorials_py:/home/pi4/ros2_jazzy/install/ament_uncrustify:/home/pi4/ros2_jazzy/install/tracetools_trace:/home/pi4/ros2_jazzy/install/tracetools_read:/home/pi4/ros2_jazzy/install/test_tracetools_launch:/home/pi4/ros2_jazzy/install/test_ros2trace:/home/pi4/ros2_jazzy/install/test_launch_ros:/home/pi4/ros2_jazzy/install/rpyutils:/home/pi4/ros2_jazzy/install/rosidl_runtime_py:/home/pi4/ros2_jazzy/install/rosidl_pycommon:/home/pi4/ros2_jazzy/install/rosidl_cli:/home/pi4/ros2_jazzy/install/launch_pytest:/home/pi4/ros2_jazzy/install/launch_testing:/home/pi4/ros2_jazzy/install/launch_yaml:/home/pi4/ros2_jazzy/install/launch_xml:/home/pi4/ros2_jazzy/install/launch:/home/pi4/ros2_jazzy/install/osrf_pycommon:/home/pi4/ros2_jazzy/install/domain_coordinator:/home/pi4/ros2_jazzy/install/ament_xmllint:/home/pi4/ros2_jazzy/install/ament_pyflakes:/home/pi4/ros2_jazzy/install/ament_pycodestyle:/home/pi4/ros2_jazzy/install/ament_pep257:/home/pi4/ros2_jazzy/install/ament_pclint:/home/pi4/ros2_jazzy/install/ament_package:/home/pi4/ros2_jazzy/install/ament_mypy:/home/pi4/ros2_jazzy/install/ament_lint_cmake:/home/pi4/ros2_jazzy/install/ament_flake8:/home/pi4/ros2_jazzy/install/ament_copyright:/home/pi4/ros2_jazzy/install/ament_lint:/home/pi4/ros2_jazzy/install/ament_index_python:/home/pi4/ros2_jazzy/install/ament_cpplint:/home/pi4/ros2_jazzy/install/ament_cppcheck:/home/pi4/ros2_jazzy/install/ament_clang_tidy:/home/pi4/ros2_jazzy/install/ament_clang_format /usr/bin/cmake --install /home/pi4/camera_ws/src/build/as7265x_at_msgs
[4.270s] -- Install configuration: ""
[4.271s] -- Execute custom install script
[4.272s] -- Up-to-date symlink: /home/pi4/camera_ws/src/install/as7265x_at_msgs/share/ament_index/resource_index/rosidl_interfaces/as7265x_at_msgs
[4.273s] -- Up-to-date symlink: /home/pi4/camera_ws/src/install/as7265x_at_msgs/share/as7265x_at_msgs/msg/AS7265xRaw.json
[4.274s] -- Up-to-date symlink: /home/pi4/camera_ws/src/install/as7265x_at_msgs/share/as7265x_at_msgs/msg/AS7265xCal.json
[4.275s] -- Up-to-date symlink: /home/pi4/camera_ws/src/install/as7265x_at_msgs/include/as7265x_at_msgs/as7265x_at_msgs/msg/as7265x_cal.h
[4.276s] -- Up-to-date symlink: /home/pi4/camera_ws/src/install/as7265x_at_msgs/include/as7265x_at_msgs/as7265x_at_msgs/msg/as7265x_raw.h
[4.276s] -- Up-to-date symlink: /home/pi4/camera_ws/src/install/as7265x_at_msgs/include/as7265x_at_msgs/as7265x_at_msgs/msg/detail/as7265x_cal__functions.h
[4.277s] -- Up-to-date symlink: /home/pi4/camera_ws/src/install/as7265x_at_msgs/include/as7265x_at_msgs/as7265x_at_msgs/msg/detail/as7265x_cal__struct.h
[4.278s] -- Up-to-date symlink: /home/pi4/camera_ws/src/install/as7265x_at_msgs/include/as7265x_at_msgs/as7265x_at_msgs/msg/detail/as7265x_cal__type_support.h
[4.278s] -- Up-to-date symlink: /home/pi4/camera_ws/src/install/as7265x_at_msgs/include/as7265x_at_msgs/as7265x_at_msgs/msg/detail/as7265x_raw__functions.h
[4.279s] -- Up-to-date symlink: /home/pi4/camera_ws/src/install/as7265x_at_msgs/include/as7265x_at_msgs/as7265x_at_msgs/msg/detail/as7265x_raw__struct.h
[4.279s] -- Up-to-date symlink: /home/pi4/camera_ws/src/install/as7265x_at_msgs/include/as7265x_at_msgs/as7265x_at_msgs/msg/detail/as7265x_raw__type_support.h
[4.280s] -- Up-to-date symlink: /home/pi4/camera_ws/src/install/as7265x_at_msgs/include/as7265x_at_msgs/as7265x_at_msgs/msg/rosidl_generator_c__visibility_control.h
[4.281s] -- Up-to-date symlink: /home/pi4/camera_ws/src/install/as7265x_at_msgs/share/as7265x_at_msgs/environment/library_path.sh
[4.281s] -- Up-to-date symlink: /home/pi4/camera_ws/src/install/as7265x_at_msgs/share/as7265x_at_msgs/environment/library_path.dsv
[4.283s] -- Up-to-date symlink: /home/pi4/camera_ws/src/install/as7265x_at_msgs/include/as7265x_at_msgs/as7265x_at_msgs/msg/detail/as7265x_cal__rosidl_typesupport_introspection_c.h
[4.283s] -- Up-to-date symlink: /home/pi4/camera_ws/src/install/as7265x_at_msgs/include/as7265x_at_msgs/as7265x_at_msgs/msg/detail/as7265x_raw__rosidl_typesupport_introspection_c.h
[4.284s] -- Up-to-date symlink: /home/pi4/camera_ws/src/install/as7265x_at_msgs/include/as7265x_at_msgs/as7265x_at_msgs/msg/rosidl_typesupport_introspection_c__visibility_control.h
[4.285s] -- Up-to-date symlink: /home/pi4/camera_ws/src/install/as7265x_at_msgs/include/as7265x_at_msgs/as7265x_at_msgs/msg/detail/as7265x_cal__rosidl_typesupport_fastrtps_c.h
[4.286s] -- Up-to-date symlink: /home/pi4/camera_ws/src/install/as7265x_at_msgs/include/as7265x_at_msgs/as7265x_at_msgs/msg/detail/as7265x_raw__rosidl_typesupport_fastrtps_c.h
[4.286s] -- Up-to-date symlink: /home/pi4/camera_ws/src/install/as7265x_at_msgs/include/as7265x_at_msgs/as7265x_at_msgs/msg/rosidl_typesupport_fastrtps_c__visibility_control.h
[4.288s] -- Up-to-date symlink: /home/pi4/camera_ws/src/install/as7265x_at_msgs/include/as7265x_at_msgs/as7265x_at_msgs/msg/as7265x_cal.hpp
[4.288s] -- Up-to-date symlink: /home/pi4/camera_ws/src/install/as7265x_at_msgs/include/as7265x_at_msgs/as7265x_at_msgs/msg/as7265x_raw.hpp
[4.288s] -- Up-to-date symlink: /home/pi4/camera_ws/src/install/as7265x_at_msgs/include/as7265x_at_msgs/as7265x_at_msgs/msg/detail/as7265x_cal__builder.hpp
[4.289s] -- Up-to-date symlink: /home/pi4/camera_ws/src/install/as7265x_at_msgs/include/as7265x_at_msgs/as7265x_at_msgs/msg/detail/as7265x_cal__struct.hpp
[4.289s] -- Up-to-date symlink: /home/pi4/camera_ws/src/install/as7265x_at_msgs/include/as7265x_at_msgs/as7265x_at_msgs/msg/detail/as7265x_cal__traits.hpp
[4.290s] -- Up-to-date symlink: /home/pi4/camera_ws/src/install/as7265x_at_msgs/include/as7265x_at_msgs/as7265x_at_msgs/msg/detail/as7265x_cal__type_support.hpp
[4.290s] -- Up-to-date symlink: /home/pi4/camera_ws/src/install/as7265x_at_msgs/include/as7265x_at_msgs/as7265x_at_msgs/msg/detail/as7265x_raw__builder.hpp
[4.291s] -- Up-to-date symlink: /home/pi4/camera_ws/src/install/as7265x_at_msgs/include/as7265x_at_msgs/as7265x_at_msgs/msg/detail/as7265x_raw__struct.hpp
[4.291s] -- Up-to-date symlink: /home/pi4/camera_ws/src/install/as7265x_at_msgs/include/as7265x_at_msgs/as7265x_at_msgs/msg/detail/as7265x_raw__traits.hpp
[4.291s] -- Up-to-date symlink: /home/pi4/camera_ws/src/install/as7265x_at_msgs/include/as7265x_at_msgs/as7265x_at_msgs/msg/detail/as7265x_raw__type_support.hpp
[4.292s] -- Up-to-date symlink: /home/pi4/camera_ws/src/install/as7265x_at_msgs/include/as7265x_at_msgs/as7265x_at_msgs/msg/rosidl_generator_cpp__visibility_control.hpp
[4.293s] -- Up-to-date symlink: /home/pi4/camera_ws/src/install/as7265x_at_msgs/include/as7265x_at_msgs/as7265x_at_msgs/msg/detail/as7265x_cal__rosidl_typesupport_introspection_cpp.hpp
[4.293s] -- Up-to-date symlink: /home/pi4/camera_ws/src/install/as7265x_at_msgs/include/as7265x_at_msgs/as7265x_at_msgs/msg/detail/as7265x_raw__rosidl_typesupport_introspection_cpp.hpp
[4.295s] -- Up-to-date symlink: /home/pi4/camera_ws/src/install/as7265x_at_msgs/include/as7265x_at_msgs/as7265x_at_msgs/msg/detail/as7265x_cal__rosidl_typesupport_fastrtps_cpp.hpp
[4.295s] -- Up-to-date symlink: /home/pi4/camera_ws/src/install/as7265x_at_msgs/include/as7265x_at_msgs/as7265x_at_msgs/msg/detail/as7265x_raw__rosidl_typesupport_fastrtps_cpp.hpp
[4.296s] -- Up-to-date symlink: /home/pi4/camera_ws/src/install/as7265x_at_msgs/include/as7265x_at_msgs/as7265x_at_msgs/msg/rosidl_typesupport_fastrtps_cpp__visibility_control.h
[4.298s] -- Up-to-date symlink: /home/pi4/camera_ws/src/install/as7265x_at_msgs/share/as7265x_at_msgs/environment/pythonpath.sh
[4.298s] -- Up-to-date symlink: /home/pi4/camera_ws/src/install/as7265x_at_msgs/share/as7265x_at_msgs/environment/pythonpath.dsv
[4.298s] -- Up-to-date symlink: /home/pi4/camera_ws/src/install/as7265x_at_msgs/lib/python3.11/site-packages/as7265x_at_msgs-0.0.1-py3.11.egg-info/PKG-INFO
[4.302s] -- Up-to-date symlink: /home/pi4/camera_ws/src/install/as7265x_at_msgs/lib/python3.11/site-packages/as7265x_at_msgs-0.0.1-py3.11.egg-info/SOURCES.txt
[4.302s] -- Up-to-date symlink: /home/pi4/camera_ws/src/install/as7265x_at_msgs/lib/python3.11/site-packages/as7265x_at_msgs-0.0.1-py3.11.egg-info/dependency_links.txt
[4.302s] -- Up-to-date symlink: /home/pi4/camera_ws/src/install/as7265x_at_msgs/lib/python3.11/site-packages/as7265x_at_msgs-0.0.1-py3.11.egg-info/top_level.txt
[4.302s] -- Up-to-date symlink: /home/pi4/camera_ws/src/install/as7265x_at_msgs/lib/python3.11/site-packages/as7265x_at_msgs/__init__.py
[4.303s] -- Up-to-date symlink: /home/pi4/camera_ws/src/install/as7265x_at_msgs/lib/python3.11/site-packages/as7265x_at_msgs/_as7265x_at_msgs_s.ep.rosidl_typesupport_c.c
[4.303s] -- Up-to-date symlink: /home/pi4/camera_ws/src/install/as7265x_at_msgs/lib/python3.11/site-packages/as7265x_at_msgs/_as7265x_at_msgs_s.ep.rosidl_typesupport_fastrtps_c.c
[4.303s] -- Up-to-date symlink: /home/pi4/camera_ws/src/install/as7265x_at_msgs/lib/python3.11/site-packages/as7265x_at_msgs/_as7265x_at_msgs_s.ep.rosidl_typesupport_introspection_c.c
[4.304s] -- Up-to-date symlink: /home/pi4/camera_ws/src/install/as7265x_at_msgs/lib/python3.11/site-packages/as7265x_at_msgs/as7265x_at_msgs_s__rosidl_typesupport_c.so
[4.304s] -- Up-to-date symlink: /home/pi4/camera_ws/src/install/as7265x_at_msgs/lib/python3.11/site-packages/as7265x_at_msgs/as7265x_at_msgs_s__rosidl_typesupport_fastrtps_c.so
[4.304s] -- Up-to-date symlink: /home/pi4/camera_ws/src/install/as7265x_at_msgs/lib/python3.11/site-packages/as7265x_at_msgs/as7265x_at_msgs_s__rosidl_typesupport_introspection_c.so
[4.304s] -- Up-to-date symlink: /home/pi4/camera_ws/src/install/as7265x_at_msgs/lib/python3.11/site-packages/as7265x_at_msgs/msg/__init__.py
[4.305s] -- Up-to-date symlink: /home/pi4/camera_ws/src/install/as7265x_at_msgs/lib/python3.11/site-packages/as7265x_at_msgs/msg/_as7265x_cal.py
[4.305s] -- Up-to-date symlink: /home/pi4/camera_ws/src/install/as7265x_at_msgs/lib/python3.11/site-packages/as7265x_at_msgs/msg/_as7265x_cal_s.c
[4.305s] -- Up-to-date symlink: /home/pi4/camera_ws/src/install/as7265x_at_msgs/lib/python3.11/site-packages/as7265x_at_msgs/msg/_as7265x_raw.py
[4.306s] -- Up-to-date symlink: /home/pi4/camera_ws/src/install/as7265x_at_msgs/lib/python3.11/site-packages/as7265x_at_msgs/msg/_as7265x_raw_s.c
[4.306s] -- Up-to-date symlink: /home/pi4/camera_ws/src/install/as7265x_at_msgs/lib/python3.11/site-packages/as7265x_at_msgs/as7265x_at_msgs_s__rosidl_typesupport_introspection_c.so
[4.307s] -- Up-to-date symlink: /home/pi4/camera_ws/src/install/as7265x_at_msgs/lib/python3.11/site-packages/as7265x_at_msgs/as7265x_at_msgs_s__rosidl_typesupport_fastrtps_c.so
[4.308s] -- Up-to-date symlink: /home/pi4/camera_ws/src/install/as7265x_at_msgs/lib/python3.11/site-packages/as7265x_at_msgs/as7265x_at_msgs_s__rosidl_typesupport_c.so
[4.309s] -- Up-to-date symlink: /home/pi4/camera_ws/src/install/as7265x_at_msgs/share/as7265x_at_msgs/msg/AS7265xRaw.idl
[4.310s] -- Up-to-date symlink: /home/pi4/camera_ws/src/install/as7265x_at_msgs/share/as7265x_at_msgs/msg/AS7265xCal.idl
[4.310s] -- Up-to-date symlink: /home/pi4/camera_ws/src/install/as7265x_at_msgs/share/as7265x_at_msgs/msg/AS7265xRaw.msg
[4.311s] -- Up-to-date symlink: /home/pi4/camera_ws/src/install/as7265x_at_msgs/share/as7265x_at_msgs/msg/AS7265xCal.msg
[4.312s] -- Up-to-date symlink: /home/pi4/camera_ws/src/install/as7265x_at_msgs/share/ament_index/resource_index/package_run_dependencies/as7265x_at_msgs
[4.313s] -- Up-to-date symlink: /home/pi4/camera_ws/src/install/as7265x_at_msgs/share/ament_index/resource_index/parent_prefix_path/as7265x_at_msgs
[4.313s] -- Up-to-date symlink: /home/pi4/camera_ws/src/install/as7265x_at_msgs/share/as7265x_at_msgs/environment/ament_prefix_path.sh
[4.314s] -- Up-to-date symlink: /home/pi4/camera_ws/src/install/as7265x_at_msgs/share/as7265x_at_msgs/environment/ament_prefix_path.dsv
[4.314s] -- Up-to-date symlink: /home/pi4/camera_ws/src/install/as7265x_at_msgs/share/as7265x_at_msgs/environment/path.sh
[4.315s] -- Up-to-date symlink: /home/pi4/camera_ws/src/install/as7265x_at_msgs/share/as7265x_at_msgs/environment/path.dsv
[4.316s] -- Up-to-date symlink: /home/pi4/camera_ws/src/install/as7265x_at_msgs/share/as7265x_at_msgs/local_setup.bash
[4.316s] -- Up-to-date symlink: /home/pi4/camera_ws/src/install/as7265x_at_msgs/share/as7265x_at_msgs/local_setup.sh
[4.317s] -- Up-to-date symlink: /home/pi4/camera_ws/src/install/as7265x_at_msgs/share/as7265x_at_msgs/local_setup.zsh
[4.317s] -- Up-to-date symlink: /home/pi4/camera_ws/src/install/as7265x_at_msgs/share/as7265x_at_msgs/local_setup.dsv
[4.318s] -- Symlinking: /home/pi4/camera_ws/src/install/as7265x_at_msgs/share/as7265x_at_msgs/package.dsv
[4.374s] -- Up-to-date symlink: /home/pi4/camera_ws/src/install/as7265x_at_msgs/share/ament_index/resource_index/packages/as7265x_at_msgs
[4.375s] -- Up-to-date symlink: /home/pi4/camera_ws/src/install/as7265x_at_msgs/share/as7265x_at_msgs/cmake/rosidl_cmake-extras.cmake
[4.376s] -- Up-to-date symlink: /home/pi4/camera_ws/src/install/as7265x_at_msgs/share/as7265x_at_msgs/cmake/ament_cmake_export_dependencies-extras.cmake
[4.376s] -- Up-to-date symlink: /home/pi4/camera_ws/src/install/as7265x_at_msgs/share/as7265x_at_msgs/cmake/ament_cmake_export_include_directories-extras.cmake
[4.377s] -- Up-to-date symlink: /home/pi4/camera_ws/src/install/as7265x_at_msgs/share/as7265x_at_msgs/cmake/ament_cmake_export_libraries-extras.cmake
[4.377s] -- Up-to-date symlink: /home/pi4/camera_ws/src/install/as7265x_at_msgs/share/as7265x_at_msgs/cmake/ament_cmake_export_targets-extras.cmake
[4.378s] -- Up-to-date symlink: /home/pi4/camera_ws/src/install/as7265x_at_msgs/share/as7265x_at_msgs/cmake/rosidl_cmake_export_typesupport_targets-extras.cmake
[4.379s] -- Up-to-date symlink: /home/pi4/camera_ws/src/install/as7265x_at_msgs/share/as7265x_at_msgs/cmake/rosidl_cmake_export_typesupport_libraries-extras.cmake
[4.379s] -- Up-to-date symlink: /home/pi4/camera_ws/src/install/as7265x_at_msgs/share/as7265x_at_msgs/cmake/as7265x_at_msgsConfig.cmake
[4.380s] -- Up-to-date symlink: /home/pi4/camera_ws/src/install/as7265x_at_msgs/share/as7265x_at_msgs/cmake/as7265x_at_msgsConfig-version.cmake
[4.380s] -- Up-to-date symlink: /home/pi4/camera_ws/src/install/as7265x_at_msgs/share/as7265x_at_msgs/package.xml
[4.381s] -- Up-to-date: /home/pi4/camera_ws/src/install/as7265x_at_msgs/lib/libas7265x_at_msgs__rosidl_generator_c.so
[4.382s] -- Up-to-date: /home/pi4/camera_ws/src/install/as7265x_at_msgs/lib/libas7265x_at_msgs__rosidl_typesupport_introspection_c.so
[4.383s] -- Up-to-date: /home/pi4/camera_ws/src/install/as7265x_at_msgs/lib/libas7265x_at_msgs__rosidl_typesupport_fastrtps_c.so
[4.384s] -- Up-to-date: /home/pi4/camera_ws/src/install/as7265x_at_msgs/lib/libas7265x_at_msgs__rosidl_typesupport_c.so
[4.384s] -- Up-to-date: /home/pi4/camera_ws/src/install/as7265x_at_msgs/lib/libas7265x_at_msgs__rosidl_typesupport_introspection_cpp.so
[4.385s] -- Up-to-date: /home/pi4/camera_ws/src/install/as7265x_at_msgs/lib/libas7265x_at_msgs__rosidl_typesupport_fastrtps_cpp.so
[4.386s] -- Up-to-date: /home/pi4/camera_ws/src/install/as7265x_at_msgs/lib/libas7265x_at_msgs__rosidl_typesupport_cpp.so
[4.891s] Listing '/home/pi4/camera_ws/src/install/as7265x_at_msgs/lib/python3.11/site-packages/as7265x_at_msgs'...
[4.892s] Listing '/home/pi4/camera_ws/src/install/as7265x_at_msgs/lib/python3.11/site-packages/as7265x_at_msgs/msg'...
[4.920s] -- Up-to-date: /home/pi4/camera_ws/src/install/as7265x_at_msgs/lib/libas7265x_at_msgs__rosidl_generator_py.so
[4.921s] -- Up-to-date: /home/pi4/camera_ws/src/install/as7265x_at_msgs/share/as7265x_at_msgs/cmake/export_as7265x_at_msgs__rosidl_generator_cExport.cmake
[4.921s] -- Up-to-date: /home/pi4/camera_ws/src/install/as7265x_at_msgs/share/as7265x_at_msgs/cmake/export_as7265x_at_msgs__rosidl_generator_cExport-noconfig.cmake
[4.922s] -- Up-to-date: /home/pi4/camera_ws/src/install/as7265x_at_msgs/share/as7265x_at_msgs/cmake/as7265x_at_msgs__rosidl_typesupport_introspection_cExport.cmake
[4.923s] -- Up-to-date: /home/pi4/camera_ws/src/install/as7265x_at_msgs/share/as7265x_at_msgs/cmake/as7265x_at_msgs__rosidl_typesupport_introspection_cExport-noconfig.cmake
[4.923s] -- Up-to-date: /home/pi4/camera_ws/src/install/as7265x_at_msgs/share/as7265x_at_msgs/cmake/export_as7265x_at_msgs__rosidl_typesupport_fastrtps_cExport.cmake
[4.923s] -- Up-to-date: /home/pi4/camera_ws/src/install/as7265x_at_msgs/share/as7265x_at_msgs/cmake/export_as7265x_at_msgs__rosidl_typesupport_fastrtps_cExport-noconfig.cmake
[4.924s] -- Up-to-date: /home/pi4/camera_ws/src/install/as7265x_at_msgs/share/as7265x_at_msgs/cmake/as7265x_at_msgs__rosidl_typesupport_cExport.cmake
[4.924s] -- Up-to-date: /home/pi4/camera_ws/src/install/as7265x_at_msgs/share/as7265x_at_msgs/cmake/as7265x_at_msgs__rosidl_typesupport_cExport-noconfig.cmake
[4.924s] -- Up-to-date: /home/pi4/camera_ws/src/install/as7265x_at_msgs/share/as7265x_at_msgs/cmake/export_as7265x_at_msgs__rosidl_generator_cppExport.cmake
[4.924s] -- Up-to-date: /home/pi4/camera_ws/src/install/as7265x_at_msgs/share/as7265x_at_msgs/cmake/as7265x_at_msgs__rosidl_typesupport_introspection_cppExport.cmake
[4.925s] -- Up-to-date: /home/pi4/camera_ws/src/install/as7265x_at_msgs/share/as7265x_at_msgs/cmake/as7265x_at_msgs__rosidl_typesupport_introspection_cppExport-noconfig.cmake
[4.925s] -- Up-to-date: /home/pi4/camera_ws/src/install/as7265x_at_msgs/share/as7265x_at_msgs/cmake/export_as7265x_at_msgs__rosidl_typesupport_fastrtps_cppExport.cmake
[4.926s] -- Up-to-date: /home/pi4/camera_ws/src/install/as7265x_at_msgs/share/as7265x_at_msgs/cmake/export_as7265x_at_msgs__rosidl_typesupport_fastrtps_cppExport-noconfig.cmake
[4.926s] -- Up-to-date: /home/pi4/camera_ws/src/install/as7265x_at_msgs/share/as7265x_at_msgs/cmake/as7265x_at_msgs__rosidl_typesupport_cppExport.cmake
[4.926s] -- Up-to-date: /home/pi4/camera_ws/src/install/as7265x_at_msgs/share/as7265x_at_msgs/cmake/as7265x_at_msgs__rosidl_typesupport_cppExport-noconfig.cmake
[4.926s] -- Up-to-date: /home/pi4/camera_ws/src/install/as7265x_at_msgs/share/as7265x_at_msgs/cmake/export_as7265x_at_msgs__rosidl_generator_pyExport.cmake
[4.927s] -- Up-to-date: /home/pi4/camera_ws/src/install/as7265x_at_msgs/share/as7265x_at_msgs/cmake/export_as7265x_at_msgs__rosidl_generator_pyExport-noconfig.cmake
[4.934s] Invoked command in '/home/pi4/camera_ws/src/build/as7265x_at_msgs' returned '0': CMAKE_PREFIX_PATH=${CMAKE_PREFIX_PATH}:/home/pi4/camera_ws/install/stamp_and_split_cam1:/home/pi4/camera_ws/install/opencv_tests:/home/pi4/camera_ws/install/as7265x_at:/home/pi4/ros2_jazzy/install/rqt_bag_plugins:/home/pi4/ros2_jazzy/install/rqt_bag:/home/pi4/ros2_jazzy/install/rosbag2_examples_py:/home/pi4/ros2_jazzy/install/launch_testing_examples:/home/pi4/ros2_jazzy/install/ros2bag:/home/pi4/ros2_jazzy/install/tracetools_test:/home/pi4/ros2_jazzy/install/tracetools_launch:/home/pi4/ros2_jazzy/install/topic_monitor:/home/pi4/ros2_jazzy/install/tf2_tools:/home/pi4/ros2_jazzy/install/examples_tf2_py:/home/pi4/ros2_jazzy/install/tf2_ros_py:/home/pi4/ros2_jazzy/install/examples_rclpy_pointcloud_publisher:/home/pi4/ros2_jazzy/install/sensor_msgs_py:/home/pi4/ros2_jazzy/install/quality_of_service_demo_py:/home/pi4/ros2_jazzy/install/camera_info_manager_py:/home/pi4/ros2_jazzy/install/rqt_plot:/home/pi4/ros2_jazzy/install/ros2doctor:/home/pi4/ros2_jazzy/install/lifecycle_py:/home/pi4/ros2_jazzy/install/examples_rclpy_minimal_subscriber:/home/pi4/ros2_jazzy/install/examples_rclpy_minimal_service:/home/pi4/ros2_jazzy/install/examples_rclpy_minimal_publisher:/home/pi4/ros2_jazzy/install/examples_rclpy_minimal_client:/home/pi4/ros2_jazzy/install/examples_rclpy_executors:/home/pi4/ros2_jazzy/install/demo_nodes_py:/home/pi4/ros2_jazzy/install/rqt:/home/pi4/ros2_jazzy/install/ros2component:/home/pi4/ros2_jazzy/install/sros2:/home/pi4/ros2_jazzy/install/rqt_topic:/home/pi4/ros2_jazzy/install/rqt_srv:/home/pi4/ros2_jazzy/install/rqt_shell:/home/pi4/ros2_jazzy/install/rqt_service_caller:/home/pi4/ros2_jazzy/install/rqt_reconfigure:/home/pi4/ros2_jazzy/install/rqt_py_console:/home/pi4/ros2_jazzy/install/rqt_publisher:/home/pi4/ros2_jazzy/install/rqt_action:/home/pi4/ros2_jazzy/install/rqt_msg:/home/pi4/ros2_jazzy/install/rqt_console:/home/pi4/ros2_jazzy/install/rqt_graph:/home/pi4/ros2_jazzy/install/rqt_gui_py:/home/pi4/ros2_jazzy/install/rqt_gui:/home/pi4/ros2_jazzy/install/ros2trace:/home/pi4/ros2_jazzy/install/ros2param:/home/pi4/ros2_jazzy/install/ros2lifecycle:/home/pi4/ros2_jazzy/install/ros2service:/home/pi4/ros2_jazzy/install/ros2topic:/home/pi4/ros2_jazzy/install/ros2test:/home/pi4/ros2_jazzy/install/ros2run:/home/pi4/ros2_jazzy/install/ros2plugin:/home/pi4/ros2_jazzy/install/ros2launch:/home/pi4/ros2_jazzy/install/ros2pkg:/home/pi4/ros2_jazzy/install/ros2node:/home/pi4/ros2_jazzy/install/ros2multicast:/home/pi4/ros2_jazzy/install/ros2interface:/home/pi4/ros2_jazzy/install/ros2action:/home/pi4/ros2_jazzy/install/ros2cli:/home/pi4/ros2_jazzy/install/launch_testing_ros:/home/pi4/ros2_jazzy/install/launch_ros:/home/pi4/ros2_jazzy/install/examples_rclpy_minimal_action_server:/home/pi4/ros2_jazzy/install/examples_rclpy_minimal_action_client:/home/pi4/ros2_jazzy/install/examples_rclpy_guard_conditions:/home/pi4/ros2_jazzy/install/action_tutorials_py:/home/pi4/ros2_jazzy/install/ament_uncrustify:/home/pi4/ros2_jazzy/install/tracetools_trace:/home/pi4/ros2_jazzy/install/tracetools_read:/home/pi4/ros2_jazzy/install/test_tracetools_launch:/home/pi4/ros2_jazzy/install/test_ros2trace:/home/pi4/ros2_jazzy/install/test_launch_ros:/home/pi4/ros2_jazzy/install/rpyutils:/home/pi4/ros2_jazzy/install/rosidl_runtime_py:/home/pi4/ros2_jazzy/install/rosidl_pycommon:/home/pi4/ros2_jazzy/install/rosidl_cli:/home/pi4/ros2_jazzy/install/launch_pytest:/home/pi4/ros2_jazzy/install/launch_testing:/home/pi4/ros2_jazzy/install/launch_yaml:/home/pi4/ros2_jazzy/install/launch_xml:/home/pi4/ros2_jazzy/install/launch:/home/pi4/ros2_jazzy/install/osrf_pycommon:/home/pi4/ros2_jazzy/install/domain_coordinator:/home/pi4/ros2_jazzy/install/ament_xmllint:/home/pi4/ros2_jazzy/install/ament_pyflakes:/home/pi4/ros2_jazzy/install/ament_pycodestyle:/home/pi4/ros2_jazzy/install/ament_pep257:/home/pi4/ros2_jazzy/install/ament_pclint:/home/pi4/ros2_jazzy/install/ament_package:/home/pi4/ros2_jazzy/install/ament_mypy:/home/pi4/ros2_jazzy/install/ament_lint_cmake:/home/pi4/ros2_jazzy/install/ament_flake8:/home/pi4/ros2_jazzy/install/ament_copyright:/home/pi4/ros2_jazzy/install/ament_lint:/home/pi4/ros2_jazzy/install/ament_index_python:/home/pi4/ros2_jazzy/install/ament_cpplint:/home/pi4/ros2_jazzy/install/ament_cppcheck:/home/pi4/ros2_jazzy/install/ament_clang_tidy:/home/pi4/ros2_jazzy/install/ament_clang_format /usr/bin/cmake --install /home/pi4/camera_ws/src/build/as7265x_at_msgs
