running develop
running egg_info
creating andrea_multispec.egg-info
writing andrea_multispec.egg-info/PKG-INFO
writing dependency_links to andrea_multispec.egg-info/dependency_links.txt
writing entry points to andrea_multispec.egg-info/entry_points.txt
writing requirements to andrea_multispec.egg-info/requires.txt
writing top-level names to andrea_multispec.egg-info/top_level.txt
writing manifest file 'andrea_multispec.egg-info/SOURCES.txt'
reading manifest file 'andrea_multispec.egg-info/SOURCES.txt'
writing manifest file 'andrea_multispec.egg-info/SOURCES.txt'
running build_ext
Creating /home/pi4/camera_ws/src/install/andrea_multispec/lib/python3.11/site-packages/andrea-multispec.egg-link (link to .)
Installing spectral_bridge script to /home/pi4/camera_ws/src/install/andrea_multispec/lib/andrea_multispec

Installed /home/pi4/camera_ws/src/build/andrea_multispec
running symlink_data
creating /home/pi4/camera_ws/src/install/andrea_multispec/share/ament_index
creating /home/pi4/camera_ws/src/install/andrea_multispec/share/ament_index/resource_index
creating /home/pi4/camera_ws/src/install/andrea_multispec/share/ament_index/resource_index/packages
symbolically linking /home/pi4/camera_ws/src/build/andrea_multispec/resource/andrea_multispec -> /home/pi4/camera_ws/src/install/andrea_multispec/share/ament_index/resource_index/packages
symbolically linking /home/pi4/camera_ws/src/build/andrea_multispec/package.xml -> /home/pi4/camera_ws/src/install/andrea_multispec/share/andrea_multispec
creating /home/pi4/camera_ws/src/install/andrea_multispec/share/andrea_multispec/launch
symbolically linking /home/pi4/camera_ws/src/build/andrea_multispec/launch/rgb_plus_as7265x.launch.py -> /home/pi4/camera_ws/src/install/andrea_multispec/share/andrea_multispec/launch
