[8.208s] Invoking command in '/home/pi4/camera_ws/src/build/andrea_multispec': PYTHONPATH=/home/pi4/camera_ws/src/build/andrea_multispec/prefix_override:/usr/lib/python3/dist-packages/colcon_core/task/python/colcon_distutils_commands:/home/pi4/camera_ws/src/install/andrea_multispec/lib/python3.11/site-packages:${PYTHONPATH} /usr/bin/python3 -W ignore:setup.py install is deprecated -W ignore:easy_install command is deprecated setup.py develop --editable --build-directory /home/pi4/camera_ws/src/build/andrea_multispec/build --no-deps symlink_data
[11.163s] running develop
[12.676s] running egg_info
[12.680s] creating andrea_multispec.egg-info
[12.808s] writing andrea_multispec.egg-info/PKG-INFO
[12.808s] writing dependency_links to andrea_multispec.egg-info/dependency_links.txt
[12.808s] writing entry points to andrea_multispec.egg-info/entry_points.txt
[12.808s] writing requirements to andrea_multispec.egg-info/requires.txt
[12.809s] writing top-level names to andrea_multispec.egg-info/top_level.txt
[12.809s] writing manifest file 'andrea_multispec.egg-info/SOURCES.txt'
[13.070s] reading manifest file 'andrea_multispec.egg-info/SOURCES.txt'
[13.073s] writing manifest file 'andrea_multispec.egg-info/SOURCES.txt'
[13.222s] running build_ext
[13.225s] Creating /home/pi4/camera_ws/src/install/andrea_multispec/lib/python3.11/site-packages/andrea-multispec.egg-link (link to .)
[13.225s] Installing spectral_bridge script to /home/pi4/camera_ws/src/install/andrea_multispec/lib/andrea_multispec
[13.232s] 
[13.236s] Installed /home/pi4/camera_ws/src/build/andrea_multispec
[13.243s] running symlink_data
[13.245s] creating /home/pi4/camera_ws/src/install/andrea_multispec/share/ament_index
[13.246s] creating /home/pi4/camera_ws/src/install/andrea_multispec/share/ament_index/resource_index
[13.246s] creating /home/pi4/camera_ws/src/install/andrea_multispec/share/ament_index/resource_index/packages
[13.247s] symbolically linking /home/pi4/camera_ws/src/build/andrea_multispec/resource/andrea_multispec -> /home/pi4/camera_ws/src/install/andrea_multispec/share/ament_index/resource_index/packages
[13.248s] symbolically linking /home/pi4/camera_ws/src/build/andrea_multispec/package.xml -> /home/pi4/camera_ws/src/install/andrea_multispec/share/andrea_multispec
[13.248s] creating /home/pi4/camera_ws/src/install/andrea_multispec/share/andrea_multispec/launch
[13.249s] symbolically linking /home/pi4/camera_ws/src/build/andrea_multispec/launch/rgb_plus_as7265x.launch.py -> /home/pi4/camera_ws/src/install/andrea_multispec/share/andrea_multispec/launch
[13.520s] Invoked command in '/home/pi4/camera_ws/src/build/andrea_multispec' returned '0': PYTHONPATH=/home/pi4/camera_ws/src/build/andrea_multispec/prefix_override:/usr/lib/python3/dist-packages/colcon_core/task/python/colcon_distutils_commands:/home/pi4/camera_ws/src/install/andrea_multispec/lib/python3.11/site-packages:${PYTHONPATH} /usr/bin/python3 -W ignore:setup.py install is deprecated -W ignore:easy_install command is deprecated setup.py develop --editable --build-directory /home/pi4/camera_ws/src/build/andrea_multispec/build --no-deps symlink_data
