-- The C compiler identification is GNU 12.2.0
-- The CXX compiler identification is GNU 12.2.0
-- Detecting C compiler ABI info
-- Detecting C compiler ABI info - done
-- Check for working C compiler: /usr/bin/cc - skipped
-- Detecting C compile features
-- Detecting C compile features - done
-- Detecting CXX compiler ABI info
-- Detecting CXX compiler ABI info - done
-- Check for working CXX compiler: /usr/bin/c++ - skipped
-- Detecting CXX compile features
-- Detecting CXX compile features - done
-- Found ament_cmake: 2.5.4 (/home/pi4/ros2_jazzy/install/ament_cmake/share/ament_cmake/cmake)
-- Found Python3: /usr/bin/python3 (found version "3.11.2") found components: Interpreter 
-- Override CMake install command with custom implementation using symlinks instead of copying resources
-- Found rosidl_default_generators: 1.6.0 (/home/pi4/ros2_jazzy/install/rosidl_default_generators/share/rosidl_default_generators/cmake)
-- Using all available rosidl_typesupport_c: rosidl_typesupport_introspection_c;rosidl_typesupport_fastrtps_c
-- Using all available rosidl_typesupport_cpp: rosidl_typesupport_introspection_cpp;rosidl_typesupport_fastrtps_cpp
-- Found rosidl_adapter: 4.6.6 (/home/pi4/ros2_jazzy/install/rosidl_adapter/share/rosidl_adapter/cmake)
-- Found std_msgs: 5.3.6 (/home/pi4/ros2_jazzy/install/std_msgs/share/std_msgs/cmake)
-- Found ament_lint_auto: 0.17.3 (/home/pi4/ros2_jazzy/install/ament_lint_auto/share/ament_lint_auto/cmake)
-- Found ament_cmake_ros: 0.12.0 (/home/pi4/ros2_jazzy/install/ament_cmake_ros/share/ament_cmake_ros/cmake)
-- Using all available rosidl_typesupport_c: rosidl_typesupport_introspection_c;rosidl_typesupport_fastrtps_c
-- Using all available rosidl_typesupport_cpp: rosidl_typesupport_introspection_cpp;rosidl_typesupport_fastrtps_cpp
-- Found python_cmake_module: 0.11.1 (/home/pi4/ros2_jazzy/install/python_cmake_module/share/python_cmake_module/cmake)
-- Found PythonExtra: /usr/bin/python3  
-- Found Python3: /usr/bin/python3 (found version "3.11.2") found components: Interpreter Development NumPy Development.Module Development.Embed 
-- Added test 'lint_cmake' to check CMake code style
-- Added test 'xmllint' to check XML markup files
-- Configuring done
-- Generating done
-- Build files have been written to: /home/pi4/camera_ws/src/build/as7265x_at_msgs
[  2%] [34m[1mGenerating type hashes for ROS interfaces[0m
[  2%] Built target as7265x_at_msgs__rosidl_generator_type_description
[  2%] Built target ament_cmake_python_symlink_as7265x_at_msgs
[  4%] [34m[1mGenerating C code for ROS interfaces[0m
[  6%] [32mBuilding C object CMakeFiles/as7265x_at_msgs__rosidl_generator_c.dir/rosidl_generator_c/as7265x_at_msgs/msg/detail/as7265x_raw__description.c.o[0m
[  9%] [32mBuilding C object CMakeFiles/as7265x_at_msgs__rosidl_generator_c.dir/rosidl_generator_c/as7265x_at_msgs/msg/detail/as7265x_raw__functions.c.o[0m
[ 11%] [32mBuilding C object CMakeFiles/as7265x_at_msgs__rosidl_generator_c.dir/rosidl_generator_c/as7265x_at_msgs/msg/detail/as7265x_raw__type_support.c.o[0m
[ 13%] [32mBuilding C object CMakeFiles/as7265x_at_msgs__rosidl_generator_c.dir/rosidl_generator_c/as7265x_at_msgs/msg/detail/as7265x_cal__description.c.o[0m
[ 15%] [32mBuilding C object CMakeFiles/as7265x_at_msgs__rosidl_generator_c.dir/rosidl_generator_c/as7265x_at_msgs/msg/detail/as7265x_cal__functions.c.o[0m
[ 18%] [32mBuilding C object CMakeFiles/as7265x_at_msgs__rosidl_generator_c.dir/rosidl_generator_c/as7265x_at_msgs/msg/detail/as7265x_cal__type_support.c.o[0m
[ 20%] [32m[1mLinking C shared library libas7265x_at_msgs__rosidl_generator_c.so[0m
[ 20%] Built target as7265x_at_msgs__rosidl_generator_c
running egg_info
creating as7265x_at_msgs.egg-info
writing as7265x_at_msgs.egg-info/PKG-INFO
writing dependency_links to as7265x_at_msgs.egg-info/dependency_links.txt
writing top-level names to as7265x_at_msgs.egg-info/top_level.txt
writing manifest file 'as7265x_at_msgs.egg-info/SOURCES.txt'
reading manifest file 'as7265x_at_msgs.egg-info/SOURCES.txt'
writing manifest file 'as7265x_at_msgs.egg-info/SOURCES.txt'
[ 20%] Built target ament_cmake_python_build_as7265x_at_msgs_egg
[ 22%] [34m[1mGenerating C type support for eProsima Fast-RTPS[0m
[ 25%] [32mBuilding CXX object CMakeFiles/as7265x_at_msgs__rosidl_typesupport_fastrtps_c.dir/rosidl_typesupport_fastrtps_c/as7265x_at_msgs/msg/detail/as7265x_raw__type_support_c.cpp.o[0m
[ 27%] [32mBuilding CXX object CMakeFiles/as7265x_at_msgs__rosidl_typesupport_fastrtps_c.dir/rosidl_typesupport_fastrtps_c/as7265x_at_msgs/msg/detail/as7265x_cal__type_support_c.cpp.o[0m
[ 29%] [32m[1mLinking CXX shared library libas7265x_at_msgs__rosidl_typesupport_fastrtps_c.so[0m
[ 29%] Built target as7265x_at_msgs__rosidl_typesupport_fastrtps_c
[ 31%] [34m[1mGenerating C introspection for ROS interfaces[0m
[ 34%] [32mBuilding C object CMakeFiles/as7265x_at_msgs__rosidl_typesupport_introspection_c.dir/rosidl_typesupport_introspection_c/as7265x_at_msgs/msg/detail/as7265x_raw__type_support.c.o[0m
[ 36%] [32mBuilding C object CMakeFiles/as7265x_at_msgs__rosidl_typesupport_introspection_c.dir/rosidl_typesupport_introspection_c/as7265x_at_msgs/msg/detail/as7265x_cal__type_support.c.o[0m
[ 38%] [32m[1mLinking C shared library libas7265x_at_msgs__rosidl_typesupport_introspection_c.so[0m
[ 38%] Built target as7265x_at_msgs__rosidl_typesupport_introspection_c
[ 40%] [34m[1mGenerating C type support dispatch for ROS interfaces[0m
[ 43%] [32mBuilding CXX object CMakeFiles/as7265x_at_msgs__rosidl_typesupport_c.dir/rosidl_typesupport_c/as7265x_at_msgs/msg/as7265x_raw__type_support.cpp.o[0m
[ 45%] [32mBuilding CXX object CMakeFiles/as7265x_at_msgs__rosidl_typesupport_c.dir/rosidl_typesupport_c/as7265x_at_msgs/msg/as7265x_cal__type_support.cpp.o[0m
[ 47%] [32m[1mLinking CXX shared library libas7265x_at_msgs__rosidl_typesupport_c.so[0m
[ 47%] Built target as7265x_at_msgs__rosidl_typesupport_c
[ 50%] [34m[1mGenerating C++ code for ROS interfaces[0m
[ 50%] Built target as7265x_at_msgs__cpp
[ 52%] [34m[1mGenerating C++ introspection for ROS interfaces[0m
[ 54%] [32mBuilding CXX object CMakeFiles/as7265x_at_msgs__rosidl_typesupport_introspection_cpp.dir/rosidl_typesupport_introspection_cpp/as7265x_at_msgs/msg/detail/as7265x_raw__type_support.cpp.o[0m
[ 56%] [32mBuilding CXX object CMakeFiles/as7265x_at_msgs__rosidl_typesupport_introspection_cpp.dir/rosidl_typesupport_introspection_cpp/as7265x_at_msgs/msg/detail/as7265x_cal__type_support.cpp.o[0m
[ 59%] [32m[1mLinking CXX shared library libas7265x_at_msgs__rosidl_typesupport_introspection_cpp.so[0m
[ 59%] Built target as7265x_at_msgs__rosidl_typesupport_introspection_cpp
[ 61%] [34m[1mGenerating C++ type support for eProsima Fast-RTPS[0m
[ 63%] [32mBuilding CXX object CMakeFiles/as7265x_at_msgs__rosidl_typesupport_fastrtps_cpp.dir/rosidl_typesupport_fastrtps_cpp/as7265x_at_msgs/msg/detail/dds_fastrtps/as7265x_raw__type_support.cpp.o[0m
[ 65%] [32mBuilding CXX object CMakeFiles/as7265x_at_msgs__rosidl_typesupport_fastrtps_cpp.dir/rosidl_typesupport_fastrtps_cpp/as7265x_at_msgs/msg/detail/dds_fastrtps/as7265x_cal__type_support.cpp.o[0m
[ 68%] [32m[1mLinking CXX shared library libas7265x_at_msgs__rosidl_typesupport_fastrtps_cpp.so[0m
[ 68%] Built target as7265x_at_msgs__rosidl_typesupport_fastrtps_cpp
[ 70%] [34m[1mGenerating C++ type support dispatch for ROS interfaces[0m
[ 72%] [32mBuilding CXX object CMakeFiles/as7265x_at_msgs__rosidl_typesupport_cpp.dir/rosidl_typesupport_cpp/as7265x_at_msgs/msg/as7265x_raw__type_support.cpp.o[0m
[ 75%] [32mBuilding CXX object CMakeFiles/as7265x_at_msgs__rosidl_typesupport_cpp.dir/rosidl_typesupport_cpp/as7265x_at_msgs/msg/as7265x_cal__type_support.cpp.o[0m
[ 77%] [32m[1mLinking CXX shared library libas7265x_at_msgs__rosidl_typesupport_cpp.so[0m
[ 77%] Built target as7265x_at_msgs__rosidl_typesupport_cpp
[ 77%] Built target as7265x_at_msgs
[ 79%] [34m[1mGenerating Python code for ROS interfaces[0m
[ 79%] Built target as7265x_at_msgs__py
[ 81%] [32mBuilding C object CMakeFiles/as7265x_at_msgs__rosidl_generator_py.dir/rosidl_generator_py/as7265x_at_msgs/msg/_as7265x_raw_s.c.o[0m
[ 84%] [32mBuilding C object CMakeFiles/as7265x_at_msgs__rosidl_generator_py.dir/rosidl_generator_py/as7265x_at_msgs/msg/_as7265x_cal_s.c.o[0m
[ 86%] [32m[1mLinking C shared library libas7265x_at_msgs__rosidl_generator_py.so[0m
[ 86%] Built target as7265x_at_msgs__rosidl_generator_py
[ 88%] [32mBuilding C object CMakeFiles/as7265x_at_msgs_s__rosidl_typesupport_introspection_c.dir/rosidl_generator_py/as7265x_at_msgs/_as7265x_at_msgs_s.ep.rosidl_typesupport_introspection_c.c.o[0m
[ 90%] [32m[1mLinking C shared module rosidl_generator_py/as7265x_at_msgs/as7265x_at_msgs_s__rosidl_typesupport_introspection_c.so[0m
[ 90%] Built target as7265x_at_msgs_s__rosidl_typesupport_introspection_c
[ 93%] [32mBuilding C object CMakeFiles/as7265x_at_msgs_s__rosidl_typesupport_c.dir/rosidl_generator_py/as7265x_at_msgs/_as7265x_at_msgs_s.ep.rosidl_typesupport_c.c.o[0m
[ 95%] [32m[1mLinking C shared module rosidl_generator_py/as7265x_at_msgs/as7265x_at_msgs_s__rosidl_typesupport_c.so[0m
[ 95%] Built target as7265x_at_msgs_s__rosidl_typesupport_c
[ 97%] [32mBuilding C object CMakeFiles/as7265x_at_msgs_s__rosidl_typesupport_fastrtps_c.dir/rosidl_generator_py/as7265x_at_msgs/_as7265x_at_msgs_s.ep.rosidl_typesupport_fastrtps_c.c.o[0m
[100%] [32m[1mLinking C shared module rosidl_generator_py/as7265x_at_msgs/as7265x_at_msgs_s__rosidl_typesupport_fastrtps_c.so[0m
[100%] Built target as7265x_at_msgs_s__rosidl_typesupport_fastrtps_c
-- Install configuration: ""
-- Execute custom install script
-- Symlinking: /home/pi4/camera_ws/src/install/as7265x_at_msgs/share/ament_index/resource_index/rosidl_interfaces/as7265x_at_msgs
-- Symlinking: /home/pi4/camera_ws/src/install/as7265x_at_msgs/share/as7265x_at_msgs/msg/AS7265xRaw.json
-- Symlinking: /home/pi4/camera_ws/src/install/as7265x_at_msgs/share/as7265x_at_msgs/msg/AS7265xCal.json
-- Symlinking: /home/pi4/camera_ws/src/install/as7265x_at_msgs/include/as7265x_at_msgs/as7265x_at_msgs/msg/as7265x_cal.h
-- Symlinking: /home/pi4/camera_ws/src/install/as7265x_at_msgs/include/as7265x_at_msgs/as7265x_at_msgs/msg/as7265x_raw.h
-- Symlinking: /home/pi4/camera_ws/src/install/as7265x_at_msgs/include/as7265x_at_msgs/as7265x_at_msgs/msg/detail/as7265x_cal__functions.h
-- Symlinking: /home/pi4/camera_ws/src/install/as7265x_at_msgs/include/as7265x_at_msgs/as7265x_at_msgs/msg/detail/as7265x_cal__struct.h
-- Symlinking: /home/pi4/camera_ws/src/install/as7265x_at_msgs/include/as7265x_at_msgs/as7265x_at_msgs/msg/detail/as7265x_cal__type_support.h
-- Symlinking: /home/pi4/camera_ws/src/install/as7265x_at_msgs/include/as7265x_at_msgs/as7265x_at_msgs/msg/detail/as7265x_raw__functions.h
-- Symlinking: /home/pi4/camera_ws/src/install/as7265x_at_msgs/include/as7265x_at_msgs/as7265x_at_msgs/msg/detail/as7265x_raw__struct.h
-- Symlinking: /home/pi4/camera_ws/src/install/as7265x_at_msgs/include/as7265x_at_msgs/as7265x_at_msgs/msg/detail/as7265x_raw__type_support.h
-- Symlinking: /home/pi4/camera_ws/src/install/as7265x_at_msgs/include/as7265x_at_msgs/as7265x_at_msgs/msg/rosidl_generator_c__visibility_control.h
-- Symlinking: /home/pi4/camera_ws/src/install/as7265x_at_msgs/share/as7265x_at_msgs/environment/library_path.sh
-- Symlinking: /home/pi4/camera_ws/src/install/as7265x_at_msgs/share/as7265x_at_msgs/environment/library_path.dsv
-- Symlinking: /home/pi4/camera_ws/src/install/as7265x_at_msgs/include/as7265x_at_msgs/as7265x_at_msgs/msg/detail/as7265x_cal__rosidl_typesupport_introspection_c.h
-- Symlinking: /home/pi4/camera_ws/src/install/as7265x_at_msgs/include/as7265x_at_msgs/as7265x_at_msgs/msg/detail/as7265x_raw__rosidl_typesupport_introspection_c.h
-- Symlinking: /home/pi4/camera_ws/src/install/as7265x_at_msgs/include/as7265x_at_msgs/as7265x_at_msgs/msg/rosidl_typesupport_introspection_c__visibility_control.h
-- Symlinking: /home/pi4/camera_ws/src/install/as7265x_at_msgs/include/as7265x_at_msgs/as7265x_at_msgs/msg/detail/as7265x_cal__rosidl_typesupport_fastrtps_c.h
-- Symlinking: /home/pi4/camera_ws/src/install/as7265x_at_msgs/include/as7265x_at_msgs/as7265x_at_msgs/msg/detail/as7265x_raw__rosidl_typesupport_fastrtps_c.h
-- Symlinking: /home/pi4/camera_ws/src/install/as7265x_at_msgs/include/as7265x_at_msgs/as7265x_at_msgs/msg/rosidl_typesupport_fastrtps_c__visibility_control.h
-- Symlinking: /home/pi4/camera_ws/src/install/as7265x_at_msgs/include/as7265x_at_msgs/as7265x_at_msgs/msg/as7265x_cal.hpp
-- Symlinking: /home/pi4/camera_ws/src/install/as7265x_at_msgs/include/as7265x_at_msgs/as7265x_at_msgs/msg/as7265x_raw.hpp
-- Symlinking: /home/pi4/camera_ws/src/install/as7265x_at_msgs/include/as7265x_at_msgs/as7265x_at_msgs/msg/detail/as7265x_cal__builder.hpp
-- Symlinking: /home/pi4/camera_ws/src/install/as7265x_at_msgs/include/as7265x_at_msgs/as7265x_at_msgs/msg/detail/as7265x_cal__struct.hpp
-- Symlinking: /home/pi4/camera_ws/src/install/as7265x_at_msgs/include/as7265x_at_msgs/as7265x_at_msgs/msg/detail/as7265x_cal__traits.hpp
-- Symlinking: /home/pi4/camera_ws/src/install/as7265x_at_msgs/include/as7265x_at_msgs/as7265x_at_msgs/msg/detail/as7265x_cal__type_support.hpp
-- Symlinking: /home/pi4/camera_ws/src/install/as7265x_at_msgs/include/as7265x_at_msgs/as7265x_at_msgs/msg/detail/as7265x_raw__builder.hpp
-- Symlinking: /home/pi4/camera_ws/src/install/as7265x_at_msgs/include/as7265x_at_msgs/as7265x_at_msgs/msg/detail/as7265x_raw__struct.hpp
-- Symlinking: /home/pi4/camera_ws/src/install/as7265x_at_msgs/include/as7265x_at_msgs/as7265x_at_msgs/msg/detail/as7265x_raw__traits.hpp
-- Symlinking: /home/pi4/camera_ws/src/install/as7265x_at_msgs/include/as7265x_at_msgs/as7265x_at_msgs/msg/detail/as7265x_raw__type_support.hpp
-- Symlinking: /home/pi4/camera_ws/src/install/as7265x_at_msgs/include/as7265x_at_msgs/as7265x_at_msgs/msg/rosidl_generator_cpp__visibility_control.hpp
-- Symlinking: /home/pi4/camera_ws/src/install/as7265x_at_msgs/include/as7265x_at_msgs/as7265x_at_msgs/msg/detail/as7265x_cal__rosidl_typesupport_introspection_cpp.hpp
-- Symlinking: /home/pi4/camera_ws/src/install/as7265x_at_msgs/include/as7265x_at_msgs/as7265x_at_msgs/msg/detail/as7265x_raw__rosidl_typesupport_introspection_cpp.hpp
-- Symlinking: /home/pi4/camera_ws/src/install/as7265x_at_msgs/include/as7265x_at_msgs/as7265x_at_msgs/msg/detail/as7265x_cal__rosidl_typesupport_fastrtps_cpp.hpp
-- Symlinking: /home/pi4/camera_ws/src/install/as7265x_at_msgs/include/as7265x_at_msgs/as7265x_at_msgs/msg/detail/as7265x_raw__rosidl_typesupport_fastrtps_cpp.hpp
-- Symlinking: /home/pi4/camera_ws/src/install/as7265x_at_msgs/include/as7265x_at_msgs/as7265x_at_msgs/msg/rosidl_typesupport_fastrtps_cpp__visibility_control.h
-- Symlinking: /home/pi4/camera_ws/src/install/as7265x_at_msgs/share/as7265x_at_msgs/environment/pythonpath.sh
-- Symlinking: /home/pi4/camera_ws/src/install/as7265x_at_msgs/share/as7265x_at_msgs/environment/pythonpath.dsv
-- Symlinking: /home/pi4/camera_ws/src/install/as7265x_at_msgs/lib/python3.11/site-packages/as7265x_at_msgs-0.0.1-py3.11.egg-info/PKG-INFO
-- Symlinking: /home/pi4/camera_ws/src/install/as7265x_at_msgs/lib/python3.11/site-packages/as7265x_at_msgs-0.0.1-py3.11.egg-info/SOURCES.txt
-- Symlinking: /home/pi4/camera_ws/src/install/as7265x_at_msgs/lib/python3.11/site-packages/as7265x_at_msgs-0.0.1-py3.11.egg-info/dependency_links.txt
-- Symlinking: /home/pi4/camera_ws/src/install/as7265x_at_msgs/lib/python3.11/site-packages/as7265x_at_msgs-0.0.1-py3.11.egg-info/top_level.txt
-- Symlinking: /home/pi4/camera_ws/src/install/as7265x_at_msgs/lib/python3.11/site-packages/as7265x_at_msgs/__init__.py
-- Symlinking: /home/pi4/camera_ws/src/install/as7265x_at_msgs/lib/python3.11/site-packages/as7265x_at_msgs/_as7265x_at_msgs_s.ep.rosidl_typesupport_c.c
-- Symlinking: /home/pi4/camera_ws/src/install/as7265x_at_msgs/lib/python3.11/site-packages/as7265x_at_msgs/_as7265x_at_msgs_s.ep.rosidl_typesupport_fastrtps_c.c
-- Symlinking: /home/pi4/camera_ws/src/install/as7265x_at_msgs/lib/python3.11/site-packages/as7265x_at_msgs/_as7265x_at_msgs_s.ep.rosidl_typesupport_introspection_c.c
-- Symlinking: /home/pi4/camera_ws/src/install/as7265x_at_msgs/lib/python3.11/site-packages/as7265x_at_msgs/as7265x_at_msgs_s__rosidl_typesupport_c.so
-- Symlinking: /home/pi4/camera_ws/src/install/as7265x_at_msgs/lib/python3.11/site-packages/as7265x_at_msgs/as7265x_at_msgs_s__rosidl_typesupport_fastrtps_c.so
-- Symlinking: /home/pi4/camera_ws/src/install/as7265x_at_msgs/lib/python3.11/site-packages/as7265x_at_msgs/as7265x_at_msgs_s__rosidl_typesupport_introspection_c.so
-- Symlinking: /home/pi4/camera_ws/src/install/as7265x_at_msgs/lib/python3.11/site-packages/as7265x_at_msgs/msg/__init__.py
-- Symlinking: /home/pi4/camera_ws/src/install/as7265x_at_msgs/lib/python3.11/site-packages/as7265x_at_msgs/msg/_as7265x_cal.py
-- Symlinking: /home/pi4/camera_ws/src/install/as7265x_at_msgs/lib/python3.11/site-packages/as7265x_at_msgs/msg/_as7265x_cal_s.c
-- Symlinking: /home/pi4/camera_ws/src/install/as7265x_at_msgs/lib/python3.11/site-packages/as7265x_at_msgs/msg/_as7265x_raw.py
-- Symlinking: /home/pi4/camera_ws/src/install/as7265x_at_msgs/lib/python3.11/site-packages/as7265x_at_msgs/msg/_as7265x_raw_s.c
-- Up-to-date symlink: /home/pi4/camera_ws/src/install/as7265x_at_msgs/lib/python3.11/site-packages/as7265x_at_msgs/as7265x_at_msgs_s__rosidl_typesupport_introspection_c.so
-- Up-to-date symlink: /home/pi4/camera_ws/src/install/as7265x_at_msgs/lib/python3.11/site-packages/as7265x_at_msgs/as7265x_at_msgs_s__rosidl_typesupport_fastrtps_c.so
-- Up-to-date symlink: /home/pi4/camera_ws/src/install/as7265x_at_msgs/lib/python3.11/site-packages/as7265x_at_msgs/as7265x_at_msgs_s__rosidl_typesupport_c.so
-- Symlinking: /home/pi4/camera_ws/src/install/as7265x_at_msgs/share/as7265x_at_msgs/msg/AS7265xRaw.idl
-- Symlinking: /home/pi4/camera_ws/src/install/as7265x_at_msgs/share/as7265x_at_msgs/msg/AS7265xCal.idl
-- Symlinking: /home/pi4/camera_ws/src/install/as7265x_at_msgs/share/as7265x_at_msgs/msg/AS7265xRaw.msg
-- Symlinking: /home/pi4/camera_ws/src/install/as7265x_at_msgs/share/as7265x_at_msgs/msg/AS7265xCal.msg
-- Symlinking: /home/pi4/camera_ws/src/install/as7265x_at_msgs/share/ament_index/resource_index/package_run_dependencies/as7265x_at_msgs
-- Symlinking: /home/pi4/camera_ws/src/install/as7265x_at_msgs/share/ament_index/resource_index/parent_prefix_path/as7265x_at_msgs
-- Symlinking: /home/pi4/camera_ws/src/install/as7265x_at_msgs/share/as7265x_at_msgs/environment/ament_prefix_path.sh
-- Symlinking: /home/pi4/camera_ws/src/install/as7265x_at_msgs/share/as7265x_at_msgs/environment/ament_prefix_path.dsv
-- Symlinking: /home/pi4/camera_ws/src/install/as7265x_at_msgs/share/as7265x_at_msgs/environment/path.sh
-- Symlinking: /home/pi4/camera_ws/src/install/as7265x_at_msgs/share/as7265x_at_msgs/environment/path.dsv
-- Symlinking: /home/pi4/camera_ws/src/install/as7265x_at_msgs/share/as7265x_at_msgs/local_setup.bash
-- Symlinking: /home/pi4/camera_ws/src/install/as7265x_at_msgs/share/as7265x_at_msgs/local_setup.sh
-- Symlinking: /home/pi4/camera_ws/src/install/as7265x_at_msgs/share/as7265x_at_msgs/local_setup.zsh
-- Symlinking: /home/pi4/camera_ws/src/install/as7265x_at_msgs/share/as7265x_at_msgs/local_setup.dsv
-- Symlinking: /home/pi4/camera_ws/src/install/as7265x_at_msgs/share/as7265x_at_msgs/package.dsv
-- Symlinking: /home/pi4/camera_ws/src/install/as7265x_at_msgs/share/ament_index/resource_index/packages/as7265x_at_msgs
-- Symlinking: /home/pi4/camera_ws/src/install/as7265x_at_msgs/share/as7265x_at_msgs/cmake/rosidl_cmake-extras.cmake
-- Symlinking: /home/pi4/camera_ws/src/install/as7265x_at_msgs/share/as7265x_at_msgs/cmake/ament_cmake_export_dependencies-extras.cmake
-- Symlinking: /home/pi4/camera_ws/src/install/as7265x_at_msgs/share/as7265x_at_msgs/cmake/ament_cmake_export_include_directories-extras.cmake
-- Symlinking: /home/pi4/camera_ws/src/install/as7265x_at_msgs/share/as7265x_at_msgs/cmake/ament_cmake_export_libraries-extras.cmake
-- Symlinking: /home/pi4/camera_ws/src/install/as7265x_at_msgs/share/as7265x_at_msgs/cmake/ament_cmake_export_targets-extras.cmake
-- Symlinking: /home/pi4/camera_ws/src/install/as7265x_at_msgs/share/as7265x_at_msgs/cmake/rosidl_cmake_export_typesupport_targets-extras.cmake
-- Symlinking: /home/pi4/camera_ws/src/install/as7265x_at_msgs/share/as7265x_at_msgs/cmake/rosidl_cmake_export_typesupport_libraries-extras.cmake
-- Symlinking: /home/pi4/camera_ws/src/install/as7265x_at_msgs/share/as7265x_at_msgs/cmake/as7265x_at_msgsConfig.cmake
-- Symlinking: /home/pi4/camera_ws/src/install/as7265x_at_msgs/share/as7265x_at_msgs/cmake/as7265x_at_msgsConfig-version.cmake
-- Symlinking: /home/pi4/camera_ws/src/install/as7265x_at_msgs/share/as7265x_at_msgs/package.xml
-- Installing: /home/pi4/camera_ws/src/install/as7265x_at_msgs/lib/libas7265x_at_msgs__rosidl_generator_c.so
-- Set runtime path of "/home/pi4/camera_ws/src/install/as7265x_at_msgs/lib/libas7265x_at_msgs__rosidl_generator_c.so" to ""
-- Installing: /home/pi4/camera_ws/src/install/as7265x_at_msgs/lib/libas7265x_at_msgs__rosidl_typesupport_introspection_c.so
-- Set runtime path of "/home/pi4/camera_ws/src/install/as7265x_at_msgs/lib/libas7265x_at_msgs__rosidl_typesupport_introspection_c.so" to ""
-- Installing: /home/pi4/camera_ws/src/install/as7265x_at_msgs/lib/libas7265x_at_msgs__rosidl_typesupport_fastrtps_c.so
-- Set runtime path of "/home/pi4/camera_ws/src/install/as7265x_at_msgs/lib/libas7265x_at_msgs__rosidl_typesupport_fastrtps_c.so" to ""
-- Installing: /home/pi4/camera_ws/src/install/as7265x_at_msgs/lib/libas7265x_at_msgs__rosidl_typesupport_c.so
-- Set runtime path of "/home/pi4/camera_ws/src/install/as7265x_at_msgs/lib/libas7265x_at_msgs__rosidl_typesupport_c.so" to ""
-- Installing: /home/pi4/camera_ws/src/install/as7265x_at_msgs/lib/libas7265x_at_msgs__rosidl_typesupport_introspection_cpp.so
-- Set runtime path of "/home/pi4/camera_ws/src/install/as7265x_at_msgs/lib/libas7265x_at_msgs__rosidl_typesupport_introspection_cpp.so" to ""
-- Installing: /home/pi4/camera_ws/src/install/as7265x_at_msgs/lib/libas7265x_at_msgs__rosidl_typesupport_fastrtps_cpp.so
-- Set runtime path of "/home/pi4/camera_ws/src/install/as7265x_at_msgs/lib/libas7265x_at_msgs__rosidl_typesupport_fastrtps_cpp.so" to ""
-- Installing: /home/pi4/camera_ws/src/install/as7265x_at_msgs/lib/libas7265x_at_msgs__rosidl_typesupport_cpp.so
-- Set runtime path of "/home/pi4/camera_ws/src/install/as7265x_at_msgs/lib/libas7265x_at_msgs__rosidl_typesupport_cpp.so" to ""
Listing '/home/pi4/camera_ws/src/install/as7265x_at_msgs/lib/python3.11/site-packages/as7265x_at_msgs'...
Compiling '/home/pi4/camera_ws/src/install/as7265x_at_msgs/lib/python3.11/site-packages/as7265x_at_msgs/__init__.py'...
Listing '/home/pi4/camera_ws/src/install/as7265x_at_msgs/lib/python3.11/site-packages/as7265x_at_msgs/msg'...
Compiling '/home/pi4/camera_ws/src/install/as7265x_at_msgs/lib/python3.11/site-packages/as7265x_at_msgs/msg/__init__.py'...
Compiling '/home/pi4/camera_ws/src/install/as7265x_at_msgs/lib/python3.11/site-packages/as7265x_at_msgs/msg/_as7265x_cal.py'...
Compiling '/home/pi4/camera_ws/src/install/as7265x_at_msgs/lib/python3.11/site-packages/as7265x_at_msgs/msg/_as7265x_raw.py'...
-- Installing: /home/pi4/camera_ws/src/install/as7265x_at_msgs/lib/libas7265x_at_msgs__rosidl_generator_py.so
-- Set runtime path of "/home/pi4/camera_ws/src/install/as7265x_at_msgs/lib/libas7265x_at_msgs__rosidl_generator_py.so" to ""
-- Installing: /home/pi4/camera_ws/src/install/as7265x_at_msgs/share/as7265x_at_msgs/cmake/export_as7265x_at_msgs__rosidl_generator_cExport.cmake
-- Installing: /home/pi4/camera_ws/src/install/as7265x_at_msgs/share/as7265x_at_msgs/cmake/export_as7265x_at_msgs__rosidl_generator_cExport-noconfig.cmake
-- Installing: /home/pi4/camera_ws/src/install/as7265x_at_msgs/share/as7265x_at_msgs/cmake/as7265x_at_msgs__rosidl_typesupport_introspection_cExport.cmake
-- Installing: /home/pi4/camera_ws/src/install/as7265x_at_msgs/share/as7265x_at_msgs/cmake/as7265x_at_msgs__rosidl_typesupport_introspection_cExport-noconfig.cmake
-- Installing: /home/pi4/camera_ws/src/install/as7265x_at_msgs/share/as7265x_at_msgs/cmake/export_as7265x_at_msgs__rosidl_typesupport_fastrtps_cExport.cmake
-- Installing: /home/pi4/camera_ws/src/install/as7265x_at_msgs/share/as7265x_at_msgs/cmake/export_as7265x_at_msgs__rosidl_typesupport_fastrtps_cExport-noconfig.cmake
-- Installing: /home/pi4/camera_ws/src/install/as7265x_at_msgs/share/as7265x_at_msgs/cmake/as7265x_at_msgs__rosidl_typesupport_cExport.cmake
-- Installing: /home/pi4/camera_ws/src/install/as7265x_at_msgs/share/as7265x_at_msgs/cmake/as7265x_at_msgs__rosidl_typesupport_cExport-noconfig.cmake
-- Installing: /home/pi4/camera_ws/src/install/as7265x_at_msgs/share/as7265x_at_msgs/cmake/export_as7265x_at_msgs__rosidl_generator_cppExport.cmake
-- Installing: /home/pi4/camera_ws/src/install/as7265x_at_msgs/share/as7265x_at_msgs/cmake/as7265x_at_msgs__rosidl_typesupport_introspection_cppExport.cmake
-- Installing: /home/pi4/camera_ws/src/install/as7265x_at_msgs/share/as7265x_at_msgs/cmake/as7265x_at_msgs__rosidl_typesupport_introspection_cppExport-noconfig.cmake
-- Installing: /home/pi4/camera_ws/src/install/as7265x_at_msgs/share/as7265x_at_msgs/cmake/export_as7265x_at_msgs__rosidl_typesupport_fastrtps_cppExport.cmake
-- Installing: /home/pi4/camera_ws/src/install/as7265x_at_msgs/share/as7265x_at_msgs/cmake/export_as7265x_at_msgs__rosidl_typesupport_fastrtps_cppExport-noconfig.cmake
-- Installing: /home/pi4/camera_ws/src/install/as7265x_at_msgs/share/as7265x_at_msgs/cmake/as7265x_at_msgs__rosidl_typesupport_cppExport.cmake
-- Installing: /home/pi4/camera_ws/src/install/as7265x_at_msgs/share/as7265x_at_msgs/cmake/as7265x_at_msgs__rosidl_typesupport_cppExport-noconfig.cmake
-- Installing: /home/pi4/camera_ws/src/install/as7265x_at_msgs/share/as7265x_at_msgs/cmake/export_as7265x_at_msgs__rosidl_generator_pyExport.cmake
-- Installing: /home/pi4/camera_ws/src/install/as7265x_at_msgs/share/as7265x_at_msgs/cmake/export_as7265x_at_msgs__rosidl_generator_pyExport-noconfig.cmake
