[8.551s] Invoking command in '/home/pi4/camera_ws/src/build/as7265x_at_msgs': CMAKE_PREFIX_PATH=${CMAKE_PREFIX_PATH}:/home/pi4/camera_ws/install/as7265x_at:/home/pi4/camera_ws/install/stamp_and_split_cam1:/home/pi4/camera_ws/install/opencv_tests:/home/pi4/as7265x_at/install/as7265x_at:/home/pi4/ros2_jazzy/install/rqt_bag_plugins:/home/pi4/ros2_jazzy/install/rqt_bag:/home/pi4/ros2_jazzy/install/rosbag2_examples_py:/home/pi4/ros2_jazzy/install/launch_testing_examples:/home/pi4/ros2_jazzy/install/ros2bag:/home/pi4/ros2_jazzy/install/tracetools_test:/home/pi4/ros2_jazzy/install/tracetools_launch:/home/pi4/ros2_jazzy/install/topic_monitor:/home/pi4/ros2_jazzy/install/tf2_tools:/home/pi4/ros2_jazzy/install/examples_tf2_py:/home/pi4/ros2_jazzy/install/tf2_ros_py:/home/pi4/ros2_jazzy/install/examples_rclpy_pointcloud_publisher:/home/pi4/ros2_jazzy/install/sensor_msgs_py:/home/pi4/ros2_jazzy/install/quality_of_service_demo_py:/home/pi4/ros2_jazzy/install/camera_info_manager_py:/home/pi4/ros2_jazzy/install/rqt_plot:/home/pi4/ros2_jazzy/install/ros2doctor:/home/pi4/ros2_jazzy/install/lifecycle_py:/home/pi4/ros2_jazzy/install/examples_rclpy_minimal_subscriber:/home/pi4/ros2_jazzy/install/examples_rclpy_minimal_service:/home/pi4/ros2_jazzy/install/examples_rclpy_minimal_publisher:/home/pi4/ros2_jazzy/install/examples_rclpy_minimal_client:/home/pi4/ros2_jazzy/install/examples_rclpy_executors:/home/pi4/ros2_jazzy/install/demo_nodes_py:/home/pi4/ros2_jazzy/install/rqt:/home/pi4/ros2_jazzy/install/ros2component:/home/pi4/ros2_jazzy/install/sros2:/home/pi4/ros2_jazzy/install/rqt_topic:/home/pi4/ros2_jazzy/install/rqt_srv:/home/pi4/ros2_jazzy/install/rqt_shell:/home/pi4/ros2_jazzy/install/rqt_service_caller:/home/pi4/ros2_jazzy/install/rqt_reconfigure:/home/pi4/ros2_jazzy/install/rqt_py_console:/home/pi4/ros2_jazzy/install/rqt_publisher:/home/pi4/ros2_jazzy/install/rqt_action:/home/pi4/ros2_jazzy/install/rqt_msg:/home/pi4/ros2_jazzy/install/rqt_console:/home/pi4/ros2_jazzy/install/rqt_graph:/home/pi4/ros2_jazzy/install/rqt_gui_py:/home/pi4/ros2_jazzy/install/rqt_gui:/home/pi4/ros2_jazzy/install/ros2trace:/home/pi4/ros2_jazzy/install/ros2param:/home/pi4/ros2_jazzy/install/ros2lifecycle:/home/pi4/ros2_jazzy/install/ros2service:/home/pi4/ros2_jazzy/install/ros2topic:/home/pi4/ros2_jazzy/install/ros2test:/home/pi4/ros2_jazzy/install/ros2run:/home/pi4/ros2_jazzy/install/ros2plugin:/home/pi4/ros2_jazzy/install/ros2launch:/home/pi4/ros2_jazzy/install/ros2pkg:/home/pi4/ros2_jazzy/install/ros2node:/home/pi4/ros2_jazzy/install/ros2multicast:/home/pi4/ros2_jazzy/install/ros2interface:/home/pi4/ros2_jazzy/install/ros2action:/home/pi4/ros2_jazzy/install/ros2cli:/home/pi4/ros2_jazzy/install/launch_testing_ros:/home/pi4/ros2_jazzy/install/launch_ros:/home/pi4/ros2_jazzy/install/examples_rclpy_minimal_action_server:/home/pi4/ros2_jazzy/install/examples_rclpy_minimal_action_client:/home/pi4/ros2_jazzy/install/examples_rclpy_guard_conditions:/home/pi4/ros2_jazzy/install/action_tutorials_py:/home/pi4/ros2_jazzy/install/ament_uncrustify:/home/pi4/ros2_jazzy/install/tracetools_trace:/home/pi4/ros2_jazzy/install/tracetools_read:/home/pi4/ros2_jazzy/install/test_tracetools_launch:/home/pi4/ros2_jazzy/install/test_ros2trace:/home/pi4/ros2_jazzy/install/test_launch_ros:/home/pi4/ros2_jazzy/install/rpyutils:/home/pi4/ros2_jazzy/install/rosidl_runtime_py:/home/pi4/ros2_jazzy/install/rosidl_pycommon:/home/pi4/ros2_jazzy/install/rosidl_cli:/home/pi4/ros2_jazzy/install/launch_pytest:/home/pi4/ros2_jazzy/install/launch_testing:/home/pi4/ros2_jazzy/install/launch_yaml:/home/pi4/ros2_jazzy/install/launch_xml:/home/pi4/ros2_jazzy/install/launch:/home/pi4/ros2_jazzy/install/osrf_pycommon:/home/pi4/ros2_jazzy/install/domain_coordinator:/home/pi4/ros2_jazzy/install/ament_xmllint:/home/pi4/ros2_jazzy/install/ament_pyflakes:/home/pi4/ros2_jazzy/install/ament_pycodestyle:/home/pi4/ros2_jazzy/install/ament_pep257:/home/pi4/ros2_jazzy/install/ament_pclint:/home/pi4/ros2_jazzy/install/ament_package:/home/pi4/ros2_jazzy/install/ament_mypy:/home/pi4/ros2_jazzy/install/ament_lint_cmake:/home/pi4/ros2_jazzy/install/ament_flake8:/home/pi4/ros2_jazzy/install/ament_copyright:/home/pi4/ros2_jazzy/install/ament_lint:/home/pi4/ros2_jazzy/install/ament_index_python:/home/pi4/ros2_jazzy/install/ament_cpplint:/home/pi4/ros2_jazzy/install/ament_cppcheck:/home/pi4/ros2_jazzy/install/ament_clang_tidy:/home/pi4/ros2_jazzy/install/ament_clang_format /usr/bin/cmake /home/pi4/camera_ws/src/as7265x_at_msgs -DAMENT_CMAKE_SYMLINK_INSTALL=1 -DCMAKE_INSTALL_PREFIX=/home/pi4/camera_ws/src/install/as7265x_at_msgs
[10.734s] -- The C compiler identification is GNU 12.2.0
[12.419s] -- The CXX compiler identification is GNU 12.2.0
[12.516s] -- Detecting C compiler ABI info
[13.826s] -- Detecting C compiler ABI info - done
[13.899s] -- Check for working C compiler: /usr/bin/cc - skipped
[13.902s] -- Detecting C compile features
[13.909s] -- Detecting C compile features - done
[13.931s] -- Detecting CXX compiler ABI info
[15.205s] -- Detecting CXX compiler ABI info - done
[15.288s] -- Check for working CXX compiler: /usr/bin/c++ - skipped
[15.290s] -- Detecting CXX compile features
[15.292s] -- Detecting CXX compile features - done
[15.382s] -- Found ament_cmake: 2.5.4 (/home/pi4/ros2_jazzy/install/ament_cmake/share/ament_cmake/cmake)
[29.177s] -- Found Python3: /usr/bin/python3 (found version "3.11.2") found components: Interpreter 
[31.371s] -- Override CMake install command with custom implementation using symlinks instead of copying resources
[32.646s] -- Found rosidl_default_generators: 1.6.0 (/home/pi4/ros2_jazzy/install/rosidl_default_generators/share/rosidl_default_generators/cmake)
[33.834s] -- Using all available rosidl_typesupport_c: rosidl_typesupport_introspection_c;rosidl_typesupport_fastrtps_c
[35.449s] -- Using all available rosidl_typesupport_cpp: rosidl_typesupport_introspection_cpp;rosidl_typesupport_fastrtps_cpp
[36.700s] -- Found rosidl_adapter: 4.6.6 (/home/pi4/ros2_jazzy/install/rosidl_adapter/share/rosidl_adapter/cmake)
[36.747s] -- Found std_msgs: 5.3.6 (/home/pi4/ros2_jazzy/install/std_msgs/share/std_msgs/cmake)
[37.453s] -- Found ament_lint_auto: 0.17.3 (/home/pi4/ros2_jazzy/install/ament_lint_auto/share/ament_lint_auto/cmake)
[45.277s] -- Found ament_cmake_ros: 0.12.0 (/home/pi4/ros2_jazzy/install/ament_cmake_ros/share/ament_cmake_ros/cmake)
[47.257s] -- Using all available rosidl_typesupport_c: rosidl_typesupport_introspection_c;rosidl_typesupport_fastrtps_c
[50.152s] -- Using all available rosidl_typesupport_cpp: rosidl_typesupport_introspection_cpp;rosidl_typesupport_fastrtps_cpp
[50.238s] -- Found python_cmake_module: 0.11.1 (/home/pi4/ros2_jazzy/install/python_cmake_module/share/python_cmake_module/cmake)
[50.928s] -- Found PythonExtra: /usr/bin/python3  
[78.393s] -- Found Python3: /usr/bin/python3 (found version "3.11.2") found components: Interpreter Development NumPy Development.Module Development.Embed 
[79.872s] -- Added test 'lint_cmake' to check CMake code style
[79.932s] -- Added test 'xmllint' to check XML markup files
[80.098s] -- Configuring done
[80.481s] -- Generating done
[80.622s] -- Build files have been written to: /home/pi4/camera_ws/src/build/as7265x_at_msgs
[80.755s] Invoked command in '/home/pi4/camera_ws/src/build/as7265x_at_msgs' returned '0': CMAKE_PREFIX_PATH=${CMAKE_PREFIX_PATH}:/home/pi4/camera_ws/install/as7265x_at:/home/pi4/camera_ws/install/stamp_and_split_cam1:/home/pi4/camera_ws/install/opencv_tests:/home/pi4/as7265x_at/install/as7265x_at:/home/pi4/ros2_jazzy/install/rqt_bag_plugins:/home/pi4/ros2_jazzy/install/rqt_bag:/home/pi4/ros2_jazzy/install/rosbag2_examples_py:/home/pi4/ros2_jazzy/install/launch_testing_examples:/home/pi4/ros2_jazzy/install/ros2bag:/home/pi4/ros2_jazzy/install/tracetools_test:/home/pi4/ros2_jazzy/install/tracetools_launch:/home/pi4/ros2_jazzy/install/topic_monitor:/home/pi4/ros2_jazzy/install/tf2_tools:/home/pi4/ros2_jazzy/install/examples_tf2_py:/home/pi4/ros2_jazzy/install/tf2_ros_py:/home/pi4/ros2_jazzy/install/examples_rclpy_pointcloud_publisher:/home/pi4/ros2_jazzy/install/sensor_msgs_py:/home/pi4/ros2_jazzy/install/quality_of_service_demo_py:/home/pi4/ros2_jazzy/install/camera_info_manager_py:/home/pi4/ros2_jazzy/install/rqt_plot:/home/pi4/ros2_jazzy/install/ros2doctor:/home/pi4/ros2_jazzy/install/lifecycle_py:/home/pi4/ros2_jazzy/install/examples_rclpy_minimal_subscriber:/home/pi4/ros2_jazzy/install/examples_rclpy_minimal_service:/home/pi4/ros2_jazzy/install/examples_rclpy_minimal_publisher:/home/pi4/ros2_jazzy/install/examples_rclpy_minimal_client:/home/pi4/ros2_jazzy/install/examples_rclpy_executors:/home/pi4/ros2_jazzy/install/demo_nodes_py:/home/pi4/ros2_jazzy/install/rqt:/home/pi4/ros2_jazzy/install/ros2component:/home/pi4/ros2_jazzy/install/sros2:/home/pi4/ros2_jazzy/install/rqt_topic:/home/pi4/ros2_jazzy/install/rqt_srv:/home/pi4/ros2_jazzy/install/rqt_shell:/home/pi4/ros2_jazzy/install/rqt_service_caller:/home/pi4/ros2_jazzy/install/rqt_reconfigure:/home/pi4/ros2_jazzy/install/rqt_py_console:/home/pi4/ros2_jazzy/install/rqt_publisher:/home/pi4/ros2_jazzy/install/rqt_action:/home/pi4/ros2_jazzy/install/rqt_msg:/home/pi4/ros2_jazzy/install/rqt_console:/home/pi4/ros2_jazzy/install/rqt_graph:/home/pi4/ros2_jazzy/install/rqt_gui_py:/home/pi4/ros2_jazzy/install/rqt_gui:/home/pi4/ros2_jazzy/install/ros2trace:/home/pi4/ros2_jazzy/install/ros2param:/home/pi4/ros2_jazzy/install/ros2lifecycle:/home/pi4/ros2_jazzy/install/ros2service:/home/pi4/ros2_jazzy/install/ros2topic:/home/pi4/ros2_jazzy/install/ros2test:/home/pi4/ros2_jazzy/install/ros2run:/home/pi4/ros2_jazzy/install/ros2plugin:/home/pi4/ros2_jazzy/install/ros2launch:/home/pi4/ros2_jazzy/install/ros2pkg:/home/pi4/ros2_jazzy/install/ros2node:/home/pi4/ros2_jazzy/install/ros2multicast:/home/pi4/ros2_jazzy/install/ros2interface:/home/pi4/ros2_jazzy/install/ros2action:/home/pi4/ros2_jazzy/install/ros2cli:/home/pi4/ros2_jazzy/install/launch_testing_ros:/home/pi4/ros2_jazzy/install/launch_ros:/home/pi4/ros2_jazzy/install/examples_rclpy_minimal_action_server:/home/pi4/ros2_jazzy/install/examples_rclpy_minimal_action_client:/home/pi4/ros2_jazzy/install/examples_rclpy_guard_conditions:/home/pi4/ros2_jazzy/install/action_tutorials_py:/home/pi4/ros2_jazzy/install/ament_uncrustify:/home/pi4/ros2_jazzy/install/tracetools_trace:/home/pi4/ros2_jazzy/install/tracetools_read:/home/pi4/ros2_jazzy/install/test_tracetools_launch:/home/pi4/ros2_jazzy/install/test_ros2trace:/home/pi4/ros2_jazzy/install/test_launch_ros:/home/pi4/ros2_jazzy/install/rpyutils:/home/pi4/ros2_jazzy/install/rosidl_runtime_py:/home/pi4/ros2_jazzy/install/rosidl_pycommon:/home/pi4/ros2_jazzy/install/rosidl_cli:/home/pi4/ros2_jazzy/install/launch_pytest:/home/pi4/ros2_jazzy/install/launch_testing:/home/pi4/ros2_jazzy/install/launch_yaml:/home/pi4/ros2_jazzy/install/launch_xml:/home/pi4/ros2_jazzy/install/launch:/home/pi4/ros2_jazzy/install/osrf_pycommon:/home/pi4/ros2_jazzy/install/domain_coordinator:/home/pi4/ros2_jazzy/install/ament_xmllint:/home/pi4/ros2_jazzy/install/ament_pyflakes:/home/pi4/ros2_jazzy/install/ament_pycodestyle:/home/pi4/ros2_jazzy/install/ament_pep257:/home/pi4/ros2_jazzy/install/ament_pclint:/home/pi4/ros2_jazzy/install/ament_package:/home/pi4/ros2_jazzy/install/ament_mypy:/home/pi4/ros2_jazzy/install/ament_lint_cmake:/home/pi4/ros2_jazzy/install/ament_flake8:/home/pi4/ros2_jazzy/install/ament_copyright:/home/pi4/ros2_jazzy/install/ament_lint:/home/pi4/ros2_jazzy/install/ament_index_python:/home/pi4/ros2_jazzy/install/ament_cpplint:/home/pi4/ros2_jazzy/install/ament_cppcheck:/home/pi4/ros2_jazzy/install/ament_clang_tidy:/home/pi4/ros2_jazzy/install/ament_clang_format /usr/bin/cmake /home/pi4/camera_ws/src/as7265x_at_msgs -DAMENT_CMAKE_SYMLINK_INSTALL=1 -DCMAKE_INSTALL_PREFIX=/home/pi4/camera_ws/src/install/as7265x_at_msgs
[80.790s] Invoking command in '/home/pi4/camera_ws/src/build/as7265x_at_msgs': CMAKE_PREFIX_PATH=${CMAKE_PREFIX_PATH}:/home/pi4/camera_ws/install/as7265x_at:/home/pi4/camera_ws/install/stamp_and_split_cam1:/home/pi4/camera_ws/install/opencv_tests:/home/pi4/as7265x_at/install/as7265x_at:/home/pi4/ros2_jazzy/install/rqt_bag_plugins:/home/pi4/ros2_jazzy/install/rqt_bag:/home/pi4/ros2_jazzy/install/rosbag2_examples_py:/home/pi4/ros2_jazzy/install/launch_testing_examples:/home/pi4/ros2_jazzy/install/ros2bag:/home/pi4/ros2_jazzy/install/tracetools_test:/home/pi4/ros2_jazzy/install/tracetools_launch:/home/pi4/ros2_jazzy/install/topic_monitor:/home/pi4/ros2_jazzy/install/tf2_tools:/home/pi4/ros2_jazzy/install/examples_tf2_py:/home/pi4/ros2_jazzy/install/tf2_ros_py:/home/pi4/ros2_jazzy/install/examples_rclpy_pointcloud_publisher:/home/pi4/ros2_jazzy/install/sensor_msgs_py:/home/pi4/ros2_jazzy/install/quality_of_service_demo_py:/home/pi4/ros2_jazzy/install/camera_info_manager_py:/home/pi4/ros2_jazzy/install/rqt_plot:/home/pi4/ros2_jazzy/install/ros2doctor:/home/pi4/ros2_jazzy/install/lifecycle_py:/home/pi4/ros2_jazzy/install/examples_rclpy_minimal_subscriber:/home/pi4/ros2_jazzy/install/examples_rclpy_minimal_service:/home/pi4/ros2_jazzy/install/examples_rclpy_minimal_publisher:/home/pi4/ros2_jazzy/install/examples_rclpy_minimal_client:/home/pi4/ros2_jazzy/install/examples_rclpy_executors:/home/pi4/ros2_jazzy/install/demo_nodes_py:/home/pi4/ros2_jazzy/install/rqt:/home/pi4/ros2_jazzy/install/ros2component:/home/pi4/ros2_jazzy/install/sros2:/home/pi4/ros2_jazzy/install/rqt_topic:/home/pi4/ros2_jazzy/install/rqt_srv:/home/pi4/ros2_jazzy/install/rqt_shell:/home/pi4/ros2_jazzy/install/rqt_service_caller:/home/pi4/ros2_jazzy/install/rqt_reconfigure:/home/pi4/ros2_jazzy/install/rqt_py_console:/home/pi4/ros2_jazzy/install/rqt_publisher:/home/pi4/ros2_jazzy/install/rqt_action:/home/pi4/ros2_jazzy/install/rqt_msg:/home/pi4/ros2_jazzy/install/rqt_console:/home/pi4/ros2_jazzy/install/rqt_graph:/home/pi4/ros2_jazzy/install/rqt_gui_py:/home/pi4/ros2_jazzy/install/rqt_gui:/home/pi4/ros2_jazzy/install/ros2trace:/home/pi4/ros2_jazzy/install/ros2param:/home/pi4/ros2_jazzy/install/ros2lifecycle:/home/pi4/ros2_jazzy/install/ros2service:/home/pi4/ros2_jazzy/install/ros2topic:/home/pi4/ros2_jazzy/install/ros2test:/home/pi4/ros2_jazzy/install/ros2run:/home/pi4/ros2_jazzy/install/ros2plugin:/home/pi4/ros2_jazzy/install/ros2launch:/home/pi4/ros2_jazzy/install/ros2pkg:/home/pi4/ros2_jazzy/install/ros2node:/home/pi4/ros2_jazzy/install/ros2multicast:/home/pi4/ros2_jazzy/install/ros2interface:/home/pi4/ros2_jazzy/install/ros2action:/home/pi4/ros2_jazzy/install/ros2cli:/home/pi4/ros2_jazzy/install/launch_testing_ros:/home/pi4/ros2_jazzy/install/launch_ros:/home/pi4/ros2_jazzy/install/examples_rclpy_minimal_action_server:/home/pi4/ros2_jazzy/install/examples_rclpy_minimal_action_client:/home/pi4/ros2_jazzy/install/examples_rclpy_guard_conditions:/home/pi4/ros2_jazzy/install/action_tutorials_py:/home/pi4/ros2_jazzy/install/ament_uncrustify:/home/pi4/ros2_jazzy/install/tracetools_trace:/home/pi4/ros2_jazzy/install/tracetools_read:/home/pi4/ros2_jazzy/install/test_tracetools_launch:/home/pi4/ros2_jazzy/install/test_ros2trace:/home/pi4/ros2_jazzy/install/test_launch_ros:/home/pi4/ros2_jazzy/install/rpyutils:/home/pi4/ros2_jazzy/install/rosidl_runtime_py:/home/pi4/ros2_jazzy/install/rosidl_pycommon:/home/pi4/ros2_jazzy/install/rosidl_cli:/home/pi4/ros2_jazzy/install/launch_pytest:/home/pi4/ros2_jazzy/install/launch_testing:/home/pi4/ros2_jazzy/install/launch_yaml:/home/pi4/ros2_jazzy/install/launch_xml:/home/pi4/ros2_jazzy/install/launch:/home/pi4/ros2_jazzy/install/osrf_pycommon:/home/pi4/ros2_jazzy/install/domain_coordinator:/home/pi4/ros2_jazzy/install/ament_xmllint:/home/pi4/ros2_jazzy/install/ament_pyflakes:/home/pi4/ros2_jazzy/install/ament_pycodestyle:/home/pi4/ros2_jazzy/install/ament_pep257:/home/pi4/ros2_jazzy/install/ament_pclint:/home/pi4/ros2_jazzy/install/ament_package:/home/pi4/ros2_jazzy/install/ament_mypy:/home/pi4/ros2_jazzy/install/ament_lint_cmake:/home/pi4/ros2_jazzy/install/ament_flake8:/home/pi4/ros2_jazzy/install/ament_copyright:/home/pi4/ros2_jazzy/install/ament_lint:/home/pi4/ros2_jazzy/install/ament_index_python:/home/pi4/ros2_jazzy/install/ament_cpplint:/home/pi4/ros2_jazzy/install/ament_cppcheck:/home/pi4/ros2_jazzy/install/ament_clang_tidy:/home/pi4/ros2_jazzy/install/ament_clang_format /usr/bin/cmake --build /home/pi4/camera_ws/src/build/as7265x_at_msgs -- -j4 -l4
[81.591s] [  2%] [34m[1mGenerating type hashes for ROS interfaces[0m
[84.770s] [  2%] Built target as7265x_at_msgs__rosidl_generator_type_description
[85.333s] [  2%] Built target ament_cmake_python_symlink_as7265x_at_msgs
[85.473s] [  4%] [34m[1mGenerating C code for ROS interfaces[0m
[91.440s] [  6%] [32mBuilding C object CMakeFiles/as7265x_at_msgs__rosidl_generator_c.dir/rosidl_generator_c/as7265x_at_msgs/msg/detail/as7265x_raw__description.c.o[0m
[92.169s] [  9%] [32mBuilding C object CMakeFiles/as7265x_at_msgs__rosidl_generator_c.dir/rosidl_generator_c/as7265x_at_msgs/msg/detail/as7265x_raw__functions.c.o[0m
[92.797s] [ 11%] [32mBuilding C object CMakeFiles/as7265x_at_msgs__rosidl_generator_c.dir/rosidl_generator_c/as7265x_at_msgs/msg/detail/as7265x_raw__type_support.c.o[0m
[93.186s] [ 13%] [32mBuilding C object CMakeFiles/as7265x_at_msgs__rosidl_generator_c.dir/rosidl_generator_c/as7265x_at_msgs/msg/detail/as7265x_cal__description.c.o[0m
[93.682s] [ 15%] [32mBuilding C object CMakeFiles/as7265x_at_msgs__rosidl_generator_c.dir/rosidl_generator_c/as7265x_at_msgs/msg/detail/as7265x_cal__functions.c.o[0m
[94.318s] [ 18%] [32mBuilding C object CMakeFiles/as7265x_at_msgs__rosidl_generator_c.dir/rosidl_generator_c/as7265x_at_msgs/msg/detail/as7265x_cal__type_support.c.o[0m
[94.825s] [ 20%] [32m[1mLinking C shared library libas7265x_at_msgs__rosidl_generator_c.so[0m
[95.433s] [ 20%] Built target as7265x_at_msgs__rosidl_generator_c
[103.309s] running egg_info
[103.312s] creating as7265x_at_msgs.egg-info
[103.788s] writing as7265x_at_msgs.egg-info/PKG-INFO
[103.790s] writing dependency_links to as7265x_at_msgs.egg-info/dependency_links.txt
[103.791s] writing top-level names to as7265x_at_msgs.egg-info/top_level.txt
[103.793s] writing manifest file 'as7265x_at_msgs.egg-info/SOURCES.txt'
[105.197s] reading manifest file 'as7265x_at_msgs.egg-info/SOURCES.txt'
[105.201s] writing manifest file 'as7265x_at_msgs.egg-info/SOURCES.txt'
[106.077s] [ 20%] Built target ament_cmake_python_build_as7265x_at_msgs_egg
[106.331s] [ 22%] [34m[1mGenerating C type support for eProsima Fast-RTPS[0m
[110.456s] [ 25%] [32mBuilding CXX object CMakeFiles/as7265x_at_msgs__rosidl_typesupport_fastrtps_c.dir/rosidl_typesupport_fastrtps_c/as7265x_at_msgs/msg/detail/as7265x_raw__type_support_c.cpp.o[0m
[119.039s] [ 27%] [32mBuilding CXX object CMakeFiles/as7265x_at_msgs__rosidl_typesupport_fastrtps_c.dir/rosidl_typesupport_fastrtps_c/as7265x_at_msgs/msg/detail/as7265x_cal__type_support_c.cpp.o[0m
[125.929s] [ 29%] [32m[1mLinking CXX shared library libas7265x_at_msgs__rosidl_typesupport_fastrtps_c.so[0m
[126.822s] [ 29%] Built target as7265x_at_msgs__rosidl_typesupport_fastrtps_c
[126.983s] [ 31%] [34m[1mGenerating C introspection for ROS interfaces[0m
[131.145s] [ 34%] [32mBuilding C object CMakeFiles/as7265x_at_msgs__rosidl_typesupport_introspection_c.dir/rosidl_typesupport_introspection_c/as7265x_at_msgs/msg/detail/as7265x_raw__type_support.c.o[0m
[131.742s] [ 36%] [32mBuilding C object CMakeFiles/as7265x_at_msgs__rosidl_typesupport_introspection_c.dir/rosidl_typesupport_introspection_c/as7265x_at_msgs/msg/detail/as7265x_cal__type_support.c.o[0m
[132.267s] [ 38%] [32m[1mLinking C shared library libas7265x_at_msgs__rosidl_typesupport_introspection_c.so[0m
[132.881s] [ 38%] Built target as7265x_at_msgs__rosidl_typesupport_introspection_c
[133.054s] [ 40%] [34m[1mGenerating C type support dispatch for ROS interfaces[0m
[136.541s] [ 43%] [32mBuilding CXX object CMakeFiles/as7265x_at_msgs__rosidl_typesupport_c.dir/rosidl_typesupport_c/as7265x_at_msgs/msg/as7265x_raw__type_support.cpp.o[0m
[137.061s] [ 45%] [32mBuilding CXX object CMakeFiles/as7265x_at_msgs__rosidl_typesupport_c.dir/rosidl_typesupport_c/as7265x_at_msgs/msg/as7265x_cal__type_support.cpp.o[0m
[137.540s] [ 47%] [32m[1mLinking CXX shared library libas7265x_at_msgs__rosidl_typesupport_c.so[0m
[137.998s] [ 47%] Built target as7265x_at_msgs__rosidl_typesupport_c
[138.358s] [ 50%] [34m[1mGenerating C++ code for ROS interfaces[0m
[143.518s] [ 50%] Built target as7265x_at_msgs__cpp
[143.822s] [ 52%] [34m[1mGenerating C++ introspection for ROS interfaces[0m
[147.931s] [ 54%] [32mBuilding CXX object CMakeFiles/as7265x_at_msgs__rosidl_typesupport_introspection_cpp.dir/rosidl_typesupport_introspection_cpp/as7265x_at_msgs/msg/detail/as7265x_raw__type_support.cpp.o[0m
[152.945s] [ 56%] [32mBuilding CXX object CMakeFiles/as7265x_at_msgs__rosidl_typesupport_introspection_cpp.dir/rosidl_typesupport_introspection_cpp/as7265x_at_msgs/msg/detail/as7265x_cal__type_support.cpp.o[0m
[157.661s] [ 59%] [32m[1mLinking CXX shared library libas7265x_at_msgs__rosidl_typesupport_introspection_cpp.so[0m
[158.577s] [ 59%] Built target as7265x_at_msgs__rosidl_typesupport_introspection_cpp
[158.766s] [ 61%] [34m[1mGenerating C++ type support for eProsima Fast-RTPS[0m
[163.202s] [ 63%] [32mBuilding CXX object CMakeFiles/as7265x_at_msgs__rosidl_typesupport_fastrtps_cpp.dir/rosidl_typesupport_fastrtps_cpp/as7265x_at_msgs/msg/detail/dds_fastrtps/as7265x_raw__type_support.cpp.o[0m
[170.294s] [ 65%] [32mBuilding CXX object CMakeFiles/as7265x_at_msgs__rosidl_typesupport_fastrtps_cpp.dir/rosidl_typesupport_fastrtps_cpp/as7265x_at_msgs/msg/detail/dds_fastrtps/as7265x_cal__type_support.cpp.o[0m
[177.744s] [ 68%] [32m[1mLinking CXX shared library libas7265x_at_msgs__rosidl_typesupport_fastrtps_cpp.so[0m
[178.646s] [ 68%] Built target as7265x_at_msgs__rosidl_typesupport_fastrtps_cpp
[178.822s] [ 70%] [34m[1mGenerating C++ type support dispatch for ROS interfaces[0m
[182.542s] [ 72%] [32mBuilding CXX object CMakeFiles/as7265x_at_msgs__rosidl_typesupport_cpp.dir/rosidl_typesupport_cpp/as7265x_at_msgs/msg/as7265x_raw__type_support.cpp.o[0m
[187.245s] [ 75%] [32mBuilding CXX object CMakeFiles/as7265x_at_msgs__rosidl_typesupport_cpp.dir/rosidl_typesupport_cpp/as7265x_at_msgs/msg/as7265x_cal__type_support.cpp.o[0m
[192.373s] [ 77%] [32m[1mLinking CXX shared library libas7265x_at_msgs__rosidl_typesupport_cpp.so[0m
[193.182s] [ 77%] Built target as7265x_at_msgs__rosidl_typesupport_cpp
[193.570s] [ 77%] Built target as7265x_at_msgs
[193.883s] [ 79%] [34m[1mGenerating Python code for ROS interfaces[0m
[199.021s] [ 79%] Built target as7265x_at_msgs__py
[199.460s] [ 81%] [32mBuilding C object CMakeFiles/as7265x_at_msgs__rosidl_generator_py.dir/rosidl_generator_py/as7265x_at_msgs/msg/_as7265x_raw_s.c.o[0m
[201.135s] [ 84%] [32mBuilding C object CMakeFiles/as7265x_at_msgs__rosidl_generator_py.dir/rosidl_generator_py/as7265x_at_msgs/msg/_as7265x_cal_s.c.o[0m
[202.305s] [ 86%] [32m[1mLinking C shared library libas7265x_at_msgs__rosidl_generator_py.so[0m
[203.114s] [ 86%] Built target as7265x_at_msgs__rosidl_generator_py
[203.458s] [ 88%] [32mBuilding C object CMakeFiles/as7265x_at_msgs_s__rosidl_typesupport_introspection_c.dir/rosidl_generator_py/as7265x_at_msgs/_as7265x_at_msgs_s.ep.rosidl_typesupport_introspection_c.c.o[0m
[204.645s] [ 90%] [32m[1mLinking C shared module rosidl_generator_py/as7265x_at_msgs/as7265x_at_msgs_s__rosidl_typesupport_introspection_c.so[0m
[205.178s] [ 90%] Built target as7265x_at_msgs_s__rosidl_typesupport_introspection_c
[205.567s] [ 93%] [32mBuilding C object CMakeFiles/as7265x_at_msgs_s__rosidl_typesupport_c.dir/rosidl_generator_py/as7265x_at_msgs/_as7265x_at_msgs_s.ep.rosidl_typesupport_c.c.o[0m
[206.607s] [ 95%] [32m[1mLinking C shared module rosidl_generator_py/as7265x_at_msgs/as7265x_at_msgs_s__rosidl_typesupport_c.so[0m
[207.202s] [ 95%] Built target as7265x_at_msgs_s__rosidl_typesupport_c
[207.569s] [ 97%] [32mBuilding C object CMakeFiles/as7265x_at_msgs_s__rosidl_typesupport_fastrtps_c.dir/rosidl_generator_py/as7265x_at_msgs/_as7265x_at_msgs_s.ep.rosidl_typesupport_fastrtps_c.c.o[0m
[208.645s] [100%] [32m[1mLinking C shared module rosidl_generator_py/as7265x_at_msgs/as7265x_at_msgs_s__rosidl_typesupport_fastrtps_c.so[0m
[209.064s] [100%] Built target as7265x_at_msgs_s__rosidl_typesupport_fastrtps_c
[209.282s] Invoked command in '/home/pi4/camera_ws/src/build/as7265x_at_msgs' returned '0': CMAKE_PREFIX_PATH=${CMAKE_PREFIX_PATH}:/home/pi4/camera_ws/install/as7265x_at:/home/pi4/camera_ws/install/stamp_and_split_cam1:/home/pi4/camera_ws/install/opencv_tests:/home/pi4/as7265x_at/install/as7265x_at:/home/pi4/ros2_jazzy/install/rqt_bag_plugins:/home/pi4/ros2_jazzy/install/rqt_bag:/home/pi4/ros2_jazzy/install/rosbag2_examples_py:/home/pi4/ros2_jazzy/install/launch_testing_examples:/home/pi4/ros2_jazzy/install/ros2bag:/home/pi4/ros2_jazzy/install/tracetools_test:/home/pi4/ros2_jazzy/install/tracetools_launch:/home/pi4/ros2_jazzy/install/topic_monitor:/home/pi4/ros2_jazzy/install/tf2_tools:/home/pi4/ros2_jazzy/install/examples_tf2_py:/home/pi4/ros2_jazzy/install/tf2_ros_py:/home/pi4/ros2_jazzy/install/examples_rclpy_pointcloud_publisher:/home/pi4/ros2_jazzy/install/sensor_msgs_py:/home/pi4/ros2_jazzy/install/quality_of_service_demo_py:/home/pi4/ros2_jazzy/install/camera_info_manager_py:/home/pi4/ros2_jazzy/install/rqt_plot:/home/pi4/ros2_jazzy/install/ros2doctor:/home/pi4/ros2_jazzy/install/lifecycle_py:/home/pi4/ros2_jazzy/install/examples_rclpy_minimal_subscriber:/home/pi4/ros2_jazzy/install/examples_rclpy_minimal_service:/home/pi4/ros2_jazzy/install/examples_rclpy_minimal_publisher:/home/pi4/ros2_jazzy/install/examples_rclpy_minimal_client:/home/pi4/ros2_jazzy/install/examples_rclpy_executors:/home/pi4/ros2_jazzy/install/demo_nodes_py:/home/pi4/ros2_jazzy/install/rqt:/home/pi4/ros2_jazzy/install/ros2component:/home/pi4/ros2_jazzy/install/sros2:/home/pi4/ros2_jazzy/install/rqt_topic:/home/pi4/ros2_jazzy/install/rqt_srv:/home/pi4/ros2_jazzy/install/rqt_shell:/home/pi4/ros2_jazzy/install/rqt_service_caller:/home/pi4/ros2_jazzy/install/rqt_reconfigure:/home/pi4/ros2_jazzy/install/rqt_py_console:/home/pi4/ros2_jazzy/install/rqt_publisher:/home/pi4/ros2_jazzy/install/rqt_action:/home/pi4/ros2_jazzy/install/rqt_msg:/home/pi4/ros2_jazzy/install/rqt_console:/home/pi4/ros2_jazzy/install/rqt_graph:/home/pi4/ros2_jazzy/install/rqt_gui_py:/home/pi4/ros2_jazzy/install/rqt_gui:/home/pi4/ros2_jazzy/install/ros2trace:/home/pi4/ros2_jazzy/install/ros2param:/home/pi4/ros2_jazzy/install/ros2lifecycle:/home/pi4/ros2_jazzy/install/ros2service:/home/pi4/ros2_jazzy/install/ros2topic:/home/pi4/ros2_jazzy/install/ros2test:/home/pi4/ros2_jazzy/install/ros2run:/home/pi4/ros2_jazzy/install/ros2plugin:/home/pi4/ros2_jazzy/install/ros2launch:/home/pi4/ros2_jazzy/install/ros2pkg:/home/pi4/ros2_jazzy/install/ros2node:/home/pi4/ros2_jazzy/install/ros2multicast:/home/pi4/ros2_jazzy/install/ros2interface:/home/pi4/ros2_jazzy/install/ros2action:/home/pi4/ros2_jazzy/install/ros2cli:/home/pi4/ros2_jazzy/install/launch_testing_ros:/home/pi4/ros2_jazzy/install/launch_ros:/home/pi4/ros2_jazzy/install/examples_rclpy_minimal_action_server:/home/pi4/ros2_jazzy/install/examples_rclpy_minimal_action_client:/home/pi4/ros2_jazzy/install/examples_rclpy_guard_conditions:/home/pi4/ros2_jazzy/install/action_tutorials_py:/home/pi4/ros2_jazzy/install/ament_uncrustify:/home/pi4/ros2_jazzy/install/tracetools_trace:/home/pi4/ros2_jazzy/install/tracetools_read:/home/pi4/ros2_jazzy/install/test_tracetools_launch:/home/pi4/ros2_jazzy/install/test_ros2trace:/home/pi4/ros2_jazzy/install/test_launch_ros:/home/pi4/ros2_jazzy/install/rpyutils:/home/pi4/ros2_jazzy/install/rosidl_runtime_py:/home/pi4/ros2_jazzy/install/rosidl_pycommon:/home/pi4/ros2_jazzy/install/rosidl_cli:/home/pi4/ros2_jazzy/install/launch_pytest:/home/pi4/ros2_jazzy/install/launch_testing:/home/pi4/ros2_jazzy/install/launch_yaml:/home/pi4/ros2_jazzy/install/launch_xml:/home/pi4/ros2_jazzy/install/launch:/home/pi4/ros2_jazzy/install/osrf_pycommon:/home/pi4/ros2_jazzy/install/domain_coordinator:/home/pi4/ros2_jazzy/install/ament_xmllint:/home/pi4/ros2_jazzy/install/ament_pyflakes:/home/pi4/ros2_jazzy/install/ament_pycodestyle:/home/pi4/ros2_jazzy/install/ament_pep257:/home/pi4/ros2_jazzy/install/ament_pclint:/home/pi4/ros2_jazzy/install/ament_package:/home/pi4/ros2_jazzy/install/ament_mypy:/home/pi4/ros2_jazzy/install/ament_lint_cmake:/home/pi4/ros2_jazzy/install/ament_flake8:/home/pi4/ros2_jazzy/install/ament_copyright:/home/pi4/ros2_jazzy/install/ament_lint:/home/pi4/ros2_jazzy/install/ament_index_python:/home/pi4/ros2_jazzy/install/ament_cpplint:/home/pi4/ros2_jazzy/install/ament_cppcheck:/home/pi4/ros2_jazzy/install/ament_clang_tidy:/home/pi4/ros2_jazzy/install/ament_clang_format /usr/bin/cmake --build /home/pi4/camera_ws/src/build/as7265x_at_msgs -- -j4 -l4
[209.445s] Invoking command in '/home/pi4/camera_ws/src/build/as7265x_at_msgs': CMAKE_PREFIX_PATH=${CMAKE_PREFIX_PATH}:/home/pi4/camera_ws/install/as7265x_at:/home/pi4/camera_ws/install/stamp_and_split_cam1:/home/pi4/camera_ws/install/opencv_tests:/home/pi4/as7265x_at/install/as7265x_at:/home/pi4/ros2_jazzy/install/rqt_bag_plugins:/home/pi4/ros2_jazzy/install/rqt_bag:/home/pi4/ros2_jazzy/install/rosbag2_examples_py:/home/pi4/ros2_jazzy/install/launch_testing_examples:/home/pi4/ros2_jazzy/install/ros2bag:/home/pi4/ros2_jazzy/install/tracetools_test:/home/pi4/ros2_jazzy/install/tracetools_launch:/home/pi4/ros2_jazzy/install/topic_monitor:/home/pi4/ros2_jazzy/install/tf2_tools:/home/pi4/ros2_jazzy/install/examples_tf2_py:/home/pi4/ros2_jazzy/install/tf2_ros_py:/home/pi4/ros2_jazzy/install/examples_rclpy_pointcloud_publisher:/home/pi4/ros2_jazzy/install/sensor_msgs_py:/home/pi4/ros2_jazzy/install/quality_of_service_demo_py:/home/pi4/ros2_jazzy/install/camera_info_manager_py:/home/pi4/ros2_jazzy/install/rqt_plot:/home/pi4/ros2_jazzy/install/ros2doctor:/home/pi4/ros2_jazzy/install/lifecycle_py:/home/pi4/ros2_jazzy/install/examples_rclpy_minimal_subscriber:/home/pi4/ros2_jazzy/install/examples_rclpy_minimal_service:/home/pi4/ros2_jazzy/install/examples_rclpy_minimal_publisher:/home/pi4/ros2_jazzy/install/examples_rclpy_minimal_client:/home/pi4/ros2_jazzy/install/examples_rclpy_executors:/home/pi4/ros2_jazzy/install/demo_nodes_py:/home/pi4/ros2_jazzy/install/rqt:/home/pi4/ros2_jazzy/install/ros2component:/home/pi4/ros2_jazzy/install/sros2:/home/pi4/ros2_jazzy/install/rqt_topic:/home/pi4/ros2_jazzy/install/rqt_srv:/home/pi4/ros2_jazzy/install/rqt_shell:/home/pi4/ros2_jazzy/install/rqt_service_caller:/home/pi4/ros2_jazzy/install/rqt_reconfigure:/home/pi4/ros2_jazzy/install/rqt_py_console:/home/pi4/ros2_jazzy/install/rqt_publisher:/home/pi4/ros2_jazzy/install/rqt_action:/home/pi4/ros2_jazzy/install/rqt_msg:/home/pi4/ros2_jazzy/install/rqt_console:/home/pi4/ros2_jazzy/install/rqt_graph:/home/pi4/ros2_jazzy/install/rqt_gui_py:/home/pi4/ros2_jazzy/install/rqt_gui:/home/pi4/ros2_jazzy/install/ros2trace:/home/pi4/ros2_jazzy/install/ros2param:/home/pi4/ros2_jazzy/install/ros2lifecycle:/home/pi4/ros2_jazzy/install/ros2service:/home/pi4/ros2_jazzy/install/ros2topic:/home/pi4/ros2_jazzy/install/ros2test:/home/pi4/ros2_jazzy/install/ros2run:/home/pi4/ros2_jazzy/install/ros2plugin:/home/pi4/ros2_jazzy/install/ros2launch:/home/pi4/ros2_jazzy/install/ros2pkg:/home/pi4/ros2_jazzy/install/ros2node:/home/pi4/ros2_jazzy/install/ros2multicast:/home/pi4/ros2_jazzy/install/ros2interface:/home/pi4/ros2_jazzy/install/ros2action:/home/pi4/ros2_jazzy/install/ros2cli:/home/pi4/ros2_jazzy/install/launch_testing_ros:/home/pi4/ros2_jazzy/install/launch_ros:/home/pi4/ros2_jazzy/install/examples_rclpy_minimal_action_server:/home/pi4/ros2_jazzy/install/examples_rclpy_minimal_action_client:/home/pi4/ros2_jazzy/install/examples_rclpy_guard_conditions:/home/pi4/ros2_jazzy/install/action_tutorials_py:/home/pi4/ros2_jazzy/install/ament_uncrustify:/home/pi4/ros2_jazzy/install/tracetools_trace:/home/pi4/ros2_jazzy/install/tracetools_read:/home/pi4/ros2_jazzy/install/test_tracetools_launch:/home/pi4/ros2_jazzy/install/test_ros2trace:/home/pi4/ros2_jazzy/install/test_launch_ros:/home/pi4/ros2_jazzy/install/rpyutils:/home/pi4/ros2_jazzy/install/rosidl_runtime_py:/home/pi4/ros2_jazzy/install/rosidl_pycommon:/home/pi4/ros2_jazzy/install/rosidl_cli:/home/pi4/ros2_jazzy/install/launch_pytest:/home/pi4/ros2_jazzy/install/launch_testing:/home/pi4/ros2_jazzy/install/launch_yaml:/home/pi4/ros2_jazzy/install/launch_xml:/home/pi4/ros2_jazzy/install/launch:/home/pi4/ros2_jazzy/install/osrf_pycommon:/home/pi4/ros2_jazzy/install/domain_coordinator:/home/pi4/ros2_jazzy/install/ament_xmllint:/home/pi4/ros2_jazzy/install/ament_pyflakes:/home/pi4/ros2_jazzy/install/ament_pycodestyle:/home/pi4/ros2_jazzy/install/ament_pep257:/home/pi4/ros2_jazzy/install/ament_pclint:/home/pi4/ros2_jazzy/install/ament_package:/home/pi4/ros2_jazzy/install/ament_mypy:/home/pi4/ros2_jazzy/install/ament_lint_cmake:/home/pi4/ros2_jazzy/install/ament_flake8:/home/pi4/ros2_jazzy/install/ament_copyright:/home/pi4/ros2_jazzy/install/ament_lint:/home/pi4/ros2_jazzy/install/ament_index_python:/home/pi4/ros2_jazzy/install/ament_cpplint:/home/pi4/ros2_jazzy/install/ament_cppcheck:/home/pi4/ros2_jazzy/install/ament_clang_tidy:/home/pi4/ros2_jazzy/install/ament_clang_format /usr/bin/cmake --install /home/pi4/camera_ws/src/build/as7265x_at_msgs
[209.562s] -- Install configuration: ""
[209.569s] -- Execute custom install script
[209.570s] -- Symlinking: /home/pi4/camera_ws/src/install/as7265x_at_msgs/share/ament_index/resource_index/rosidl_interfaces/as7265x_at_msgs
[209.706s] -- Symlinking: /home/pi4/camera_ws/src/install/as7265x_at_msgs/share/as7265x_at_msgs/msg/AS7265xRaw.json
[209.821s] -- Symlinking: /home/pi4/camera_ws/src/install/as7265x_at_msgs/share/as7265x_at_msgs/msg/AS7265xCal.json
[209.958s] -- Symlinking: /home/pi4/camera_ws/src/install/as7265x_at_msgs/include/as7265x_at_msgs/as7265x_at_msgs/msg/as7265x_cal.h
[210.110s] -- Symlinking: /home/pi4/camera_ws/src/install/as7265x_at_msgs/include/as7265x_at_msgs/as7265x_at_msgs/msg/as7265x_raw.h
[210.267s] -- Symlinking: /home/pi4/camera_ws/src/install/as7265x_at_msgs/include/as7265x_at_msgs/as7265x_at_msgs/msg/detail/as7265x_cal__functions.h
[210.422s] -- Symlinking: /home/pi4/camera_ws/src/install/as7265x_at_msgs/include/as7265x_at_msgs/as7265x_at_msgs/msg/detail/as7265x_cal__struct.h
[210.589s] -- Symlinking: /home/pi4/camera_ws/src/install/as7265x_at_msgs/include/as7265x_at_msgs/as7265x_at_msgs/msg/detail/as7265x_cal__type_support.h
[210.765s] -- Symlinking: /home/pi4/camera_ws/src/install/as7265x_at_msgs/include/as7265x_at_msgs/as7265x_at_msgs/msg/detail/as7265x_raw__functions.h
[210.885s] -- Symlinking: /home/pi4/camera_ws/src/install/as7265x_at_msgs/include/as7265x_at_msgs/as7265x_at_msgs/msg/detail/as7265x_raw__struct.h
[211.031s] -- Symlinking: /home/pi4/camera_ws/src/install/as7265x_at_msgs/include/as7265x_at_msgs/as7265x_at_msgs/msg/detail/as7265x_raw__type_support.h
[211.219s] -- Symlinking: /home/pi4/camera_ws/src/install/as7265x_at_msgs/include/as7265x_at_msgs/as7265x_at_msgs/msg/rosidl_generator_c__visibility_control.h
[211.380s] -- Symlinking: /home/pi4/camera_ws/src/install/as7265x_at_msgs/share/as7265x_at_msgs/environment/library_path.sh
[211.568s] -- Symlinking: /home/pi4/camera_ws/src/install/as7265x_at_msgs/share/as7265x_at_msgs/environment/library_path.dsv
[211.709s] -- Symlinking: /home/pi4/camera_ws/src/install/as7265x_at_msgs/include/as7265x_at_msgs/as7265x_at_msgs/msg/detail/as7265x_cal__rosidl_typesupport_introspection_c.h
[211.860s] -- Symlinking: /home/pi4/camera_ws/src/install/as7265x_at_msgs/include/as7265x_at_msgs/as7265x_at_msgs/msg/detail/as7265x_raw__rosidl_typesupport_introspection_c.h
[212.019s] -- Symlinking: /home/pi4/camera_ws/src/install/as7265x_at_msgs/include/as7265x_at_msgs/as7265x_at_msgs/msg/rosidl_typesupport_introspection_c__visibility_control.h
[212.147s] -- Symlinking: /home/pi4/camera_ws/src/install/as7265x_at_msgs/include/as7265x_at_msgs/as7265x_at_msgs/msg/detail/as7265x_cal__rosidl_typesupport_fastrtps_c.h
[212.289s] -- Symlinking: /home/pi4/camera_ws/src/install/as7265x_at_msgs/include/as7265x_at_msgs/as7265x_at_msgs/msg/detail/as7265x_raw__rosidl_typesupport_fastrtps_c.h
[212.426s] -- Symlinking: /home/pi4/camera_ws/src/install/as7265x_at_msgs/include/as7265x_at_msgs/as7265x_at_msgs/msg/rosidl_typesupport_fastrtps_c__visibility_control.h
[212.653s] -- Symlinking: /home/pi4/camera_ws/src/install/as7265x_at_msgs/include/as7265x_at_msgs/as7265x_at_msgs/msg/as7265x_cal.hpp
[212.796s] -- Symlinking: /home/pi4/camera_ws/src/install/as7265x_at_msgs/include/as7265x_at_msgs/as7265x_at_msgs/msg/as7265x_raw.hpp
[212.952s] -- Symlinking: /home/pi4/camera_ws/src/install/as7265x_at_msgs/include/as7265x_at_msgs/as7265x_at_msgs/msg/detail/as7265x_cal__builder.hpp
[213.116s] -- Symlinking: /home/pi4/camera_ws/src/install/as7265x_at_msgs/include/as7265x_at_msgs/as7265x_at_msgs/msg/detail/as7265x_cal__struct.hpp
[213.266s] -- Symlinking: /home/pi4/camera_ws/src/install/as7265x_at_msgs/include/as7265x_at_msgs/as7265x_at_msgs/msg/detail/as7265x_cal__traits.hpp
[213.393s] -- Symlinking: /home/pi4/camera_ws/src/install/as7265x_at_msgs/include/as7265x_at_msgs/as7265x_at_msgs/msg/detail/as7265x_cal__type_support.hpp
[213.580s] -- Symlinking: /home/pi4/camera_ws/src/install/as7265x_at_msgs/include/as7265x_at_msgs/as7265x_at_msgs/msg/detail/as7265x_raw__builder.hpp
[213.748s] -- Symlinking: /home/pi4/camera_ws/src/install/as7265x_at_msgs/include/as7265x_at_msgs/as7265x_at_msgs/msg/detail/as7265x_raw__struct.hpp
[213.904s] -- Symlinking: /home/pi4/camera_ws/src/install/as7265x_at_msgs/include/as7265x_at_msgs/as7265x_at_msgs/msg/detail/as7265x_raw__traits.hpp
[214.069s] -- Symlinking: /home/pi4/camera_ws/src/install/as7265x_at_msgs/include/as7265x_at_msgs/as7265x_at_msgs/msg/detail/as7265x_raw__type_support.hpp
[214.201s] -- Symlinking: /home/pi4/camera_ws/src/install/as7265x_at_msgs/include/as7265x_at_msgs/as7265x_at_msgs/msg/rosidl_generator_cpp__visibility_control.hpp
[214.378s] -- Symlinking: /home/pi4/camera_ws/src/install/as7265x_at_msgs/include/as7265x_at_msgs/as7265x_at_msgs/msg/detail/as7265x_cal__rosidl_typesupport_introspection_cpp.hpp
[214.513s] -- Symlinking: /home/pi4/camera_ws/src/install/as7265x_at_msgs/include/as7265x_at_msgs/as7265x_at_msgs/msg/detail/as7265x_raw__rosidl_typesupport_introspection_cpp.hpp
[214.719s] -- Symlinking: /home/pi4/camera_ws/src/install/as7265x_at_msgs/include/as7265x_at_msgs/as7265x_at_msgs/msg/detail/as7265x_cal__rosidl_typesupport_fastrtps_cpp.hpp
[214.864s] -- Symlinking: /home/pi4/camera_ws/src/install/as7265x_at_msgs/include/as7265x_at_msgs/as7265x_at_msgs/msg/detail/as7265x_raw__rosidl_typesupport_fastrtps_cpp.hpp
[215.011s] -- Symlinking: /home/pi4/camera_ws/src/install/as7265x_at_msgs/include/as7265x_at_msgs/as7265x_at_msgs/msg/rosidl_typesupport_fastrtps_cpp__visibility_control.h
[215.200s] -- Symlinking: /home/pi4/camera_ws/src/install/as7265x_at_msgs/share/as7265x_at_msgs/environment/pythonpath.sh
[215.366s] -- Symlinking: /home/pi4/camera_ws/src/install/as7265x_at_msgs/share/as7265x_at_msgs/environment/pythonpath.dsv
[215.496s] -- Symlinking: /home/pi4/camera_ws/src/install/as7265x_at_msgs/lib/python3.11/site-packages/as7265x_at_msgs-0.0.1-py3.11.egg-info/PKG-INFO
[215.624s] -- Symlinking: /home/pi4/camera_ws/src/install/as7265x_at_msgs/lib/python3.11/site-packages/as7265x_at_msgs-0.0.1-py3.11.egg-info/SOURCES.txt
[215.770s] -- Symlinking: /home/pi4/camera_ws/src/install/as7265x_at_msgs/lib/python3.11/site-packages/as7265x_at_msgs-0.0.1-py3.11.egg-info/dependency_links.txt
[215.885s] -- Symlinking: /home/pi4/camera_ws/src/install/as7265x_at_msgs/lib/python3.11/site-packages/as7265x_at_msgs-0.0.1-py3.11.egg-info/top_level.txt
[216.044s] -- Symlinking: /home/pi4/camera_ws/src/install/as7265x_at_msgs/lib/python3.11/site-packages/as7265x_at_msgs/__init__.py
[216.189s] -- Symlinking: /home/pi4/camera_ws/src/install/as7265x_at_msgs/lib/python3.11/site-packages/as7265x_at_msgs/_as7265x_at_msgs_s.ep.rosidl_typesupport_c.c
[216.337s] -- Symlinking: /home/pi4/camera_ws/src/install/as7265x_at_msgs/lib/python3.11/site-packages/as7265x_at_msgs/_as7265x_at_msgs_s.ep.rosidl_typesupport_fastrtps_c.c
[216.455s] -- Symlinking: /home/pi4/camera_ws/src/install/as7265x_at_msgs/lib/python3.11/site-packages/as7265x_at_msgs/_as7265x_at_msgs_s.ep.rosidl_typesupport_introspection_c.c
[216.589s] -- Symlinking: /home/pi4/camera_ws/src/install/as7265x_at_msgs/lib/python3.11/site-packages/as7265x_at_msgs/as7265x_at_msgs_s__rosidl_typesupport_c.so
[216.723s] -- Symlinking: /home/pi4/camera_ws/src/install/as7265x_at_msgs/lib/python3.11/site-packages/as7265x_at_msgs/as7265x_at_msgs_s__rosidl_typesupport_fastrtps_c.so
[216.857s] -- Symlinking: /home/pi4/camera_ws/src/install/as7265x_at_msgs/lib/python3.11/site-packages/as7265x_at_msgs/as7265x_at_msgs_s__rosidl_typesupport_introspection_c.so
[217.013s] -- Symlinking: /home/pi4/camera_ws/src/install/as7265x_at_msgs/lib/python3.11/site-packages/as7265x_at_msgs/msg/__init__.py
[217.146s] -- Symlinking: /home/pi4/camera_ws/src/install/as7265x_at_msgs/lib/python3.11/site-packages/as7265x_at_msgs/msg/_as7265x_cal.py
[217.300s] -- Symlinking: /home/pi4/camera_ws/src/install/as7265x_at_msgs/lib/python3.11/site-packages/as7265x_at_msgs/msg/_as7265x_cal_s.c
[217.497s] -- Symlinking: /home/pi4/camera_ws/src/install/as7265x_at_msgs/lib/python3.11/site-packages/as7265x_at_msgs/msg/_as7265x_raw.py
[217.644s] -- Symlinking: /home/pi4/camera_ws/src/install/as7265x_at_msgs/lib/python3.11/site-packages/as7265x_at_msgs/msg/_as7265x_raw_s.c
[217.766s] -- Up-to-date symlink: /home/pi4/camera_ws/src/install/as7265x_at_msgs/lib/python3.11/site-packages/as7265x_at_msgs/as7265x_at_msgs_s__rosidl_typesupport_introspection_c.so
[217.776s] -- Up-to-date symlink: /home/pi4/camera_ws/src/install/as7265x_at_msgs/lib/python3.11/site-packages/as7265x_at_msgs/as7265x_at_msgs_s__rosidl_typesupport_fastrtps_c.so
[217.777s] -- Up-to-date symlink: /home/pi4/camera_ws/src/install/as7265x_at_msgs/lib/python3.11/site-packages/as7265x_at_msgs/as7265x_at_msgs_s__rosidl_typesupport_c.so
[217.786s] -- Symlinking: /home/pi4/camera_ws/src/install/as7265x_at_msgs/share/as7265x_at_msgs/msg/AS7265xRaw.idl
[217.949s] -- Symlinking: /home/pi4/camera_ws/src/install/as7265x_at_msgs/share/as7265x_at_msgs/msg/AS7265xCal.idl
[218.120s] -- Symlinking: /home/pi4/camera_ws/src/install/as7265x_at_msgs/share/as7265x_at_msgs/msg/AS7265xRaw.msg
[218.289s] -- Symlinking: /home/pi4/camera_ws/src/install/as7265x_at_msgs/share/as7265x_at_msgs/msg/AS7265xCal.msg
[218.432s] -- Symlinking: /home/pi4/camera_ws/src/install/as7265x_at_msgs/share/ament_index/resource_index/package_run_dependencies/as7265x_at_msgs
[218.603s] -- Symlinking: /home/pi4/camera_ws/src/install/as7265x_at_msgs/share/ament_index/resource_index/parent_prefix_path/as7265x_at_msgs
[218.751s] -- Symlinking: /home/pi4/camera_ws/src/install/as7265x_at_msgs/share/as7265x_at_msgs/environment/ament_prefix_path.sh
[218.893s] -- Symlinking: /home/pi4/camera_ws/src/install/as7265x_at_msgs/share/as7265x_at_msgs/environment/ament_prefix_path.dsv
[219.032s] -- Symlinking: /home/pi4/camera_ws/src/install/as7265x_at_msgs/share/as7265x_at_msgs/environment/path.sh
[219.199s] -- Symlinking: /home/pi4/camera_ws/src/install/as7265x_at_msgs/share/as7265x_at_msgs/environment/path.dsv
[219.299s] -- Symlinking: /home/pi4/camera_ws/src/install/as7265x_at_msgs/share/as7265x_at_msgs/local_setup.bash
[219.432s] -- Symlinking: /home/pi4/camera_ws/src/install/as7265x_at_msgs/share/as7265x_at_msgs/local_setup.sh
[219.611s] -- Symlinking: /home/pi4/camera_ws/src/install/as7265x_at_msgs/share/as7265x_at_msgs/local_setup.zsh
[219.777s] -- Symlinking: /home/pi4/camera_ws/src/install/as7265x_at_msgs/share/as7265x_at_msgs/local_setup.dsv
[219.955s] -- Symlinking: /home/pi4/camera_ws/src/install/as7265x_at_msgs/share/as7265x_at_msgs/package.dsv
[220.091s] -- Symlinking: /home/pi4/camera_ws/src/install/as7265x_at_msgs/share/ament_index/resource_index/packages/as7265x_at_msgs
[220.253s] -- Symlinking: /home/pi4/camera_ws/src/install/as7265x_at_msgs/share/as7265x_at_msgs/cmake/rosidl_cmake-extras.cmake
[220.384s] -- Symlinking: /home/pi4/camera_ws/src/install/as7265x_at_msgs/share/as7265x_at_msgs/cmake/ament_cmake_export_dependencies-extras.cmake
[220.519s] -- Symlinking: /home/pi4/camera_ws/src/install/as7265x_at_msgs/share/as7265x_at_msgs/cmake/ament_cmake_export_include_directories-extras.cmake
[220.679s] -- Symlinking: /home/pi4/camera_ws/src/install/as7265x_at_msgs/share/as7265x_at_msgs/cmake/ament_cmake_export_libraries-extras.cmake
[220.837s] -- Symlinking: /home/pi4/camera_ws/src/install/as7265x_at_msgs/share/as7265x_at_msgs/cmake/ament_cmake_export_targets-extras.cmake
[220.955s] -- Symlinking: /home/pi4/camera_ws/src/install/as7265x_at_msgs/share/as7265x_at_msgs/cmake/rosidl_cmake_export_typesupport_targets-extras.cmake
[221.113s] -- Symlinking: /home/pi4/camera_ws/src/install/as7265x_at_msgs/share/as7265x_at_msgs/cmake/rosidl_cmake_export_typesupport_libraries-extras.cmake
[221.305s] -- Symlinking: /home/pi4/camera_ws/src/install/as7265x_at_msgs/share/as7265x_at_msgs/cmake/as7265x_at_msgsConfig.cmake
[221.454s] -- Symlinking: /home/pi4/camera_ws/src/install/as7265x_at_msgs/share/as7265x_at_msgs/cmake/as7265x_at_msgsConfig-version.cmake
[221.608s] -- Symlinking: /home/pi4/camera_ws/src/install/as7265x_at_msgs/share/as7265x_at_msgs/package.xml
[221.757s] -- Installing: /home/pi4/camera_ws/src/install/as7265x_at_msgs/lib/libas7265x_at_msgs__rosidl_generator_c.so
[221.758s] -- Set runtime path of "/home/pi4/camera_ws/src/install/as7265x_at_msgs/lib/libas7265x_at_msgs__rosidl_generator_c.so" to ""
[221.773s] -- Installing: /home/pi4/camera_ws/src/install/as7265x_at_msgs/lib/libas7265x_at_msgs__rosidl_typesupport_introspection_c.so
[221.777s] -- Set runtime path of "/home/pi4/camera_ws/src/install/as7265x_at_msgs/lib/libas7265x_at_msgs__rosidl_typesupport_introspection_c.so" to ""
[221.783s] -- Installing: /home/pi4/camera_ws/src/install/as7265x_at_msgs/lib/libas7265x_at_msgs__rosidl_typesupport_fastrtps_c.so
[221.797s] -- Set runtime path of "/home/pi4/camera_ws/src/install/as7265x_at_msgs/lib/libas7265x_at_msgs__rosidl_typesupport_fastrtps_c.so" to ""
[221.801s] -- Installing: /home/pi4/camera_ws/src/install/as7265x_at_msgs/lib/libas7265x_at_msgs__rosidl_typesupport_c.so
[221.807s] -- Set runtime path of "/home/pi4/camera_ws/src/install/as7265x_at_msgs/lib/libas7265x_at_msgs__rosidl_typesupport_c.so" to ""
[221.813s] -- Installing: /home/pi4/camera_ws/src/install/as7265x_at_msgs/lib/libas7265x_at_msgs__rosidl_typesupport_introspection_cpp.so
[221.816s] -- Set runtime path of "/home/pi4/camera_ws/src/install/as7265x_at_msgs/lib/libas7265x_at_msgs__rosidl_typesupport_introspection_cpp.so" to ""
[221.821s] -- Installing: /home/pi4/camera_ws/src/install/as7265x_at_msgs/lib/libas7265x_at_msgs__rosidl_typesupport_fastrtps_cpp.so
[221.822s] -- Set runtime path of "/home/pi4/camera_ws/src/install/as7265x_at_msgs/lib/libas7265x_at_msgs__rosidl_typesupport_fastrtps_cpp.so" to ""
[221.825s] -- Installing: /home/pi4/camera_ws/src/install/as7265x_at_msgs/lib/libas7265x_at_msgs__rosidl_typesupport_cpp.so
[221.829s] -- Set runtime path of "/home/pi4/camera_ws/src/install/as7265x_at_msgs/lib/libas7265x_at_msgs__rosidl_typesupport_cpp.so" to ""
[223.098s] Listing '/home/pi4/camera_ws/src/install/as7265x_at_msgs/lib/python3.11/site-packages/as7265x_at_msgs'...
[223.101s] Compiling '/home/pi4/camera_ws/src/install/as7265x_at_msgs/lib/python3.11/site-packages/as7265x_at_msgs/__init__.py'...
[223.103s] Listing '/home/pi4/camera_ws/src/install/as7265x_at_msgs/lib/python3.11/site-packages/as7265x_at_msgs/msg'...
[223.106s] Compiling '/home/pi4/camera_ws/src/install/as7265x_at_msgs/lib/python3.11/site-packages/as7265x_at_msgs/msg/__init__.py'...
[223.107s] Compiling '/home/pi4/camera_ws/src/install/as7265x_at_msgs/lib/python3.11/site-packages/as7265x_at_msgs/msg/_as7265x_cal.py'...
[223.114s] Compiling '/home/pi4/camera_ws/src/install/as7265x_at_msgs/lib/python3.11/site-packages/as7265x_at_msgs/msg/_as7265x_raw.py'...
[223.229s] -- Installing: /home/pi4/camera_ws/src/install/as7265x_at_msgs/lib/libas7265x_at_msgs__rosidl_generator_py.so
[223.237s] -- Set runtime path of "/home/pi4/camera_ws/src/install/as7265x_at_msgs/lib/libas7265x_at_msgs__rosidl_generator_py.so" to ""
[223.237s] -- Installing: /home/pi4/camera_ws/src/install/as7265x_at_msgs/share/as7265x_at_msgs/cmake/export_as7265x_at_msgs__rosidl_generator_cExport.cmake
[223.241s] -- Installing: /home/pi4/camera_ws/src/install/as7265x_at_msgs/share/as7265x_at_msgs/cmake/export_as7265x_at_msgs__rosidl_generator_cExport-noconfig.cmake
[223.245s] -- Installing: /home/pi4/camera_ws/src/install/as7265x_at_msgs/share/as7265x_at_msgs/cmake/as7265x_at_msgs__rosidl_typesupport_introspection_cExport.cmake
[223.246s] -- Installing: /home/pi4/camera_ws/src/install/as7265x_at_msgs/share/as7265x_at_msgs/cmake/as7265x_at_msgs__rosidl_typesupport_introspection_cExport-noconfig.cmake
[223.249s] -- Installing: /home/pi4/camera_ws/src/install/as7265x_at_msgs/share/as7265x_at_msgs/cmake/export_as7265x_at_msgs__rosidl_typesupport_fastrtps_cExport.cmake
[223.257s] -- Installing: /home/pi4/camera_ws/src/install/as7265x_at_msgs/share/as7265x_at_msgs/cmake/export_as7265x_at_msgs__rosidl_typesupport_fastrtps_cExport-noconfig.cmake
[223.258s] -- Installing: /home/pi4/camera_ws/src/install/as7265x_at_msgs/share/as7265x_at_msgs/cmake/as7265x_at_msgs__rosidl_typesupport_cExport.cmake
[223.258s] -- Installing: /home/pi4/camera_ws/src/install/as7265x_at_msgs/share/as7265x_at_msgs/cmake/as7265x_at_msgs__rosidl_typesupport_cExport-noconfig.cmake
[223.259s] -- Installing: /home/pi4/camera_ws/src/install/as7265x_at_msgs/share/as7265x_at_msgs/cmake/export_as7265x_at_msgs__rosidl_generator_cppExport.cmake
[223.263s] -- Installing: /home/pi4/camera_ws/src/install/as7265x_at_msgs/share/as7265x_at_msgs/cmake/as7265x_at_msgs__rosidl_typesupport_introspection_cppExport.cmake
[223.269s] -- Installing: /home/pi4/camera_ws/src/install/as7265x_at_msgs/share/as7265x_at_msgs/cmake/as7265x_at_msgs__rosidl_typesupport_introspection_cppExport-noconfig.cmake
[223.269s] -- Installing: /home/pi4/camera_ws/src/install/as7265x_at_msgs/share/as7265x_at_msgs/cmake/export_as7265x_at_msgs__rosidl_typesupport_fastrtps_cppExport.cmake
[223.271s] -- Installing: /home/pi4/camera_ws/src/install/as7265x_at_msgs/share/as7265x_at_msgs/cmake/export_as7265x_at_msgs__rosidl_typesupport_fastrtps_cppExport-noconfig.cmake
[223.273s] -- Installing: /home/pi4/camera_ws/src/install/as7265x_at_msgs/share/as7265x_at_msgs/cmake/as7265x_at_msgs__rosidl_typesupport_cppExport.cmake
[223.300s] -- Installing: /home/pi4/camera_ws/src/install/as7265x_at_msgs/share/as7265x_at_msgs/cmake/as7265x_at_msgs__rosidl_typesupport_cppExport-noconfig.cmake
[223.301s] -- Installing: /home/pi4/camera_ws/src/install/as7265x_at_msgs/share/as7265x_at_msgs/cmake/export_as7265x_at_msgs__rosidl_generator_pyExport.cmake
[223.302s] -- Installing: /home/pi4/camera_ws/src/install/as7265x_at_msgs/share/as7265x_at_msgs/cmake/export_as7265x_at_msgs__rosidl_generator_pyExport-noconfig.cmake
[223.309s] Invoked command in '/home/pi4/camera_ws/src/build/as7265x_at_msgs' returned '0': CMAKE_PREFIX_PATH=${CMAKE_PREFIX_PATH}:/home/pi4/camera_ws/install/as7265x_at:/home/pi4/camera_ws/install/stamp_and_split_cam1:/home/pi4/camera_ws/install/opencv_tests:/home/pi4/as7265x_at/install/as7265x_at:/home/pi4/ros2_jazzy/install/rqt_bag_plugins:/home/pi4/ros2_jazzy/install/rqt_bag:/home/pi4/ros2_jazzy/install/rosbag2_examples_py:/home/pi4/ros2_jazzy/install/launch_testing_examples:/home/pi4/ros2_jazzy/install/ros2bag:/home/pi4/ros2_jazzy/install/tracetools_test:/home/pi4/ros2_jazzy/install/tracetools_launch:/home/pi4/ros2_jazzy/install/topic_monitor:/home/pi4/ros2_jazzy/install/tf2_tools:/home/pi4/ros2_jazzy/install/examples_tf2_py:/home/pi4/ros2_jazzy/install/tf2_ros_py:/home/pi4/ros2_jazzy/install/examples_rclpy_pointcloud_publisher:/home/pi4/ros2_jazzy/install/sensor_msgs_py:/home/pi4/ros2_jazzy/install/quality_of_service_demo_py:/home/pi4/ros2_jazzy/install/camera_info_manager_py:/home/pi4/ros2_jazzy/install/rqt_plot:/home/pi4/ros2_jazzy/install/ros2doctor:/home/pi4/ros2_jazzy/install/lifecycle_py:/home/pi4/ros2_jazzy/install/examples_rclpy_minimal_subscriber:/home/pi4/ros2_jazzy/install/examples_rclpy_minimal_service:/home/pi4/ros2_jazzy/install/examples_rclpy_minimal_publisher:/home/pi4/ros2_jazzy/install/examples_rclpy_minimal_client:/home/pi4/ros2_jazzy/install/examples_rclpy_executors:/home/pi4/ros2_jazzy/install/demo_nodes_py:/home/pi4/ros2_jazzy/install/rqt:/home/pi4/ros2_jazzy/install/ros2component:/home/pi4/ros2_jazzy/install/sros2:/home/pi4/ros2_jazzy/install/rqt_topic:/home/pi4/ros2_jazzy/install/rqt_srv:/home/pi4/ros2_jazzy/install/rqt_shell:/home/pi4/ros2_jazzy/install/rqt_service_caller:/home/pi4/ros2_jazzy/install/rqt_reconfigure:/home/pi4/ros2_jazzy/install/rqt_py_console:/home/pi4/ros2_jazzy/install/rqt_publisher:/home/pi4/ros2_jazzy/install/rqt_action:/home/pi4/ros2_jazzy/install/rqt_msg:/home/pi4/ros2_jazzy/install/rqt_console:/home/pi4/ros2_jazzy/install/rqt_graph:/home/pi4/ros2_jazzy/install/rqt_gui_py:/home/pi4/ros2_jazzy/install/rqt_gui:/home/pi4/ros2_jazzy/install/ros2trace:/home/pi4/ros2_jazzy/install/ros2param:/home/pi4/ros2_jazzy/install/ros2lifecycle:/home/pi4/ros2_jazzy/install/ros2service:/home/pi4/ros2_jazzy/install/ros2topic:/home/pi4/ros2_jazzy/install/ros2test:/home/pi4/ros2_jazzy/install/ros2run:/home/pi4/ros2_jazzy/install/ros2plugin:/home/pi4/ros2_jazzy/install/ros2launch:/home/pi4/ros2_jazzy/install/ros2pkg:/home/pi4/ros2_jazzy/install/ros2node:/home/pi4/ros2_jazzy/install/ros2multicast:/home/pi4/ros2_jazzy/install/ros2interface:/home/pi4/ros2_jazzy/install/ros2action:/home/pi4/ros2_jazzy/install/ros2cli:/home/pi4/ros2_jazzy/install/launch_testing_ros:/home/pi4/ros2_jazzy/install/launch_ros:/home/pi4/ros2_jazzy/install/examples_rclpy_minimal_action_server:/home/pi4/ros2_jazzy/install/examples_rclpy_minimal_action_client:/home/pi4/ros2_jazzy/install/examples_rclpy_guard_conditions:/home/pi4/ros2_jazzy/install/action_tutorials_py:/home/pi4/ros2_jazzy/install/ament_uncrustify:/home/pi4/ros2_jazzy/install/tracetools_trace:/home/pi4/ros2_jazzy/install/tracetools_read:/home/pi4/ros2_jazzy/install/test_tracetools_launch:/home/pi4/ros2_jazzy/install/test_ros2trace:/home/pi4/ros2_jazzy/install/test_launch_ros:/home/pi4/ros2_jazzy/install/rpyutils:/home/pi4/ros2_jazzy/install/rosidl_runtime_py:/home/pi4/ros2_jazzy/install/rosidl_pycommon:/home/pi4/ros2_jazzy/install/rosidl_cli:/home/pi4/ros2_jazzy/install/launch_pytest:/home/pi4/ros2_jazzy/install/launch_testing:/home/pi4/ros2_jazzy/install/launch_yaml:/home/pi4/ros2_jazzy/install/launch_xml:/home/pi4/ros2_jazzy/install/launch:/home/pi4/ros2_jazzy/install/osrf_pycommon:/home/pi4/ros2_jazzy/install/domain_coordinator:/home/pi4/ros2_jazzy/install/ament_xmllint:/home/pi4/ros2_jazzy/install/ament_pyflakes:/home/pi4/ros2_jazzy/install/ament_pycodestyle:/home/pi4/ros2_jazzy/install/ament_pep257:/home/pi4/ros2_jazzy/install/ament_pclint:/home/pi4/ros2_jazzy/install/ament_package:/home/pi4/ros2_jazzy/install/ament_mypy:/home/pi4/ros2_jazzy/install/ament_lint_cmake:/home/pi4/ros2_jazzy/install/ament_flake8:/home/pi4/ros2_jazzy/install/ament_copyright:/home/pi4/ros2_jazzy/install/ament_lint:/home/pi4/ros2_jazzy/install/ament_index_python:/home/pi4/ros2_jazzy/install/ament_cpplint:/home/pi4/ros2_jazzy/install/ament_cppcheck:/home/pi4/ros2_jazzy/install/ament_clang_tidy:/home/pi4/ros2_jazzy/install/ament_clang_format /usr/bin/cmake --install /home/pi4/camera_ws/src/build/as7265x_at_msgs
