[9.310s] Invoking command in '/home/pi4/camera_ws/src/stamp_and_split_cam1': PYTHONPATH=/home/pi4/camera_ws/build/stamp_and_split_cam1/prefix_override:/usr/lib/python3/dist-packages/colcon_core/task/python/colcon_distutils_commands:/home/pi4/camera_ws/install/stamp_and_split_cam1/lib/python3.11/site-packages:${PYTHONPATH} /usr/bin/python3 -W ignore:setup.py install is deprecated -W ignore:easy_install command is deprecated setup.py egg_info --egg-base ../../build/stamp_and_split_cam1 build --build-base /home/pi4/camera_ws/build/stamp_and_split_cam1/build install --record /home/pi4/camera_ws/build/stamp_and_split_cam1/install.log --single-version-externally-managed install_data
[12.717s] running egg_info
[12.868s] writing ../../build/stamp_and_split_cam1/stamp_and_split_cam1.egg-info/PKG-INFO
[12.869s] writing dependency_links to ../../build/stamp_and_split_cam1/stamp_and_split_cam1.egg-info/dependency_links.txt
[12.934s] writing entry points to ../../build/stamp_and_split_cam1/stamp_and_split_cam1.egg-info/entry_points.txt
[12.935s] writing requirements to ../../build/stamp_and_split_cam1/stamp_and_split_cam1.egg-info/requires.txt
[12.935s] writing top-level names to ../../build/stamp_and_split_cam1/stamp_and_split_cam1.egg-info/top_level.txt
[13.201s] reading manifest file '../../build/stamp_and_split_cam1/stamp_and_split_cam1.egg-info/SOURCES.txt'
[13.204s] writing manifest file '../../build/stamp_and_split_cam1/stamp_and_split_cam1.egg-info/SOURCES.txt'
[13.205s] running build
[13.205s] running build_py
[13.206s] running install
[13.237s] running install_lib
[13.385s] running install_data
[13.385s] running install_egg_info
[13.659s] removing '/home/pi4/camera_ws/install/stamp_and_split_cam1/lib/python3.11/site-packages/stamp_and_split_cam1-0.0.0-py3.11.egg-info' (and everything under it)
[13.660s] Copying ../../build/stamp_and_split_cam1/stamp_and_split_cam1.egg-info to /home/pi4/camera_ws/install/stamp_and_split_cam1/lib/python3.11/site-packages/stamp_and_split_cam1-0.0.0-py3.11.egg-info
[13.664s] running install_scripts
[14.263s] Installing split_and_stamp script to /home/pi4/camera_ws/install/stamp_and_split_cam1/lib/stamp_and_split_cam1
[14.264s] writing list of installed files to '/home/pi4/camera_ws/build/stamp_and_split_cam1/install.log'
