[24.714s] Invoking command in '/home/pi4/camera_ws/src/build/as7265x_at': PYTHONPATH=/home/pi4/camera_ws/src/build/as7265x_at/prefix_override:/usr/lib/python3/dist-packages/colcon_core/task/python/colcon_distutils_commands:/home/pi4/camera_ws/src/install/as7265x_at/lib/python3.11/site-packages:${PYTHONPATH} /usr/bin/python3 -W ignore:setup.py install is deprecated -W ignore:easy_install command is deprecated setup.py develop --editable --build-directory /home/pi4/camera_ws/src/build/as7265x_at/build --no-deps symlink_data
[33.266s] running develop
[39.358s] running egg_info
[39.358s] creating as7265x_at.egg-info
[39.878s] writing as7265x_at.egg-info/PKG-INFO
[39.882s] writing dependency_links to as7265x_at.egg-info/dependency_links.txt
[39.883s] writing entry points to as7265x_at.egg-info/entry_points.txt
[39.883s] writing requirements to as7265x_at.egg-info/requires.txt
[39.884s] writing top-level names to as7265x_at.egg-info/top_level.txt
[39.885s] writing manifest file 'as7265x_at.egg-info/SOURCES.txt'
[40.703s] reading manifest file 'as7265x_at.egg-info/SOURCES.txt'
[40.709s] writing manifest file 'as7265x_at.egg-info/SOURCES.txt'
[41.346s] running build_ext
[41.346s] Creating /home/pi4/camera_ws/src/install/as7265x_at/lib/python3.11/site-packages/as7265x-at.egg-link (link to .)
[41.352s] Installing as7265x_at_node script to /home/pi4/camera_ws/src/install/as7265x_at/lib/as7265x_at
[41.357s] 
[41.358s] Installed /home/pi4/camera_ws/src/build/as7265x_at
[41.359s] running symlink_data
[41.367s] creating /home/pi4/camera_ws/src/install/as7265x_at/share/ament_index
[41.374s] creating /home/pi4/camera_ws/src/install/as7265x_at/share/ament_index/resource_index
[41.375s] creating /home/pi4/camera_ws/src/install/as7265x_at/share/ament_index/resource_index/packages
[41.376s] symbolically linking /home/pi4/camera_ws/src/build/as7265x_at/resource/as7265x_at -> /home/pi4/camera_ws/src/install/as7265x_at/share/ament_index/resource_index/packages
[41.382s] symbolically linking /home/pi4/camera_ws/src/build/as7265x_at/package.xml -> /home/pi4/camera_ws/src/install/as7265x_at/share/as7265x_at
[42.191s] Invoked command in '/home/pi4/camera_ws/src/build/as7265x_at' returned '0': PYTHONPATH=/home/pi4/camera_ws/src/build/as7265x_at/prefix_override:/usr/lib/python3/dist-packages/colcon_core/task/python/colcon_distutils_commands:/home/pi4/camera_ws/src/install/as7265x_at/lib/python3.11/site-packages:${PYTHONPATH} /usr/bin/python3 -W ignore:setup.py install is deprecated -W ignore:easy_install command is deprecated setup.py develop --editable --build-directory /home/pi4/camera_ws/src/build/as7265x_at/build --no-deps symlink_data
