[2.534s] DEBUG:colcon:Command line arguments: ['/usr/bin/colcon', 'build', '--symlink-install', '--packages-select', 'as7265x_at']
[2.535s] DEBUG:colcon:Parsed command line arguments: Namespace(log_base=None, log_level=None, verb_name='build', build_base='build', install_base='install', merge_install=False, symlink_install=True, test_result_base=None, continue_on_error=False, executor='parallel', parallel_workers=4, event_handlers=None, ignore_user_meta=False, metas=['./colcon.meta'], base_paths=['.'], packages_ignore=None, packages_ignore_regex=None, paths=None, packages_up_to=None, packages_up_to_regex=None, packages_above=None, packages_above_and_dependencies=None, packages_above_depth=None, packages_select_by_dep=None, packages_skip_by_dep=None, packages_skip_up_to=None, packages_select_build_failed=False, packages_skip_build_finished=False, packages_select_test_failures=False, packages_skip_test_passed=False, packages_select=['as7265x_at'], packages_skip=None, packages_select_regex=None, packages_skip_regex=None, packages_start=None, packages_end=None, allow_overriding=[], cmake_args=None, cmake_target=None, cmake_target_skip_unavailable=False, cmake_clean_cache=False, cmake_clean_first=False, cmake_force_configure=False, ament_cmake_args=None, catkin_cmake_args=None, catkin_skip_building_tests=False, mixin_files=None, mixin=None, verb_parser=<colcon_mixin.mixin.mixin_argument.MixinArgumentDecorator object at 0x7fa55693d0>, verb_extension=<colcon_core.verb.build.BuildVerb object at 0x7fa5568cd0>, main=<bound method BuildVerb.main of <colcon_core.verb.build.BuildVerb object at 0x7fa5568cd0>>, mixin_verb=('build',))
[7.153s] Level 1:colcon.colcon_core.package_discovery:discover_packages(colcon_meta) check parameters
[7.155s] Level 1:colcon.colcon_core.package_discovery:discover_packages(recursive) check parameters
[7.155s] Level 1:colcon.colcon_core.package_discovery:discover_packages(ignore) check parameters
[7.156s] Level 1:colcon.colcon_core.package_discovery:discover_packages(path) check parameters
[7.156s] Level 1:colcon.colcon_core.package_discovery:discover_packages(colcon_meta) discover
[7.157s] Level 1:colcon.colcon_core.package_discovery:discover_packages(recursive) discover
[7.159s] INFO:colcon.colcon_core.package_discovery:Crawling recursively for packages in '/home/pi4/camera_ws/src'
[7.160s] Level 1:colcon.colcon_core.package_identification:_identify(.) by extensions ['ignore', 'ignore_ament_install']
[7.162s] Level 1:colcon.colcon_core.package_identification:_identify(.) by extension 'ignore'
[7.164s] Level 1:colcon.colcon_core.package_identification:_identify(.) by extension 'ignore_ament_install'
[7.165s] Level 1:colcon.colcon_core.package_identification:_identify(.) by extensions ['colcon_pkg']
[7.166s] Level 1:colcon.colcon_core.package_identification:_identify(.) by extension 'colcon_pkg'
[7.167s] Level 1:colcon.colcon_core.package_identification:_identify(.) by extensions ['colcon_meta']
[7.168s] Level 1:colcon.colcon_core.package_identification:_identify(.) by extension 'colcon_meta'
[7.169s] Level 1:colcon.colcon_core.package_identification:_identify(.) by extensions ['ros']
[7.170s] Level 1:colcon.colcon_core.package_identification:_identify(.) by extension 'ros'
[7.439s] Level 1:colcon.colcon_core.package_identification:_identify(.) by extensions ['cmake', 'python']
[7.439s] Level 1:colcon.colcon_core.package_identification:_identify(.) by extension 'cmake'
[7.439s] Level 1:colcon.colcon_core.package_identification:_identify(.) by extension 'python'
[7.439s] Level 1:colcon.colcon_core.package_identification:_identify(.) by extensions ['python_setup_py']
[7.440s] Level 1:colcon.colcon_core.package_identification:_identify(.) by extension 'python_setup_py'
[7.440s] Level 1:colcon.colcon_core.package_identification:_identify(as7265x_at) by extensions ['ignore', 'ignore_ament_install']
[7.440s] Level 1:colcon.colcon_core.package_identification:_identify(as7265x_at) by extension 'ignore'
[7.441s] Level 1:colcon.colcon_core.package_identification:_identify(as7265x_at) by extension 'ignore_ament_install'
[7.441s] Level 1:colcon.colcon_core.package_identification:_identify(as7265x_at) by extensions ['colcon_pkg']
[7.441s] Level 1:colcon.colcon_core.package_identification:_identify(as7265x_at) by extension 'colcon_pkg'
[7.441s] Level 1:colcon.colcon_core.package_identification:_identify(as7265x_at) by extensions ['colcon_meta']
[7.441s] Level 1:colcon.colcon_core.package_identification:_identify(as7265x_at) by extension 'colcon_meta'
[7.441s] Level 1:colcon.colcon_core.package_identification:_identify(as7265x_at) by extensions ['ros']
[7.445s] Level 1:colcon.colcon_core.package_identification:_identify(as7265x_at) by extension 'ros'
[7.472s] DEBUG:colcon.colcon_core.package_identification:Package 'as7265x_at' with type 'ros.ament_python' and name 'as7265x_at'
[7.474s] Level 1:colcon.colcon_core.package_identification:_identify(as7265x_at_msgs) by extensions ['ignore', 'ignore_ament_install']
[7.475s] Level 1:colcon.colcon_core.package_identification:_identify(as7265x_at_msgs) by extension 'ignore'
[7.476s] Level 1:colcon.colcon_core.package_identification:_identify(as7265x_at_msgs) by extension 'ignore_ament_install'
[7.478s] Level 1:colcon.colcon_core.package_identification:_identify(as7265x_at_msgs) by extensions ['colcon_pkg']
[7.479s] Level 1:colcon.colcon_core.package_identification:_identify(as7265x_at_msgs) by extension 'colcon_pkg'
[7.480s] Level 1:colcon.colcon_core.package_identification:_identify(as7265x_at_msgs) by extensions ['colcon_meta']
[7.481s] Level 1:colcon.colcon_core.package_identification:_identify(as7265x_at_msgs) by extension 'colcon_meta'
[7.482s] Level 1:colcon.colcon_core.package_identification:_identify(as7265x_at_msgs) by extensions ['ros']
[7.483s] Level 1:colcon.colcon_core.package_identification:_identify(as7265x_at_msgs) by extension 'ros'
[7.492s] DEBUG:colcon.colcon_core.package_identification:Package 'as7265x_at_msgs' with type 'ros.ament_cmake' and name 'as7265x_at_msgs'
[7.493s] Level 1:colcon.colcon_core.package_identification:_identify(build) by extensions ['ignore', 'ignore_ament_install']
[7.495s] Level 1:colcon.colcon_core.package_identification:_identify(build) by extension 'ignore'
[7.496s] Level 1:colcon.colcon_core.package_identification:_identify(build) ignored
[7.499s] Level 1:colcon.colcon_core.package_identification:_identify(camera_ros) by extensions ['ignore', 'ignore_ament_install']
[7.501s] Level 1:colcon.colcon_core.package_identification:_identify(camera_ros) by extension 'ignore'
[7.502s] Level 1:colcon.colcon_core.package_identification:_identify(camera_ros) by extension 'ignore_ament_install'
[7.504s] Level 1:colcon.colcon_core.package_identification:_identify(camera_ros) by extensions ['colcon_pkg']
[7.505s] Level 1:colcon.colcon_core.package_identification:_identify(camera_ros) by extension 'colcon_pkg'
[7.506s] Level 1:colcon.colcon_core.package_identification:_identify(camera_ros) by extensions ['colcon_meta']
[7.507s] Level 1:colcon.colcon_core.package_identification:_identify(camera_ros) by extension 'colcon_meta'
[7.508s] Level 1:colcon.colcon_core.package_identification:_identify(camera_ros) by extensions ['ros']
[7.510s] Level 1:colcon.colcon_core.package_identification:_identify(camera_ros) by extension 'ros'
[7.557s] DEBUG:colcon.colcon_core.package_identification:Package 'camera_ros' with type 'ros.ament_cmake' and name 'camera_ros'
[7.560s] Level 1:colcon.colcon_core.package_identification:_identify(camera_ros_bringup) by extensions ['ignore', 'ignore_ament_install']
[7.561s] Level 1:colcon.colcon_core.package_identification:_identify(camera_ros_bringup) by extension 'ignore'
[7.563s] Level 1:colcon.colcon_core.package_identification:_identify(camera_ros_bringup) by extension 'ignore_ament_install'
[7.564s] Level 1:colcon.colcon_core.package_identification:_identify(camera_ros_bringup) by extensions ['colcon_pkg']
[7.565s] Level 1:colcon.colcon_core.package_identification:_identify(camera_ros_bringup) by extension 'colcon_pkg'
[7.566s] Level 1:colcon.colcon_core.package_identification:_identify(camera_ros_bringup) by extensions ['colcon_meta']
[7.567s] Level 1:colcon.colcon_core.package_identification:_identify(camera_ros_bringup) by extension 'colcon_meta'
[7.568s] Level 1:colcon.colcon_core.package_identification:_identify(camera_ros_bringup) by extensions ['ros']
[7.568s] Level 1:colcon.colcon_core.package_identification:_identify(camera_ros_bringup) by extension 'ros'
[7.573s] DEBUG:colcon.colcon_core.package_identification:Package 'camera_ros_bringup' with type 'ros.ament_cmake' and name 'camera_ros_bringup'
[7.575s] Level 1:colcon.colcon_core.package_identification:_identify(install) by extensions ['ignore', 'ignore_ament_install']
[7.576s] Level 1:colcon.colcon_core.package_identification:_identify(install) by extension 'ignore'
[7.577s] Level 1:colcon.colcon_core.package_identification:_identify(install) ignored
[7.579s] Level 1:colcon.colcon_core.package_identification:_identify(log) by extensions ['ignore', 'ignore_ament_install']
[7.580s] Level 1:colcon.colcon_core.package_identification:_identify(log) by extension 'ignore'
[7.581s] Level 1:colcon.colcon_core.package_identification:_identify(log) ignored
[7.583s] Level 1:colcon.colcon_core.package_identification:_identify(multispec) by extensions ['ignore', 'ignore_ament_install']
[7.585s] Level 1:colcon.colcon_core.package_identification:_identify(multispec) by extension 'ignore'
[7.587s] Level 1:colcon.colcon_core.package_identification:_identify(multispec) by extension 'ignore_ament_install'
[7.588s] Level 1:colcon.colcon_core.package_identification:_identify(multispec) by extensions ['colcon_pkg']
[7.589s] Level 1:colcon.colcon_core.package_identification:_identify(multispec) by extension 'colcon_pkg'
[7.591s] Level 1:colcon.colcon_core.package_identification:_identify(multispec) by extensions ['colcon_meta']
[7.592s] Level 1:colcon.colcon_core.package_identification:_identify(multispec) by extension 'colcon_meta'
[7.593s] Level 1:colcon.colcon_core.package_identification:_identify(multispec) by extensions ['ros']
[7.594s] Level 1:colcon.colcon_core.package_identification:_identify(multispec) by extension 'ros'
[7.596s] Level 1:colcon.colcon_core.package_identification:_identify(multispec) by extensions ['cmake', 'python']
[7.597s] Level 1:colcon.colcon_core.package_identification:_identify(multispec) by extension 'cmake'
[7.598s] Level 1:colcon.colcon_core.package_identification:_identify(multispec) by extension 'python'
[7.600s] Level 1:colcon.colcon_core.package_identification:_identify(multispec) by extensions ['python_setup_py']
[7.601s] Level 1:colcon.colcon_core.package_identification:_identify(multispec) by extension 'python_setup_py'
[7.603s] Level 1:colcon.colcon_core.package_identification:_identify(stamp_and_split_cam1) by extensions ['ignore', 'ignore_ament_install']
[7.604s] Level 1:colcon.colcon_core.package_identification:_identify(stamp_and_split_cam1) by extension 'ignore'
[7.605s] Level 1:colcon.colcon_core.package_identification:_identify(stamp_and_split_cam1) by extension 'ignore_ament_install'
[7.607s] Level 1:colcon.colcon_core.package_identification:_identify(stamp_and_split_cam1) by extensions ['colcon_pkg']
[7.607s] Level 1:colcon.colcon_core.package_identification:_identify(stamp_and_split_cam1) by extension 'colcon_pkg'
[7.609s] Level 1:colcon.colcon_core.package_identification:_identify(stamp_and_split_cam1) by extensions ['colcon_meta']
[7.609s] Level 1:colcon.colcon_core.package_identification:_identify(stamp_and_split_cam1) by extension 'colcon_meta'
[7.610s] Level 1:colcon.colcon_core.package_identification:_identify(stamp_and_split_cam1) by extensions ['ros']
[7.610s] Level 1:colcon.colcon_core.package_identification:_identify(stamp_and_split_cam1) by extension 'ros'
[7.618s] DEBUG:colcon.colcon_core.package_identification:Package 'stamp_and_split_cam1' with type 'ros.ament_python' and name 'stamp_and_split_cam1'
[7.620s] Level 1:colcon.colcon_core.package_identification:_identify(vision_opencv) by extensions ['ignore', 'ignore_ament_install']
[7.622s] Level 1:colcon.colcon_core.package_identification:_identify(vision_opencv) by extension 'ignore'
[7.623s] Level 1:colcon.colcon_core.package_identification:_identify(vision_opencv) by extension 'ignore_ament_install'
[7.624s] Level 1:colcon.colcon_core.package_identification:_identify(vision_opencv) by extensions ['colcon_pkg']
[7.625s] Level 1:colcon.colcon_core.package_identification:_identify(vision_opencv) by extension 'colcon_pkg'
[7.626s] Level 1:colcon.colcon_core.package_identification:_identify(vision_opencv) by extensions ['colcon_meta']
[7.627s] Level 1:colcon.colcon_core.package_identification:_identify(vision_opencv) by extension 'colcon_meta'
[7.628s] Level 1:colcon.colcon_core.package_identification:_identify(vision_opencv) by extensions ['ros']
[7.629s] Level 1:colcon.colcon_core.package_identification:_identify(vision_opencv) by extension 'ros'
[7.630s] Level 1:colcon.colcon_core.package_identification:_identify(vision_opencv) by extensions ['cmake', 'python']
[7.631s] Level 1:colcon.colcon_core.package_identification:_identify(vision_opencv) by extension 'cmake'
[7.633s] Level 1:colcon.colcon_core.package_identification:_identify(vision_opencv) by extension 'python'
[7.634s] Level 1:colcon.colcon_core.package_identification:_identify(vision_opencv) by extensions ['python_setup_py']
[7.635s] Level 1:colcon.colcon_core.package_identification:_identify(vision_opencv) by extension 'python_setup_py'
[7.637s] Level 1:colcon.colcon_core.package_identification:_identify(vision_opencv/cv_bridge) by extensions ['ignore', 'ignore_ament_install']
[7.639s] Level 1:colcon.colcon_core.package_identification:_identify(vision_opencv/cv_bridge) by extension 'ignore'
[7.640s] Level 1:colcon.colcon_core.package_identification:_identify(vision_opencv/cv_bridge) by extension 'ignore_ament_install'
[7.641s] Level 1:colcon.colcon_core.package_identification:_identify(vision_opencv/cv_bridge) by extensions ['colcon_pkg']
[7.643s] Level 1:colcon.colcon_core.package_identification:_identify(vision_opencv/cv_bridge) by extension 'colcon_pkg'
[7.644s] Level 1:colcon.colcon_core.package_identification:_identify(vision_opencv/cv_bridge) by extensions ['colcon_meta']
[7.645s] Level 1:colcon.colcon_core.package_identification:_identify(vision_opencv/cv_bridge) by extension 'colcon_meta'
[7.646s] Level 1:colcon.colcon_core.package_identification:_identify(vision_opencv/cv_bridge) by extensions ['ros']
[7.646s] Level 1:colcon.colcon_core.package_identification:_identify(vision_opencv/cv_bridge) by extension 'ros'
[7.651s] DEBUG:colcon.colcon_core.package_identification:Package 'vision_opencv/cv_bridge' with type 'ros.ament_cmake' and name 'cv_bridge'
[7.652s] Level 1:colcon.colcon_core.package_identification:_identify(vision_opencv/image_geometry) by extensions ['ignore', 'ignore_ament_install']
[7.652s] Level 1:colcon.colcon_core.package_identification:_identify(vision_opencv/image_geometry) by extension 'ignore'
[7.653s] Level 1:colcon.colcon_core.package_identification:_identify(vision_opencv/image_geometry) by extension 'ignore_ament_install'
[7.653s] Level 1:colcon.colcon_core.package_identification:_identify(vision_opencv/image_geometry) by extensions ['colcon_pkg']
[7.653s] Level 1:colcon.colcon_core.package_identification:_identify(vision_opencv/image_geometry) by extension 'colcon_pkg'
[7.654s] Level 1:colcon.colcon_core.package_identification:_identify(vision_opencv/image_geometry) by extensions ['colcon_meta']
[7.654s] Level 1:colcon.colcon_core.package_identification:_identify(vision_opencv/image_geometry) by extension 'colcon_meta'
[7.654s] Level 1:colcon.colcon_core.package_identification:_identify(vision_opencv/image_geometry) by extensions ['ros']
[7.654s] Level 1:colcon.colcon_core.package_identification:_identify(vision_opencv/image_geometry) by extension 'ros'
[7.658s] DEBUG:colcon.colcon_core.package_identification:Package 'vision_opencv/image_geometry' with type 'ros.ament_cmake' and name 'image_geometry'
[7.659s] Level 1:colcon.colcon_core.package_identification:_identify(vision_opencv/opencv_tests) by extensions ['ignore', 'ignore_ament_install']
[7.667s] Level 1:colcon.colcon_core.package_identification:_identify(vision_opencv/opencv_tests) by extension 'ignore'
[7.668s] Level 1:colcon.colcon_core.package_identification:_identify(vision_opencv/opencv_tests) by extension 'ignore_ament_install'
[7.669s] Level 1:colcon.colcon_core.package_identification:_identify(vision_opencv/opencv_tests) by extensions ['colcon_pkg']
[7.670s] Level 1:colcon.colcon_core.package_identification:_identify(vision_opencv/opencv_tests) by extension 'colcon_pkg'
[7.671s] Level 1:colcon.colcon_core.package_identification:_identify(vision_opencv/opencv_tests) by extensions ['colcon_meta']
[7.671s] Level 1:colcon.colcon_core.package_identification:_identify(vision_opencv/opencv_tests) by extension 'colcon_meta'
[7.672s] Level 1:colcon.colcon_core.package_identification:_identify(vision_opencv/opencv_tests) by extensions ['ros']
[7.672s] Level 1:colcon.colcon_core.package_identification:_identify(vision_opencv/opencv_tests) by extension 'ros'
[7.679s] DEBUG:colcon.colcon_core.package_identification:Package 'vision_opencv/opencv_tests' with type 'ros.ament_python' and name 'opencv_tests'
[7.680s] Level 1:colcon.colcon_core.package_identification:_identify(vision_opencv/vision_opencv) by extensions ['ignore', 'ignore_ament_install']
[7.681s] Level 1:colcon.colcon_core.package_identification:_identify(vision_opencv/vision_opencv) by extension 'ignore'
[7.682s] Level 1:colcon.colcon_core.package_identification:_identify(vision_opencv/vision_opencv) by extension 'ignore_ament_install'
[7.683s] Level 1:colcon.colcon_core.package_identification:_identify(vision_opencv/vision_opencv) by extensions ['colcon_pkg']
[7.684s] Level 1:colcon.colcon_core.package_identification:_identify(vision_opencv/vision_opencv) by extension 'colcon_pkg'
[7.685s] Level 1:colcon.colcon_core.package_identification:_identify(vision_opencv/vision_opencv) by extensions ['colcon_meta']
[7.686s] Level 1:colcon.colcon_core.package_identification:_identify(vision_opencv/vision_opencv) by extension 'colcon_meta'
[7.687s] Level 1:colcon.colcon_core.package_identification:_identify(vision_opencv/vision_opencv) by extensions ['ros']
[7.687s] Level 1:colcon.colcon_core.package_identification:_identify(vision_opencv/vision_opencv) by extension 'ros'
[7.693s] DEBUG:colcon.colcon_core.package_identification:Package 'vision_opencv/vision_opencv' with type 'ros.ament_cmake' and name 'vision_opencv'
[7.694s] Level 1:colcon.colcon_core.package_discovery:discover_packages(recursive) using defaults
[7.696s] Level 1:colcon.colcon_core.package_discovery:discover_packages(ignore) discover
[7.696s] Level 1:colcon.colcon_core.package_discovery:discover_packages(ignore) using defaults
[7.696s] Level 1:colcon.colcon_core.package_discovery:discover_packages(path) discover
[7.697s] Level 1:colcon.colcon_core.package_discovery:discover_packages(path) using defaults
[8.150s] INFO:colcon.colcon_core.package_selection:Skipping not selected package 'as7265x_at_msgs' in 'as7265x_at_msgs'
[8.152s] INFO:colcon.colcon_core.package_selection:Skipping not selected package 'cv_bridge' in 'vision_opencv/cv_bridge'
[8.152s] INFO:colcon.colcon_core.package_selection:Skipping not selected package 'image_geometry' in 'vision_opencv/image_geometry'
[8.152s] INFO:colcon.colcon_core.package_selection:Skipping not selected package 'stamp_and_split_cam1' in 'stamp_and_split_cam1'
[8.153s] INFO:colcon.colcon_core.package_selection:Skipping not selected package 'camera_ros' in 'camera_ros'
[8.153s] INFO:colcon.colcon_core.package_selection:Skipping not selected package 'opencv_tests' in 'vision_opencv/opencv_tests'
[8.153s] INFO:colcon.colcon_core.package_selection:Skipping not selected package 'vision_opencv' in 'vision_opencv/vision_opencv'
[8.153s] INFO:colcon.colcon_core.package_selection:Skipping not selected package 'camera_ros_bringup' in 'camera_ros_bringup'
[8.159s] Level 1:colcon.colcon_core.package_discovery:discover_packages(prefix_path) check parameters
[8.160s] Level 1:colcon.colcon_core.package_discovery:discover_packages(prefix_path) discover
[8.173s] WARNING:colcon.colcon_core.prefix_path.colcon:The path '/home/pi4/as7265x_at/install' in the environment variable COLCON_PREFIX_PATH doesn't exist
[8.176s] WARNING:colcon.colcon_ros.prefix_path.ament:The path '/home/pi4/as7265x_at/install/as7265x_at' in the environment variable AMENT_PREFIX_PATH doesn't exist
[8.263s] DEBUG:colcon.colcon_installed_package_information.package_discovery:Found 8 installed packages in /home/pi4/camera_ws/install
[8.313s] DEBUG:colcon.colcon_installed_package_information.package_discovery:Found 354 installed packages in /home/pi4/ros2_jazzy/install
[8.327s] Level 1:colcon.colcon_core.package_discovery:discover_packages(prefix_path) using defaults
[8.768s] Level 5:colcon.colcon_core.verb:set package 'as7265x_at' build argument 'cmake_args' from command line to 'None'
[8.769s] Level 5:colcon.colcon_core.verb:set package 'as7265x_at' build argument 'cmake_target' from command line to 'None'
[8.769s] Level 5:colcon.colcon_core.verb:set package 'as7265x_at' build argument 'cmake_target_skip_unavailable' from command line to 'False'
[8.769s] Level 5:colcon.colcon_core.verb:set package 'as7265x_at' build argument 'cmake_clean_cache' from command line to 'False'
[8.769s] Level 5:colcon.colcon_core.verb:set package 'as7265x_at' build argument 'cmake_clean_first' from command line to 'False'
[8.770s] Level 5:colcon.colcon_core.verb:set package 'as7265x_at' build argument 'cmake_force_configure' from command line to 'False'
[8.770s] Level 5:colcon.colcon_core.verb:set package 'as7265x_at' build argument 'ament_cmake_args' from command line to 'None'
[8.770s] Level 5:colcon.colcon_core.verb:set package 'as7265x_at' build argument 'catkin_cmake_args' from command line to 'None'
[8.770s] Level 5:colcon.colcon_core.verb:set package 'as7265x_at' build argument 'catkin_skip_building_tests' from command line to 'False'
[8.770s] DEBUG:colcon.colcon_core.verb:Building package 'as7265x_at' with the following arguments: {'ament_cmake_args': None, 'build_base': '/home/pi4/camera_ws/src/build/as7265x_at', 'catkin_cmake_args': None, 'catkin_skip_building_tests': False, 'cmake_args': None, 'cmake_clean_cache': False, 'cmake_clean_first': False, 'cmake_force_configure': False, 'cmake_target': None, 'cmake_target_skip_unavailable': False, 'install_base': '/home/pi4/camera_ws/src/install/as7265x_at', 'merge_install': False, 'path': '/home/pi4/camera_ws/src/as7265x_at', 'symlink_install': True, 'test_result_base': None}
[8.772s] INFO:colcon.colcon_core.executor:Executing jobs using 'parallel' executor
[8.778s] DEBUG:colcon.colcon_parallel_executor.executor.parallel:run_until_complete
[8.780s] INFO:colcon.colcon_ros.task.ament_python.build:Building ROS package in '/home/pi4/camera_ws/src/as7265x_at' with build type 'ament_python'
[8.782s] Level 1:colcon.colcon_core.shell:create_environment_hook('as7265x_at', 'ament_prefix_path')
[8.835s] INFO:colcon.colcon_core.plugin_system:Skipping extension 'colcon_core.shell.bat': Not used on non-Windows systems
[8.837s] INFO:colcon.colcon_core.shell:Creating environment hook '/home/pi4/camera_ws/src/install/as7265x_at/share/as7265x_at/hook/ament_prefix_path.ps1'
[8.862s] INFO:colcon.colcon_core.shell:Creating environment descriptor '/home/pi4/camera_ws/src/install/as7265x_at/share/as7265x_at/hook/ament_prefix_path.dsv'
[8.868s] INFO:colcon.colcon_core.shell:Creating environment hook '/home/pi4/camera_ws/src/install/as7265x_at/share/as7265x_at/hook/ament_prefix_path.sh'
[8.876s] INFO:colcon.colcon_core.shell:Skip shell extension 'powershell' for command environment: Not usable outside of PowerShell
[8.879s] DEBUG:colcon.colcon_core.shell:Skip shell extension 'dsv' for command environment
[17.156s] INFO:colcon.colcon_core.task.python.build:Building Python package in '/home/pi4/camera_ws/src/as7265x_at'
[17.158s] INFO:colcon.colcon_core.shell:Skip shell extension 'powershell' for command environment: Not usable outside of PowerShell
[17.162s] DEBUG:colcon.colcon_core.shell:Skip shell extension 'dsv' for command environment
[33.500s] DEBUG:colcon.colcon_core.event_handler.log_command:Invoking command in '/home/pi4/camera_ws/src/build/as7265x_at': PYTHONPATH=/home/pi4/camera_ws/src/build/as7265x_at/prefix_override:/usr/lib/python3/dist-packages/colcon_core/task/python/colcon_distutils_commands:/home/pi4/camera_ws/src/install/as7265x_at/lib/python3.11/site-packages:${PYTHONPATH} /usr/bin/python3 -W ignore:setup.py install is deprecated -W ignore:easy_install command is deprecated setup.py develop --editable --build-directory /home/pi4/camera_ws/src/build/as7265x_at/build --no-deps symlink_data
[50.970s] Level 1:colcon.colcon_core.shell:create_environment_hook('as7265x_at', 'pythonpath_develop')
[50.973s] INFO:colcon.colcon_core.shell:Creating environment hook '/home/pi4/camera_ws/src/build/as7265x_at/share/as7265x_at/hook/pythonpath_develop.ps1'
[50.976s] DEBUG:colcon.colcon_core.event_handler.log_command:Invoked command in '/home/pi4/camera_ws/src/build/as7265x_at' returned '0': PYTHONPATH=/home/pi4/camera_ws/src/build/as7265x_at/prefix_override:/usr/lib/python3/dist-packages/colcon_core/task/python/colcon_distutils_commands:/home/pi4/camera_ws/src/install/as7265x_at/lib/python3.11/site-packages:${PYTHONPATH} /usr/bin/python3 -W ignore:setup.py install is deprecated -W ignore:easy_install command is deprecated setup.py develop --editable --build-directory /home/pi4/camera_ws/src/build/as7265x_at/build --no-deps symlink_data
[50.983s] INFO:colcon.colcon_core.shell:Creating environment descriptor '/home/pi4/camera_ws/src/build/as7265x_at/share/as7265x_at/hook/pythonpath_develop.dsv'
[50.988s] INFO:colcon.colcon_core.shell:Creating environment hook '/home/pi4/camera_ws/src/build/as7265x_at/share/as7265x_at/hook/pythonpath_develop.sh'
[51.059s] Level 1:colcon.colcon_core.environment:checking '/home/pi4/camera_ws/src/install/as7265x_at' for CMake module files
[51.063s] Level 1:colcon.colcon_core.environment:checking '/home/pi4/camera_ws/src/install/as7265x_at' for CMake config files
[51.068s] Level 1:colcon.colcon_core.environment:checking '/home/pi4/camera_ws/src/install/as7265x_at/lib'
[51.071s] Level 1:colcon.colcon_core.environment:checking '/home/pi4/camera_ws/src/install/as7265x_at/bin'
[51.071s] Level 1:colcon.colcon_core.environment:checking '/home/pi4/camera_ws/src/install/as7265x_at/lib/pkgconfig/as7265x_at.pc'
[51.075s] Level 1:colcon.colcon_core.environment:checking '/home/pi4/camera_ws/src/install/as7265x_at/lib/python3.11/site-packages'
[51.076s] Level 1:colcon.colcon_core.shell:create_environment_hook('as7265x_at', 'pythonpath')
[51.078s] INFO:colcon.colcon_core.shell:Creating environment hook '/home/pi4/camera_ws/src/install/as7265x_at/share/as7265x_at/hook/pythonpath.ps1'
[51.086s] INFO:colcon.colcon_core.shell:Creating environment descriptor '/home/pi4/camera_ws/src/install/as7265x_at/share/as7265x_at/hook/pythonpath.dsv'
[51.088s] INFO:colcon.colcon_core.shell:Creating environment hook '/home/pi4/camera_ws/src/install/as7265x_at/share/as7265x_at/hook/pythonpath.sh'
[51.096s] Level 1:colcon.colcon_core.environment:checking '/home/pi4/camera_ws/src/install/as7265x_at/bin'
[51.097s] Level 1:colcon.colcon_core.environment:create_environment_scripts_only(as7265x_at)
[51.100s] INFO:colcon.colcon_core.shell:Creating package script '/home/pi4/camera_ws/src/install/as7265x_at/share/as7265x_at/package.ps1'
[51.106s] INFO:colcon.colcon_core.shell:Creating package descriptor '/home/pi4/camera_ws/src/install/as7265x_at/share/as7265x_at/package.dsv'
[51.112s] INFO:colcon.colcon_core.shell:Creating package script '/home/pi4/camera_ws/src/install/as7265x_at/share/as7265x_at/package.sh'
[51.122s] INFO:colcon.colcon_core.shell:Creating package script '/home/pi4/camera_ws/src/install/as7265x_at/share/as7265x_at/package.bash'
[51.127s] INFO:colcon.colcon_core.shell:Creating package script '/home/pi4/camera_ws/src/install/as7265x_at/share/as7265x_at/package.zsh'
[51.132s] Level 1:colcon.colcon_core.environment:create_file_with_runtime_dependencies(/home/pi4/camera_ws/src/install/as7265x_at/share/colcon-core/packages/as7265x_at)
[51.134s] DEBUG:colcon.colcon_parallel_executor.executor.parallel:closing loop
[51.141s] DEBUG:colcon.colcon_parallel_executor.executor.parallel:loop closed
[51.143s] DEBUG:colcon.colcon_parallel_executor.executor.parallel:run_until_complete finished with '0'
[51.143s] DEBUG:colcon.colcon_core.event_reactor:joining thread
[51.259s] INFO:colcon.colcon_core.plugin_system:Skipping extension 'colcon_notification.desktop_notification.notify_send': Could not find 'notify-send'
[51.260s] INFO:colcon.colcon_core.plugin_system:Skipping extension 'colcon_notification.desktop_notification.terminal_notifier': Not used on non-Darwin systems
[51.260s] INFO:colcon.colcon_core.plugin_system:Skipping extension 'colcon_notification.desktop_notification.win32': Not used on non-Windows systems
[51.261s] INFO:colcon.colcon_notification.desktop_notification:Sending desktop notification using 'notify2'
[51.269s] DEBUG:colcon.colcon_notification.desktop_notification.notify2:Failed to initialize notify2: org.freedesktop.DBus.Error.ServiceUnknown: The name org.freedesktop.Notifications was not provided by any .service files
[51.272s] DEBUG:colcon.colcon_core.event_reactor:joined thread
[51.275s] INFO:colcon.colcon_core.shell:Creating prefix script '/home/pi4/camera_ws/src/install/local_setup.ps1'
[51.288s] INFO:colcon.colcon_core.shell:Creating prefix util module '/home/pi4/camera_ws/src/install/_local_setup_util_ps1.py'
[51.304s] INFO:colcon.colcon_core.shell:Creating prefix chain script '/home/pi4/camera_ws/src/install/setup.ps1'
[51.521s] INFO:colcon.colcon_core.shell:Creating prefix script '/home/pi4/camera_ws/src/install/local_setup.sh'
[51.528s] INFO:colcon.colcon_core.shell:Creating prefix util module '/home/pi4/camera_ws/src/install/_local_setup_util_sh.py'
[51.536s] INFO:colcon.colcon_core.shell:Creating prefix chain script '/home/pi4/camera_ws/src/install/setup.sh'
[51.666s] INFO:colcon.colcon_core.shell:Creating prefix script '/home/pi4/camera_ws/src/install/local_setup.bash'
[51.675s] INFO:colcon.colcon_core.shell:Creating prefix chain script '/home/pi4/camera_ws/src/install/setup.bash'
[51.930s] INFO:colcon.colcon_core.shell:Creating prefix script '/home/pi4/camera_ws/src/install/local_setup.zsh'
[51.937s] INFO:colcon.colcon_core.shell:Creating prefix chain script '/home/pi4/camera_ws/src/install/setup.zsh'
