[0.880s] DEBUG:colcon:Command line arguments: ['/usr/bin/colcon', 'build', '--symlink-install', '--packages-select', 'andrea_multispec']
[0.880s] DEBUG:colcon:Parsed command line arguments: Namespace(log_base=None, log_level=None, verb_name='build', build_base='build', install_base='install', merge_install=False, symlink_install=True, test_result_base=None, continue_on_error=False, executor='parallel', parallel_workers=4, event_handlers=None, ignore_user_meta=False, metas=['./colcon.meta'], base_paths=['.'], packages_ignore=None, packages_ignore_regex=None, paths=None, packages_up_to=None, packages_up_to_regex=None, packages_above=None, packages_above_and_dependencies=None, packages_above_depth=None, packages_select_by_dep=None, packages_skip_by_dep=None, packages_skip_up_to=None, packages_select_build_failed=False, packages_skip_build_finished=False, packages_select_test_failures=False, packages_skip_test_passed=False, packages_select=['andrea_multispec'], packages_skip=None, packages_select_regex=None, packages_skip_regex=None, packages_start=None, packages_end=None, allow_overriding=[], cmake_args=None, cmake_target=None, cmake_target_skip_unavailable=False, cmake_clean_cache=False, cmake_clean_first=False, cmake_force_configure=False, ament_cmake_args=None, catkin_cmake_args=None, catkin_skip_building_tests=False, mixin_files=None, mixin=None, verb_parser=<colcon_mixin.mixin.mixin_argument.MixinArgumentDecorator object at 0x7fb49194d0>, verb_extension=<colcon_core.verb.build.BuildVerb object at 0x7fb4918dd0>, main=<bound method BuildVerb.main of <colcon_core.verb.build.BuildVerb object at 0x7fb4918dd0>>, mixin_verb=('build',))
[1.988s] Level 1:colcon.colcon_core.package_discovery:discover_packages(colcon_meta) check parameters
[1.988s] Level 1:colcon.colcon_core.package_discovery:discover_packages(recursive) check parameters
[1.989s] Level 1:colcon.colcon_core.package_discovery:discover_packages(ignore) check parameters
[1.989s] Level 1:colcon.colcon_core.package_discovery:discover_packages(path) check parameters
[1.989s] Level 1:colcon.colcon_core.package_discovery:discover_packages(colcon_meta) discover
[1.989s] Level 1:colcon.colcon_core.package_discovery:discover_packages(recursive) discover
[1.990s] INFO:colcon.colcon_core.package_discovery:Crawling recursively for packages in '/home/pi4/camera_ws/src'
[1.990s] Level 1:colcon.colcon_core.package_identification:_identify(.) by extensions ['ignore', 'ignore_ament_install']
[1.990s] Level 1:colcon.colcon_core.package_identification:_identify(.) by extension 'ignore'
[1.990s] Level 1:colcon.colcon_core.package_identification:_identify(.) by extension 'ignore_ament_install'
[1.991s] Level 1:colcon.colcon_core.package_identification:_identify(.) by extensions ['colcon_pkg']
[1.991s] Level 1:colcon.colcon_core.package_identification:_identify(.) by extension 'colcon_pkg'
[1.991s] Level 1:colcon.colcon_core.package_identification:_identify(.) by extensions ['colcon_meta']
[1.991s] Level 1:colcon.colcon_core.package_identification:_identify(.) by extension 'colcon_meta'
[1.991s] Level 1:colcon.colcon_core.package_identification:_identify(.) by extensions ['ros']
[1.991s] Level 1:colcon.colcon_core.package_identification:_identify(.) by extension 'ros'
[2.071s] Level 1:colcon.colcon_core.package_identification:_identify(.) by extensions ['cmake', 'python']
[2.071s] Level 1:colcon.colcon_core.package_identification:_identify(.) by extension 'cmake'
[2.071s] Level 1:colcon.colcon_core.package_identification:_identify(.) by extension 'python'
[2.071s] Level 1:colcon.colcon_core.package_identification:_identify(.) by extensions ['python_setup_py']
[2.071s] Level 1:colcon.colcon_core.package_identification:_identify(.) by extension 'python_setup_py'
[2.072s] Level 1:colcon.colcon_core.package_identification:_identify(andrea_multispec) by extensions ['ignore', 'ignore_ament_install']
[2.072s] Level 1:colcon.colcon_core.package_identification:_identify(andrea_multispec) by extension 'ignore'
[2.072s] Level 1:colcon.colcon_core.package_identification:_identify(andrea_multispec) by extension 'ignore_ament_install'
[2.072s] Level 1:colcon.colcon_core.package_identification:_identify(andrea_multispec) by extensions ['colcon_pkg']
[2.073s] Level 1:colcon.colcon_core.package_identification:_identify(andrea_multispec) by extension 'colcon_pkg'
[2.073s] Level 1:colcon.colcon_core.package_identification:_identify(andrea_multispec) by extensions ['colcon_meta']
[2.073s] Level 1:colcon.colcon_core.package_identification:_identify(andrea_multispec) by extension 'colcon_meta'
[2.073s] Level 1:colcon.colcon_core.package_identification:_identify(andrea_multispec) by extensions ['ros']
[2.073s] Level 1:colcon.colcon_core.package_identification:_identify(andrea_multispec) by extension 'ros'
[2.081s] DEBUG:colcon.colcon_core.package_identification:Package 'andrea_multispec' with type 'ros.ament_python' and name 'andrea_multispec'
[2.082s] Level 1:colcon.colcon_core.package_identification:_identify(as7265x_at) by extensions ['ignore', 'ignore_ament_install']
[2.082s] Level 1:colcon.colcon_core.package_identification:_identify(as7265x_at) by extension 'ignore'
[2.082s] Level 1:colcon.colcon_core.package_identification:_identify(as7265x_at) by extension 'ignore_ament_install'
[2.082s] Level 1:colcon.colcon_core.package_identification:_identify(as7265x_at) by extensions ['colcon_pkg']
[2.083s] Level 1:colcon.colcon_core.package_identification:_identify(as7265x_at) by extension 'colcon_pkg'
[2.083s] Level 1:colcon.colcon_core.package_identification:_identify(as7265x_at) by extensions ['colcon_meta']
[2.083s] Level 1:colcon.colcon_core.package_identification:_identify(as7265x_at) by extension 'colcon_meta'
[2.083s] Level 1:colcon.colcon_core.package_identification:_identify(as7265x_at) by extensions ['ros']
[2.083s] Level 1:colcon.colcon_core.package_identification:_identify(as7265x_at) by extension 'ros'
[2.085s] DEBUG:colcon.colcon_core.package_identification:Package 'as7265x_at' with type 'ros.ament_python' and name 'as7265x_at'
[2.086s] Level 1:colcon.colcon_core.package_identification:_identify(as7265x_at_msgs) by extensions ['ignore', 'ignore_ament_install']
[2.086s] Level 1:colcon.colcon_core.package_identification:_identify(as7265x_at_msgs) by extension 'ignore'
[2.086s] Level 1:colcon.colcon_core.package_identification:_identify(as7265x_at_msgs) by extension 'ignore_ament_install'
[2.086s] Level 1:colcon.colcon_core.package_identification:_identify(as7265x_at_msgs) by extensions ['colcon_pkg']
[2.086s] Level 1:colcon.colcon_core.package_identification:_identify(as7265x_at_msgs) by extension 'colcon_pkg'
[2.087s] Level 1:colcon.colcon_core.package_identification:_identify(as7265x_at_msgs) by extensions ['colcon_meta']
[2.087s] Level 1:colcon.colcon_core.package_identification:_identify(as7265x_at_msgs) by extension 'colcon_meta'
[2.087s] Level 1:colcon.colcon_core.package_identification:_identify(as7265x_at_msgs) by extensions ['ros']
[2.087s] Level 1:colcon.colcon_core.package_identification:_identify(as7265x_at_msgs) by extension 'ros'
[2.089s] DEBUG:colcon.colcon_core.package_identification:Package 'as7265x_at_msgs' with type 'ros.ament_cmake' and name 'as7265x_at_msgs'
[2.089s] Level 1:colcon.colcon_core.package_identification:_identify(build) by extensions ['ignore', 'ignore_ament_install']
[2.090s] Level 1:colcon.colcon_core.package_identification:_identify(build) by extension 'ignore'
[2.090s] Level 1:colcon.colcon_core.package_identification:_identify(build) ignored
[2.090s] Level 1:colcon.colcon_core.package_identification:_identify(camera_ros) by extensions ['ignore', 'ignore_ament_install']
[2.090s] Level 1:colcon.colcon_core.package_identification:_identify(camera_ros) by extension 'ignore'
[2.091s] Level 1:colcon.colcon_core.package_identification:_identify(camera_ros) by extension 'ignore_ament_install'
[2.091s] Level 1:colcon.colcon_core.package_identification:_identify(camera_ros) by extensions ['colcon_pkg']
[2.091s] Level 1:colcon.colcon_core.package_identification:_identify(camera_ros) by extension 'colcon_pkg'
[2.091s] Level 1:colcon.colcon_core.package_identification:_identify(camera_ros) by extensions ['colcon_meta']
[2.091s] Level 1:colcon.colcon_core.package_identification:_identify(camera_ros) by extension 'colcon_meta'
[2.091s] Level 1:colcon.colcon_core.package_identification:_identify(camera_ros) by extensions ['ros']
[2.091s] Level 1:colcon.colcon_core.package_identification:_identify(camera_ros) by extension 'ros'
[2.102s] DEBUG:colcon.colcon_core.package_identification:Package 'camera_ros' with type 'ros.ament_cmake' and name 'camera_ros'
[2.102s] Level 1:colcon.colcon_core.package_identification:_identify(camera_ros_bringup) by extensions ['ignore', 'ignore_ament_install']
[2.103s] Level 1:colcon.colcon_core.package_identification:_identify(camera_ros_bringup) by extension 'ignore'
[2.103s] Level 1:colcon.colcon_core.package_identification:_identify(camera_ros_bringup) by extension 'ignore_ament_install'
[2.103s] Level 1:colcon.colcon_core.package_identification:_identify(camera_ros_bringup) by extensions ['colcon_pkg']
[2.103s] Level 1:colcon.colcon_core.package_identification:_identify(camera_ros_bringup) by extension 'colcon_pkg'
[2.103s] Level 1:colcon.colcon_core.package_identification:_identify(camera_ros_bringup) by extensions ['colcon_meta']
[2.104s] Level 1:colcon.colcon_core.package_identification:_identify(camera_ros_bringup) by extension 'colcon_meta'
[2.104s] Level 1:colcon.colcon_core.package_identification:_identify(camera_ros_bringup) by extensions ['ros']
[2.104s] Level 1:colcon.colcon_core.package_identification:_identify(camera_ros_bringup) by extension 'ros'
[2.105s] DEBUG:colcon.colcon_core.package_identification:Package 'camera_ros_bringup' with type 'ros.ament_cmake' and name 'camera_ros_bringup'
[2.106s] Level 1:colcon.colcon_core.package_identification:_identify(install) by extensions ['ignore', 'ignore_ament_install']
[2.106s] Level 1:colcon.colcon_core.package_identification:_identify(install) by extension 'ignore'
[2.106s] Level 1:colcon.colcon_core.package_identification:_identify(install) ignored
[2.107s] Level 1:colcon.colcon_core.package_identification:_identify(log) by extensions ['ignore', 'ignore_ament_install']
[2.107s] Level 1:colcon.colcon_core.package_identification:_identify(log) by extension 'ignore'
[2.107s] Level 1:colcon.colcon_core.package_identification:_identify(log) ignored
[2.107s] Level 1:colcon.colcon_core.package_identification:_identify(multispec) by extensions ['ignore', 'ignore_ament_install']
[2.108s] Level 1:colcon.colcon_core.package_identification:_identify(multispec) by extension 'ignore'
[2.108s] Level 1:colcon.colcon_core.package_identification:_identify(multispec) by extension 'ignore_ament_install'
[2.108s] Level 1:colcon.colcon_core.package_identification:_identify(multispec) by extensions ['colcon_pkg']
[2.108s] Level 1:colcon.colcon_core.package_identification:_identify(multispec) by extension 'colcon_pkg'
[2.108s] Level 1:colcon.colcon_core.package_identification:_identify(multispec) by extensions ['colcon_meta']
[2.108s] Level 1:colcon.colcon_core.package_identification:_identify(multispec) by extension 'colcon_meta'
[2.108s] Level 1:colcon.colcon_core.package_identification:_identify(multispec) by extensions ['ros']
[2.108s] Level 1:colcon.colcon_core.package_identification:_identify(multispec) by extension 'ros'
[2.109s] Level 1:colcon.colcon_core.package_identification:_identify(multispec) by extensions ['cmake', 'python']
[2.109s] Level 1:colcon.colcon_core.package_identification:_identify(multispec) by extension 'cmake'
[2.109s] Level 1:colcon.colcon_core.package_identification:_identify(multispec) by extension 'python'
[2.109s] Level 1:colcon.colcon_core.package_identification:_identify(multispec) by extensions ['python_setup_py']
[2.109s] Level 1:colcon.colcon_core.package_identification:_identify(multispec) by extension 'python_setup_py'
[2.109s] Level 1:colcon.colcon_core.package_identification:_identify(stamp_and_split_cam1) by extensions ['ignore', 'ignore_ament_install']
[2.110s] Level 1:colcon.colcon_core.package_identification:_identify(stamp_and_split_cam1) by extension 'ignore'
[2.110s] Level 1:colcon.colcon_core.package_identification:_identify(stamp_and_split_cam1) by extension 'ignore_ament_install'
[2.110s] Level 1:colcon.colcon_core.package_identification:_identify(stamp_and_split_cam1) by extensions ['colcon_pkg']
[2.110s] Level 1:colcon.colcon_core.package_identification:_identify(stamp_and_split_cam1) by extension 'colcon_pkg'
[2.110s] Level 1:colcon.colcon_core.package_identification:_identify(stamp_and_split_cam1) by extensions ['colcon_meta']
[2.110s] Level 1:colcon.colcon_core.package_identification:_identify(stamp_and_split_cam1) by extension 'colcon_meta'
[2.111s] Level 1:colcon.colcon_core.package_identification:_identify(stamp_and_split_cam1) by extensions ['ros']
[2.111s] Level 1:colcon.colcon_core.package_identification:_identify(stamp_and_split_cam1) by extension 'ros'
[2.112s] DEBUG:colcon.colcon_core.package_identification:Package 'stamp_and_split_cam1' with type 'ros.ament_python' and name 'stamp_and_split_cam1'
[2.113s] Level 1:colcon.colcon_core.package_identification:_identify(vision_opencv) by extensions ['ignore', 'ignore_ament_install']
[2.113s] Level 1:colcon.colcon_core.package_identification:_identify(vision_opencv) by extension 'ignore'
[2.113s] Level 1:colcon.colcon_core.package_identification:_identify(vision_opencv) by extension 'ignore_ament_install'
[2.113s] Level 1:colcon.colcon_core.package_identification:_identify(vision_opencv) by extensions ['colcon_pkg']
[2.114s] Level 1:colcon.colcon_core.package_identification:_identify(vision_opencv) by extension 'colcon_pkg'
[2.114s] Level 1:colcon.colcon_core.package_identification:_identify(vision_opencv) by extensions ['colcon_meta']
[2.114s] Level 1:colcon.colcon_core.package_identification:_identify(vision_opencv) by extension 'colcon_meta'
[2.114s] Level 1:colcon.colcon_core.package_identification:_identify(vision_opencv) by extensions ['ros']
[2.114s] Level 1:colcon.colcon_core.package_identification:_identify(vision_opencv) by extension 'ros'
[2.114s] Level 1:colcon.colcon_core.package_identification:_identify(vision_opencv) by extensions ['cmake', 'python']
[2.114s] Level 1:colcon.colcon_core.package_identification:_identify(vision_opencv) by extension 'cmake'
[2.114s] Level 1:colcon.colcon_core.package_identification:_identify(vision_opencv) by extension 'python'
[2.115s] Level 1:colcon.colcon_core.package_identification:_identify(vision_opencv) by extensions ['python_setup_py']
[2.115s] Level 1:colcon.colcon_core.package_identification:_identify(vision_opencv) by extension 'python_setup_py'
[2.115s] Level 1:colcon.colcon_core.package_identification:_identify(vision_opencv/cv_bridge) by extensions ['ignore', 'ignore_ament_install']
[2.115s] Level 1:colcon.colcon_core.package_identification:_identify(vision_opencv/cv_bridge) by extension 'ignore'
[2.115s] Level 1:colcon.colcon_core.package_identification:_identify(vision_opencv/cv_bridge) by extension 'ignore_ament_install'
[2.116s] Level 1:colcon.colcon_core.package_identification:_identify(vision_opencv/cv_bridge) by extensions ['colcon_pkg']
[2.116s] Level 1:colcon.colcon_core.package_identification:_identify(vision_opencv/cv_bridge) by extension 'colcon_pkg'
[2.116s] Level 1:colcon.colcon_core.package_identification:_identify(vision_opencv/cv_bridge) by extensions ['colcon_meta']
[2.116s] Level 1:colcon.colcon_core.package_identification:_identify(vision_opencv/cv_bridge) by extension 'colcon_meta'
[2.116s] Level 1:colcon.colcon_core.package_identification:_identify(vision_opencv/cv_bridge) by extensions ['ros']
[2.116s] Level 1:colcon.colcon_core.package_identification:_identify(vision_opencv/cv_bridge) by extension 'ros'
[2.119s] DEBUG:colcon.colcon_core.package_identification:Package 'vision_opencv/cv_bridge' with type 'ros.ament_cmake' and name 'cv_bridge'
[2.120s] Level 1:colcon.colcon_core.package_identification:_identify(vision_opencv/image_geometry) by extensions ['ignore', 'ignore_ament_install']
[2.120s] Level 1:colcon.colcon_core.package_identification:_identify(vision_opencv/image_geometry) by extension 'ignore'
[2.120s] Level 1:colcon.colcon_core.package_identification:_identify(vision_opencv/image_geometry) by extension 'ignore_ament_install'
[2.121s] Level 1:colcon.colcon_core.package_identification:_identify(vision_opencv/image_geometry) by extensions ['colcon_pkg']
[2.121s] Level 1:colcon.colcon_core.package_identification:_identify(vision_opencv/image_geometry) by extension 'colcon_pkg'
[2.121s] Level 1:colcon.colcon_core.package_identification:_identify(vision_opencv/image_geometry) by extensions ['colcon_meta']
[2.121s] Level 1:colcon.colcon_core.package_identification:_identify(vision_opencv/image_geometry) by extension 'colcon_meta'
[2.121s] Level 1:colcon.colcon_core.package_identification:_identify(vision_opencv/image_geometry) by extensions ['ros']
[2.121s] Level 1:colcon.colcon_core.package_identification:_identify(vision_opencv/image_geometry) by extension 'ros'
[2.124s] DEBUG:colcon.colcon_core.package_identification:Package 'vision_opencv/image_geometry' with type 'ros.ament_cmake' and name 'image_geometry'
[2.124s] Level 1:colcon.colcon_core.package_identification:_identify(vision_opencv/opencv_tests) by extensions ['ignore', 'ignore_ament_install']
[2.124s] Level 1:colcon.colcon_core.package_identification:_identify(vision_opencv/opencv_tests) by extension 'ignore'
[2.124s] Level 1:colcon.colcon_core.package_identification:_identify(vision_opencv/opencv_tests) by extension 'ignore_ament_install'
[2.125s] Level 1:colcon.colcon_core.package_identification:_identify(vision_opencv/opencv_tests) by extensions ['colcon_pkg']
[2.125s] Level 1:colcon.colcon_core.package_identification:_identify(vision_opencv/opencv_tests) by extension 'colcon_pkg'
[2.125s] Level 1:colcon.colcon_core.package_identification:_identify(vision_opencv/opencv_tests) by extensions ['colcon_meta']
[2.125s] Level 1:colcon.colcon_core.package_identification:_identify(vision_opencv/opencv_tests) by extension 'colcon_meta'
[2.125s] Level 1:colcon.colcon_core.package_identification:_identify(vision_opencv/opencv_tests) by extensions ['ros']
[2.125s] Level 1:colcon.colcon_core.package_identification:_identify(vision_opencv/opencv_tests) by extension 'ros'
[2.127s] DEBUG:colcon.colcon_core.package_identification:Package 'vision_opencv/opencv_tests' with type 'ros.ament_python' and name 'opencv_tests'
[2.127s] Level 1:colcon.colcon_core.package_identification:_identify(vision_opencv/vision_opencv) by extensions ['ignore', 'ignore_ament_install']
[2.128s] Level 1:colcon.colcon_core.package_identification:_identify(vision_opencv/vision_opencv) by extension 'ignore'
[2.128s] Level 1:colcon.colcon_core.package_identification:_identify(vision_opencv/vision_opencv) by extension 'ignore_ament_install'
[2.129s] Level 1:colcon.colcon_core.package_identification:_identify(vision_opencv/vision_opencv) by extensions ['colcon_pkg']
[2.129s] Level 1:colcon.colcon_core.package_identification:_identify(vision_opencv/vision_opencv) by extension 'colcon_pkg'
[2.129s] Level 1:colcon.colcon_core.package_identification:_identify(vision_opencv/vision_opencv) by extensions ['colcon_meta']
[2.129s] Level 1:colcon.colcon_core.package_identification:_identify(vision_opencv/vision_opencv) by extension 'colcon_meta'
[2.129s] Level 1:colcon.colcon_core.package_identification:_identify(vision_opencv/vision_opencv) by extensions ['ros']
[2.129s] Level 1:colcon.colcon_core.package_identification:_identify(vision_opencv/vision_opencv) by extension 'ros'
[2.131s] DEBUG:colcon.colcon_core.package_identification:Package 'vision_opencv/vision_opencv' with type 'ros.ament_cmake' and name 'vision_opencv'
[2.131s] Level 1:colcon.colcon_core.package_discovery:discover_packages(recursive) using defaults
[2.131s] Level 1:colcon.colcon_core.package_discovery:discover_packages(ignore) discover
[2.131s] Level 1:colcon.colcon_core.package_discovery:discover_packages(ignore) using defaults
[2.132s] Level 1:colcon.colcon_core.package_discovery:discover_packages(path) discover
[2.132s] Level 1:colcon.colcon_core.package_discovery:discover_packages(path) using defaults
[2.314s] INFO:colcon.colcon_core.package_selection:Skipping not selected package 'as7265x_at' in 'as7265x_at'
[2.314s] INFO:colcon.colcon_core.package_selection:Skipping not selected package 'as7265x_at_msgs' in 'as7265x_at_msgs'
[2.314s] INFO:colcon.colcon_core.package_selection:Skipping not selected package 'cv_bridge' in 'vision_opencv/cv_bridge'
[2.314s] INFO:colcon.colcon_core.package_selection:Skipping not selected package 'image_geometry' in 'vision_opencv/image_geometry'
[2.315s] INFO:colcon.colcon_core.package_selection:Skipping not selected package 'stamp_and_split_cam1' in 'stamp_and_split_cam1'
[2.315s] INFO:colcon.colcon_core.package_selection:Skipping not selected package 'camera_ros' in 'camera_ros'
[2.315s] INFO:colcon.colcon_core.package_selection:Skipping not selected package 'opencv_tests' in 'vision_opencv/opencv_tests'
[2.315s] INFO:colcon.colcon_core.package_selection:Skipping not selected package 'vision_opencv' in 'vision_opencv/vision_opencv'
[2.315s] INFO:colcon.colcon_core.package_selection:Skipping not selected package 'camera_ros_bringup' in 'camera_ros_bringup'
[2.317s] Level 1:colcon.colcon_core.package_discovery:discover_packages(prefix_path) check parameters
[2.317s] Level 1:colcon.colcon_core.package_discovery:discover_packages(prefix_path) discover
[2.361s] DEBUG:colcon.colcon_installed_package_information.package_discovery:Found 9 installed packages in /home/pi4/camera_ws/install
[2.394s] DEBUG:colcon.colcon_installed_package_information.package_discovery:Found 354 installed packages in /home/pi4/ros2_jazzy/install
[2.400s] Level 1:colcon.colcon_core.package_discovery:discover_packages(prefix_path) using defaults
[2.528s] Level 5:colcon.colcon_core.verb:set package 'andrea_multispec' build argument 'cmake_args' from command line to 'None'
[2.528s] Level 5:colcon.colcon_core.verb:set package 'andrea_multispec' build argument 'cmake_target' from command line to 'None'
[2.528s] Level 5:colcon.colcon_core.verb:set package 'andrea_multispec' build argument 'cmake_target_skip_unavailable' from command line to 'False'
[2.528s] Level 5:colcon.colcon_core.verb:set package 'andrea_multispec' build argument 'cmake_clean_cache' from command line to 'False'
[2.529s] Level 5:colcon.colcon_core.verb:set package 'andrea_multispec' build argument 'cmake_clean_first' from command line to 'False'
[2.529s] Level 5:colcon.colcon_core.verb:set package 'andrea_multispec' build argument 'cmake_force_configure' from command line to 'False'
[2.529s] Level 5:colcon.colcon_core.verb:set package 'andrea_multispec' build argument 'ament_cmake_args' from command line to 'None'
[2.529s] Level 5:colcon.colcon_core.verb:set package 'andrea_multispec' build argument 'catkin_cmake_args' from command line to 'None'
[2.529s] Level 5:colcon.colcon_core.verb:set package 'andrea_multispec' build argument 'catkin_skip_building_tests' from command line to 'False'
[2.529s] DEBUG:colcon.colcon_core.verb:Building package 'andrea_multispec' with the following arguments: {'ament_cmake_args': None, 'build_base': '/home/pi4/camera_ws/src/build/andrea_multispec', 'catkin_cmake_args': None, 'catkin_skip_building_tests': False, 'cmake_args': None, 'cmake_clean_cache': False, 'cmake_clean_first': False, 'cmake_force_configure': False, 'cmake_target': None, 'cmake_target_skip_unavailable': False, 'install_base': '/home/pi4/camera_ws/src/install/andrea_multispec', 'merge_install': False, 'path': '/home/pi4/camera_ws/src/andrea_multispec', 'symlink_install': True, 'test_result_base': None}
[2.530s] INFO:colcon.colcon_core.executor:Executing jobs using 'parallel' executor
[2.534s] DEBUG:colcon.colcon_parallel_executor.executor.parallel:run_until_complete
[2.536s] INFO:colcon.colcon_ros.task.ament_python.build:Building ROS package in '/home/pi4/camera_ws/src/andrea_multispec' with build type 'ament_python'
[2.536s] Level 1:colcon.colcon_core.shell:create_environment_hook('andrea_multispec', 'ament_prefix_path')
[2.562s] INFO:colcon.colcon_core.plugin_system:Skipping extension 'colcon_core.shell.bat': Not used on non-Windows systems
[2.563s] INFO:colcon.colcon_core.shell:Creating environment hook '/home/pi4/camera_ws/src/install/andrea_multispec/share/andrea_multispec/hook/ament_prefix_path.ps1'
[2.566s] INFO:colcon.colcon_core.shell:Creating environment descriptor '/home/pi4/camera_ws/src/install/andrea_multispec/share/andrea_multispec/hook/ament_prefix_path.dsv'
[2.568s] INFO:colcon.colcon_core.shell:Creating environment hook '/home/pi4/camera_ws/src/install/andrea_multispec/share/andrea_multispec/hook/ament_prefix_path.sh'
[2.571s] INFO:colcon.colcon_core.shell:Skip shell extension 'powershell' for command environment: Not usable outside of PowerShell
[2.571s] DEBUG:colcon.colcon_core.shell:Skip shell extension 'dsv' for command environment
[5.509s] INFO:colcon.colcon_core.task.python.build:Building Python package in '/home/pi4/camera_ws/src/andrea_multispec'
[5.510s] INFO:colcon.colcon_core.shell:Skip shell extension 'powershell' for command environment: Not usable outside of PowerShell
[5.510s] DEBUG:colcon.colcon_core.shell:Skip shell extension 'dsv' for command environment
[10.747s] DEBUG:colcon.colcon_core.event_handler.log_command:Invoking command in '/home/pi4/camera_ws/src/build/andrea_multispec': PYTHONPATH=/home/pi4/camera_ws/src/build/andrea_multispec/prefix_override:/usr/lib/python3/dist-packages/colcon_core/task/python/colcon_distutils_commands:/home/pi4/camera_ws/src/install/andrea_multispec/lib/python3.11/site-packages:${PYTHONPATH} /usr/bin/python3 -W ignore:setup.py install is deprecated -W ignore:easy_install command is deprecated setup.py develop --editable --build-directory /home/pi4/camera_ws/src/build/andrea_multispec/build --no-deps symlink_data
[16.055s] Level 1:colcon.colcon_core.shell:create_environment_hook('andrea_multispec', 'pythonpath_develop')
[16.056s] INFO:colcon.colcon_core.shell:Creating environment hook '/home/pi4/camera_ws/src/build/andrea_multispec/share/andrea_multispec/hook/pythonpath_develop.ps1'
[16.059s] DEBUG:colcon.colcon_core.event_handler.log_command:Invoked command in '/home/pi4/camera_ws/src/build/andrea_multispec' returned '0': PYTHONPATH=/home/pi4/camera_ws/src/build/andrea_multispec/prefix_override:/usr/lib/python3/dist-packages/colcon_core/task/python/colcon_distutils_commands:/home/pi4/camera_ws/src/install/andrea_multispec/lib/python3.11/site-packages:${PYTHONPATH} /usr/bin/python3 -W ignore:setup.py install is deprecated -W ignore:easy_install command is deprecated setup.py develop --editable --build-directory /home/pi4/camera_ws/src/build/andrea_multispec/build --no-deps symlink_data
[16.060s] INFO:colcon.colcon_core.shell:Creating environment descriptor '/home/pi4/camera_ws/src/build/andrea_multispec/share/andrea_multispec/hook/pythonpath_develop.dsv'
[16.061s] INFO:colcon.colcon_core.shell:Creating environment hook '/home/pi4/camera_ws/src/build/andrea_multispec/share/andrea_multispec/hook/pythonpath_develop.sh'
[16.085s] Level 1:colcon.colcon_core.environment:checking '/home/pi4/camera_ws/src/install/andrea_multispec' for CMake module files
[16.087s] Level 1:colcon.colcon_core.environment:checking '/home/pi4/camera_ws/src/install/andrea_multispec' for CMake config files
[16.088s] Level 1:colcon.colcon_core.environment:checking '/home/pi4/camera_ws/src/install/andrea_multispec/lib'
[16.089s] Level 1:colcon.colcon_core.environment:checking '/home/pi4/camera_ws/src/install/andrea_multispec/bin'
[16.089s] Level 1:colcon.colcon_core.environment:checking '/home/pi4/camera_ws/src/install/andrea_multispec/lib/pkgconfig/andrea_multispec.pc'
[16.090s] Level 1:colcon.colcon_core.environment:checking '/home/pi4/camera_ws/src/install/andrea_multispec/lib/python3.11/site-packages'
[16.090s] Level 1:colcon.colcon_core.shell:create_environment_hook('andrea_multispec', 'pythonpath')
[16.091s] INFO:colcon.colcon_core.shell:Creating environment hook '/home/pi4/camera_ws/src/install/andrea_multispec/share/andrea_multispec/hook/pythonpath.ps1'
[16.092s] INFO:colcon.colcon_core.shell:Creating environment descriptor '/home/pi4/camera_ws/src/install/andrea_multispec/share/andrea_multispec/hook/pythonpath.dsv'
[16.094s] INFO:colcon.colcon_core.shell:Creating environment hook '/home/pi4/camera_ws/src/install/andrea_multispec/share/andrea_multispec/hook/pythonpath.sh'
[16.096s] Level 1:colcon.colcon_core.environment:checking '/home/pi4/camera_ws/src/install/andrea_multispec/bin'
[16.096s] Level 1:colcon.colcon_core.environment:create_environment_scripts_only(andrea_multispec)
[16.098s] INFO:colcon.colcon_core.shell:Creating package script '/home/pi4/camera_ws/src/install/andrea_multispec/share/andrea_multispec/package.ps1'
[16.100s] INFO:colcon.colcon_core.shell:Creating package descriptor '/home/pi4/camera_ws/src/install/andrea_multispec/share/andrea_multispec/package.dsv'
[16.102s] INFO:colcon.colcon_core.shell:Creating package script '/home/pi4/camera_ws/src/install/andrea_multispec/share/andrea_multispec/package.sh'
[16.105s] INFO:colcon.colcon_core.shell:Creating package script '/home/pi4/camera_ws/src/install/andrea_multispec/share/andrea_multispec/package.bash'
[16.107s] INFO:colcon.colcon_core.shell:Creating package script '/home/pi4/camera_ws/src/install/andrea_multispec/share/andrea_multispec/package.zsh'
[16.109s] Level 1:colcon.colcon_core.environment:create_file_with_runtime_dependencies(/home/pi4/camera_ws/src/install/andrea_multispec/share/colcon-core/packages/andrea_multispec)
[16.110s] DEBUG:colcon.colcon_parallel_executor.executor.parallel:closing loop
[16.111s] DEBUG:colcon.colcon_parallel_executor.executor.parallel:loop closed
[16.112s] DEBUG:colcon.colcon_parallel_executor.executor.parallel:run_until_complete finished with '0'
[16.112s] DEBUG:colcon.colcon_core.event_reactor:joining thread
[16.155s] INFO:colcon.colcon_core.plugin_system:Skipping extension 'colcon_notification.desktop_notification.notify_send': Could not find 'notify-send'
[16.155s] INFO:colcon.colcon_core.plugin_system:Skipping extension 'colcon_notification.desktop_notification.terminal_notifier': Not used on non-Darwin systems
[16.155s] INFO:colcon.colcon_core.plugin_system:Skipping extension 'colcon_notification.desktop_notification.win32': Not used on non-Windows systems
[16.156s] INFO:colcon.colcon_notification.desktop_notification:Sending desktop notification using 'notify2'
[16.158s] DEBUG:colcon.colcon_notification.desktop_notification.notify2:Failed to initialize notify2: org.freedesktop.DBus.Error.ServiceUnknown: The name org.freedesktop.Notifications was not provided by any .service files
[16.159s] DEBUG:colcon.colcon_core.event_reactor:joined thread
[16.160s] INFO:colcon.colcon_core.shell:Creating prefix script '/home/pi4/camera_ws/src/install/local_setup.ps1'
[16.163s] INFO:colcon.colcon_core.shell:Creating prefix util module '/home/pi4/camera_ws/src/install/_local_setup_util_ps1.py'
[16.167s] INFO:colcon.colcon_core.shell:Creating prefix chain script '/home/pi4/camera_ws/src/install/setup.ps1'
[16.209s] INFO:colcon.colcon_core.shell:Creating prefix script '/home/pi4/camera_ws/src/install/local_setup.sh'
[16.212s] INFO:colcon.colcon_core.shell:Creating prefix util module '/home/pi4/camera_ws/src/install/_local_setup_util_sh.py'
[16.214s] INFO:colcon.colcon_core.shell:Creating prefix chain script '/home/pi4/camera_ws/src/install/setup.sh'
[16.255s] INFO:colcon.colcon_core.shell:Creating prefix script '/home/pi4/camera_ws/src/install/local_setup.bash'
[16.257s] INFO:colcon.colcon_core.shell:Creating prefix chain script '/home/pi4/camera_ws/src/install/setup.bash'
[16.297s] INFO:colcon.colcon_core.shell:Creating prefix script '/home/pi4/camera_ws/src/install/local_setup.zsh'
[16.299s] INFO:colcon.colcon_core.shell:Creating prefix chain script '/home/pi4/camera_ws/src/install/setup.zsh'
