[0.888s] DEBUG:colcon:Command line arguments: ['/usr/bin/colcon', 'build', '--symlink-install', '--packages-select', 'multispec_bringup']
[0.888s] DEBUG:colcon:Parsed command line arguments: Namespace(log_base=None, log_level=None, verb_name='build', build_base='build', install_base='install', merge_install=False, symlink_install=True, test_result_base=None, continue_on_error=False, executor='parallel', parallel_workers=4, event_handlers=None, ignore_user_meta=False, metas=['./colcon.meta'], base_paths=['.'], packages_ignore=None, packages_ignore_regex=None, paths=None, packages_up_to=None, packages_up_to_regex=None, packages_above=None, packages_above_and_dependencies=None, packages_above_depth=None, packages_select_by_dep=None, packages_skip_by_dep=None, packages_skip_up_to=None, packages_select_build_failed=False, packages_skip_build_finished=False, packages_select_test_failures=False, packages_skip_test_passed=False, packages_select=['multispec_bringup'], packages_skip=None, packages_select_regex=None, packages_skip_regex=None, packages_start=None, packages_end=None, allow_overriding=[], cmake_args=None, cmake_target=None, cmake_target_skip_unavailable=False, cmake_clean_cache=False, cmake_clean_first=False, cmake_force_configure=False, ament_cmake_args=None, catkin_cmake_args=None, catkin_skip_building_tests=False, mixin_files=None, mixin=None, verb_parser=<colcon_mixin.mixin.mixin_argument.MixinArgumentDecorator object at 0x7f8ba52850>, verb_extension=<colcon_core.verb.build.BuildVerb object at 0x7f8ba52150>, main=<bound method BuildVerb.main of <colcon_core.verb.build.BuildVerb object at 0x7f8ba52150>>, mixin_verb=('build',))
[2.000s] Level 1:colcon.colcon_core.package_discovery:discover_packages(colcon_meta) check parameters
[2.000s] Level 1:colcon.colcon_core.package_discovery:discover_packages(recursive) check parameters
[2.000s] Level 1:colcon.colcon_core.package_discovery:discover_packages(ignore) check parameters
[2.000s] Level 1:colcon.colcon_core.package_discovery:discover_packages(path) check parameters
[2.000s] Level 1:colcon.colcon_core.package_discovery:discover_packages(colcon_meta) discover
[2.001s] Level 1:colcon.colcon_core.package_discovery:discover_packages(recursive) discover
[2.001s] INFO:colcon.colcon_core.package_discovery:Crawling recursively for packages in '/home/pi4/camera_ws/src/multispec_bringup/launch'
[2.001s] Level 1:colcon.colcon_core.package_identification:_identify(.) by extensions ['ignore', 'ignore_ament_install']
[2.001s] Level 1:colcon.colcon_core.package_identification:_identify(.) by extension 'ignore'
[2.002s] Level 1:colcon.colcon_core.package_identification:_identify(.) by extension 'ignore_ament_install'
[2.002s] Level 1:colcon.colcon_core.package_identification:_identify(.) by extensions ['colcon_pkg']
[2.002s] Level 1:colcon.colcon_core.package_identification:_identify(.) by extension 'colcon_pkg'
[2.002s] Level 1:colcon.colcon_core.package_identification:_identify(.) by extensions ['colcon_meta']
[2.002s] Level 1:colcon.colcon_core.package_identification:_identify(.) by extension 'colcon_meta'
[2.002s] Level 1:colcon.colcon_core.package_identification:_identify(.) by extensions ['ros']
[2.002s] Level 1:colcon.colcon_core.package_identification:_identify(.) by extension 'ros'
[2.084s] Level 1:colcon.colcon_core.package_identification:_identify(.) by extensions ['cmake', 'python']
[2.084s] Level 1:colcon.colcon_core.package_identification:_identify(.) by extension 'cmake'
[2.084s] Level 1:colcon.colcon_core.package_identification:_identify(.) by extension 'python'
[2.085s] Level 1:colcon.colcon_core.package_identification:_identify(.) by extensions ['python_setup_py']
[2.085s] Level 1:colcon.colcon_core.package_identification:_identify(.) by extension 'python_setup_py'
[2.086s] Level 1:colcon.colcon_core.package_identification:_identify(build) by extensions ['ignore', 'ignore_ament_install']
[2.086s] Level 1:colcon.colcon_core.package_identification:_identify(build) by extension 'ignore'
[2.087s] Level 1:colcon.colcon_core.package_identification:_identify(build) ignored
[2.087s] Level 1:colcon.colcon_core.package_identification:_identify(install) by extensions ['ignore', 'ignore_ament_install']
[2.087s] Level 1:colcon.colcon_core.package_identification:_identify(install) by extension 'ignore'
[2.088s] Level 1:colcon.colcon_core.package_identification:_identify(install) ignored
[2.088s] Level 1:colcon.colcon_core.package_identification:_identify(log) by extensions ['ignore', 'ignore_ament_install']
[2.088s] Level 1:colcon.colcon_core.package_identification:_identify(log) by extension 'ignore'
[2.088s] Level 1:colcon.colcon_core.package_identification:_identify(log) ignored
[2.088s] Level 1:colcon.colcon_core.package_discovery:discover_packages(recursive) using defaults
[2.088s] Level 1:colcon.colcon_core.package_discovery:discover_packages(ignore) discover
[2.089s] Level 1:colcon.colcon_core.package_discovery:discover_packages(ignore) using defaults
[2.089s] Level 1:colcon.colcon_core.package_discovery:discover_packages(path) discover
[2.089s] Level 1:colcon.colcon_core.package_discovery:discover_packages(path) using defaults
[2.089s] WARNING:colcon.colcon_core.package_selection:ignoring unknown package 'multispec_bringup' in --packages-select
[2.248s] Level 1:colcon.colcon_core.package_discovery:discover_packages(prefix_path) check parameters
[2.248s] Level 1:colcon.colcon_core.package_discovery:discover_packages(prefix_path) discover
[2.291s] DEBUG:colcon.colcon_installed_package_information.package_discovery:Found 13 installed packages in /home/pi4/camera_ws/install
[2.321s] DEBUG:colcon.colcon_installed_package_information.package_discovery:Found 354 installed packages in /home/pi4/ros2_jazzy/install
[2.331s] Level 1:colcon.colcon_core.package_discovery:discover_packages(prefix_path) using defaults
[2.428s] INFO:colcon.colcon_core.executor:Executing jobs using 'parallel' executor
[2.430s] DEBUG:colcon.colcon_parallel_executor.executor.parallel:run_until_complete
[2.431s] DEBUG:colcon.colcon_parallel_executor.executor.parallel:closing loop
[2.431s] DEBUG:colcon.colcon_parallel_executor.executor.parallel:loop closed
[2.431s] DEBUG:colcon.colcon_parallel_executor.executor.parallel:run_until_complete finished with '0'
[2.431s] DEBUG:colcon.colcon_core.event_reactor:joining thread
[2.473s] INFO:colcon.colcon_core.plugin_system:Skipping extension 'colcon_notification.desktop_notification.notify_send': Could not find 'notify-send'
[2.474s] INFO:colcon.colcon_core.plugin_system:Skipping extension 'colcon_notification.desktop_notification.terminal_notifier': Not used on non-Darwin systems
[2.474s] INFO:colcon.colcon_core.plugin_system:Skipping extension 'colcon_notification.desktop_notification.win32': Not used on non-Windows systems
[2.474s] INFO:colcon.colcon_notification.desktop_notification:Sending desktop notification using 'notify2'
[2.477s] DEBUG:colcon.colcon_notification.desktop_notification.notify2:Failed to initialize notify2: org.freedesktop.DBus.Error.ServiceUnknown: The name org.freedesktop.Notifications was not provided by any .service files
[2.477s] DEBUG:colcon.colcon_core.event_reactor:joined thread
[2.498s] INFO:colcon.colcon_core.plugin_system:Skipping extension 'colcon_core.shell.bat': Not used on non-Windows systems
[2.499s] INFO:colcon.colcon_core.shell:Creating prefix script '/home/pi4/camera_ws/src/multispec_bringup/launch/install/local_setup.ps1'
[2.502s] INFO:colcon.colcon_core.shell:Creating prefix util module '/home/pi4/camera_ws/src/multispec_bringup/launch/install/_local_setup_util_ps1.py'
[2.506s] INFO:colcon.colcon_core.shell:Creating prefix chain script '/home/pi4/camera_ws/src/multispec_bringup/launch/install/setup.ps1'
[2.546s] INFO:colcon.colcon_core.shell:Creating prefix script '/home/pi4/camera_ws/src/multispec_bringup/launch/install/local_setup.sh'
[2.547s] INFO:colcon.colcon_core.shell:Creating prefix util module '/home/pi4/camera_ws/src/multispec_bringup/launch/install/_local_setup_util_sh.py'
[2.550s] INFO:colcon.colcon_core.shell:Creating prefix chain script '/home/pi4/camera_ws/src/multispec_bringup/launch/install/setup.sh'
[2.591s] INFO:colcon.colcon_core.shell:Creating prefix script '/home/pi4/camera_ws/src/multispec_bringup/launch/install/local_setup.bash'
[2.592s] INFO:colcon.colcon_core.shell:Creating prefix chain script '/home/pi4/camera_ws/src/multispec_bringup/launch/install/setup.bash'
[2.632s] INFO:colcon.colcon_core.shell:Creating prefix script '/home/pi4/camera_ws/src/multispec_bringup/launch/install/local_setup.zsh'
[2.633s] INFO:colcon.colcon_core.shell:Creating prefix chain script '/home/pi4/camera_ws/src/multispec_bringup/launch/install/setup.zsh'
