[0.118s] Invoking command in '/home/pi4/camera_ws/build/cv_bridge': CMAKE_PREFIX_PATH=${CMAKE_PREFIX_PATH}:/home/pi4/camera_ws/install/stamp_and_split_cam1:/home/pi4/ros2_jazzy/install/rqt_bag_plugins:/home/pi4/ros2_jazzy/install/rqt_bag:/home/pi4/ros2_jazzy/install/rosbag2_examples_py:/home/pi4/ros2_jazzy/install/launch_testing_examples:/home/pi4/ros2_jazzy/install/ros2bag:/home/pi4/ros2_jazzy/install/tracetools_test:/home/pi4/ros2_jazzy/install/tracetools_launch:/home/pi4/ros2_jazzy/install/topic_monitor:/home/pi4/ros2_jazzy/install/tf2_tools:/home/pi4/ros2_jazzy/install/examples_tf2_py:/home/pi4/ros2_jazzy/install/tf2_ros_py:/home/pi4/ros2_jazzy/install/examples_rclpy_pointcloud_publisher:/home/pi4/ros2_jazzy/install/sensor_msgs_py:/home/pi4/ros2_jazzy/install/quality_of_service_demo_py:/home/pi4/ros2_jazzy/install/camera_info_manager_py:/home/pi4/ros2_jazzy/install/rqt_plot:/home/pi4/ros2_jazzy/install/ros2doctor:/home/pi4/ros2_jazzy/install/lifecycle_py:/home/pi4/ros2_jazzy/install/examples_rclpy_minimal_subscriber:/home/pi4/ros2_jazzy/install/examples_rclpy_minimal_service:/home/pi4/ros2_jazzy/install/examples_rclpy_minimal_publisher:/home/pi4/ros2_jazzy/install/examples_rclpy_minimal_client:/home/pi4/ros2_jazzy/install/examples_rclpy_executors:/home/pi4/ros2_jazzy/install/demo_nodes_py:/home/pi4/ros2_jazzy/install/rqt:/home/pi4/ros2_jazzy/install/ros2component:/home/pi4/ros2_jazzy/install/sros2:/home/pi4/ros2_jazzy/install/rqt_topic:/home/pi4/ros2_jazzy/install/rqt_srv:/home/pi4/ros2_jazzy/install/rqt_shell:/home/pi4/ros2_jazzy/install/rqt_service_caller:/home/pi4/ros2_jazzy/install/rqt_reconfigure:/home/pi4/ros2_jazzy/install/rqt_py_console:/home/pi4/ros2_jazzy/install/rqt_publisher:/home/pi4/ros2_jazzy/install/rqt_action:/home/pi4/ros2_jazzy/install/rqt_msg:/home/pi4/ros2_jazzy/install/rqt_console:/home/pi4/ros2_jazzy/install/rqt_graph:/home/pi4/ros2_jazzy/install/rqt_gui_py:/home/pi4/ros2_jazzy/install/rqt_gui:/home/pi4/ros2_jazzy/install/ros2trace:/home/pi4/ros2_jazzy/install/ros2param:/home/pi4/ros2_jazzy/install/ros2lifecycle:/home/pi4/ros2_jazzy/install/ros2service:/home/pi4/ros2_jazzy/install/ros2topic:/home/pi4/ros2_jazzy/install/ros2test:/home/pi4/ros2_jazzy/install/ros2run:/home/pi4/ros2_jazzy/install/ros2plugin:/home/pi4/ros2_jazzy/install/ros2launch:/home/pi4/ros2_jazzy/install/ros2pkg:/home/pi4/ros2_jazzy/install/ros2node:/home/pi4/ros2_jazzy/install/ros2multicast:/home/pi4/ros2_jazzy/install/ros2interface:/home/pi4/ros2_jazzy/install/ros2action:/home/pi4/ros2_jazzy/install/ros2cli:/home/pi4/ros2_jazzy/install/launch_testing_ros:/home/pi4/ros2_jazzy/install/launch_ros:/home/pi4/ros2_jazzy/install/examples_rclpy_minimal_action_server:/home/pi4/ros2_jazzy/install/examples_rclpy_minimal_action_client:/home/pi4/ros2_jazzy/install/examples_rclpy_guard_conditions:/home/pi4/ros2_jazzy/install/action_tutorials_py:/home/pi4/ros2_jazzy/install/ament_uncrustify:/home/pi4/ros2_jazzy/install/tracetools_trace:/home/pi4/ros2_jazzy/install/tracetools_read:/home/pi4/ros2_jazzy/install/test_tracetools_launch:/home/pi4/ros2_jazzy/install/test_ros2trace:/home/pi4/ros2_jazzy/install/test_launch_ros:/home/pi4/ros2_jazzy/install/rpyutils:/home/pi4/ros2_jazzy/install/rosidl_runtime_py:/home/pi4/ros2_jazzy/install/rosidl_pycommon:/home/pi4/ros2_jazzy/install/rosidl_cli:/home/pi4/ros2_jazzy/install/launch_pytest:/home/pi4/ros2_jazzy/install/launch_testing:/home/pi4/ros2_jazzy/install/launch_yaml:/home/pi4/ros2_jazzy/install/launch_xml:/home/pi4/ros2_jazzy/install/launch:/home/pi4/ros2_jazzy/install/osrf_pycommon:/home/pi4/ros2_jazzy/install/domain_coordinator:/home/pi4/ros2_jazzy/install/ament_xmllint:/home/pi4/ros2_jazzy/install/ament_pyflakes:/home/pi4/ros2_jazzy/install/ament_pycodestyle:/home/pi4/ros2_jazzy/install/ament_pep257:/home/pi4/ros2_jazzy/install/ament_pclint:/home/pi4/ros2_jazzy/install/ament_package:/home/pi4/ros2_jazzy/install/ament_mypy:/home/pi4/ros2_jazzy/install/ament_lint_cmake:/home/pi4/ros2_jazzy/install/ament_flake8:/home/pi4/ros2_jazzy/install/ament_copyright:/home/pi4/ros2_jazzy/install/ament_lint:/home/pi4/ros2_jazzy/install/ament_index_python:/home/pi4/ros2_jazzy/install/ament_cpplint:/home/pi4/ros2_jazzy/install/ament_cppcheck:/home/pi4/ros2_jazzy/install/ament_clang_tidy:/home/pi4/ros2_jazzy/install/ament_clang_format /usr/bin/cmake /home/pi4/camera_ws/src/vision_opencv/cv_bridge -DCMAKE_INSTALL_PREFIX=/home/pi4/camera_ws/install/cv_bridge
[0.429s] -- The C compiler identification is GNU 12.2.0
[0.656s] -- The CXX compiler identification is GNU 12.2.0
[0.690s] -- Detecting C compiler ABI info
[1.025s] -- Detecting C compiler ABI info - done
[1.054s] -- Check for working C compiler: /usr/bin/cc - skipped
[1.055s] -- Detecting C compile features
[1.056s] -- Detecting C compile features - done
[1.065s] -- Detecting CXX compiler ABI info
[1.434s] -- Detecting CXX compiler ABI info - done
[1.464s] -- Check for working CXX compiler: /usr/bin/c++ - skipped
[1.465s] -- Detecting CXX compile features
[1.466s] -- Detecting CXX compile features - done
[1.510s] -- Found ament_cmake_ros: 0.12.0 (/home/pi4/ros2_jazzy/install/ament_cmake_ros/share/ament_cmake_ros/cmake)
[6.809s] -- Found Python3: /usr/bin/python3 (found version "3.11.2") found components: Interpreter 
[18.079s] -- Found Python3: /usr/include/python3.11 (found version "3.11.2") found components: Development NumPy Interpreter Development.Module Development.Embed 
[18.330s] -- Found Boost: /usr/lib/aarch64-linux-gnu/cmake/Boost-1.74.0/BoostConfig.cmake (found version "1.74.0") found components: python311 
[18.354s] -- Found rclcpp: 28.1.13 (/home/pi4/ros2_jazzy/install/rclcpp/share/rclcpp/cmake)
[18.755s] -- Found rosidl_generator_c: 4.6.6 (/home/pi4/ros2_jazzy/install/rosidl_generator_c/share/rosidl_generator_c/cmake)
[18.881s] -- Found rosidl_generator_cpp: 4.6.6 (/home/pi4/ros2_jazzy/install/rosidl_generator_cpp/share/rosidl_generator_cpp/cmake)
[19.111s] -- Using all available rosidl_typesupport_c: rosidl_typesupport_introspection_c;rosidl_typesupport_fastrtps_c
[19.350s] -- Using all available rosidl_typesupport_cpp: rosidl_typesupport_introspection_cpp;rosidl_typesupport_fastrtps_cpp
[19.915s] -- Found rmw_implementation_cmake: 7.3.2 (/home/pi4/ros2_jazzy/install/rmw_implementation_cmake/share/rmw_implementation_cmake/cmake)
[20.033s] -- Found rmw_fastrtps_cpp: 8.4.3 (/home/pi4/ros2_jazzy/install/rmw_fastrtps_cpp/share/rmw_fastrtps_cpp/cmake)
[20.654s] -- Found OpenSSL: /usr/lib/aarch64-linux-gnu/libcrypto.so (found version "3.0.17")  
[20.773s] -- Found FastRTPS: /home/pi4/ros2_jazzy/install/fastrtps/include (Required is at least version "2.13") 
[20.965s] -- Using RMW implementation 'rmw_fastrtps_cpp' as default
[21.384s] -- Found sensor_msgs: 5.3.6 (/home/pi4/ros2_jazzy/install/sensor_msgs/share/sensor_msgs/cmake)
[22.759s] -- Performing Test COMPILER_HAS_HIDDEN_VISIBILITY
[23.187s] -- Performing Test COMPILER_HAS_HIDDEN_VISIBILITY - Success
[23.189s] -- Performing Test COMPILER_HAS_HIDDEN_INLINE_VISIBILITY
[23.607s] -- Performing Test COMPILER_HAS_HIDDEN_INLINE_VISIBILITY - Success
[23.611s] -- Performing Test COMPILER_HAS_DEPRECATED_ATTR
[24.031s] -- Performing Test COMPILER_HAS_DEPRECATED_ATTR - Success
[24.085s] -- Found ament_lint_auto: 0.17.3 (/home/pi4/ros2_jazzy/install/ament_lint_auto/share/ament_lint_auto/cmake)
[25.364s] -- Found gtest sources under '/home/pi4/ros2_jazzy/install/gtest_vendor/src/gtest_vendor': C++ tests using 'Google Test' will be built
[25.370s] -- Performing Test CMAKE_HAVE_LIBC_PTHREAD
[25.774s] -- Performing Test CMAKE_HAVE_LIBC_PTHREAD - Success
[25.778s] -- Found Threads: TRUE  
[36.848s] -- Configuring done
[36.979s] -- Generating done
[37.013s] -- Build files have been written to: /home/pi4/camera_ws/build/cv_bridge
[37.075s] Invoked command in '/home/pi4/camera_ws/build/cv_bridge' returned '0': CMAKE_PREFIX_PATH=${CMAKE_PREFIX_PATH}:/home/pi4/camera_ws/install/stamp_and_split_cam1:/home/pi4/ros2_jazzy/install/rqt_bag_plugins:/home/pi4/ros2_jazzy/install/rqt_bag:/home/pi4/ros2_jazzy/install/rosbag2_examples_py:/home/pi4/ros2_jazzy/install/launch_testing_examples:/home/pi4/ros2_jazzy/install/ros2bag:/home/pi4/ros2_jazzy/install/tracetools_test:/home/pi4/ros2_jazzy/install/tracetools_launch:/home/pi4/ros2_jazzy/install/topic_monitor:/home/pi4/ros2_jazzy/install/tf2_tools:/home/pi4/ros2_jazzy/install/examples_tf2_py:/home/pi4/ros2_jazzy/install/tf2_ros_py:/home/pi4/ros2_jazzy/install/examples_rclpy_pointcloud_publisher:/home/pi4/ros2_jazzy/install/sensor_msgs_py:/home/pi4/ros2_jazzy/install/quality_of_service_demo_py:/home/pi4/ros2_jazzy/install/camera_info_manager_py:/home/pi4/ros2_jazzy/install/rqt_plot:/home/pi4/ros2_jazzy/install/ros2doctor:/home/pi4/ros2_jazzy/install/lifecycle_py:/home/pi4/ros2_jazzy/install/examples_rclpy_minimal_subscriber:/home/pi4/ros2_jazzy/install/examples_rclpy_minimal_service:/home/pi4/ros2_jazzy/install/examples_rclpy_minimal_publisher:/home/pi4/ros2_jazzy/install/examples_rclpy_minimal_client:/home/pi4/ros2_jazzy/install/examples_rclpy_executors:/home/pi4/ros2_jazzy/install/demo_nodes_py:/home/pi4/ros2_jazzy/install/rqt:/home/pi4/ros2_jazzy/install/ros2component:/home/pi4/ros2_jazzy/install/sros2:/home/pi4/ros2_jazzy/install/rqt_topic:/home/pi4/ros2_jazzy/install/rqt_srv:/home/pi4/ros2_jazzy/install/rqt_shell:/home/pi4/ros2_jazzy/install/rqt_service_caller:/home/pi4/ros2_jazzy/install/rqt_reconfigure:/home/pi4/ros2_jazzy/install/rqt_py_console:/home/pi4/ros2_jazzy/install/rqt_publisher:/home/pi4/ros2_jazzy/install/rqt_action:/home/pi4/ros2_jazzy/install/rqt_msg:/home/pi4/ros2_jazzy/install/rqt_console:/home/pi4/ros2_jazzy/install/rqt_graph:/home/pi4/ros2_jazzy/install/rqt_gui_py:/home/pi4/ros2_jazzy/install/rqt_gui:/home/pi4/ros2_jazzy/install/ros2trace:/home/pi4/ros2_jazzy/install/ros2param:/home/pi4/ros2_jazzy/install/ros2lifecycle:/home/pi4/ros2_jazzy/install/ros2service:/home/pi4/ros2_jazzy/install/ros2topic:/home/pi4/ros2_jazzy/install/ros2test:/home/pi4/ros2_jazzy/install/ros2run:/home/pi4/ros2_jazzy/install/ros2plugin:/home/pi4/ros2_jazzy/install/ros2launch:/home/pi4/ros2_jazzy/install/ros2pkg:/home/pi4/ros2_jazzy/install/ros2node:/home/pi4/ros2_jazzy/install/ros2multicast:/home/pi4/ros2_jazzy/install/ros2interface:/home/pi4/ros2_jazzy/install/ros2action:/home/pi4/ros2_jazzy/install/ros2cli:/home/pi4/ros2_jazzy/install/launch_testing_ros:/home/pi4/ros2_jazzy/install/launch_ros:/home/pi4/ros2_jazzy/install/examples_rclpy_minimal_action_server:/home/pi4/ros2_jazzy/install/examples_rclpy_minimal_action_client:/home/pi4/ros2_jazzy/install/examples_rclpy_guard_conditions:/home/pi4/ros2_jazzy/install/action_tutorials_py:/home/pi4/ros2_jazzy/install/ament_uncrustify:/home/pi4/ros2_jazzy/install/tracetools_trace:/home/pi4/ros2_jazzy/install/tracetools_read:/home/pi4/ros2_jazzy/install/test_tracetools_launch:/home/pi4/ros2_jazzy/install/test_ros2trace:/home/pi4/ros2_jazzy/install/test_launch_ros:/home/pi4/ros2_jazzy/install/rpyutils:/home/pi4/ros2_jazzy/install/rosidl_runtime_py:/home/pi4/ros2_jazzy/install/rosidl_pycommon:/home/pi4/ros2_jazzy/install/rosidl_cli:/home/pi4/ros2_jazzy/install/launch_pytest:/home/pi4/ros2_jazzy/install/launch_testing:/home/pi4/ros2_jazzy/install/launch_yaml:/home/pi4/ros2_jazzy/install/launch_xml:/home/pi4/ros2_jazzy/install/launch:/home/pi4/ros2_jazzy/install/osrf_pycommon:/home/pi4/ros2_jazzy/install/domain_coordinator:/home/pi4/ros2_jazzy/install/ament_xmllint:/home/pi4/ros2_jazzy/install/ament_pyflakes:/home/pi4/ros2_jazzy/install/ament_pycodestyle:/home/pi4/ros2_jazzy/install/ament_pep257:/home/pi4/ros2_jazzy/install/ament_pclint:/home/pi4/ros2_jazzy/install/ament_package:/home/pi4/ros2_jazzy/install/ament_mypy:/home/pi4/ros2_jazzy/install/ament_lint_cmake:/home/pi4/ros2_jazzy/install/ament_flake8:/home/pi4/ros2_jazzy/install/ament_copyright:/home/pi4/ros2_jazzy/install/ament_lint:/home/pi4/ros2_jazzy/install/ament_index_python:/home/pi4/ros2_jazzy/install/ament_cpplint:/home/pi4/ros2_jazzy/install/ament_cppcheck:/home/pi4/ros2_jazzy/install/ament_clang_tidy:/home/pi4/ros2_jazzy/install/ament_clang_format /usr/bin/cmake /home/pi4/camera_ws/src/vision_opencv/cv_bridge -DCMAKE_INSTALL_PREFIX=/home/pi4/camera_ws/install/cv_bridge
[37.081s] Invoking command in '/home/pi4/camera_ws/build/cv_bridge': CMAKE_PREFIX_PATH=${CMAKE_PREFIX_PATH}:/home/pi4/camera_ws/install/stamp_and_split_cam1:/home/pi4/ros2_jazzy/install/rqt_bag_plugins:/home/pi4/ros2_jazzy/install/rqt_bag:/home/pi4/ros2_jazzy/install/rosbag2_examples_py:/home/pi4/ros2_jazzy/install/launch_testing_examples:/home/pi4/ros2_jazzy/install/ros2bag:/home/pi4/ros2_jazzy/install/tracetools_test:/home/pi4/ros2_jazzy/install/tracetools_launch:/home/pi4/ros2_jazzy/install/topic_monitor:/home/pi4/ros2_jazzy/install/tf2_tools:/home/pi4/ros2_jazzy/install/examples_tf2_py:/home/pi4/ros2_jazzy/install/tf2_ros_py:/home/pi4/ros2_jazzy/install/examples_rclpy_pointcloud_publisher:/home/pi4/ros2_jazzy/install/sensor_msgs_py:/home/pi4/ros2_jazzy/install/quality_of_service_demo_py:/home/pi4/ros2_jazzy/install/camera_info_manager_py:/home/pi4/ros2_jazzy/install/rqt_plot:/home/pi4/ros2_jazzy/install/ros2doctor:/home/pi4/ros2_jazzy/install/lifecycle_py:/home/pi4/ros2_jazzy/install/examples_rclpy_minimal_subscriber:/home/pi4/ros2_jazzy/install/examples_rclpy_minimal_service:/home/pi4/ros2_jazzy/install/examples_rclpy_minimal_publisher:/home/pi4/ros2_jazzy/install/examples_rclpy_minimal_client:/home/pi4/ros2_jazzy/install/examples_rclpy_executors:/home/pi4/ros2_jazzy/install/demo_nodes_py:/home/pi4/ros2_jazzy/install/rqt:/home/pi4/ros2_jazzy/install/ros2component:/home/pi4/ros2_jazzy/install/sros2:/home/pi4/ros2_jazzy/install/rqt_topic:/home/pi4/ros2_jazzy/install/rqt_srv:/home/pi4/ros2_jazzy/install/rqt_shell:/home/pi4/ros2_jazzy/install/rqt_service_caller:/home/pi4/ros2_jazzy/install/rqt_reconfigure:/home/pi4/ros2_jazzy/install/rqt_py_console:/home/pi4/ros2_jazzy/install/rqt_publisher:/home/pi4/ros2_jazzy/install/rqt_action:/home/pi4/ros2_jazzy/install/rqt_msg:/home/pi4/ros2_jazzy/install/rqt_console:/home/pi4/ros2_jazzy/install/rqt_graph:/home/pi4/ros2_jazzy/install/rqt_gui_py:/home/pi4/ros2_jazzy/install/rqt_gui:/home/pi4/ros2_jazzy/install/ros2trace:/home/pi4/ros2_jazzy/install/ros2param:/home/pi4/ros2_jazzy/install/ros2lifecycle:/home/pi4/ros2_jazzy/install/ros2service:/home/pi4/ros2_jazzy/install/ros2topic:/home/pi4/ros2_jazzy/install/ros2test:/home/pi4/ros2_jazzy/install/ros2run:/home/pi4/ros2_jazzy/install/ros2plugin:/home/pi4/ros2_jazzy/install/ros2launch:/home/pi4/ros2_jazzy/install/ros2pkg:/home/pi4/ros2_jazzy/install/ros2node:/home/pi4/ros2_jazzy/install/ros2multicast:/home/pi4/ros2_jazzy/install/ros2interface:/home/pi4/ros2_jazzy/install/ros2action:/home/pi4/ros2_jazzy/install/ros2cli:/home/pi4/ros2_jazzy/install/launch_testing_ros:/home/pi4/ros2_jazzy/install/launch_ros:/home/pi4/ros2_jazzy/install/examples_rclpy_minimal_action_server:/home/pi4/ros2_jazzy/install/examples_rclpy_minimal_action_client:/home/pi4/ros2_jazzy/install/examples_rclpy_guard_conditions:/home/pi4/ros2_jazzy/install/action_tutorials_py:/home/pi4/ros2_jazzy/install/ament_uncrustify:/home/pi4/ros2_jazzy/install/tracetools_trace:/home/pi4/ros2_jazzy/install/tracetools_read:/home/pi4/ros2_jazzy/install/test_tracetools_launch:/home/pi4/ros2_jazzy/install/test_ros2trace:/home/pi4/ros2_jazzy/install/test_launch_ros:/home/pi4/ros2_jazzy/install/rpyutils:/home/pi4/ros2_jazzy/install/rosidl_runtime_py:/home/pi4/ros2_jazzy/install/rosidl_pycommon:/home/pi4/ros2_jazzy/install/rosidl_cli:/home/pi4/ros2_jazzy/install/launch_pytest:/home/pi4/ros2_jazzy/install/launch_testing:/home/pi4/ros2_jazzy/install/launch_yaml:/home/pi4/ros2_jazzy/install/launch_xml:/home/pi4/ros2_jazzy/install/launch:/home/pi4/ros2_jazzy/install/osrf_pycommon:/home/pi4/ros2_jazzy/install/domain_coordinator:/home/pi4/ros2_jazzy/install/ament_xmllint:/home/pi4/ros2_jazzy/install/ament_pyflakes:/home/pi4/ros2_jazzy/install/ament_pycodestyle:/home/pi4/ros2_jazzy/install/ament_pep257:/home/pi4/ros2_jazzy/install/ament_pclint:/home/pi4/ros2_jazzy/install/ament_package:/home/pi4/ros2_jazzy/install/ament_mypy:/home/pi4/ros2_jazzy/install/ament_lint_cmake:/home/pi4/ros2_jazzy/install/ament_flake8:/home/pi4/ros2_jazzy/install/ament_copyright:/home/pi4/ros2_jazzy/install/ament_lint:/home/pi4/ros2_jazzy/install/ament_index_python:/home/pi4/ros2_jazzy/install/ament_cpplint:/home/pi4/ros2_jazzy/install/ament_cppcheck:/home/pi4/ros2_jazzy/install/ament_clang_tidy:/home/pi4/ros2_jazzy/install/ament_clang_format /usr/bin/cmake --build /home/pi4/camera_ws/build/cv_bridge -- -j4 -l4
[37.390s] [  5%] [32mBuilding CXX object src/CMakeFiles/cv_bridge.dir/cv_bridge.cpp.o[0m
[37.394s] [ 11%] [32mBuilding CXX object gtest/CMakeFiles/gtest.dir/src/gtest-all.cc.o[0m
[37.398s] [ 16%] [32mBuilding CXX object gtest/CMakeFiles/gtest_main.dir/src/gtest_main.cc.o[0m
[37.452s] [ 16%] Built target ament_cmake_python_copy_cv_bridge
[37.527s] [ 22%] [32mBuilding CXX object src/CMakeFiles/cv_bridge.dir/cv_mat_sensor_msgs_image_type_adapter.cpp.o[0m
[44.535s] [ 27%] [32m[1mLinking CXX static library libgtest_main.a[0m
[46.568s] [ 27%] Built target gtest_main
[47.791s] [ 33%] [32mBuilding CXX object src/CMakeFiles/cv_bridge.dir/rgb_colors.cpp.o[0m
[52.565s] running egg_info
[52.569s] creating cv_bridge.egg-info
[52.888s] writing cv_bridge.egg-info/PKG-INFO
[52.890s] writing dependency_links to cv_bridge.egg-info/dependency_links.txt
[52.891s] writing top-level names to cv_bridge.egg-info/top_level.txt
[52.892s] writing manifest file 'cv_bridge.egg-info/SOURCES.txt'
[54.268s] reading manifest file 'cv_bridge.egg-info/SOURCES.txt'
[54.269s] writing manifest file 'cv_bridge.egg-info/SOURCES.txt'
[54.883s] [ 33%] Built target ament_cmake_python_build_cv_bridge_egg
[64.813s] [ 38%] [32m[1mLinking CXX static library libgtest.a[0m
[65.995s] [ 38%] Built target gtest
[67.586s] [ 44%] [32m[1mLinking CXX shared library libcv_bridge.so[0m
[69.223s] [ 44%] Built target cv_bridge
[69.353s] [ 66%] [32mBuilding CXX object src/CMakeFiles/cv_bridge_boost.dir/module_opencv4.cpp.o[0m
[69.355s] [ 66%] [32mBuilding CXX object test/CMakeFiles/cv_bridge-utest.dir/test_compression.cpp.o[0m
[69.356s] [ 66%] [32mBuilding CXX object src/CMakeFiles/cv_bridge_boost.dir/module.cpp.o[0m
[69.356s] [ 66%] [32mBuilding CXX object test/CMakeFiles/cv_bridge-utest.dir/test_endian.cpp.o[0m
[95.720s] [ 72%] [32mBuilding CXX object test/CMakeFiles/cv_bridge-utest.dir/utest.cpp.o[0m
[96.381s] [ 77%] [32mBuilding CXX object test/CMakeFiles/cv_bridge-utest.dir/utest2.cpp.o[0m
[104.387s] [ 83%] [32mBuilding CXX object test/CMakeFiles/cv_bridge-utest.dir/test_rgb_colors.cpp.o[0m
[105.827s] [ 88%] [32m[1mLinking CXX shared module boost/cv_bridge_boost.so[0m
[108.486s] [ 88%] Built target cv_bridge_boost
[108.584s] [ 94%] [32mBuilding CXX object test/CMakeFiles/cv_bridge-utest.dir/test_dynamic_scaling.cpp.o[0m
[130.447s] [100%] [32m[1mLinking CXX executable cv_bridge-utest[0m
[134.111s] [100%] Built target cv_bridge-utest
[134.173s] Invoked command in '/home/pi4/camera_ws/build/cv_bridge' returned '0': CMAKE_PREFIX_PATH=${CMAKE_PREFIX_PATH}:/home/pi4/camera_ws/install/stamp_and_split_cam1:/home/pi4/ros2_jazzy/install/rqt_bag_plugins:/home/pi4/ros2_jazzy/install/rqt_bag:/home/pi4/ros2_jazzy/install/rosbag2_examples_py:/home/pi4/ros2_jazzy/install/launch_testing_examples:/home/pi4/ros2_jazzy/install/ros2bag:/home/pi4/ros2_jazzy/install/tracetools_test:/home/pi4/ros2_jazzy/install/tracetools_launch:/home/pi4/ros2_jazzy/install/topic_monitor:/home/pi4/ros2_jazzy/install/tf2_tools:/home/pi4/ros2_jazzy/install/examples_tf2_py:/home/pi4/ros2_jazzy/install/tf2_ros_py:/home/pi4/ros2_jazzy/install/examples_rclpy_pointcloud_publisher:/home/pi4/ros2_jazzy/install/sensor_msgs_py:/home/pi4/ros2_jazzy/install/quality_of_service_demo_py:/home/pi4/ros2_jazzy/install/camera_info_manager_py:/home/pi4/ros2_jazzy/install/rqt_plot:/home/pi4/ros2_jazzy/install/ros2doctor:/home/pi4/ros2_jazzy/install/lifecycle_py:/home/pi4/ros2_jazzy/install/examples_rclpy_minimal_subscriber:/home/pi4/ros2_jazzy/install/examples_rclpy_minimal_service:/home/pi4/ros2_jazzy/install/examples_rclpy_minimal_publisher:/home/pi4/ros2_jazzy/install/examples_rclpy_minimal_client:/home/pi4/ros2_jazzy/install/examples_rclpy_executors:/home/pi4/ros2_jazzy/install/demo_nodes_py:/home/pi4/ros2_jazzy/install/rqt:/home/pi4/ros2_jazzy/install/ros2component:/home/pi4/ros2_jazzy/install/sros2:/home/pi4/ros2_jazzy/install/rqt_topic:/home/pi4/ros2_jazzy/install/rqt_srv:/home/pi4/ros2_jazzy/install/rqt_shell:/home/pi4/ros2_jazzy/install/rqt_service_caller:/home/pi4/ros2_jazzy/install/rqt_reconfigure:/home/pi4/ros2_jazzy/install/rqt_py_console:/home/pi4/ros2_jazzy/install/rqt_publisher:/home/pi4/ros2_jazzy/install/rqt_action:/home/pi4/ros2_jazzy/install/rqt_msg:/home/pi4/ros2_jazzy/install/rqt_console:/home/pi4/ros2_jazzy/install/rqt_graph:/home/pi4/ros2_jazzy/install/rqt_gui_py:/home/pi4/ros2_jazzy/install/rqt_gui:/home/pi4/ros2_jazzy/install/ros2trace:/home/pi4/ros2_jazzy/install/ros2param:/home/pi4/ros2_jazzy/install/ros2lifecycle:/home/pi4/ros2_jazzy/install/ros2service:/home/pi4/ros2_jazzy/install/ros2topic:/home/pi4/ros2_jazzy/install/ros2test:/home/pi4/ros2_jazzy/install/ros2run:/home/pi4/ros2_jazzy/install/ros2plugin:/home/pi4/ros2_jazzy/install/ros2launch:/home/pi4/ros2_jazzy/install/ros2pkg:/home/pi4/ros2_jazzy/install/ros2node:/home/pi4/ros2_jazzy/install/ros2multicast:/home/pi4/ros2_jazzy/install/ros2interface:/home/pi4/ros2_jazzy/install/ros2action:/home/pi4/ros2_jazzy/install/ros2cli:/home/pi4/ros2_jazzy/install/launch_testing_ros:/home/pi4/ros2_jazzy/install/launch_ros:/home/pi4/ros2_jazzy/install/examples_rclpy_minimal_action_server:/home/pi4/ros2_jazzy/install/examples_rclpy_minimal_action_client:/home/pi4/ros2_jazzy/install/examples_rclpy_guard_conditions:/home/pi4/ros2_jazzy/install/action_tutorials_py:/home/pi4/ros2_jazzy/install/ament_uncrustify:/home/pi4/ros2_jazzy/install/tracetools_trace:/home/pi4/ros2_jazzy/install/tracetools_read:/home/pi4/ros2_jazzy/install/test_tracetools_launch:/home/pi4/ros2_jazzy/install/test_ros2trace:/home/pi4/ros2_jazzy/install/test_launch_ros:/home/pi4/ros2_jazzy/install/rpyutils:/home/pi4/ros2_jazzy/install/rosidl_runtime_py:/home/pi4/ros2_jazzy/install/rosidl_pycommon:/home/pi4/ros2_jazzy/install/rosidl_cli:/home/pi4/ros2_jazzy/install/launch_pytest:/home/pi4/ros2_jazzy/install/launch_testing:/home/pi4/ros2_jazzy/install/launch_yaml:/home/pi4/ros2_jazzy/install/launch_xml:/home/pi4/ros2_jazzy/install/launch:/home/pi4/ros2_jazzy/install/osrf_pycommon:/home/pi4/ros2_jazzy/install/domain_coordinator:/home/pi4/ros2_jazzy/install/ament_xmllint:/home/pi4/ros2_jazzy/install/ament_pyflakes:/home/pi4/ros2_jazzy/install/ament_pycodestyle:/home/pi4/ros2_jazzy/install/ament_pep257:/home/pi4/ros2_jazzy/install/ament_pclint:/home/pi4/ros2_jazzy/install/ament_package:/home/pi4/ros2_jazzy/install/ament_mypy:/home/pi4/ros2_jazzy/install/ament_lint_cmake:/home/pi4/ros2_jazzy/install/ament_flake8:/home/pi4/ros2_jazzy/install/ament_copyright:/home/pi4/ros2_jazzy/install/ament_lint:/home/pi4/ros2_jazzy/install/ament_index_python:/home/pi4/ros2_jazzy/install/ament_cpplint:/home/pi4/ros2_jazzy/install/ament_cppcheck:/home/pi4/ros2_jazzy/install/ament_clang_tidy:/home/pi4/ros2_jazzy/install/ament_clang_format /usr/bin/cmake --build /home/pi4/camera_ws/build/cv_bridge -- -j4 -l4
[134.235s] Invoking command in '/home/pi4/camera_ws/build/cv_bridge': CMAKE_PREFIX_PATH=${CMAKE_PREFIX_PATH}:/home/pi4/camera_ws/install/stamp_and_split_cam1:/home/pi4/ros2_jazzy/install/rqt_bag_plugins:/home/pi4/ros2_jazzy/install/rqt_bag:/home/pi4/ros2_jazzy/install/rosbag2_examples_py:/home/pi4/ros2_jazzy/install/launch_testing_examples:/home/pi4/ros2_jazzy/install/ros2bag:/home/pi4/ros2_jazzy/install/tracetools_test:/home/pi4/ros2_jazzy/install/tracetools_launch:/home/pi4/ros2_jazzy/install/topic_monitor:/home/pi4/ros2_jazzy/install/tf2_tools:/home/pi4/ros2_jazzy/install/examples_tf2_py:/home/pi4/ros2_jazzy/install/tf2_ros_py:/home/pi4/ros2_jazzy/install/examples_rclpy_pointcloud_publisher:/home/pi4/ros2_jazzy/install/sensor_msgs_py:/home/pi4/ros2_jazzy/install/quality_of_service_demo_py:/home/pi4/ros2_jazzy/install/camera_info_manager_py:/home/pi4/ros2_jazzy/install/rqt_plot:/home/pi4/ros2_jazzy/install/ros2doctor:/home/pi4/ros2_jazzy/install/lifecycle_py:/home/pi4/ros2_jazzy/install/examples_rclpy_minimal_subscriber:/home/pi4/ros2_jazzy/install/examples_rclpy_minimal_service:/home/pi4/ros2_jazzy/install/examples_rclpy_minimal_publisher:/home/pi4/ros2_jazzy/install/examples_rclpy_minimal_client:/home/pi4/ros2_jazzy/install/examples_rclpy_executors:/home/pi4/ros2_jazzy/install/demo_nodes_py:/home/pi4/ros2_jazzy/install/rqt:/home/pi4/ros2_jazzy/install/ros2component:/home/pi4/ros2_jazzy/install/sros2:/home/pi4/ros2_jazzy/install/rqt_topic:/home/pi4/ros2_jazzy/install/rqt_srv:/home/pi4/ros2_jazzy/install/rqt_shell:/home/pi4/ros2_jazzy/install/rqt_service_caller:/home/pi4/ros2_jazzy/install/rqt_reconfigure:/home/pi4/ros2_jazzy/install/rqt_py_console:/home/pi4/ros2_jazzy/install/rqt_publisher:/home/pi4/ros2_jazzy/install/rqt_action:/home/pi4/ros2_jazzy/install/rqt_msg:/home/pi4/ros2_jazzy/install/rqt_console:/home/pi4/ros2_jazzy/install/rqt_graph:/home/pi4/ros2_jazzy/install/rqt_gui_py:/home/pi4/ros2_jazzy/install/rqt_gui:/home/pi4/ros2_jazzy/install/ros2trace:/home/pi4/ros2_jazzy/install/ros2param:/home/pi4/ros2_jazzy/install/ros2lifecycle:/home/pi4/ros2_jazzy/install/ros2service:/home/pi4/ros2_jazzy/install/ros2topic:/home/pi4/ros2_jazzy/install/ros2test:/home/pi4/ros2_jazzy/install/ros2run:/home/pi4/ros2_jazzy/install/ros2plugin:/home/pi4/ros2_jazzy/install/ros2launch:/home/pi4/ros2_jazzy/install/ros2pkg:/home/pi4/ros2_jazzy/install/ros2node:/home/pi4/ros2_jazzy/install/ros2multicast:/home/pi4/ros2_jazzy/install/ros2interface:/home/pi4/ros2_jazzy/install/ros2action:/home/pi4/ros2_jazzy/install/ros2cli:/home/pi4/ros2_jazzy/install/launch_testing_ros:/home/pi4/ros2_jazzy/install/launch_ros:/home/pi4/ros2_jazzy/install/examples_rclpy_minimal_action_server:/home/pi4/ros2_jazzy/install/examples_rclpy_minimal_action_client:/home/pi4/ros2_jazzy/install/examples_rclpy_guard_conditions:/home/pi4/ros2_jazzy/install/action_tutorials_py:/home/pi4/ros2_jazzy/install/ament_uncrustify:/home/pi4/ros2_jazzy/install/tracetools_trace:/home/pi4/ros2_jazzy/install/tracetools_read:/home/pi4/ros2_jazzy/install/test_tracetools_launch:/home/pi4/ros2_jazzy/install/test_ros2trace:/home/pi4/ros2_jazzy/install/test_launch_ros:/home/pi4/ros2_jazzy/install/rpyutils:/home/pi4/ros2_jazzy/install/rosidl_runtime_py:/home/pi4/ros2_jazzy/install/rosidl_pycommon:/home/pi4/ros2_jazzy/install/rosidl_cli:/home/pi4/ros2_jazzy/install/launch_pytest:/home/pi4/ros2_jazzy/install/launch_testing:/home/pi4/ros2_jazzy/install/launch_yaml:/home/pi4/ros2_jazzy/install/launch_xml:/home/pi4/ros2_jazzy/install/launch:/home/pi4/ros2_jazzy/install/osrf_pycommon:/home/pi4/ros2_jazzy/install/domain_coordinator:/home/pi4/ros2_jazzy/install/ament_xmllint:/home/pi4/ros2_jazzy/install/ament_pyflakes:/home/pi4/ros2_jazzy/install/ament_pycodestyle:/home/pi4/ros2_jazzy/install/ament_pep257:/home/pi4/ros2_jazzy/install/ament_pclint:/home/pi4/ros2_jazzy/install/ament_package:/home/pi4/ros2_jazzy/install/ament_mypy:/home/pi4/ros2_jazzy/install/ament_lint_cmake:/home/pi4/ros2_jazzy/install/ament_flake8:/home/pi4/ros2_jazzy/install/ament_copyright:/home/pi4/ros2_jazzy/install/ament_lint:/home/pi4/ros2_jazzy/install/ament_index_python:/home/pi4/ros2_jazzy/install/ament_cpplint:/home/pi4/ros2_jazzy/install/ament_cppcheck:/home/pi4/ros2_jazzy/install/ament_clang_tidy:/home/pi4/ros2_jazzy/install/ament_clang_format /usr/bin/cmake --install /home/pi4/camera_ws/build/cv_bridge
[134.289s] -- Install configuration: ""
[134.292s] -- Installing: /home/pi4/camera_ws/install/cv_bridge/share/cv_bridge/environment/pythonpath.sh
[134.294s] -- Installing: /home/pi4/camera_ws/install/cv_bridge/share/cv_bridge/environment/pythonpath.dsv
[134.294s] -- Installing: /home/pi4/camera_ws/install/cv_bridge/lib/python3.11/site-packages/cv_bridge-4.1.0-py3.11.egg-info
[134.295s] -- Installing: /home/pi4/camera_ws/install/cv_bridge/lib/python3.11/site-packages/cv_bridge-4.1.0-py3.11.egg-info/top_level.txt
[134.296s] -- Installing: /home/pi4/camera_ws/install/cv_bridge/lib/python3.11/site-packages/cv_bridge-4.1.0-py3.11.egg-info/SOURCES.txt
[134.297s] -- Installing: /home/pi4/camera_ws/install/cv_bridge/lib/python3.11/site-packages/cv_bridge-4.1.0-py3.11.egg-info/PKG-INFO
[134.297s] -- Installing: /home/pi4/camera_ws/install/cv_bridge/lib/python3.11/site-packages/cv_bridge-4.1.0-py3.11.egg-info/dependency_links.txt
[134.298s] -- Installing: /home/pi4/camera_ws/install/cv_bridge/lib/python3.11/site-packages/cv_bridge
[134.299s] -- Installing: /home/pi4/camera_ws/install/cv_bridge/lib/python3.11/site-packages/cv_bridge/__init__.py
[134.300s] -- Installing: /home/pi4/camera_ws/install/cv_bridge/lib/python3.11/site-packages/cv_bridge/core.py
[135.102s] Listing '/home/pi4/camera_ws/install/cv_bridge/lib/python3.11/site-packages/cv_bridge'...
[135.103s] Compiling '/home/pi4/camera_ws/install/cv_bridge/lib/python3.11/site-packages/cv_bridge/__init__.py'...
[135.103s] Compiling '/home/pi4/camera_ws/install/cv_bridge/lib/python3.11/site-packages/cv_bridge/core.py'...
[135.136s] -- Installing: /home/pi4/camera_ws/install/cv_bridge/lib/libcv_bridge.so
[135.143s] -- Set runtime path of "/home/pi4/camera_ws/install/cv_bridge/lib/libcv_bridge.so" to ""
[135.144s] -- Installing: /home/pi4/camera_ws/install/cv_bridge/include/cv_bridge/cv_bridge/cv_bridge_export.h
[135.144s] -- Installing: /home/pi4/camera_ws/install/cv_bridge/lib/python3.11/site-packages/cv_bridge/boost/cv_bridge_boost.so
[135.147s] -- Set runtime path of "/home/pi4/camera_ws/install/cv_bridge/lib/python3.11/site-packages/cv_bridge/boost/cv_bridge_boost.so" to ""
[135.150s] -- Up-to-date: /home/pi4/camera_ws/install/cv_bridge/include/cv_bridge
[135.151s] -- Up-to-date: /home/pi4/camera_ws/install/cv_bridge/include/cv_bridge/cv_bridge
[135.151s] -- Installing: /home/pi4/camera_ws/install/cv_bridge/include/cv_bridge/cv_bridge/rgb_colors.hpp
[135.152s] -- Installing: /home/pi4/camera_ws/install/cv_bridge/include/cv_bridge/cv_bridge/cv_mat_sensor_msgs_image_type_adapter.hpp
[135.154s] -- Installing: /home/pi4/camera_ws/install/cv_bridge/include/cv_bridge/cv_bridge/visibility_control.h
[135.155s] -- Installing: /home/pi4/camera_ws/install/cv_bridge/include/cv_bridge/cv_bridge/cv_bridge.hpp
[135.157s] -- Up-to-date: /home/pi4/camera_ws/install/cv_bridge/lib/libcv_bridge.so
[135.158s] -- Installing: /home/pi4/camera_ws/install/cv_bridge/share/ament_index/resource_index/package_run_dependencies/cv_bridge
[135.158s] -- Installing: /home/pi4/camera_ws/install/cv_bridge/share/ament_index/resource_index/parent_prefix_path/cv_bridge
[135.160s] -- Installing: /home/pi4/camera_ws/install/cv_bridge/share/cv_bridge/environment/ament_prefix_path.sh
[135.160s] -- Installing: /home/pi4/camera_ws/install/cv_bridge/share/cv_bridge/environment/ament_prefix_path.dsv
[135.162s] -- Installing: /home/pi4/camera_ws/install/cv_bridge/share/cv_bridge/environment/path.sh
[135.162s] -- Installing: /home/pi4/camera_ws/install/cv_bridge/share/cv_bridge/environment/path.dsv
[135.163s] -- Installing: /home/pi4/camera_ws/install/cv_bridge/share/cv_bridge/local_setup.bash
[135.164s] -- Installing: /home/pi4/camera_ws/install/cv_bridge/share/cv_bridge/local_setup.sh
[135.165s] -- Installing: /home/pi4/camera_ws/install/cv_bridge/share/cv_bridge/local_setup.zsh
[135.165s] -- Installing: /home/pi4/camera_ws/install/cv_bridge/share/cv_bridge/local_setup.dsv
[135.166s] -- Installing: /home/pi4/camera_ws/install/cv_bridge/share/cv_bridge/package.dsv
[135.167s] -- Installing: /home/pi4/camera_ws/install/cv_bridge/share/ament_index/resource_index/packages/cv_bridge
[135.168s] -- Installing: /home/pi4/camera_ws/install/cv_bridge/share/cv_bridge/cmake/export_cv_bridgeExport.cmake
[135.169s] -- Installing: /home/pi4/camera_ws/install/cv_bridge/share/cv_bridge/cmake/export_cv_bridgeExport-noconfig.cmake
[135.170s] -- Installing: /home/pi4/camera_ws/install/cv_bridge/share/cv_bridge/cmake/cv_bridge-extras.cmake
[135.171s] -- Installing: /home/pi4/camera_ws/install/cv_bridge/share/cv_bridge/cmake/ament_cmake_export_dependencies-extras.cmake
[135.171s] -- Installing: /home/pi4/camera_ws/install/cv_bridge/share/cv_bridge/cmake/ament_cmake_export_targets-extras.cmake
[135.172s] -- Installing: /home/pi4/camera_ws/install/cv_bridge/share/cv_bridge/cmake/cv_bridgeConfig.cmake
[135.173s] -- Installing: /home/pi4/camera_ws/install/cv_bridge/share/cv_bridge/cmake/cv_bridgeConfig-version.cmake
[135.174s] -- Installing: /home/pi4/camera_ws/install/cv_bridge/share/cv_bridge/package.xml
[135.180s] Invoked command in '/home/pi4/camera_ws/build/cv_bridge' returned '0': CMAKE_PREFIX_PATH=${CMAKE_PREFIX_PATH}:/home/pi4/camera_ws/install/stamp_and_split_cam1:/home/pi4/ros2_jazzy/install/rqt_bag_plugins:/home/pi4/ros2_jazzy/install/rqt_bag:/home/pi4/ros2_jazzy/install/rosbag2_examples_py:/home/pi4/ros2_jazzy/install/launch_testing_examples:/home/pi4/ros2_jazzy/install/ros2bag:/home/pi4/ros2_jazzy/install/tracetools_test:/home/pi4/ros2_jazzy/install/tracetools_launch:/home/pi4/ros2_jazzy/install/topic_monitor:/home/pi4/ros2_jazzy/install/tf2_tools:/home/pi4/ros2_jazzy/install/examples_tf2_py:/home/pi4/ros2_jazzy/install/tf2_ros_py:/home/pi4/ros2_jazzy/install/examples_rclpy_pointcloud_publisher:/home/pi4/ros2_jazzy/install/sensor_msgs_py:/home/pi4/ros2_jazzy/install/quality_of_service_demo_py:/home/pi4/ros2_jazzy/install/camera_info_manager_py:/home/pi4/ros2_jazzy/install/rqt_plot:/home/pi4/ros2_jazzy/install/ros2doctor:/home/pi4/ros2_jazzy/install/lifecycle_py:/home/pi4/ros2_jazzy/install/examples_rclpy_minimal_subscriber:/home/pi4/ros2_jazzy/install/examples_rclpy_minimal_service:/home/pi4/ros2_jazzy/install/examples_rclpy_minimal_publisher:/home/pi4/ros2_jazzy/install/examples_rclpy_minimal_client:/home/pi4/ros2_jazzy/install/examples_rclpy_executors:/home/pi4/ros2_jazzy/install/demo_nodes_py:/home/pi4/ros2_jazzy/install/rqt:/home/pi4/ros2_jazzy/install/ros2component:/home/pi4/ros2_jazzy/install/sros2:/home/pi4/ros2_jazzy/install/rqt_topic:/home/pi4/ros2_jazzy/install/rqt_srv:/home/pi4/ros2_jazzy/install/rqt_shell:/home/pi4/ros2_jazzy/install/rqt_service_caller:/home/pi4/ros2_jazzy/install/rqt_reconfigure:/home/pi4/ros2_jazzy/install/rqt_py_console:/home/pi4/ros2_jazzy/install/rqt_publisher:/home/pi4/ros2_jazzy/install/rqt_action:/home/pi4/ros2_jazzy/install/rqt_msg:/home/pi4/ros2_jazzy/install/rqt_console:/home/pi4/ros2_jazzy/install/rqt_graph:/home/pi4/ros2_jazzy/install/rqt_gui_py:/home/pi4/ros2_jazzy/install/rqt_gui:/home/pi4/ros2_jazzy/install/ros2trace:/home/pi4/ros2_jazzy/install/ros2param:/home/pi4/ros2_jazzy/install/ros2lifecycle:/home/pi4/ros2_jazzy/install/ros2service:/home/pi4/ros2_jazzy/install/ros2topic:/home/pi4/ros2_jazzy/install/ros2test:/home/pi4/ros2_jazzy/install/ros2run:/home/pi4/ros2_jazzy/install/ros2plugin:/home/pi4/ros2_jazzy/install/ros2launch:/home/pi4/ros2_jazzy/install/ros2pkg:/home/pi4/ros2_jazzy/install/ros2node:/home/pi4/ros2_jazzy/install/ros2multicast:/home/pi4/ros2_jazzy/install/ros2interface:/home/pi4/ros2_jazzy/install/ros2action:/home/pi4/ros2_jazzy/install/ros2cli:/home/pi4/ros2_jazzy/install/launch_testing_ros:/home/pi4/ros2_jazzy/install/launch_ros:/home/pi4/ros2_jazzy/install/examples_rclpy_minimal_action_server:/home/pi4/ros2_jazzy/install/examples_rclpy_minimal_action_client:/home/pi4/ros2_jazzy/install/examples_rclpy_guard_conditions:/home/pi4/ros2_jazzy/install/action_tutorials_py:/home/pi4/ros2_jazzy/install/ament_uncrustify:/home/pi4/ros2_jazzy/install/tracetools_trace:/home/pi4/ros2_jazzy/install/tracetools_read:/home/pi4/ros2_jazzy/install/test_tracetools_launch:/home/pi4/ros2_jazzy/install/test_ros2trace:/home/pi4/ros2_jazzy/install/test_launch_ros:/home/pi4/ros2_jazzy/install/rpyutils:/home/pi4/ros2_jazzy/install/rosidl_runtime_py:/home/pi4/ros2_jazzy/install/rosidl_pycommon:/home/pi4/ros2_jazzy/install/rosidl_cli:/home/pi4/ros2_jazzy/install/launch_pytest:/home/pi4/ros2_jazzy/install/launch_testing:/home/pi4/ros2_jazzy/install/launch_yaml:/home/pi4/ros2_jazzy/install/launch_xml:/home/pi4/ros2_jazzy/install/launch:/home/pi4/ros2_jazzy/install/osrf_pycommon:/home/pi4/ros2_jazzy/install/domain_coordinator:/home/pi4/ros2_jazzy/install/ament_xmllint:/home/pi4/ros2_jazzy/install/ament_pyflakes:/home/pi4/ros2_jazzy/install/ament_pycodestyle:/home/pi4/ros2_jazzy/install/ament_pep257:/home/pi4/ros2_jazzy/install/ament_pclint:/home/pi4/ros2_jazzy/install/ament_package:/home/pi4/ros2_jazzy/install/ament_mypy:/home/pi4/ros2_jazzy/install/ament_lint_cmake:/home/pi4/ros2_jazzy/install/ament_flake8:/home/pi4/ros2_jazzy/install/ament_copyright:/home/pi4/ros2_jazzy/install/ament_lint:/home/pi4/ros2_jazzy/install/ament_index_python:/home/pi4/ros2_jazzy/install/ament_cpplint:/home/pi4/ros2_jazzy/install/ament_cppcheck:/home/pi4/ros2_jazzy/install/ament_clang_tidy:/home/pi4/ros2_jazzy/install/ament_clang_format /usr/bin/cmake --install /home/pi4/camera_ws/build/cv_bridge
