[2.860s] Invoking command in '/home/pi4/camera_ws/src/build/as7265x_at_msgs': CMAKE_PREFIX_PATH=${CMAKE_PREFIX_PATH}:/home/pi4/as7265x_at/install/as7265x_at:/home/pi4/ros2_jazzy/install/rqt_bag_plugins:/home/pi4/ros2_jazzy/install/rqt_bag:/home/pi4/ros2_jazzy/install/rosbag2_examples_py:/home/pi4/ros2_jazzy/install/launch_testing_examples:/home/pi4/ros2_jazzy/install/ros2bag:/home/pi4/ros2_jazzy/install/tracetools_test:/home/pi4/ros2_jazzy/install/tracetools_launch:/home/pi4/ros2_jazzy/install/topic_monitor:/home/pi4/ros2_jazzy/install/tf2_tools:/home/pi4/ros2_jazzy/install/examples_tf2_py:/home/pi4/ros2_jazzy/install/tf2_ros_py:/home/pi4/ros2_jazzy/install/examples_rclpy_pointcloud_publisher:/home/pi4/ros2_jazzy/install/sensor_msgs_py:/home/pi4/ros2_jazzy/install/quality_of_service_demo_py:/home/pi4/ros2_jazzy/install/camera_info_manager_py:/home/pi4/ros2_jazzy/install/rqt_plot:/home/pi4/ros2_jazzy/install/ros2doctor:/home/pi4/ros2_jazzy/install/lifecycle_py:/home/pi4/ros2_jazzy/install/examples_rclpy_minimal_subscriber:/home/pi4/ros2_jazzy/install/examples_rclpy_minimal_service:/home/pi4/ros2_jazzy/install/examples_rclpy_minimal_publisher:/home/pi4/ros2_jazzy/install/examples_rclpy_minimal_client:/home/pi4/ros2_jazzy/install/examples_rclpy_executors:/home/pi4/ros2_jazzy/install/demo_nodes_py:/home/pi4/ros2_jazzy/install/rqt:/home/pi4/ros2_jazzy/install/ros2component:/home/pi4/ros2_jazzy/install/sros2:/home/pi4/ros2_jazzy/install/rqt_topic:/home/pi4/ros2_jazzy/install/rqt_srv:/home/pi4/ros2_jazzy/install/rqt_shell:/home/pi4/ros2_jazzy/install/rqt_service_caller:/home/pi4/ros2_jazzy/install/rqt_reconfigure:/home/pi4/ros2_jazzy/install/rqt_py_console:/home/pi4/ros2_jazzy/install/rqt_publisher:/home/pi4/ros2_jazzy/install/rqt_action:/home/pi4/ros2_jazzy/install/rqt_msg:/home/pi4/ros2_jazzy/install/rqt_console:/home/pi4/ros2_jazzy/install/rqt_graph:/home/pi4/ros2_jazzy/install/rqt_gui_py:/home/pi4/ros2_jazzy/install/rqt_gui:/home/pi4/ros2_jazzy/install/ros2trace:/home/pi4/ros2_jazzy/install/ros2param:/home/pi4/ros2_jazzy/install/ros2lifecycle:/home/pi4/ros2_jazzy/install/ros2service:/home/pi4/ros2_jazzy/install/ros2topic:/home/pi4/ros2_jazzy/install/ros2test:/home/pi4/ros2_jazzy/install/ros2run:/home/pi4/ros2_jazzy/install/ros2plugin:/home/pi4/ros2_jazzy/install/ros2launch:/home/pi4/ros2_jazzy/install/ros2pkg:/home/pi4/ros2_jazzy/install/ros2node:/home/pi4/ros2_jazzy/install/ros2multicast:/home/pi4/ros2_jazzy/install/ros2interface:/home/pi4/ros2_jazzy/install/ros2action:/home/pi4/ros2_jazzy/install/ros2cli:/home/pi4/ros2_jazzy/install/launch_testing_ros:/home/pi4/ros2_jazzy/install/launch_ros:/home/pi4/ros2_jazzy/install/examples_rclpy_minimal_action_server:/home/pi4/ros2_jazzy/install/examples_rclpy_minimal_action_client:/home/pi4/ros2_jazzy/install/examples_rclpy_guard_conditions:/home/pi4/ros2_jazzy/install/action_tutorials_py:/home/pi4/ros2_jazzy/install/ament_uncrustify:/home/pi4/ros2_jazzy/install/tracetools_trace:/home/pi4/ros2_jazzy/install/tracetools_read:/home/pi4/ros2_jazzy/install/test_tracetools_launch:/home/pi4/ros2_jazzy/install/test_ros2trace:/home/pi4/ros2_jazzy/install/test_launch_ros:/home/pi4/ros2_jazzy/install/rpyutils:/home/pi4/ros2_jazzy/install/rosidl_runtime_py:/home/pi4/ros2_jazzy/install/rosidl_pycommon:/home/pi4/ros2_jazzy/install/rosidl_cli:/home/pi4/ros2_jazzy/install/launch_pytest:/home/pi4/ros2_jazzy/install/launch_testing:/home/pi4/ros2_jazzy/install/launch_yaml:/home/pi4/ros2_jazzy/install/launch_xml:/home/pi4/ros2_jazzy/install/launch:/home/pi4/ros2_jazzy/install/osrf_pycommon:/home/pi4/ros2_jazzy/install/domain_coordinator:/home/pi4/ros2_jazzy/install/ament_xmllint:/home/pi4/ros2_jazzy/install/ament_pyflakes:/home/pi4/ros2_jazzy/install/ament_pycodestyle:/home/pi4/ros2_jazzy/install/ament_pep257:/home/pi4/ros2_jazzy/install/ament_pclint:/home/pi4/ros2_jazzy/install/ament_package:/home/pi4/ros2_jazzy/install/ament_mypy:/home/pi4/ros2_jazzy/install/ament_lint_cmake:/home/pi4/ros2_jazzy/install/ament_flake8:/home/pi4/ros2_jazzy/install/ament_copyright:/home/pi4/ros2_jazzy/install/ament_lint:/home/pi4/ros2_jazzy/install/ament_index_python:/home/pi4/ros2_jazzy/install/ament_cpplint:/home/pi4/ros2_jazzy/install/ament_cppcheck:/home/pi4/ros2_jazzy/install/ament_clang_tidy:/home/pi4/ros2_jazzy/install/ament_clang_format /usr/bin/cmake /home/pi4/camera_ws/src/as7265x_at_msgs -DAMENT_CMAKE_SYMLINK_INSTALL=1 -DCMAKE_INSTALL_PREFIX=/home/pi4/camera_ws/src/install/as7265x_at_msgs
[2.960s] -- Found ament_cmake: 2.5.4 (/home/pi4/ros2_jazzy/install/ament_cmake/share/ament_cmake/cmake)
[3.203s] -- Found Python3: /usr/bin/python3 (found version "3.11.2") found components: Interpreter 
[4.006s] -- Override CMake install command with custom implementation using symlinks instead of copying resources
[4.035s] -- Found rosidl_default_generators: 1.6.0 (/home/pi4/ros2_jazzy/install/rosidl_default_generators/share/rosidl_default_generators/cmake)
[4.427s] -- Using all available rosidl_typesupport_c: rosidl_typesupport_introspection_c;rosidl_typesupport_fastrtps_c
[4.680s] -- Using all available rosidl_typesupport_cpp: rosidl_typesupport_introspection_cpp;rosidl_typesupport_fastrtps_cpp
[4.802s] -- Found rosidl_adapter: 4.6.6 (/home/pi4/ros2_jazzy/install/rosidl_adapter/share/rosidl_adapter/cmake)
[4.808s] -- Found std_msgs: 5.3.6 (/home/pi4/ros2_jazzy/install/std_msgs/share/std_msgs/cmake)
[5.014s] -- Found ament_lint_auto: 0.17.3 (/home/pi4/ros2_jazzy/install/ament_lint_auto/share/ament_lint_auto/cmake)
[7.839s] -- Found ament_cmake_ros: 0.12.0 (/home/pi4/ros2_jazzy/install/ament_cmake_ros/share/ament_cmake_ros/cmake)
[8.661s] -- Using all available rosidl_typesupport_c: rosidl_typesupport_introspection_c;rosidl_typesupport_fastrtps_c
[10.082s] -- Using all available rosidl_typesupport_cpp: rosidl_typesupport_introspection_cpp;rosidl_typesupport_fastrtps_cpp
[10.087s] -- Found python_cmake_module: 0.11.1 (/home/pi4/ros2_jazzy/install/python_cmake_module/share/python_cmake_module/cmake)
[12.560s] -- Found Python3: /usr/bin/python3 (found version "3.11.2") found components: Interpreter Development NumPy Development.Module Development.Embed 
[13.029s] -- Added test 'lint_cmake' to check CMake code style
[13.038s] -- Added test 'xmllint' to check XML markup files
[13.059s] -- Configuring done
[13.236s] -- Generating done
[13.312s] -- Build files have been written to: /home/pi4/camera_ws/src/build/as7265x_at_msgs
[13.332s] Invoked command in '/home/pi4/camera_ws/src/build/as7265x_at_msgs' returned '0': CMAKE_PREFIX_PATH=${CMAKE_PREFIX_PATH}:/home/pi4/as7265x_at/install/as7265x_at:/home/pi4/ros2_jazzy/install/rqt_bag_plugins:/home/pi4/ros2_jazzy/install/rqt_bag:/home/pi4/ros2_jazzy/install/rosbag2_examples_py:/home/pi4/ros2_jazzy/install/launch_testing_examples:/home/pi4/ros2_jazzy/install/ros2bag:/home/pi4/ros2_jazzy/install/tracetools_test:/home/pi4/ros2_jazzy/install/tracetools_launch:/home/pi4/ros2_jazzy/install/topic_monitor:/home/pi4/ros2_jazzy/install/tf2_tools:/home/pi4/ros2_jazzy/install/examples_tf2_py:/home/pi4/ros2_jazzy/install/tf2_ros_py:/home/pi4/ros2_jazzy/install/examples_rclpy_pointcloud_publisher:/home/pi4/ros2_jazzy/install/sensor_msgs_py:/home/pi4/ros2_jazzy/install/quality_of_service_demo_py:/home/pi4/ros2_jazzy/install/camera_info_manager_py:/home/pi4/ros2_jazzy/install/rqt_plot:/home/pi4/ros2_jazzy/install/ros2doctor:/home/pi4/ros2_jazzy/install/lifecycle_py:/home/pi4/ros2_jazzy/install/examples_rclpy_minimal_subscriber:/home/pi4/ros2_jazzy/install/examples_rclpy_minimal_service:/home/pi4/ros2_jazzy/install/examples_rclpy_minimal_publisher:/home/pi4/ros2_jazzy/install/examples_rclpy_minimal_client:/home/pi4/ros2_jazzy/install/examples_rclpy_executors:/home/pi4/ros2_jazzy/install/demo_nodes_py:/home/pi4/ros2_jazzy/install/rqt:/home/pi4/ros2_jazzy/install/ros2component:/home/pi4/ros2_jazzy/install/sros2:/home/pi4/ros2_jazzy/install/rqt_topic:/home/pi4/ros2_jazzy/install/rqt_srv:/home/pi4/ros2_jazzy/install/rqt_shell:/home/pi4/ros2_jazzy/install/rqt_service_caller:/home/pi4/ros2_jazzy/install/rqt_reconfigure:/home/pi4/ros2_jazzy/install/rqt_py_console:/home/pi4/ros2_jazzy/install/rqt_publisher:/home/pi4/ros2_jazzy/install/rqt_action:/home/pi4/ros2_jazzy/install/rqt_msg:/home/pi4/ros2_jazzy/install/rqt_console:/home/pi4/ros2_jazzy/install/rqt_graph:/home/pi4/ros2_jazzy/install/rqt_gui_py:/home/pi4/ros2_jazzy/install/rqt_gui:/home/pi4/ros2_jazzy/install/ros2trace:/home/pi4/ros2_jazzy/install/ros2param:/home/pi4/ros2_jazzy/install/ros2lifecycle:/home/pi4/ros2_jazzy/install/ros2service:/home/pi4/ros2_jazzy/install/ros2topic:/home/pi4/ros2_jazzy/install/ros2test:/home/pi4/ros2_jazzy/install/ros2run:/home/pi4/ros2_jazzy/install/ros2plugin:/home/pi4/ros2_jazzy/install/ros2launch:/home/pi4/ros2_jazzy/install/ros2pkg:/home/pi4/ros2_jazzy/install/ros2node:/home/pi4/ros2_jazzy/install/ros2multicast:/home/pi4/ros2_jazzy/install/ros2interface:/home/pi4/ros2_jazzy/install/ros2action:/home/pi4/ros2_jazzy/install/ros2cli:/home/pi4/ros2_jazzy/install/launch_testing_ros:/home/pi4/ros2_jazzy/install/launch_ros:/home/pi4/ros2_jazzy/install/examples_rclpy_minimal_action_server:/home/pi4/ros2_jazzy/install/examples_rclpy_minimal_action_client:/home/pi4/ros2_jazzy/install/examples_rclpy_guard_conditions:/home/pi4/ros2_jazzy/install/action_tutorials_py:/home/pi4/ros2_jazzy/install/ament_uncrustify:/home/pi4/ros2_jazzy/install/tracetools_trace:/home/pi4/ros2_jazzy/install/tracetools_read:/home/pi4/ros2_jazzy/install/test_tracetools_launch:/home/pi4/ros2_jazzy/install/test_ros2trace:/home/pi4/ros2_jazzy/install/test_launch_ros:/home/pi4/ros2_jazzy/install/rpyutils:/home/pi4/ros2_jazzy/install/rosidl_runtime_py:/home/pi4/ros2_jazzy/install/rosidl_pycommon:/home/pi4/ros2_jazzy/install/rosidl_cli:/home/pi4/ros2_jazzy/install/launch_pytest:/home/pi4/ros2_jazzy/install/launch_testing:/home/pi4/ros2_jazzy/install/launch_yaml:/home/pi4/ros2_jazzy/install/launch_xml:/home/pi4/ros2_jazzy/install/launch:/home/pi4/ros2_jazzy/install/osrf_pycommon:/home/pi4/ros2_jazzy/install/domain_coordinator:/home/pi4/ros2_jazzy/install/ament_xmllint:/home/pi4/ros2_jazzy/install/ament_pyflakes:/home/pi4/ros2_jazzy/install/ament_pycodestyle:/home/pi4/ros2_jazzy/install/ament_pep257:/home/pi4/ros2_jazzy/install/ament_pclint:/home/pi4/ros2_jazzy/install/ament_package:/home/pi4/ros2_jazzy/install/ament_mypy:/home/pi4/ros2_jazzy/install/ament_lint_cmake:/home/pi4/ros2_jazzy/install/ament_flake8:/home/pi4/ros2_jazzy/install/ament_copyright:/home/pi4/ros2_jazzy/install/ament_lint:/home/pi4/ros2_jazzy/install/ament_index_python:/home/pi4/ros2_jazzy/install/ament_cpplint:/home/pi4/ros2_jazzy/install/ament_cppcheck:/home/pi4/ros2_jazzy/install/ament_clang_tidy:/home/pi4/ros2_jazzy/install/ament_clang_format /usr/bin/cmake /home/pi4/camera_ws/src/as7265x_at_msgs -DAMENT_CMAKE_SYMLINK_INSTALL=1 -DCMAKE_INSTALL_PREFIX=/home/pi4/camera_ws/src/install/as7265x_at_msgs
[13.339s] Invoking command in '/home/pi4/camera_ws/src/build/as7265x_at_msgs': CMAKE_PREFIX_PATH=${CMAKE_PREFIX_PATH}:/home/pi4/as7265x_at/install/as7265x_at:/home/pi4/ros2_jazzy/install/rqt_bag_plugins:/home/pi4/ros2_jazzy/install/rqt_bag:/home/pi4/ros2_jazzy/install/rosbag2_examples_py:/home/pi4/ros2_jazzy/install/launch_testing_examples:/home/pi4/ros2_jazzy/install/ros2bag:/home/pi4/ros2_jazzy/install/tracetools_test:/home/pi4/ros2_jazzy/install/tracetools_launch:/home/pi4/ros2_jazzy/install/topic_monitor:/home/pi4/ros2_jazzy/install/tf2_tools:/home/pi4/ros2_jazzy/install/examples_tf2_py:/home/pi4/ros2_jazzy/install/tf2_ros_py:/home/pi4/ros2_jazzy/install/examples_rclpy_pointcloud_publisher:/home/pi4/ros2_jazzy/install/sensor_msgs_py:/home/pi4/ros2_jazzy/install/quality_of_service_demo_py:/home/pi4/ros2_jazzy/install/camera_info_manager_py:/home/pi4/ros2_jazzy/install/rqt_plot:/home/pi4/ros2_jazzy/install/ros2doctor:/home/pi4/ros2_jazzy/install/lifecycle_py:/home/pi4/ros2_jazzy/install/examples_rclpy_minimal_subscriber:/home/pi4/ros2_jazzy/install/examples_rclpy_minimal_service:/home/pi4/ros2_jazzy/install/examples_rclpy_minimal_publisher:/home/pi4/ros2_jazzy/install/examples_rclpy_minimal_client:/home/pi4/ros2_jazzy/install/examples_rclpy_executors:/home/pi4/ros2_jazzy/install/demo_nodes_py:/home/pi4/ros2_jazzy/install/rqt:/home/pi4/ros2_jazzy/install/ros2component:/home/pi4/ros2_jazzy/install/sros2:/home/pi4/ros2_jazzy/install/rqt_topic:/home/pi4/ros2_jazzy/install/rqt_srv:/home/pi4/ros2_jazzy/install/rqt_shell:/home/pi4/ros2_jazzy/install/rqt_service_caller:/home/pi4/ros2_jazzy/install/rqt_reconfigure:/home/pi4/ros2_jazzy/install/rqt_py_console:/home/pi4/ros2_jazzy/install/rqt_publisher:/home/pi4/ros2_jazzy/install/rqt_action:/home/pi4/ros2_jazzy/install/rqt_msg:/home/pi4/ros2_jazzy/install/rqt_console:/home/pi4/ros2_jazzy/install/rqt_graph:/home/pi4/ros2_jazzy/install/rqt_gui_py:/home/pi4/ros2_jazzy/install/rqt_gui:/home/pi4/ros2_jazzy/install/ros2trace:/home/pi4/ros2_jazzy/install/ros2param:/home/pi4/ros2_jazzy/install/ros2lifecycle:/home/pi4/ros2_jazzy/install/ros2service:/home/pi4/ros2_jazzy/install/ros2topic:/home/pi4/ros2_jazzy/install/ros2test:/home/pi4/ros2_jazzy/install/ros2run:/home/pi4/ros2_jazzy/install/ros2plugin:/home/pi4/ros2_jazzy/install/ros2launch:/home/pi4/ros2_jazzy/install/ros2pkg:/home/pi4/ros2_jazzy/install/ros2node:/home/pi4/ros2_jazzy/install/ros2multicast:/home/pi4/ros2_jazzy/install/ros2interface:/home/pi4/ros2_jazzy/install/ros2action:/home/pi4/ros2_jazzy/install/ros2cli:/home/pi4/ros2_jazzy/install/launch_testing_ros:/home/pi4/ros2_jazzy/install/launch_ros:/home/pi4/ros2_jazzy/install/examples_rclpy_minimal_action_server:/home/pi4/ros2_jazzy/install/examples_rclpy_minimal_action_client:/home/pi4/ros2_jazzy/install/examples_rclpy_guard_conditions:/home/pi4/ros2_jazzy/install/action_tutorials_py:/home/pi4/ros2_jazzy/install/ament_uncrustify:/home/pi4/ros2_jazzy/install/tracetools_trace:/home/pi4/ros2_jazzy/install/tracetools_read:/home/pi4/ros2_jazzy/install/test_tracetools_launch:/home/pi4/ros2_jazzy/install/test_ros2trace:/home/pi4/ros2_jazzy/install/test_launch_ros:/home/pi4/ros2_jazzy/install/rpyutils:/home/pi4/ros2_jazzy/install/rosidl_runtime_py:/home/pi4/ros2_jazzy/install/rosidl_pycommon:/home/pi4/ros2_jazzy/install/rosidl_cli:/home/pi4/ros2_jazzy/install/launch_pytest:/home/pi4/ros2_jazzy/install/launch_testing:/home/pi4/ros2_jazzy/install/launch_yaml:/home/pi4/ros2_jazzy/install/launch_xml:/home/pi4/ros2_jazzy/install/launch:/home/pi4/ros2_jazzy/install/osrf_pycommon:/home/pi4/ros2_jazzy/install/domain_coordinator:/home/pi4/ros2_jazzy/install/ament_xmllint:/home/pi4/ros2_jazzy/install/ament_pyflakes:/home/pi4/ros2_jazzy/install/ament_pycodestyle:/home/pi4/ros2_jazzy/install/ament_pep257:/home/pi4/ros2_jazzy/install/ament_pclint:/home/pi4/ros2_jazzy/install/ament_package:/home/pi4/ros2_jazzy/install/ament_mypy:/home/pi4/ros2_jazzy/install/ament_lint_cmake:/home/pi4/ros2_jazzy/install/ament_flake8:/home/pi4/ros2_jazzy/install/ament_copyright:/home/pi4/ros2_jazzy/install/ament_lint:/home/pi4/ros2_jazzy/install/ament_index_python:/home/pi4/ros2_jazzy/install/ament_cpplint:/home/pi4/ros2_jazzy/install/ament_cppcheck:/home/pi4/ros2_jazzy/install/ament_clang_tidy:/home/pi4/ros2_jazzy/install/ament_clang_format /usr/bin/cmake --build /home/pi4/camera_ws/src/build/as7265x_at_msgs -- -j4 -l4
[13.682s] [  2%] Built target as7265x_at_msgs__rosidl_generator_type_description
[13.743s] [  2%] Built target ament_cmake_python_symlink_as7265x_at_msgs
[13.864s] [  4%] Built target as7265x_at_msgs__cpp
[13.928s] [ 22%] Built target as7265x_at_msgs__rosidl_generator_c
[14.132s] [ 31%] Built target as7265x_at_msgs__rosidl_typesupport_fastrtps_cpp
[14.207s] [ 40%] Built target as7265x_at_msgs__rosidl_typesupport_introspection_cpp
[14.238s] [ 50%] Built target as7265x_at_msgs__rosidl_typesupport_c
[14.311s] [ 59%] Built target as7265x_at_msgs__rosidl_typesupport_cpp
[14.421s] [ 68%] Built target as7265x_at_msgs__rosidl_typesupport_introspection_c
[14.467s] [ 77%] Built target as7265x_at_msgs__rosidl_typesupport_fastrtps_c
[14.639s] [ 77%] Built target as7265x_at_msgs
[14.793s] [ 79%] Built target as7265x_at_msgs__py
[14.964s] [ 86%] Built target as7265x_at_msgs__rosidl_generator_py
[15.218s] [ 90%] Built target as7265x_at_msgs_s__rosidl_typesupport_fastrtps_c
[15.225s] [ 95%] Built target as7265x_at_msgs_s__rosidl_typesupport_introspection_c
[15.253s] [100%] Built target as7265x_at_msgs_s__rosidl_typesupport_c
[16.783s] running egg_info
[16.908s] writing as7265x_at_msgs.egg-info/PKG-INFO
[16.911s] writing dependency_links to as7265x_at_msgs.egg-info/dependency_links.txt
[16.911s] writing top-level names to as7265x_at_msgs.egg-info/top_level.txt
[17.291s] reading manifest file 'as7265x_at_msgs.egg-info/SOURCES.txt'
[17.294s] writing manifest file 'as7265x_at_msgs.egg-info/SOURCES.txt'
[17.573s] [100%] Built target ament_cmake_python_build_as7265x_at_msgs_egg
[17.629s] Invoked command in '/home/pi4/camera_ws/src/build/as7265x_at_msgs' returned '0': CMAKE_PREFIX_PATH=${CMAKE_PREFIX_PATH}:/home/pi4/as7265x_at/install/as7265x_at:/home/pi4/ros2_jazzy/install/rqt_bag_plugins:/home/pi4/ros2_jazzy/install/rqt_bag:/home/pi4/ros2_jazzy/install/rosbag2_examples_py:/home/pi4/ros2_jazzy/install/launch_testing_examples:/home/pi4/ros2_jazzy/install/ros2bag:/home/pi4/ros2_jazzy/install/tracetools_test:/home/pi4/ros2_jazzy/install/tracetools_launch:/home/pi4/ros2_jazzy/install/topic_monitor:/home/pi4/ros2_jazzy/install/tf2_tools:/home/pi4/ros2_jazzy/install/examples_tf2_py:/home/pi4/ros2_jazzy/install/tf2_ros_py:/home/pi4/ros2_jazzy/install/examples_rclpy_pointcloud_publisher:/home/pi4/ros2_jazzy/install/sensor_msgs_py:/home/pi4/ros2_jazzy/install/quality_of_service_demo_py:/home/pi4/ros2_jazzy/install/camera_info_manager_py:/home/pi4/ros2_jazzy/install/rqt_plot:/home/pi4/ros2_jazzy/install/ros2doctor:/home/pi4/ros2_jazzy/install/lifecycle_py:/home/pi4/ros2_jazzy/install/examples_rclpy_minimal_subscriber:/home/pi4/ros2_jazzy/install/examples_rclpy_minimal_service:/home/pi4/ros2_jazzy/install/examples_rclpy_minimal_publisher:/home/pi4/ros2_jazzy/install/examples_rclpy_minimal_client:/home/pi4/ros2_jazzy/install/examples_rclpy_executors:/home/pi4/ros2_jazzy/install/demo_nodes_py:/home/pi4/ros2_jazzy/install/rqt:/home/pi4/ros2_jazzy/install/ros2component:/home/pi4/ros2_jazzy/install/sros2:/home/pi4/ros2_jazzy/install/rqt_topic:/home/pi4/ros2_jazzy/install/rqt_srv:/home/pi4/ros2_jazzy/install/rqt_shell:/home/pi4/ros2_jazzy/install/rqt_service_caller:/home/pi4/ros2_jazzy/install/rqt_reconfigure:/home/pi4/ros2_jazzy/install/rqt_py_console:/home/pi4/ros2_jazzy/install/rqt_publisher:/home/pi4/ros2_jazzy/install/rqt_action:/home/pi4/ros2_jazzy/install/rqt_msg:/home/pi4/ros2_jazzy/install/rqt_console:/home/pi4/ros2_jazzy/install/rqt_graph:/home/pi4/ros2_jazzy/install/rqt_gui_py:/home/pi4/ros2_jazzy/install/rqt_gui:/home/pi4/ros2_jazzy/install/ros2trace:/home/pi4/ros2_jazzy/install/ros2param:/home/pi4/ros2_jazzy/install/ros2lifecycle:/home/pi4/ros2_jazzy/install/ros2service:/home/pi4/ros2_jazzy/install/ros2topic:/home/pi4/ros2_jazzy/install/ros2test:/home/pi4/ros2_jazzy/install/ros2run:/home/pi4/ros2_jazzy/install/ros2plugin:/home/pi4/ros2_jazzy/install/ros2launch:/home/pi4/ros2_jazzy/install/ros2pkg:/home/pi4/ros2_jazzy/install/ros2node:/home/pi4/ros2_jazzy/install/ros2multicast:/home/pi4/ros2_jazzy/install/ros2interface:/home/pi4/ros2_jazzy/install/ros2action:/home/pi4/ros2_jazzy/install/ros2cli:/home/pi4/ros2_jazzy/install/launch_testing_ros:/home/pi4/ros2_jazzy/install/launch_ros:/home/pi4/ros2_jazzy/install/examples_rclpy_minimal_action_server:/home/pi4/ros2_jazzy/install/examples_rclpy_minimal_action_client:/home/pi4/ros2_jazzy/install/examples_rclpy_guard_conditions:/home/pi4/ros2_jazzy/install/action_tutorials_py:/home/pi4/ros2_jazzy/install/ament_uncrustify:/home/pi4/ros2_jazzy/install/tracetools_trace:/home/pi4/ros2_jazzy/install/tracetools_read:/home/pi4/ros2_jazzy/install/test_tracetools_launch:/home/pi4/ros2_jazzy/install/test_ros2trace:/home/pi4/ros2_jazzy/install/test_launch_ros:/home/pi4/ros2_jazzy/install/rpyutils:/home/pi4/ros2_jazzy/install/rosidl_runtime_py:/home/pi4/ros2_jazzy/install/rosidl_pycommon:/home/pi4/ros2_jazzy/install/rosidl_cli:/home/pi4/ros2_jazzy/install/launch_pytest:/home/pi4/ros2_jazzy/install/launch_testing:/home/pi4/ros2_jazzy/install/launch_yaml:/home/pi4/ros2_jazzy/install/launch_xml:/home/pi4/ros2_jazzy/install/launch:/home/pi4/ros2_jazzy/install/osrf_pycommon:/home/pi4/ros2_jazzy/install/domain_coordinator:/home/pi4/ros2_jazzy/install/ament_xmllint:/home/pi4/ros2_jazzy/install/ament_pyflakes:/home/pi4/ros2_jazzy/install/ament_pycodestyle:/home/pi4/ros2_jazzy/install/ament_pep257:/home/pi4/ros2_jazzy/install/ament_pclint:/home/pi4/ros2_jazzy/install/ament_package:/home/pi4/ros2_jazzy/install/ament_mypy:/home/pi4/ros2_jazzy/install/ament_lint_cmake:/home/pi4/ros2_jazzy/install/ament_flake8:/home/pi4/ros2_jazzy/install/ament_copyright:/home/pi4/ros2_jazzy/install/ament_lint:/home/pi4/ros2_jazzy/install/ament_index_python:/home/pi4/ros2_jazzy/install/ament_cpplint:/home/pi4/ros2_jazzy/install/ament_cppcheck:/home/pi4/ros2_jazzy/install/ament_clang_tidy:/home/pi4/ros2_jazzy/install/ament_clang_format /usr/bin/cmake --build /home/pi4/camera_ws/src/build/as7265x_at_msgs -- -j4 -l4
[17.680s] Invoking command in '/home/pi4/camera_ws/src/build/as7265x_at_msgs': CMAKE_PREFIX_PATH=${CMAKE_PREFIX_PATH}:/home/pi4/as7265x_at/install/as7265x_at:/home/pi4/ros2_jazzy/install/rqt_bag_plugins:/home/pi4/ros2_jazzy/install/rqt_bag:/home/pi4/ros2_jazzy/install/rosbag2_examples_py:/home/pi4/ros2_jazzy/install/launch_testing_examples:/home/pi4/ros2_jazzy/install/ros2bag:/home/pi4/ros2_jazzy/install/tracetools_test:/home/pi4/ros2_jazzy/install/tracetools_launch:/home/pi4/ros2_jazzy/install/topic_monitor:/home/pi4/ros2_jazzy/install/tf2_tools:/home/pi4/ros2_jazzy/install/examples_tf2_py:/home/pi4/ros2_jazzy/install/tf2_ros_py:/home/pi4/ros2_jazzy/install/examples_rclpy_pointcloud_publisher:/home/pi4/ros2_jazzy/install/sensor_msgs_py:/home/pi4/ros2_jazzy/install/quality_of_service_demo_py:/home/pi4/ros2_jazzy/install/camera_info_manager_py:/home/pi4/ros2_jazzy/install/rqt_plot:/home/pi4/ros2_jazzy/install/ros2doctor:/home/pi4/ros2_jazzy/install/lifecycle_py:/home/pi4/ros2_jazzy/install/examples_rclpy_minimal_subscriber:/home/pi4/ros2_jazzy/install/examples_rclpy_minimal_service:/home/pi4/ros2_jazzy/install/examples_rclpy_minimal_publisher:/home/pi4/ros2_jazzy/install/examples_rclpy_minimal_client:/home/pi4/ros2_jazzy/install/examples_rclpy_executors:/home/pi4/ros2_jazzy/install/demo_nodes_py:/home/pi4/ros2_jazzy/install/rqt:/home/pi4/ros2_jazzy/install/ros2component:/home/pi4/ros2_jazzy/install/sros2:/home/pi4/ros2_jazzy/install/rqt_topic:/home/pi4/ros2_jazzy/install/rqt_srv:/home/pi4/ros2_jazzy/install/rqt_shell:/home/pi4/ros2_jazzy/install/rqt_service_caller:/home/pi4/ros2_jazzy/install/rqt_reconfigure:/home/pi4/ros2_jazzy/install/rqt_py_console:/home/pi4/ros2_jazzy/install/rqt_publisher:/home/pi4/ros2_jazzy/install/rqt_action:/home/pi4/ros2_jazzy/install/rqt_msg:/home/pi4/ros2_jazzy/install/rqt_console:/home/pi4/ros2_jazzy/install/rqt_graph:/home/pi4/ros2_jazzy/install/rqt_gui_py:/home/pi4/ros2_jazzy/install/rqt_gui:/home/pi4/ros2_jazzy/install/ros2trace:/home/pi4/ros2_jazzy/install/ros2param:/home/pi4/ros2_jazzy/install/ros2lifecycle:/home/pi4/ros2_jazzy/install/ros2service:/home/pi4/ros2_jazzy/install/ros2topic:/home/pi4/ros2_jazzy/install/ros2test:/home/pi4/ros2_jazzy/install/ros2run:/home/pi4/ros2_jazzy/install/ros2plugin:/home/pi4/ros2_jazzy/install/ros2launch:/home/pi4/ros2_jazzy/install/ros2pkg:/home/pi4/ros2_jazzy/install/ros2node:/home/pi4/ros2_jazzy/install/ros2multicast:/home/pi4/ros2_jazzy/install/ros2interface:/home/pi4/ros2_jazzy/install/ros2action:/home/pi4/ros2_jazzy/install/ros2cli:/home/pi4/ros2_jazzy/install/launch_testing_ros:/home/pi4/ros2_jazzy/install/launch_ros:/home/pi4/ros2_jazzy/install/examples_rclpy_minimal_action_server:/home/pi4/ros2_jazzy/install/examples_rclpy_minimal_action_client:/home/pi4/ros2_jazzy/install/examples_rclpy_guard_conditions:/home/pi4/ros2_jazzy/install/action_tutorials_py:/home/pi4/ros2_jazzy/install/ament_uncrustify:/home/pi4/ros2_jazzy/install/tracetools_trace:/home/pi4/ros2_jazzy/install/tracetools_read:/home/pi4/ros2_jazzy/install/test_tracetools_launch:/home/pi4/ros2_jazzy/install/test_ros2trace:/home/pi4/ros2_jazzy/install/test_launch_ros:/home/pi4/ros2_jazzy/install/rpyutils:/home/pi4/ros2_jazzy/install/rosidl_runtime_py:/home/pi4/ros2_jazzy/install/rosidl_pycommon:/home/pi4/ros2_jazzy/install/rosidl_cli:/home/pi4/ros2_jazzy/install/launch_pytest:/home/pi4/ros2_jazzy/install/launch_testing:/home/pi4/ros2_jazzy/install/launch_yaml:/home/pi4/ros2_jazzy/install/launch_xml:/home/pi4/ros2_jazzy/install/launch:/home/pi4/ros2_jazzy/install/osrf_pycommon:/home/pi4/ros2_jazzy/install/domain_coordinator:/home/pi4/ros2_jazzy/install/ament_xmllint:/home/pi4/ros2_jazzy/install/ament_pyflakes:/home/pi4/ros2_jazzy/install/ament_pycodestyle:/home/pi4/ros2_jazzy/install/ament_pep257:/home/pi4/ros2_jazzy/install/ament_pclint:/home/pi4/ros2_jazzy/install/ament_package:/home/pi4/ros2_jazzy/install/ament_mypy:/home/pi4/ros2_jazzy/install/ament_lint_cmake:/home/pi4/ros2_jazzy/install/ament_flake8:/home/pi4/ros2_jazzy/install/ament_copyright:/home/pi4/ros2_jazzy/install/ament_lint:/home/pi4/ros2_jazzy/install/ament_index_python:/home/pi4/ros2_jazzy/install/ament_cpplint:/home/pi4/ros2_jazzy/install/ament_cppcheck:/home/pi4/ros2_jazzy/install/ament_clang_tidy:/home/pi4/ros2_jazzy/install/ament_clang_format /usr/bin/cmake --install /home/pi4/camera_ws/src/build/as7265x_at_msgs
[17.725s] -- Install configuration: ""
[17.727s] -- Execute custom install script
[17.743s] -- Up-to-date symlink: /home/pi4/camera_ws/src/install/as7265x_at_msgs/share/ament_index/resource_index/rosidl_interfaces/as7265x_at_msgs
[17.743s] -- Up-to-date symlink: /home/pi4/camera_ws/src/install/as7265x_at_msgs/share/as7265x_at_msgs/msg/AS7265xRaw.json
[17.744s] -- Up-to-date symlink: /home/pi4/camera_ws/src/install/as7265x_at_msgs/share/as7265x_at_msgs/msg/AS7265xCal.json
[17.744s] -- Up-to-date symlink: /home/pi4/camera_ws/src/install/as7265x_at_msgs/include/as7265x_at_msgs/as7265x_at_msgs/msg/as7265x_cal.h
[17.744s] -- Up-to-date symlink: /home/pi4/camera_ws/src/install/as7265x_at_msgs/include/as7265x_at_msgs/as7265x_at_msgs/msg/as7265x_raw.h
[17.745s] -- Up-to-date symlink: /home/pi4/camera_ws/src/install/as7265x_at_msgs/include/as7265x_at_msgs/as7265x_at_msgs/msg/detail/as7265x_cal__functions.h
[17.745s] -- Up-to-date symlink: /home/pi4/camera_ws/src/install/as7265x_at_msgs/include/as7265x_at_msgs/as7265x_at_msgs/msg/detail/as7265x_cal__struct.h
[17.745s] -- Up-to-date symlink: /home/pi4/camera_ws/src/install/as7265x_at_msgs/include/as7265x_at_msgs/as7265x_at_msgs/msg/detail/as7265x_cal__type_support.h
[17.745s] -- Up-to-date symlink: /home/pi4/camera_ws/src/install/as7265x_at_msgs/include/as7265x_at_msgs/as7265x_at_msgs/msg/detail/as7265x_raw__functions.h
[17.746s] -- Up-to-date symlink: /home/pi4/camera_ws/src/install/as7265x_at_msgs/include/as7265x_at_msgs/as7265x_at_msgs/msg/detail/as7265x_raw__struct.h
[17.746s] -- Up-to-date symlink: /home/pi4/camera_ws/src/install/as7265x_at_msgs/include/as7265x_at_msgs/as7265x_at_msgs/msg/detail/as7265x_raw__type_support.h
[17.746s] -- Up-to-date symlink: /home/pi4/camera_ws/src/install/as7265x_at_msgs/include/as7265x_at_msgs/as7265x_at_msgs/msg/rosidl_generator_c__visibility_control.h
[17.746s] -- Up-to-date symlink: /home/pi4/camera_ws/src/install/as7265x_at_msgs/share/as7265x_at_msgs/environment/library_path.sh
[17.747s] -- Up-to-date symlink: /home/pi4/camera_ws/src/install/as7265x_at_msgs/share/as7265x_at_msgs/environment/library_path.dsv
[17.747s] -- Up-to-date symlink: /home/pi4/camera_ws/src/install/as7265x_at_msgs/include/as7265x_at_msgs/as7265x_at_msgs/msg/detail/as7265x_cal__rosidl_typesupport_introspection_c.h
[17.747s] -- Up-to-date symlink: /home/pi4/camera_ws/src/install/as7265x_at_msgs/include/as7265x_at_msgs/as7265x_at_msgs/msg/detail/as7265x_raw__rosidl_typesupport_introspection_c.h
[17.748s] -- Up-to-date symlink: /home/pi4/camera_ws/src/install/as7265x_at_msgs/include/as7265x_at_msgs/as7265x_at_msgs/msg/rosidl_typesupport_introspection_c__visibility_control.h
[17.748s] -- Up-to-date symlink: /home/pi4/camera_ws/src/install/as7265x_at_msgs/include/as7265x_at_msgs/as7265x_at_msgs/msg/detail/as7265x_cal__rosidl_typesupport_fastrtps_c.h
[17.748s] -- Up-to-date symlink: /home/pi4/camera_ws/src/install/as7265x_at_msgs/include/as7265x_at_msgs/as7265x_at_msgs/msg/detail/as7265x_raw__rosidl_typesupport_fastrtps_c.h
[17.749s] -- Up-to-date symlink: /home/pi4/camera_ws/src/install/as7265x_at_msgs/include/as7265x_at_msgs/as7265x_at_msgs/msg/rosidl_typesupport_fastrtps_c__visibility_control.h
[17.749s] -- Up-to-date symlink: /home/pi4/camera_ws/src/install/as7265x_at_msgs/include/as7265x_at_msgs/as7265x_at_msgs/msg/as7265x_cal.hpp
[17.749s] -- Up-to-date symlink: /home/pi4/camera_ws/src/install/as7265x_at_msgs/include/as7265x_at_msgs/as7265x_at_msgs/msg/as7265x_raw.hpp
[17.749s] -- Up-to-date symlink: /home/pi4/camera_ws/src/install/as7265x_at_msgs/include/as7265x_at_msgs/as7265x_at_msgs/msg/detail/as7265x_cal__builder.hpp
[17.749s] -- Up-to-date symlink: /home/pi4/camera_ws/src/install/as7265x_at_msgs/include/as7265x_at_msgs/as7265x_at_msgs/msg/detail/as7265x_cal__struct.hpp
[17.750s] -- Up-to-date symlink: /home/pi4/camera_ws/src/install/as7265x_at_msgs/include/as7265x_at_msgs/as7265x_at_msgs/msg/detail/as7265x_cal__traits.hpp
[17.750s] -- Up-to-date symlink: /home/pi4/camera_ws/src/install/as7265x_at_msgs/include/as7265x_at_msgs/as7265x_at_msgs/msg/detail/as7265x_cal__type_support.hpp
[17.750s] -- Up-to-date symlink: /home/pi4/camera_ws/src/install/as7265x_at_msgs/include/as7265x_at_msgs/as7265x_at_msgs/msg/detail/as7265x_raw__builder.hpp
[17.750s] -- Up-to-date symlink: /home/pi4/camera_ws/src/install/as7265x_at_msgs/include/as7265x_at_msgs/as7265x_at_msgs/msg/detail/as7265x_raw__struct.hpp
[17.751s] -- Up-to-date symlink: /home/pi4/camera_ws/src/install/as7265x_at_msgs/include/as7265x_at_msgs/as7265x_at_msgs/msg/detail/as7265x_raw__traits.hpp
[17.751s] -- Up-to-date symlink: /home/pi4/camera_ws/src/install/as7265x_at_msgs/include/as7265x_at_msgs/as7265x_at_msgs/msg/detail/as7265x_raw__type_support.hpp
[17.751s] -- Up-to-date symlink: /home/pi4/camera_ws/src/install/as7265x_at_msgs/include/as7265x_at_msgs/as7265x_at_msgs/msg/rosidl_generator_cpp__visibility_control.hpp
[17.751s] -- Up-to-date symlink: /home/pi4/camera_ws/src/install/as7265x_at_msgs/include/as7265x_at_msgs/as7265x_at_msgs/msg/detail/as7265x_cal__rosidl_typesupport_introspection_cpp.hpp
[17.752s] -- Up-to-date symlink: /home/pi4/camera_ws/src/install/as7265x_at_msgs/include/as7265x_at_msgs/as7265x_at_msgs/msg/detail/as7265x_raw__rosidl_typesupport_introspection_cpp.hpp
[17.752s] -- Up-to-date symlink: /home/pi4/camera_ws/src/install/as7265x_at_msgs/include/as7265x_at_msgs/as7265x_at_msgs/msg/detail/as7265x_cal__rosidl_typesupport_fastrtps_cpp.hpp
[17.752s] -- Up-to-date symlink: /home/pi4/camera_ws/src/install/as7265x_at_msgs/include/as7265x_at_msgs/as7265x_at_msgs/msg/detail/as7265x_raw__rosidl_typesupport_fastrtps_cpp.hpp
[17.752s] -- Up-to-date symlink: /home/pi4/camera_ws/src/install/as7265x_at_msgs/include/as7265x_at_msgs/as7265x_at_msgs/msg/rosidl_typesupport_fastrtps_cpp__visibility_control.h
[17.753s] -- Up-to-date symlink: /home/pi4/camera_ws/src/install/as7265x_at_msgs/share/as7265x_at_msgs/environment/pythonpath.sh
[17.753s] -- Up-to-date symlink: /home/pi4/camera_ws/src/install/as7265x_at_msgs/share/as7265x_at_msgs/environment/pythonpath.dsv
[17.753s] -- Up-to-date symlink: /home/pi4/camera_ws/src/install/as7265x_at_msgs/lib/python3.11/site-packages/as7265x_at_msgs-0.0.1-py3.11.egg-info/PKG-INFO
[17.753s] -- Up-to-date symlink: /home/pi4/camera_ws/src/install/as7265x_at_msgs/lib/python3.11/site-packages/as7265x_at_msgs-0.0.1-py3.11.egg-info/SOURCES.txt
[17.754s] -- Up-to-date symlink: /home/pi4/camera_ws/src/install/as7265x_at_msgs/lib/python3.11/site-packages/as7265x_at_msgs-0.0.1-py3.11.egg-info/dependency_links.txt
[17.754s] -- Up-to-date symlink: /home/pi4/camera_ws/src/install/as7265x_at_msgs/lib/python3.11/site-packages/as7265x_at_msgs-0.0.1-py3.11.egg-info/top_level.txt
[17.754s] -- Up-to-date symlink: /home/pi4/camera_ws/src/install/as7265x_at_msgs/lib/python3.11/site-packages/as7265x_at_msgs/__init__.py
[17.754s] -- Up-to-date symlink: /home/pi4/camera_ws/src/install/as7265x_at_msgs/lib/python3.11/site-packages/as7265x_at_msgs/_as7265x_at_msgs_s.ep.rosidl_typesupport_c.c
[17.755s] -- Up-to-date symlink: /home/pi4/camera_ws/src/install/as7265x_at_msgs/lib/python3.11/site-packages/as7265x_at_msgs/_as7265x_at_msgs_s.ep.rosidl_typesupport_fastrtps_c.c
[17.755s] -- Up-to-date symlink: /home/pi4/camera_ws/src/install/as7265x_at_msgs/lib/python3.11/site-packages/as7265x_at_msgs/_as7265x_at_msgs_s.ep.rosidl_typesupport_introspection_c.c
[17.755s] -- Up-to-date symlink: /home/pi4/camera_ws/src/install/as7265x_at_msgs/lib/python3.11/site-packages/as7265x_at_msgs/as7265x_at_msgs_s__rosidl_typesupport_c.so
[17.756s] -- Up-to-date symlink: /home/pi4/camera_ws/src/install/as7265x_at_msgs/lib/python3.11/site-packages/as7265x_at_msgs/as7265x_at_msgs_s__rosidl_typesupport_fastrtps_c.so
[17.756s] -- Up-to-date symlink: /home/pi4/camera_ws/src/install/as7265x_at_msgs/lib/python3.11/site-packages/as7265x_at_msgs/as7265x_at_msgs_s__rosidl_typesupport_introspection_c.so
[17.756s] -- Up-to-date symlink: /home/pi4/camera_ws/src/install/as7265x_at_msgs/lib/python3.11/site-packages/as7265x_at_msgs/msg/__init__.py
[17.756s] -- Up-to-date symlink: /home/pi4/camera_ws/src/install/as7265x_at_msgs/lib/python3.11/site-packages/as7265x_at_msgs/msg/_as7265x_cal.py
[17.757s] -- Up-to-date symlink: /home/pi4/camera_ws/src/install/as7265x_at_msgs/lib/python3.11/site-packages/as7265x_at_msgs/msg/_as7265x_cal_s.c
[17.757s] -- Up-to-date symlink: /home/pi4/camera_ws/src/install/as7265x_at_msgs/lib/python3.11/site-packages/as7265x_at_msgs/msg/_as7265x_raw.py
[17.757s] -- Up-to-date symlink: /home/pi4/camera_ws/src/install/as7265x_at_msgs/lib/python3.11/site-packages/as7265x_at_msgs/msg/_as7265x_raw_s.c
[17.758s] -- Up-to-date symlink: /home/pi4/camera_ws/src/install/as7265x_at_msgs/lib/python3.11/site-packages/as7265x_at_msgs/as7265x_at_msgs_s__rosidl_typesupport_introspection_c.so
[17.759s] -- Up-to-date symlink: /home/pi4/camera_ws/src/install/as7265x_at_msgs/lib/python3.11/site-packages/as7265x_at_msgs/as7265x_at_msgs_s__rosidl_typesupport_fastrtps_c.so
[17.760s] -- Up-to-date symlink: /home/pi4/camera_ws/src/install/as7265x_at_msgs/lib/python3.11/site-packages/as7265x_at_msgs/as7265x_at_msgs_s__rosidl_typesupport_c.so
[17.761s] -- Up-to-date symlink: /home/pi4/camera_ws/src/install/as7265x_at_msgs/share/as7265x_at_msgs/msg/AS7265xRaw.idl
[17.761s] -- Up-to-date symlink: /home/pi4/camera_ws/src/install/as7265x_at_msgs/share/as7265x_at_msgs/msg/AS7265xCal.idl
[17.762s] -- Up-to-date symlink: /home/pi4/camera_ws/src/install/as7265x_at_msgs/share/as7265x_at_msgs/msg/AS7265xRaw.msg
[17.762s] -- Up-to-date symlink: /home/pi4/camera_ws/src/install/as7265x_at_msgs/share/as7265x_at_msgs/msg/AS7265xCal.msg
[17.763s] -- Up-to-date symlink: /home/pi4/camera_ws/src/install/as7265x_at_msgs/share/ament_index/resource_index/package_run_dependencies/as7265x_at_msgs
[17.763s] -- Up-to-date symlink: /home/pi4/camera_ws/src/install/as7265x_at_msgs/share/ament_index/resource_index/parent_prefix_path/as7265x_at_msgs
[17.764s] -- Up-to-date symlink: /home/pi4/camera_ws/src/install/as7265x_at_msgs/share/as7265x_at_msgs/environment/ament_prefix_path.sh
[17.765s] -- Up-to-date symlink: /home/pi4/camera_ws/src/install/as7265x_at_msgs/share/as7265x_at_msgs/environment/ament_prefix_path.dsv
[17.765s] -- Up-to-date symlink: /home/pi4/camera_ws/src/install/as7265x_at_msgs/share/as7265x_at_msgs/environment/path.sh
[17.766s] -- Up-to-date symlink: /home/pi4/camera_ws/src/install/as7265x_at_msgs/share/as7265x_at_msgs/environment/path.dsv
[17.766s] -- Up-to-date symlink: /home/pi4/camera_ws/src/install/as7265x_at_msgs/share/as7265x_at_msgs/local_setup.bash
[17.767s] -- Up-to-date symlink: /home/pi4/camera_ws/src/install/as7265x_at_msgs/share/as7265x_at_msgs/local_setup.sh
[17.768s] -- Up-to-date symlink: /home/pi4/camera_ws/src/install/as7265x_at_msgs/share/as7265x_at_msgs/local_setup.zsh
[17.768s] -- Up-to-date symlink: /home/pi4/camera_ws/src/install/as7265x_at_msgs/share/as7265x_at_msgs/local_setup.dsv
[17.769s] -- Symlinking: /home/pi4/camera_ws/src/install/as7265x_at_msgs/share/as7265x_at_msgs/package.dsv
[17.819s] -- Up-to-date symlink: /home/pi4/camera_ws/src/install/as7265x_at_msgs/share/ament_index/resource_index/packages/as7265x_at_msgs
[17.819s] -- Up-to-date symlink: /home/pi4/camera_ws/src/install/as7265x_at_msgs/share/as7265x_at_msgs/cmake/rosidl_cmake-extras.cmake
[17.820s] -- Up-to-date symlink: /home/pi4/camera_ws/src/install/as7265x_at_msgs/share/as7265x_at_msgs/cmake/ament_cmake_export_dependencies-extras.cmake
[17.821s] -- Up-to-date symlink: /home/pi4/camera_ws/src/install/as7265x_at_msgs/share/as7265x_at_msgs/cmake/ament_cmake_export_include_directories-extras.cmake
[17.821s] -- Up-to-date symlink: /home/pi4/camera_ws/src/install/as7265x_at_msgs/share/as7265x_at_msgs/cmake/ament_cmake_export_libraries-extras.cmake
[17.822s] -- Up-to-date symlink: /home/pi4/camera_ws/src/install/as7265x_at_msgs/share/as7265x_at_msgs/cmake/ament_cmake_export_targets-extras.cmake
[17.823s] -- Up-to-date symlink: /home/pi4/camera_ws/src/install/as7265x_at_msgs/share/as7265x_at_msgs/cmake/rosidl_cmake_export_typesupport_targets-extras.cmake
[17.824s] -- Up-to-date symlink: /home/pi4/camera_ws/src/install/as7265x_at_msgs/share/as7265x_at_msgs/cmake/rosidl_cmake_export_typesupport_libraries-extras.cmake
[17.824s] -- Up-to-date symlink: /home/pi4/camera_ws/src/install/as7265x_at_msgs/share/as7265x_at_msgs/cmake/as7265x_at_msgsConfig.cmake
[17.825s] -- Up-to-date symlink: /home/pi4/camera_ws/src/install/as7265x_at_msgs/share/as7265x_at_msgs/cmake/as7265x_at_msgsConfig-version.cmake
[17.825s] -- Up-to-date symlink: /home/pi4/camera_ws/src/install/as7265x_at_msgs/share/as7265x_at_msgs/package.xml
[17.826s] -- Up-to-date: /home/pi4/camera_ws/src/install/as7265x_at_msgs/lib/libas7265x_at_msgs__rosidl_generator_c.so
[17.827s] -- Up-to-date: /home/pi4/camera_ws/src/install/as7265x_at_msgs/lib/libas7265x_at_msgs__rosidl_typesupport_introspection_c.so
[17.827s] -- Up-to-date: /home/pi4/camera_ws/src/install/as7265x_at_msgs/lib/libas7265x_at_msgs__rosidl_typesupport_fastrtps_c.so
[17.828s] -- Up-to-date: /home/pi4/camera_ws/src/install/as7265x_at_msgs/lib/libas7265x_at_msgs__rosidl_typesupport_c.so
[17.829s] -- Up-to-date: /home/pi4/camera_ws/src/install/as7265x_at_msgs/lib/libas7265x_at_msgs__rosidl_typesupport_introspection_cpp.so
[17.830s] -- Up-to-date: /home/pi4/camera_ws/src/install/as7265x_at_msgs/lib/libas7265x_at_msgs__rosidl_typesupport_fastrtps_cpp.so
[17.831s] -- Up-to-date: /home/pi4/camera_ws/src/install/as7265x_at_msgs/lib/libas7265x_at_msgs__rosidl_typesupport_cpp.so
[18.326s] Listing '/home/pi4/camera_ws/src/install/as7265x_at_msgs/lib/python3.11/site-packages/as7265x_at_msgs'...
[18.327s] Compiling '/home/pi4/camera_ws/src/install/as7265x_at_msgs/lib/python3.11/site-packages/as7265x_at_msgs/__init__.py'...
[18.328s] Listing '/home/pi4/camera_ws/src/install/as7265x_at_msgs/lib/python3.11/site-packages/as7265x_at_msgs/msg'...
[18.358s] -- Up-to-date: /home/pi4/camera_ws/src/install/as7265x_at_msgs/lib/libas7265x_at_msgs__rosidl_generator_py.so
[18.358s] -- Up-to-date: /home/pi4/camera_ws/src/install/as7265x_at_msgs/share/as7265x_at_msgs/cmake/export_as7265x_at_msgs__rosidl_generator_cExport.cmake
[18.359s] -- Up-to-date: /home/pi4/camera_ws/src/install/as7265x_at_msgs/share/as7265x_at_msgs/cmake/export_as7265x_at_msgs__rosidl_generator_cExport-noconfig.cmake
[18.359s] -- Up-to-date: /home/pi4/camera_ws/src/install/as7265x_at_msgs/share/as7265x_at_msgs/cmake/as7265x_at_msgs__rosidl_typesupport_introspection_cExport.cmake
[18.359s] -- Up-to-date: /home/pi4/camera_ws/src/install/as7265x_at_msgs/share/as7265x_at_msgs/cmake/as7265x_at_msgs__rosidl_typesupport_introspection_cExport-noconfig.cmake
[18.360s] -- Up-to-date: /home/pi4/camera_ws/src/install/as7265x_at_msgs/share/as7265x_at_msgs/cmake/export_as7265x_at_msgs__rosidl_typesupport_fastrtps_cExport.cmake
[18.360s] -- Up-to-date: /home/pi4/camera_ws/src/install/as7265x_at_msgs/share/as7265x_at_msgs/cmake/export_as7265x_at_msgs__rosidl_typesupport_fastrtps_cExport-noconfig.cmake
[18.361s] -- Up-to-date: /home/pi4/camera_ws/src/install/as7265x_at_msgs/share/as7265x_at_msgs/cmake/as7265x_at_msgs__rosidl_typesupport_cExport.cmake
[18.361s] -- Up-to-date: /home/pi4/camera_ws/src/install/as7265x_at_msgs/share/as7265x_at_msgs/cmake/as7265x_at_msgs__rosidl_typesupport_cExport-noconfig.cmake
[18.362s] -- Up-to-date: /home/pi4/camera_ws/src/install/as7265x_at_msgs/share/as7265x_at_msgs/cmake/export_as7265x_at_msgs__rosidl_generator_cppExport.cmake
[18.362s] -- Up-to-date: /home/pi4/camera_ws/src/install/as7265x_at_msgs/share/as7265x_at_msgs/cmake/as7265x_at_msgs__rosidl_typesupport_introspection_cppExport.cmake
[18.362s] -- Up-to-date: /home/pi4/camera_ws/src/install/as7265x_at_msgs/share/as7265x_at_msgs/cmake/as7265x_at_msgs__rosidl_typesupport_introspection_cppExport-noconfig.cmake
[18.362s] -- Up-to-date: /home/pi4/camera_ws/src/install/as7265x_at_msgs/share/as7265x_at_msgs/cmake/export_as7265x_at_msgs__rosidl_typesupport_fastrtps_cppExport.cmake
[18.363s] -- Up-to-date: /home/pi4/camera_ws/src/install/as7265x_at_msgs/share/as7265x_at_msgs/cmake/export_as7265x_at_msgs__rosidl_typesupport_fastrtps_cppExport-noconfig.cmake
[18.364s] -- Up-to-date: /home/pi4/camera_ws/src/install/as7265x_at_msgs/share/as7265x_at_msgs/cmake/as7265x_at_msgs__rosidl_typesupport_cppExport.cmake
[18.365s] -- Up-to-date: /home/pi4/camera_ws/src/install/as7265x_at_msgs/share/as7265x_at_msgs/cmake/as7265x_at_msgs__rosidl_typesupport_cppExport-noconfig.cmake
[18.365s] -- Up-to-date: /home/pi4/camera_ws/src/install/as7265x_at_msgs/share/as7265x_at_msgs/cmake/export_as7265x_at_msgs__rosidl_generator_pyExport.cmake
[18.365s] -- Up-to-date: /home/pi4/camera_ws/src/install/as7265x_at_msgs/share/as7265x_at_msgs/cmake/export_as7265x_at_msgs__rosidl_generator_pyExport-noconfig.cmake
[18.370s] Invoked command in '/home/pi4/camera_ws/src/build/as7265x_at_msgs' returned '0': CMAKE_PREFIX_PATH=${CMAKE_PREFIX_PATH}:/home/pi4/as7265x_at/install/as7265x_at:/home/pi4/ros2_jazzy/install/rqt_bag_plugins:/home/pi4/ros2_jazzy/install/rqt_bag:/home/pi4/ros2_jazzy/install/rosbag2_examples_py:/home/pi4/ros2_jazzy/install/launch_testing_examples:/home/pi4/ros2_jazzy/install/ros2bag:/home/pi4/ros2_jazzy/install/tracetools_test:/home/pi4/ros2_jazzy/install/tracetools_launch:/home/pi4/ros2_jazzy/install/topic_monitor:/home/pi4/ros2_jazzy/install/tf2_tools:/home/pi4/ros2_jazzy/install/examples_tf2_py:/home/pi4/ros2_jazzy/install/tf2_ros_py:/home/pi4/ros2_jazzy/install/examples_rclpy_pointcloud_publisher:/home/pi4/ros2_jazzy/install/sensor_msgs_py:/home/pi4/ros2_jazzy/install/quality_of_service_demo_py:/home/pi4/ros2_jazzy/install/camera_info_manager_py:/home/pi4/ros2_jazzy/install/rqt_plot:/home/pi4/ros2_jazzy/install/ros2doctor:/home/pi4/ros2_jazzy/install/lifecycle_py:/home/pi4/ros2_jazzy/install/examples_rclpy_minimal_subscriber:/home/pi4/ros2_jazzy/install/examples_rclpy_minimal_service:/home/pi4/ros2_jazzy/install/examples_rclpy_minimal_publisher:/home/pi4/ros2_jazzy/install/examples_rclpy_minimal_client:/home/pi4/ros2_jazzy/install/examples_rclpy_executors:/home/pi4/ros2_jazzy/install/demo_nodes_py:/home/pi4/ros2_jazzy/install/rqt:/home/pi4/ros2_jazzy/install/ros2component:/home/pi4/ros2_jazzy/install/sros2:/home/pi4/ros2_jazzy/install/rqt_topic:/home/pi4/ros2_jazzy/install/rqt_srv:/home/pi4/ros2_jazzy/install/rqt_shell:/home/pi4/ros2_jazzy/install/rqt_service_caller:/home/pi4/ros2_jazzy/install/rqt_reconfigure:/home/pi4/ros2_jazzy/install/rqt_py_console:/home/pi4/ros2_jazzy/install/rqt_publisher:/home/pi4/ros2_jazzy/install/rqt_action:/home/pi4/ros2_jazzy/install/rqt_msg:/home/pi4/ros2_jazzy/install/rqt_console:/home/pi4/ros2_jazzy/install/rqt_graph:/home/pi4/ros2_jazzy/install/rqt_gui_py:/home/pi4/ros2_jazzy/install/rqt_gui:/home/pi4/ros2_jazzy/install/ros2trace:/home/pi4/ros2_jazzy/install/ros2param:/home/pi4/ros2_jazzy/install/ros2lifecycle:/home/pi4/ros2_jazzy/install/ros2service:/home/pi4/ros2_jazzy/install/ros2topic:/home/pi4/ros2_jazzy/install/ros2test:/home/pi4/ros2_jazzy/install/ros2run:/home/pi4/ros2_jazzy/install/ros2plugin:/home/pi4/ros2_jazzy/install/ros2launch:/home/pi4/ros2_jazzy/install/ros2pkg:/home/pi4/ros2_jazzy/install/ros2node:/home/pi4/ros2_jazzy/install/ros2multicast:/home/pi4/ros2_jazzy/install/ros2interface:/home/pi4/ros2_jazzy/install/ros2action:/home/pi4/ros2_jazzy/install/ros2cli:/home/pi4/ros2_jazzy/install/launch_testing_ros:/home/pi4/ros2_jazzy/install/launch_ros:/home/pi4/ros2_jazzy/install/examples_rclpy_minimal_action_server:/home/pi4/ros2_jazzy/install/examples_rclpy_minimal_action_client:/home/pi4/ros2_jazzy/install/examples_rclpy_guard_conditions:/home/pi4/ros2_jazzy/install/action_tutorials_py:/home/pi4/ros2_jazzy/install/ament_uncrustify:/home/pi4/ros2_jazzy/install/tracetools_trace:/home/pi4/ros2_jazzy/install/tracetools_read:/home/pi4/ros2_jazzy/install/test_tracetools_launch:/home/pi4/ros2_jazzy/install/test_ros2trace:/home/pi4/ros2_jazzy/install/test_launch_ros:/home/pi4/ros2_jazzy/install/rpyutils:/home/pi4/ros2_jazzy/install/rosidl_runtime_py:/home/pi4/ros2_jazzy/install/rosidl_pycommon:/home/pi4/ros2_jazzy/install/rosidl_cli:/home/pi4/ros2_jazzy/install/launch_pytest:/home/pi4/ros2_jazzy/install/launch_testing:/home/pi4/ros2_jazzy/install/launch_yaml:/home/pi4/ros2_jazzy/install/launch_xml:/home/pi4/ros2_jazzy/install/launch:/home/pi4/ros2_jazzy/install/osrf_pycommon:/home/pi4/ros2_jazzy/install/domain_coordinator:/home/pi4/ros2_jazzy/install/ament_xmllint:/home/pi4/ros2_jazzy/install/ament_pyflakes:/home/pi4/ros2_jazzy/install/ament_pycodestyle:/home/pi4/ros2_jazzy/install/ament_pep257:/home/pi4/ros2_jazzy/install/ament_pclint:/home/pi4/ros2_jazzy/install/ament_package:/home/pi4/ros2_jazzy/install/ament_mypy:/home/pi4/ros2_jazzy/install/ament_lint_cmake:/home/pi4/ros2_jazzy/install/ament_flake8:/home/pi4/ros2_jazzy/install/ament_copyright:/home/pi4/ros2_jazzy/install/ament_lint:/home/pi4/ros2_jazzy/install/ament_index_python:/home/pi4/ros2_jazzy/install/ament_cpplint:/home/pi4/ros2_jazzy/install/ament_cppcheck:/home/pi4/ros2_jazzy/install/ament_clang_tidy:/home/pi4/ros2_jazzy/install/ament_clang_format /usr/bin/cmake --install /home/pi4/camera_ws/src/build/as7265x_at_msgs
