[0.866s] DEBUG:colcon:Command line arguments: ['/usr/bin/colcon', 'build', '--symlink-install', '--packages-select', 'as7265x_at_msgs/']
[0.867s] DEBUG:colcon:Parsed command line arguments: Namespace(log_base=None, log_level=None, verb_name='build', build_base='build', install_base='install', merge_install=False, symlink_install=True, test_result_base=None, continue_on_error=False, executor='parallel', parallel_workers=4, event_handlers=None, ignore_user_meta=False, metas=['./colcon.meta'], base_paths=['.'], packages_ignore=None, packages_ignore_regex=None, paths=None, packages_up_to=None, packages_up_to_regex=None, packages_above=None, packages_above_and_dependencies=None, packages_above_depth=None, packages_select_by_dep=None, packages_skip_by_dep=None, packages_skip_up_to=None, packages_select_build_failed=False, packages_skip_build_finished=False, packages_select_test_failures=False, packages_skip_test_passed=False, packages_select=['as7265x_at_msgs/'], packages_skip=None, packages_select_regex=None, packages_skip_regex=None, packages_start=None, packages_end=None, allow_overriding=[], cmake_args=None, cmake_target=None, cmake_target_skip_unavailable=False, cmake_clean_cache=False, cmake_clean_first=False, cmake_force_configure=False, ament_cmake_args=None, catkin_cmake_args=None, catkin_skip_building_tests=False, mixin_files=None, mixin=None, verb_parser=<colcon_mixin.mixin.mixin_argument.MixinArgumentDecorator object at 0x7f7f1dc090>, verb_extension=<colcon_core.verb.build.BuildVerb object at 0x7f7f1cb890>, main=<bound method BuildVerb.main of <colcon_core.verb.build.BuildVerb object at 0x7f7f1cb890>>, mixin_verb=('build',))
[1.955s] Level 1:colcon.colcon_core.package_discovery:discover_packages(colcon_meta) check parameters
[1.956s] Level 1:colcon.colcon_core.package_discovery:discover_packages(recursive) check parameters
[1.956s] Level 1:colcon.colcon_core.package_discovery:discover_packages(ignore) check parameters
[1.956s] Level 1:colcon.colcon_core.package_discovery:discover_packages(path) check parameters
[1.956s] Level 1:colcon.colcon_core.package_discovery:discover_packages(colcon_meta) discover
[1.957s] Level 1:colcon.colcon_core.package_discovery:discover_packages(recursive) discover
[1.957s] INFO:colcon.colcon_core.package_discovery:Crawling recursively for packages in '/home/pi4/camera_ws/src'
[1.957s] Level 1:colcon.colcon_core.package_identification:_identify(.) by extensions ['ignore', 'ignore_ament_install']
[1.958s] Level 1:colcon.colcon_core.package_identification:_identify(.) by extension 'ignore'
[1.958s] Level 1:colcon.colcon_core.package_identification:_identify(.) by extension 'ignore_ament_install'
[1.958s] Level 1:colcon.colcon_core.package_identification:_identify(.) by extensions ['colcon_pkg']
[1.958s] Level 1:colcon.colcon_core.package_identification:_identify(.) by extension 'colcon_pkg'
[1.958s] Level 1:colcon.colcon_core.package_identification:_identify(.) by extensions ['colcon_meta']
[1.958s] Level 1:colcon.colcon_core.package_identification:_identify(.) by extension 'colcon_meta'
[1.958s] Level 1:colcon.colcon_core.package_identification:_identify(.) by extensions ['ros']
[1.959s] Level 1:colcon.colcon_core.package_identification:_identify(.) by extension 'ros'
[2.042s] Level 1:colcon.colcon_core.package_identification:_identify(.) by extensions ['cmake', 'python']
[2.042s] Level 1:colcon.colcon_core.package_identification:_identify(.) by extension 'cmake'
[2.043s] Level 1:colcon.colcon_core.package_identification:_identify(.) by extension 'python'
[2.043s] Level 1:colcon.colcon_core.package_identification:_identify(.) by extensions ['python_setup_py']
[2.044s] Level 1:colcon.colcon_core.package_identification:_identify(.) by extension 'python_setup_py'
[2.045s] Level 1:colcon.colcon_core.package_identification:_identify(as7265x_at) by extensions ['ignore', 'ignore_ament_install']
[2.045s] Level 1:colcon.colcon_core.package_identification:_identify(as7265x_at) by extension 'ignore'
[2.046s] Level 1:colcon.colcon_core.package_identification:_identify(as7265x_at) by extension 'ignore_ament_install'
[2.046s] Level 1:colcon.colcon_core.package_identification:_identify(as7265x_at) by extensions ['colcon_pkg']
[2.046s] Level 1:colcon.colcon_core.package_identification:_identify(as7265x_at) by extension 'colcon_pkg'
[2.046s] Level 1:colcon.colcon_core.package_identification:_identify(as7265x_at) by extensions ['colcon_meta']
[2.047s] Level 1:colcon.colcon_core.package_identification:_identify(as7265x_at) by extension 'colcon_meta'
[2.047s] Level 1:colcon.colcon_core.package_identification:_identify(as7265x_at) by extensions ['ros']
[2.047s] Level 1:colcon.colcon_core.package_identification:_identify(as7265x_at) by extension 'ros'
[2.057s] DEBUG:colcon.colcon_core.package_identification:Package 'as7265x_at' with type 'ros.ament_python' and name 'as7265x_at'
[2.058s] Level 1:colcon.colcon_core.package_identification:_identify(as7265x_at_msgs) by extensions ['ignore', 'ignore_ament_install']
[2.058s] Level 1:colcon.colcon_core.package_identification:_identify(as7265x_at_msgs) by extension 'ignore'
[2.059s] Level 1:colcon.colcon_core.package_identification:_identify(as7265x_at_msgs) by extension 'ignore_ament_install'
[2.059s] Level 1:colcon.colcon_core.package_identification:_identify(as7265x_at_msgs) by extensions ['colcon_pkg']
[2.059s] Level 1:colcon.colcon_core.package_identification:_identify(as7265x_at_msgs) by extension 'colcon_pkg'
[2.059s] Level 1:colcon.colcon_core.package_identification:_identify(as7265x_at_msgs) by extensions ['colcon_meta']
[2.059s] Level 1:colcon.colcon_core.package_identification:_identify(as7265x_at_msgs) by extension 'colcon_meta'
[2.060s] Level 1:colcon.colcon_core.package_identification:_identify(as7265x_at_msgs) by extensions ['ros']
[2.060s] Level 1:colcon.colcon_core.package_identification:_identify(as7265x_at_msgs) by extension 'ros'
[2.062s] DEBUG:colcon.colcon_core.package_identification:Package 'as7265x_at_msgs' with type 'ros.ament_cmake' and name 'as7265x_at_msgs'
[2.063s] Level 1:colcon.colcon_core.package_identification:_identify(build) by extensions ['ignore', 'ignore_ament_install']
[2.064s] Level 1:colcon.colcon_core.package_identification:_identify(build) by extension 'ignore'
[2.064s] Level 1:colcon.colcon_core.package_identification:_identify(build) ignored
[2.065s] Level 1:colcon.colcon_core.package_identification:_identify(camera_ros) by extensions ['ignore', 'ignore_ament_install']
[2.065s] Level 1:colcon.colcon_core.package_identification:_identify(camera_ros) by extension 'ignore'
[2.066s] Level 1:colcon.colcon_core.package_identification:_identify(camera_ros) by extension 'ignore_ament_install'
[2.066s] Level 1:colcon.colcon_core.package_identification:_identify(camera_ros) by extensions ['colcon_pkg']
[2.066s] Level 1:colcon.colcon_core.package_identification:_identify(camera_ros) by extension 'colcon_pkg'
[2.067s] Level 1:colcon.colcon_core.package_identification:_identify(camera_ros) by extensions ['colcon_meta']
[2.067s] Level 1:colcon.colcon_core.package_identification:_identify(camera_ros) by extension 'colcon_meta'
[2.067s] Level 1:colcon.colcon_core.package_identification:_identify(camera_ros) by extensions ['ros']
[2.067s] Level 1:colcon.colcon_core.package_identification:_identify(camera_ros) by extension 'ros'
[2.082s] DEBUG:colcon.colcon_core.package_identification:Package 'camera_ros' with type 'ros.ament_cmake' and name 'camera_ros'
[2.083s] Level 1:colcon.colcon_core.package_identification:_identify(camera_ros_bringup) by extensions ['ignore', 'ignore_ament_install']
[2.083s] Level 1:colcon.colcon_core.package_identification:_identify(camera_ros_bringup) by extension 'ignore'
[2.083s] Level 1:colcon.colcon_core.package_identification:_identify(camera_ros_bringup) by extension 'ignore_ament_install'
[2.084s] Level 1:colcon.colcon_core.package_identification:_identify(camera_ros_bringup) by extensions ['colcon_pkg']
[2.084s] Level 1:colcon.colcon_core.package_identification:_identify(camera_ros_bringup) by extension 'colcon_pkg'
[2.084s] Level 1:colcon.colcon_core.package_identification:_identify(camera_ros_bringup) by extensions ['colcon_meta']
[2.084s] Level 1:colcon.colcon_core.package_identification:_identify(camera_ros_bringup) by extension 'colcon_meta'
[2.084s] Level 1:colcon.colcon_core.package_identification:_identify(camera_ros_bringup) by extensions ['ros']
[2.085s] Level 1:colcon.colcon_core.package_identification:_identify(camera_ros_bringup) by extension 'ros'
[2.087s] DEBUG:colcon.colcon_core.package_identification:Package 'camera_ros_bringup' with type 'ros.ament_cmake' and name 'camera_ros_bringup'
[2.087s] Level 1:colcon.colcon_core.package_identification:_identify(install) by extensions ['ignore', 'ignore_ament_install']
[2.088s] Level 1:colcon.colcon_core.package_identification:_identify(install) by extension 'ignore'
[2.088s] Level 1:colcon.colcon_core.package_identification:_identify(install) ignored
[2.088s] Level 1:colcon.colcon_core.package_identification:_identify(log) by extensions ['ignore', 'ignore_ament_install']
[2.089s] Level 1:colcon.colcon_core.package_identification:_identify(log) by extension 'ignore'
[2.089s] Level 1:colcon.colcon_core.package_identification:_identify(log) ignored
[2.089s] Level 1:colcon.colcon_core.package_identification:_identify(multispec) by extensions ['ignore', 'ignore_ament_install']
[2.090s] Level 1:colcon.colcon_core.package_identification:_identify(multispec) by extension 'ignore'
[2.090s] Level 1:colcon.colcon_core.package_identification:_identify(multispec) by extension 'ignore_ament_install'
[2.090s] Level 1:colcon.colcon_core.package_identification:_identify(multispec) by extensions ['colcon_pkg']
[2.090s] Level 1:colcon.colcon_core.package_identification:_identify(multispec) by extension 'colcon_pkg'
[2.090s] Level 1:colcon.colcon_core.package_identification:_identify(multispec) by extensions ['colcon_meta']
[2.090s] Level 1:colcon.colcon_core.package_identification:_identify(multispec) by extension 'colcon_meta'
[2.091s] Level 1:colcon.colcon_core.package_identification:_identify(multispec) by extensions ['ros']
[2.091s] Level 1:colcon.colcon_core.package_identification:_identify(multispec) by extension 'ros'
[2.091s] Level 1:colcon.colcon_core.package_identification:_identify(multispec) by extensions ['cmake', 'python']
[2.091s] Level 1:colcon.colcon_core.package_identification:_identify(multispec) by extension 'cmake'
[2.092s] Level 1:colcon.colcon_core.package_identification:_identify(multispec) by extension 'python'
[2.092s] Level 1:colcon.colcon_core.package_identification:_identify(multispec) by extensions ['python_setup_py']
[2.092s] Level 1:colcon.colcon_core.package_identification:_identify(multispec) by extension 'python_setup_py'
[2.093s] Level 1:colcon.colcon_core.package_identification:_identify(stamp_and_split_cam1) by extensions ['ignore', 'ignore_ament_install']
[2.093s] Level 1:colcon.colcon_core.package_identification:_identify(stamp_and_split_cam1) by extension 'ignore'
[2.094s] Level 1:colcon.colcon_core.package_identification:_identify(stamp_and_split_cam1) by extension 'ignore_ament_install'
[2.094s] Level 1:colcon.colcon_core.package_identification:_identify(stamp_and_split_cam1) by extensions ['colcon_pkg']
[2.094s] Level 1:colcon.colcon_core.package_identification:_identify(stamp_and_split_cam1) by extension 'colcon_pkg'
[2.094s] Level 1:colcon.colcon_core.package_identification:_identify(stamp_and_split_cam1) by extensions ['colcon_meta']
[2.095s] Level 1:colcon.colcon_core.package_identification:_identify(stamp_and_split_cam1) by extension 'colcon_meta'
[2.095s] Level 1:colcon.colcon_core.package_identification:_identify(stamp_and_split_cam1) by extensions ['ros']
[2.095s] Level 1:colcon.colcon_core.package_identification:_identify(stamp_and_split_cam1) by extension 'ros'
[2.098s] DEBUG:colcon.colcon_core.package_identification:Package 'stamp_and_split_cam1' with type 'ros.ament_python' and name 'stamp_and_split_cam1'
[2.098s] Level 1:colcon.colcon_core.package_identification:_identify(vision_opencv) by extensions ['ignore', 'ignore_ament_install']
[2.099s] Level 1:colcon.colcon_core.package_identification:_identify(vision_opencv) by extension 'ignore'
[2.099s] Level 1:colcon.colcon_core.package_identification:_identify(vision_opencv) by extension 'ignore_ament_install'
[2.099s] Level 1:colcon.colcon_core.package_identification:_identify(vision_opencv) by extensions ['colcon_pkg']
[2.099s] Level 1:colcon.colcon_core.package_identification:_identify(vision_opencv) by extension 'colcon_pkg'
[2.099s] Level 1:colcon.colcon_core.package_identification:_identify(vision_opencv) by extensions ['colcon_meta']
[2.099s] Level 1:colcon.colcon_core.package_identification:_identify(vision_opencv) by extension 'colcon_meta'
[2.100s] Level 1:colcon.colcon_core.package_identification:_identify(vision_opencv) by extensions ['ros']
[2.100s] Level 1:colcon.colcon_core.package_identification:_identify(vision_opencv) by extension 'ros'
[2.100s] Level 1:colcon.colcon_core.package_identification:_identify(vision_opencv) by extensions ['cmake', 'python']
[2.100s] Level 1:colcon.colcon_core.package_identification:_identify(vision_opencv) by extension 'cmake'
[2.100s] Level 1:colcon.colcon_core.package_identification:_identify(vision_opencv) by extension 'python'
[2.100s] Level 1:colcon.colcon_core.package_identification:_identify(vision_opencv) by extensions ['python_setup_py']
[2.100s] Level 1:colcon.colcon_core.package_identification:_identify(vision_opencv) by extension 'python_setup_py'
[2.101s] Level 1:colcon.colcon_core.package_identification:_identify(vision_opencv/cv_bridge) by extensions ['ignore', 'ignore_ament_install']
[2.101s] Level 1:colcon.colcon_core.package_identification:_identify(vision_opencv/cv_bridge) by extension 'ignore'
[2.101s] Level 1:colcon.colcon_core.package_identification:_identify(vision_opencv/cv_bridge) by extension 'ignore_ament_install'
[2.101s] Level 1:colcon.colcon_core.package_identification:_identify(vision_opencv/cv_bridge) by extensions ['colcon_pkg']
[2.102s] Level 1:colcon.colcon_core.package_identification:_identify(vision_opencv/cv_bridge) by extension 'colcon_pkg'
[2.102s] Level 1:colcon.colcon_core.package_identification:_identify(vision_opencv/cv_bridge) by extensions ['colcon_meta']
[2.102s] Level 1:colcon.colcon_core.package_identification:_identify(vision_opencv/cv_bridge) by extension 'colcon_meta'
[2.102s] Level 1:colcon.colcon_core.package_identification:_identify(vision_opencv/cv_bridge) by extensions ['ros']
[2.102s] Level 1:colcon.colcon_core.package_identification:_identify(vision_opencv/cv_bridge) by extension 'ros'
[2.106s] DEBUG:colcon.colcon_core.package_identification:Package 'vision_opencv/cv_bridge' with type 'ros.ament_cmake' and name 'cv_bridge'
[2.106s] Level 1:colcon.colcon_core.package_identification:_identify(vision_opencv/image_geometry) by extensions ['ignore', 'ignore_ament_install']
[2.107s] Level 1:colcon.colcon_core.package_identification:_identify(vision_opencv/image_geometry) by extension 'ignore'
[2.107s] Level 1:colcon.colcon_core.package_identification:_identify(vision_opencv/image_geometry) by extension 'ignore_ament_install'
[2.107s] Level 1:colcon.colcon_core.package_identification:_identify(vision_opencv/image_geometry) by extensions ['colcon_pkg']
[2.107s] Level 1:colcon.colcon_core.package_identification:_identify(vision_opencv/image_geometry) by extension 'colcon_pkg'
[2.108s] Level 1:colcon.colcon_core.package_identification:_identify(vision_opencv/image_geometry) by extensions ['colcon_meta']
[2.108s] Level 1:colcon.colcon_core.package_identification:_identify(vision_opencv/image_geometry) by extension 'colcon_meta'
[2.108s] Level 1:colcon.colcon_core.package_identification:_identify(vision_opencv/image_geometry) by extensions ['ros']
[2.108s] Level 1:colcon.colcon_core.package_identification:_identify(vision_opencv/image_geometry) by extension 'ros'
[2.111s] DEBUG:colcon.colcon_core.package_identification:Package 'vision_opencv/image_geometry' with type 'ros.ament_cmake' and name 'image_geometry'
[2.111s] Level 1:colcon.colcon_core.package_identification:_identify(vision_opencv/opencv_tests) by extensions ['ignore', 'ignore_ament_install']
[2.112s] Level 1:colcon.colcon_core.package_identification:_identify(vision_opencv/opencv_tests) by extension 'ignore'
[2.112s] Level 1:colcon.colcon_core.package_identification:_identify(vision_opencv/opencv_tests) by extension 'ignore_ament_install'
[2.112s] Level 1:colcon.colcon_core.package_identification:_identify(vision_opencv/opencv_tests) by extensions ['colcon_pkg']
[2.112s] Level 1:colcon.colcon_core.package_identification:_identify(vision_opencv/opencv_tests) by extension 'colcon_pkg'
[2.113s] Level 1:colcon.colcon_core.package_identification:_identify(vision_opencv/opencv_tests) by extensions ['colcon_meta']
[2.113s] Level 1:colcon.colcon_core.package_identification:_identify(vision_opencv/opencv_tests) by extension 'colcon_meta'
[2.113s] Level 1:colcon.colcon_core.package_identification:_identify(vision_opencv/opencv_tests) by extensions ['ros']
[2.113s] Level 1:colcon.colcon_core.package_identification:_identify(vision_opencv/opencv_tests) by extension 'ros'
[2.115s] DEBUG:colcon.colcon_core.package_identification:Package 'vision_opencv/opencv_tests' with type 'ros.ament_python' and name 'opencv_tests'
[2.116s] Level 1:colcon.colcon_core.package_identification:_identify(vision_opencv/vision_opencv) by extensions ['ignore', 'ignore_ament_install']
[2.116s] Level 1:colcon.colcon_core.package_identification:_identify(vision_opencv/vision_opencv) by extension 'ignore'
[2.116s] Level 1:colcon.colcon_core.package_identification:_identify(vision_opencv/vision_opencv) by extension 'ignore_ament_install'
[2.117s] Level 1:colcon.colcon_core.package_identification:_identify(vision_opencv/vision_opencv) by extensions ['colcon_pkg']
[2.117s] Level 1:colcon.colcon_core.package_identification:_identify(vision_opencv/vision_opencv) by extension 'colcon_pkg'
[2.117s] Level 1:colcon.colcon_core.package_identification:_identify(vision_opencv/vision_opencv) by extensions ['colcon_meta']
[2.117s] Level 1:colcon.colcon_core.package_identification:_identify(vision_opencv/vision_opencv) by extension 'colcon_meta'
[2.117s] Level 1:colcon.colcon_core.package_identification:_identify(vision_opencv/vision_opencv) by extensions ['ros']
[2.117s] Level 1:colcon.colcon_core.package_identification:_identify(vision_opencv/vision_opencv) by extension 'ros'
[2.119s] DEBUG:colcon.colcon_core.package_identification:Package 'vision_opencv/vision_opencv' with type 'ros.ament_cmake' and name 'vision_opencv'
[2.120s] Level 1:colcon.colcon_core.package_discovery:discover_packages(recursive) using defaults
[2.120s] Level 1:colcon.colcon_core.package_discovery:discover_packages(ignore) discover
[2.120s] Level 1:colcon.colcon_core.package_discovery:discover_packages(ignore) using defaults
[2.121s] Level 1:colcon.colcon_core.package_discovery:discover_packages(path) discover
[2.121s] Level 1:colcon.colcon_core.package_discovery:discover_packages(path) using defaults
[2.121s] WARNING:colcon.colcon_core.package_selection:ignoring unknown package 'as7265x_at_msgs/' in --packages-select
[2.293s] INFO:colcon.colcon_core.package_selection:Skipping not selected package 'as7265x_at' in 'as7265x_at'
[2.293s] INFO:colcon.colcon_core.package_selection:Skipping not selected package 'as7265x_at_msgs' in 'as7265x_at_msgs'
[2.293s] INFO:colcon.colcon_core.package_selection:Skipping not selected package 'cv_bridge' in 'vision_opencv/cv_bridge'
[2.294s] INFO:colcon.colcon_core.package_selection:Skipping not selected package 'image_geometry' in 'vision_opencv/image_geometry'
[2.294s] INFO:colcon.colcon_core.package_selection:Skipping not selected package 'stamp_and_split_cam1' in 'stamp_and_split_cam1'
[2.294s] INFO:colcon.colcon_core.package_selection:Skipping not selected package 'camera_ros' in 'camera_ros'
[2.294s] INFO:colcon.colcon_core.package_selection:Skipping not selected package 'opencv_tests' in 'vision_opencv/opencv_tests'
[2.294s] INFO:colcon.colcon_core.package_selection:Skipping not selected package 'vision_opencv' in 'vision_opencv/vision_opencv'
[2.294s] INFO:colcon.colcon_core.package_selection:Skipping not selected package 'camera_ros_bringup' in 'camera_ros_bringup'
[2.296s] Level 1:colcon.colcon_core.package_discovery:discover_packages(prefix_path) check parameters
[2.296s] Level 1:colcon.colcon_core.package_discovery:discover_packages(prefix_path) discover
[2.374s] DEBUG:colcon.colcon_installed_package_information.package_discovery:Found 354 installed packages in /home/pi4/ros2_jazzy/install
[2.381s] Level 1:colcon.colcon_core.package_discovery:discover_packages(prefix_path) using defaults
[2.517s] INFO:colcon.colcon_core.executor:Executing jobs using 'parallel' executor
[2.521s] DEBUG:colcon.colcon_parallel_executor.executor.parallel:run_until_complete
[2.522s] DEBUG:colcon.colcon_parallel_executor.executor.parallel:closing loop
[2.523s] DEBUG:colcon.colcon_parallel_executor.executor.parallel:loop closed
[2.523s] DEBUG:colcon.colcon_parallel_executor.executor.parallel:run_until_complete finished with '0'
[2.523s] DEBUG:colcon.colcon_core.event_reactor:joining thread
[2.573s] INFO:colcon.colcon_core.plugin_system:Skipping extension 'colcon_notification.desktop_notification.notify_send': Could not find 'notify-send'
[2.574s] INFO:colcon.colcon_core.plugin_system:Skipping extension 'colcon_notification.desktop_notification.terminal_notifier': Not used on non-Darwin systems
[2.574s] INFO:colcon.colcon_core.plugin_system:Skipping extension 'colcon_notification.desktop_notification.win32': Not used on non-Windows systems
[2.575s] INFO:colcon.colcon_notification.desktop_notification:Sending desktop notification using 'notify2'
[2.579s] DEBUG:colcon.colcon_notification.desktop_notification.notify2:Failed to initialize notify2: org.freedesktop.DBus.Error.ServiceUnknown: The name org.freedesktop.Notifications was not provided by any .service files
[2.580s] DEBUG:colcon.colcon_core.event_reactor:joined thread
[2.603s] INFO:colcon.colcon_core.plugin_system:Skipping extension 'colcon_core.shell.bat': Not used on non-Windows systems
[2.604s] INFO:colcon.colcon_core.shell:Creating prefix script '/home/pi4/camera_ws/src/install/local_setup.ps1'
[2.608s] INFO:colcon.colcon_core.shell:Creating prefix util module '/home/pi4/camera_ws/src/install/_local_setup_util_ps1.py'
[2.613s] INFO:colcon.colcon_core.shell:Creating prefix chain script '/home/pi4/camera_ws/src/install/setup.ps1'
[2.656s] INFO:colcon.colcon_core.shell:Creating prefix script '/home/pi4/camera_ws/src/install/local_setup.sh'
[2.658s] INFO:colcon.colcon_core.shell:Creating prefix util module '/home/pi4/camera_ws/src/install/_local_setup_util_sh.py'
[2.661s] INFO:colcon.colcon_core.shell:Creating prefix chain script '/home/pi4/camera_ws/src/install/setup.sh'
[2.705s] INFO:colcon.colcon_core.shell:Creating prefix script '/home/pi4/camera_ws/src/install/local_setup.bash'
[2.707s] INFO:colcon.colcon_core.shell:Creating prefix chain script '/home/pi4/camera_ws/src/install/setup.bash'
[2.772s] INFO:colcon.colcon_core.shell:Creating prefix script '/home/pi4/camera_ws/src/install/local_setup.zsh'
[2.774s] INFO:colcon.colcon_core.shell:Creating prefix chain script '/home/pi4/camera_ws/src/install/setup.zsh'
