[7.974s] Invoking command in '/home/pi4/camera_ws/src/stamp_and_split_cam1': PYTHONPATH=/home/pi4/camera_ws/build/stamp_and_split_cam1/prefix_override:/usr/lib/python3/dist-packages/colcon_core/task/python/colcon_distutils_commands:/home/pi4/camera_ws/install/stamp_and_split_cam1/lib/python3.11/site-packages:${PYTHONPATH} /usr/bin/python3 -W ignore:setup.py install is deprecated -W ignore:easy_install command is deprecated setup.py egg_info --egg-base ../../build/stamp_and_split_cam1 build --build-base /home/pi4/camera_ws/build/stamp_and_split_cam1/build install --record /home/pi4/camera_ws/build/stamp_and_split_cam1/install.log --single-version-externally-managed install_data
[10.982s] running egg_info
[11.115s] writing ../../build/stamp_and_split_cam1/stamp_and_split_cam1.egg-info/PKG-INFO
[11.116s] writing dependency_links to ../../build/stamp_and_split_cam1/stamp_and_split_cam1.egg-info/dependency_links.txt
[11.117s] writing entry points to ../../build/stamp_and_split_cam1/stamp_and_split_cam1.egg-info/entry_points.txt
[11.118s] writing requirements to ../../build/stamp_and_split_cam1/stamp_and_split_cam1.egg-info/requires.txt
[11.118s] writing top-level names to ../../build/stamp_and_split_cam1/stamp_and_split_cam1.egg-info/top_level.txt
[11.378s] reading manifest file '../../build/stamp_and_split_cam1/stamp_and_split_cam1.egg-info/SOURCES.txt'
[11.381s] writing manifest file '../../build/stamp_and_split_cam1/stamp_and_split_cam1.egg-info/SOURCES.txt'
[11.381s] running build
[11.382s] running build_py
[11.383s] running install
[11.414s] running install_lib
[11.551s] running install_data
[11.552s] running install_egg_info
[11.778s] removing '/home/pi4/camera_ws/install/stamp_and_split_cam1/lib/python3.11/site-packages/stamp_and_split_cam1-0.0.0-py3.11.egg-info' (and everything under it)
[11.779s] Copying ../../build/stamp_and_split_cam1/stamp_and_split_cam1.egg-info to /home/pi4/camera_ws/install/stamp_and_split_cam1/lib/python3.11/site-packages/stamp_and_split_cam1-0.0.0-py3.11.egg-info
[11.782s] running install_scripts
[12.287s] Installing split_and_stamp script to /home/pi4/camera_ws/install/stamp_and_split_cam1/lib/stamp_and_split_cam1
[12.289s] writing list of installed files to '/home/pi4/camera_ws/build/stamp_and_split_cam1/install.log'
[12.557s] Invoked command in '/home/pi4/camera_ws/src/stamp_and_split_cam1' returned '0': PYTHONPATH=/home/pi4/camera_ws/build/stamp_and_split_cam1/prefix_override:/usr/lib/python3/dist-packages/colcon_core/task/python/colcon_distutils_commands:/home/pi4/camera_ws/install/stamp_and_split_cam1/lib/python3.11/site-packages:${PYTHONPATH} /usr/bin/python3 -W ignore:setup.py install is deprecated -W ignore:easy_install command is deprecated setup.py egg_info --egg-base ../../build/stamp_and_split_cam1 build --build-base /home/pi4/camera_ws/build/stamp_and_split_cam1/build install --record /home/pi4/camera_ws/build/stamp_and_split_cam1/install.log --single-version-externally-managed install_data
