[2.598s] DEBUG:colcon:Command line arguments: ['/usr/bin/colcon', 'build', '--symlink-install', '--packages-select', 'as7265x_at', 'as7265x_at_msgs']
[2.599s] DEBUG:colcon:Parsed command line arguments: Namespace(log_base=None, log_level=None, verb_name='build', build_base='build', install_base='install', merge_install=False, symlink_install=True, test_result_base=None, continue_on_error=False, executor='parallel', parallel_workers=4, event_handlers=None, ignore_user_meta=False, metas=['./colcon.meta'], base_paths=['.'], packages_ignore=None, packages_ignore_regex=None, paths=None, packages_up_to=None, packages_up_to_regex=None, packages_above=None, packages_above_and_dependencies=None, packages_above_depth=None, packages_select_by_dep=None, packages_skip_by_dep=None, packages_skip_up_to=None, packages_select_build_failed=False, packages_skip_build_finished=False, packages_select_test_failures=False, packages_skip_test_passed=False, packages_select=['as7265x_at', 'as7265x_at_msgs'], packages_skip=None, packages_select_regex=None, packages_skip_regex=None, packages_start=None, packages_end=None, allow_overriding=[], cmake_args=None, cmake_target=None, cmake_target_skip_unavailable=False, cmake_clean_cache=False, cmake_clean_first=False, cmake_force_configure=False, ament_cmake_args=None, catkin_cmake_args=None, catkin_skip_building_tests=False, mixin_files=None, mixin=None, verb_parser=<colcon_mixin.mixin.mixin_argument.MixinArgumentDecorator object at 0x7fbc3f9410>, verb_extension=<colcon_core.verb.build.BuildVerb object at 0x7fbc3f8dd0>, main=<bound method BuildVerb.main of <colcon_core.verb.build.BuildVerb object at 0x7fbc3f8dd0>>, mixin_verb=('build',))
[7.166s] Level 1:colcon.colcon_core.package_discovery:discover_packages(colcon_meta) check parameters
[7.167s] Level 1:colcon.colcon_core.package_discovery:discover_packages(recursive) check parameters
[7.167s] Level 1:colcon.colcon_core.package_discovery:discover_packages(ignore) check parameters
[7.167s] Level 1:colcon.colcon_core.package_discovery:discover_packages(path) check parameters
[7.168s] Level 1:colcon.colcon_core.package_discovery:discover_packages(colcon_meta) discover
[7.169s] Level 1:colcon.colcon_core.package_discovery:discover_packages(recursive) discover
[7.170s] INFO:colcon.colcon_core.package_discovery:Crawling recursively for packages in '/home/pi4/camera_ws/src'
[7.172s] Level 1:colcon.colcon_core.package_identification:_identify(.) by extensions ['ignore', 'ignore_ament_install']
[7.173s] Level 1:colcon.colcon_core.package_identification:_identify(.) by extension 'ignore'
[7.175s] Level 1:colcon.colcon_core.package_identification:_identify(.) by extension 'ignore_ament_install'
[7.176s] Level 1:colcon.colcon_core.package_identification:_identify(.) by extensions ['colcon_pkg']
[7.177s] Level 1:colcon.colcon_core.package_identification:_identify(.) by extension 'colcon_pkg'
[7.179s] Level 1:colcon.colcon_core.package_identification:_identify(.) by extensions ['colcon_meta']
[7.179s] Level 1:colcon.colcon_core.package_identification:_identify(.) by extension 'colcon_meta'
[7.179s] Level 1:colcon.colcon_core.package_identification:_identify(.) by extensions ['ros']
[7.179s] Level 1:colcon.colcon_core.package_identification:_identify(.) by extension 'ros'
[7.413s] Level 1:colcon.colcon_core.package_identification:_identify(.) by extensions ['cmake', 'python']
[7.415s] Level 1:colcon.colcon_core.package_identification:_identify(.) by extension 'cmake'
[7.416s] Level 1:colcon.colcon_core.package_identification:_identify(.) by extension 'python'
[7.417s] Level 1:colcon.colcon_core.package_identification:_identify(.) by extensions ['python_setup_py']
[7.418s] Level 1:colcon.colcon_core.package_identification:_identify(.) by extension 'python_setup_py'
[7.420s] Level 1:colcon.colcon_core.package_identification:_identify(as7265x_at) by extensions ['ignore', 'ignore_ament_install']
[7.422s] Level 1:colcon.colcon_core.package_identification:_identify(as7265x_at) by extension 'ignore'
[7.423s] Level 1:colcon.colcon_core.package_identification:_identify(as7265x_at) by extension 'ignore_ament_install'
[7.425s] Level 1:colcon.colcon_core.package_identification:_identify(as7265x_at) by extensions ['colcon_pkg']
[7.426s] Level 1:colcon.colcon_core.package_identification:_identify(as7265x_at) by extension 'colcon_pkg'
[7.427s] Level 1:colcon.colcon_core.package_identification:_identify(as7265x_at) by extensions ['colcon_meta']
[7.428s] Level 1:colcon.colcon_core.package_identification:_identify(as7265x_at) by extension 'colcon_meta'
[7.429s] Level 1:colcon.colcon_core.package_identification:_identify(as7265x_at) by extensions ['ros']
[7.430s] Level 1:colcon.colcon_core.package_identification:_identify(as7265x_at) by extension 'ros'
[7.468s] DEBUG:colcon.colcon_core.package_identification:Package 'as7265x_at' with type 'ros.ament_python' and name 'as7265x_at'
[7.471s] Level 1:colcon.colcon_core.package_identification:_identify(as7265x_at_msgs) by extensions ['ignore', 'ignore_ament_install']
[7.472s] Level 1:colcon.colcon_core.package_identification:_identify(as7265x_at_msgs) by extension 'ignore'
[7.473s] Level 1:colcon.colcon_core.package_identification:_identify(as7265x_at_msgs) by extension 'ignore_ament_install'
[7.475s] Level 1:colcon.colcon_core.package_identification:_identify(as7265x_at_msgs) by extensions ['colcon_pkg']
[7.475s] Level 1:colcon.colcon_core.package_identification:_identify(as7265x_at_msgs) by extension 'colcon_pkg'
[7.477s] Level 1:colcon.colcon_core.package_identification:_identify(as7265x_at_msgs) by extensions ['colcon_meta']
[7.478s] Level 1:colcon.colcon_core.package_identification:_identify(as7265x_at_msgs) by extension 'colcon_meta'
[7.479s] Level 1:colcon.colcon_core.package_identification:_identify(as7265x_at_msgs) by extensions ['ros']
[7.480s] Level 1:colcon.colcon_core.package_identification:_identify(as7265x_at_msgs) by extension 'ros'
[7.490s] DEBUG:colcon.colcon_core.package_identification:Package 'as7265x_at_msgs' with type 'ros.ament_cmake' and name 'as7265x_at_msgs'
[7.493s] Level 1:colcon.colcon_core.package_identification:_identify(build) by extensions ['ignore', 'ignore_ament_install']
[7.495s] Level 1:colcon.colcon_core.package_identification:_identify(build) by extension 'ignore'
[7.498s] Level 1:colcon.colcon_core.package_identification:_identify(build) ignored
[7.501s] Level 1:colcon.colcon_core.package_identification:_identify(camera_ros) by extensions ['ignore', 'ignore_ament_install']
[7.502s] Level 1:colcon.colcon_core.package_identification:_identify(camera_ros) by extension 'ignore'
[7.504s] Level 1:colcon.colcon_core.package_identification:_identify(camera_ros) by extension 'ignore_ament_install'
[7.504s] Level 1:colcon.colcon_core.package_identification:_identify(camera_ros) by extensions ['colcon_pkg']
[7.505s] Level 1:colcon.colcon_core.package_identification:_identify(camera_ros) by extension 'colcon_pkg'
[7.505s] Level 1:colcon.colcon_core.package_identification:_identify(camera_ros) by extensions ['colcon_meta']
[7.505s] Level 1:colcon.colcon_core.package_identification:_identify(camera_ros) by extension 'colcon_meta'
[7.505s] Level 1:colcon.colcon_core.package_identification:_identify(camera_ros) by extensions ['ros']
[7.506s] Level 1:colcon.colcon_core.package_identification:_identify(camera_ros) by extension 'ros'
[7.530s] DEBUG:colcon.colcon_core.package_identification:Package 'camera_ros' with type 'ros.ament_cmake' and name 'camera_ros'
[7.531s] Level 1:colcon.colcon_core.package_identification:_identify(camera_ros_bringup) by extensions ['ignore', 'ignore_ament_install']
[7.532s] Level 1:colcon.colcon_core.package_identification:_identify(camera_ros_bringup) by extension 'ignore'
[7.532s] Level 1:colcon.colcon_core.package_identification:_identify(camera_ros_bringup) by extension 'ignore_ament_install'
[7.533s] Level 1:colcon.colcon_core.package_identification:_identify(camera_ros_bringup) by extensions ['colcon_pkg']
[7.533s] Level 1:colcon.colcon_core.package_identification:_identify(camera_ros_bringup) by extension 'colcon_pkg'
[7.533s] Level 1:colcon.colcon_core.package_identification:_identify(camera_ros_bringup) by extensions ['colcon_meta']
[7.533s] Level 1:colcon.colcon_core.package_identification:_identify(camera_ros_bringup) by extension 'colcon_meta'
[7.534s] Level 1:colcon.colcon_core.package_identification:_identify(camera_ros_bringup) by extensions ['ros']
[7.534s] Level 1:colcon.colcon_core.package_identification:_identify(camera_ros_bringup) by extension 'ros'
[7.538s] DEBUG:colcon.colcon_core.package_identification:Package 'camera_ros_bringup' with type 'ros.ament_cmake' and name 'camera_ros_bringup'
[7.540s] Level 1:colcon.colcon_core.package_identification:_identify(install) by extensions ['ignore', 'ignore_ament_install']
[7.541s] Level 1:colcon.colcon_core.package_identification:_identify(install) by extension 'ignore'
[7.542s] Level 1:colcon.colcon_core.package_identification:_identify(install) ignored
[7.543s] Level 1:colcon.colcon_core.package_identification:_identify(log) by extensions ['ignore', 'ignore_ament_install']
[7.544s] Level 1:colcon.colcon_core.package_identification:_identify(log) by extension 'ignore'
[7.545s] Level 1:colcon.colcon_core.package_identification:_identify(log) ignored
[7.546s] Level 1:colcon.colcon_core.package_identification:_identify(multispec) by extensions ['ignore', 'ignore_ament_install']
[7.548s] Level 1:colcon.colcon_core.package_identification:_identify(multispec) by extension 'ignore'
[7.549s] Level 1:colcon.colcon_core.package_identification:_identify(multispec) by extension 'ignore_ament_install'
[7.550s] Level 1:colcon.colcon_core.package_identification:_identify(multispec) by extensions ['colcon_pkg']
[7.550s] Level 1:colcon.colcon_core.package_identification:_identify(multispec) by extension 'colcon_pkg'
[7.551s] Level 1:colcon.colcon_core.package_identification:_identify(multispec) by extensions ['colcon_meta']
[7.552s] Level 1:colcon.colcon_core.package_identification:_identify(multispec) by extension 'colcon_meta'
[7.553s] Level 1:colcon.colcon_core.package_identification:_identify(multispec) by extensions ['ros']
[7.553s] Level 1:colcon.colcon_core.package_identification:_identify(multispec) by extension 'ros'
[7.554s] Level 1:colcon.colcon_core.package_identification:_identify(multispec) by extensions ['cmake', 'python']
[7.555s] Level 1:colcon.colcon_core.package_identification:_identify(multispec) by extension 'cmake'
[7.556s] Level 1:colcon.colcon_core.package_identification:_identify(multispec) by extension 'python'
[7.557s] Level 1:colcon.colcon_core.package_identification:_identify(multispec) by extensions ['python_setup_py']
[7.557s] Level 1:colcon.colcon_core.package_identification:_identify(multispec) by extension 'python_setup_py'
[7.559s] Level 1:colcon.colcon_core.package_identification:_identify(stamp_and_split_cam1) by extensions ['ignore', 'ignore_ament_install']
[7.560s] Level 1:colcon.colcon_core.package_identification:_identify(stamp_and_split_cam1) by extension 'ignore'
[7.561s] Level 1:colcon.colcon_core.package_identification:_identify(stamp_and_split_cam1) by extension 'ignore_ament_install'
[7.562s] Level 1:colcon.colcon_core.package_identification:_identify(stamp_and_split_cam1) by extensions ['colcon_pkg']
[7.562s] Level 1:colcon.colcon_core.package_identification:_identify(stamp_and_split_cam1) by extension 'colcon_pkg'
[7.564s] Level 1:colcon.colcon_core.package_identification:_identify(stamp_and_split_cam1) by extensions ['colcon_meta']
[7.564s] Level 1:colcon.colcon_core.package_identification:_identify(stamp_and_split_cam1) by extension 'colcon_meta'
[7.565s] Level 1:colcon.colcon_core.package_identification:_identify(stamp_and_split_cam1) by extensions ['ros']
[7.565s] Level 1:colcon.colcon_core.package_identification:_identify(stamp_and_split_cam1) by extension 'ros'
[7.571s] DEBUG:colcon.colcon_core.package_identification:Package 'stamp_and_split_cam1' with type 'ros.ament_python' and name 'stamp_and_split_cam1'
[7.572s] Level 1:colcon.colcon_core.package_identification:_identify(vision_opencv) by extensions ['ignore', 'ignore_ament_install']
[7.572s] Level 1:colcon.colcon_core.package_identification:_identify(vision_opencv) by extension 'ignore'
[7.572s] Level 1:colcon.colcon_core.package_identification:_identify(vision_opencv) by extension 'ignore_ament_install'
[7.572s] Level 1:colcon.colcon_core.package_identification:_identify(vision_opencv) by extensions ['colcon_pkg']
[7.573s] Level 1:colcon.colcon_core.package_identification:_identify(vision_opencv) by extension 'colcon_pkg'
[7.573s] Level 1:colcon.colcon_core.package_identification:_identify(vision_opencv) by extensions ['colcon_meta']
[7.573s] Level 1:colcon.colcon_core.package_identification:_identify(vision_opencv) by extension 'colcon_meta'
[7.573s] Level 1:colcon.colcon_core.package_identification:_identify(vision_opencv) by extensions ['ros']
[7.574s] Level 1:colcon.colcon_core.package_identification:_identify(vision_opencv) by extension 'ros'
[7.576s] Level 1:colcon.colcon_core.package_identification:_identify(vision_opencv) by extensions ['cmake', 'python']
[7.577s] Level 1:colcon.colcon_core.package_identification:_identify(vision_opencv) by extension 'cmake'
[7.577s] Level 1:colcon.colcon_core.package_identification:_identify(vision_opencv) by extension 'python'
[7.578s] Level 1:colcon.colcon_core.package_identification:_identify(vision_opencv) by extensions ['python_setup_py']
[7.578s] Level 1:colcon.colcon_core.package_identification:_identify(vision_opencv) by extension 'python_setup_py'
[7.579s] Level 1:colcon.colcon_core.package_identification:_identify(vision_opencv/cv_bridge) by extensions ['ignore', 'ignore_ament_install']
[7.580s] Level 1:colcon.colcon_core.package_identification:_identify(vision_opencv/cv_bridge) by extension 'ignore'
[7.581s] Level 1:colcon.colcon_core.package_identification:_identify(vision_opencv/cv_bridge) by extension 'ignore_ament_install'
[7.582s] Level 1:colcon.colcon_core.package_identification:_identify(vision_opencv/cv_bridge) by extensions ['colcon_pkg']
[7.582s] Level 1:colcon.colcon_core.package_identification:_identify(vision_opencv/cv_bridge) by extension 'colcon_pkg'
[7.582s] Level 1:colcon.colcon_core.package_identification:_identify(vision_opencv/cv_bridge) by extensions ['colcon_meta']
[7.582s] Level 1:colcon.colcon_core.package_identification:_identify(vision_opencv/cv_bridge) by extension 'colcon_meta'
[7.583s] Level 1:colcon.colcon_core.package_identification:_identify(vision_opencv/cv_bridge) by extensions ['ros']
[7.583s] Level 1:colcon.colcon_core.package_identification:_identify(vision_opencv/cv_bridge) by extension 'ros'
[7.592s] DEBUG:colcon.colcon_core.package_identification:Package 'vision_opencv/cv_bridge' with type 'ros.ament_cmake' and name 'cv_bridge'
[7.594s] Level 1:colcon.colcon_core.package_identification:_identify(vision_opencv/image_geometry) by extensions ['ignore', 'ignore_ament_install']
[7.595s] Level 1:colcon.colcon_core.package_identification:_identify(vision_opencv/image_geometry) by extension 'ignore'
[7.596s] Level 1:colcon.colcon_core.package_identification:_identify(vision_opencv/image_geometry) by extension 'ignore_ament_install'
[7.596s] Level 1:colcon.colcon_core.package_identification:_identify(vision_opencv/image_geometry) by extensions ['colcon_pkg']
[7.596s] Level 1:colcon.colcon_core.package_identification:_identify(vision_opencv/image_geometry) by extension 'colcon_pkg'
[7.597s] Level 1:colcon.colcon_core.package_identification:_identify(vision_opencv/image_geometry) by extensions ['colcon_meta']
[7.597s] Level 1:colcon.colcon_core.package_identification:_identify(vision_opencv/image_geometry) by extension 'colcon_meta'
[7.597s] Level 1:colcon.colcon_core.package_identification:_identify(vision_opencv/image_geometry) by extensions ['ros']
[7.597s] Level 1:colcon.colcon_core.package_identification:_identify(vision_opencv/image_geometry) by extension 'ros'
[7.601s] DEBUG:colcon.colcon_core.package_identification:Package 'vision_opencv/image_geometry' with type 'ros.ament_cmake' and name 'image_geometry'
[7.602s] Level 1:colcon.colcon_core.package_identification:_identify(vision_opencv/opencv_tests) by extensions ['ignore', 'ignore_ament_install']
[7.603s] Level 1:colcon.colcon_core.package_identification:_identify(vision_opencv/opencv_tests) by extension 'ignore'
[7.604s] Level 1:colcon.colcon_core.package_identification:_identify(vision_opencv/opencv_tests) by extension 'ignore_ament_install'
[7.604s] Level 1:colcon.colcon_core.package_identification:_identify(vision_opencv/opencv_tests) by extensions ['colcon_pkg']
[7.604s] Level 1:colcon.colcon_core.package_identification:_identify(vision_opencv/opencv_tests) by extension 'colcon_pkg'
[7.604s] Level 1:colcon.colcon_core.package_identification:_identify(vision_opencv/opencv_tests) by extensions ['colcon_meta']
[7.605s] Level 1:colcon.colcon_core.package_identification:_identify(vision_opencv/opencv_tests) by extension 'colcon_meta'
[7.605s] Level 1:colcon.colcon_core.package_identification:_identify(vision_opencv/opencv_tests) by extensions ['ros']
[7.605s] Level 1:colcon.colcon_core.package_identification:_identify(vision_opencv/opencv_tests) by extension 'ros'
[7.607s] DEBUG:colcon.colcon_core.package_identification:Package 'vision_opencv/opencv_tests' with type 'ros.ament_python' and name 'opencv_tests'
[7.608s] Level 1:colcon.colcon_core.package_identification:_identify(vision_opencv/vision_opencv) by extensions ['ignore', 'ignore_ament_install']
[7.608s] Level 1:colcon.colcon_core.package_identification:_identify(vision_opencv/vision_opencv) by extension 'ignore'
[7.608s] Level 1:colcon.colcon_core.package_identification:_identify(vision_opencv/vision_opencv) by extension 'ignore_ament_install'
[7.608s] Level 1:colcon.colcon_core.package_identification:_identify(vision_opencv/vision_opencv) by extensions ['colcon_pkg']
[7.609s] Level 1:colcon.colcon_core.package_identification:_identify(vision_opencv/vision_opencv) by extension 'colcon_pkg'
[7.609s] Level 1:colcon.colcon_core.package_identification:_identify(vision_opencv/vision_opencv) by extensions ['colcon_meta']
[7.609s] Level 1:colcon.colcon_core.package_identification:_identify(vision_opencv/vision_opencv) by extension 'colcon_meta'
[7.609s] Level 1:colcon.colcon_core.package_identification:_identify(vision_opencv/vision_opencv) by extensions ['ros']
[7.609s] Level 1:colcon.colcon_core.package_identification:_identify(vision_opencv/vision_opencv) by extension 'ros'
[7.613s] DEBUG:colcon.colcon_core.package_identification:Package 'vision_opencv/vision_opencv' with type 'ros.ament_cmake' and name 'vision_opencv'
[7.613s] Level 1:colcon.colcon_core.package_discovery:discover_packages(recursive) using defaults
[7.614s] Level 1:colcon.colcon_core.package_discovery:discover_packages(ignore) discover
[7.615s] Level 1:colcon.colcon_core.package_discovery:discover_packages(ignore) using defaults
[7.615s] Level 1:colcon.colcon_core.package_discovery:discover_packages(path) discover
[7.615s] Level 1:colcon.colcon_core.package_discovery:discover_packages(path) using defaults
[8.039s] INFO:colcon.colcon_core.package_selection:Skipping not selected package 'cv_bridge' in 'vision_opencv/cv_bridge'
[8.039s] INFO:colcon.colcon_core.package_selection:Skipping not selected package 'image_geometry' in 'vision_opencv/image_geometry'
[8.040s] INFO:colcon.colcon_core.package_selection:Skipping not selected package 'stamp_and_split_cam1' in 'stamp_and_split_cam1'
[8.040s] INFO:colcon.colcon_core.package_selection:Skipping not selected package 'camera_ros' in 'camera_ros'
[8.040s] INFO:colcon.colcon_core.package_selection:Skipping not selected package 'opencv_tests' in 'vision_opencv/opencv_tests'
[8.041s] INFO:colcon.colcon_core.package_selection:Skipping not selected package 'vision_opencv' in 'vision_opencv/vision_opencv'
[8.042s] INFO:colcon.colcon_core.package_selection:Skipping not selected package 'camera_ros_bringup' in 'camera_ros_bringup'
[8.052s] Level 1:colcon.colcon_core.package_discovery:discover_packages(prefix_path) check parameters
[8.053s] Level 1:colcon.colcon_core.package_discovery:discover_packages(prefix_path) discover
[8.073s] WARNING:colcon.colcon_core.prefix_path.colcon:The path '/home/pi4/as7265x_at/install' in the environment variable COLCON_PREFIX_PATH doesn't exist
[8.082s] WARNING:colcon.colcon_ros.prefix_path.ament:The path '/home/pi4/as7265x_at/install/as7265x_at' in the environment variable AMENT_PREFIX_PATH doesn't exist
[8.192s] DEBUG:colcon.colcon_installed_package_information.package_discovery:Found 8 installed packages in /home/pi4/camera_ws/install
[8.244s] DEBUG:colcon.colcon_installed_package_information.package_discovery:Found 354 installed packages in /home/pi4/ros2_jazzy/install
[8.255s] Level 1:colcon.colcon_core.package_discovery:discover_packages(prefix_path) using defaults
[8.630s] Level 5:colcon.colcon_core.verb:set package 'as7265x_at' build argument 'cmake_args' from command line to 'None'
[8.631s] Level 5:colcon.colcon_core.verb:set package 'as7265x_at' build argument 'cmake_target' from command line to 'None'
[8.632s] Level 5:colcon.colcon_core.verb:set package 'as7265x_at' build argument 'cmake_target_skip_unavailable' from command line to 'False'
[8.633s] Level 5:colcon.colcon_core.verb:set package 'as7265x_at' build argument 'cmake_clean_cache' from command line to 'False'
[8.633s] Level 5:colcon.colcon_core.verb:set package 'as7265x_at' build argument 'cmake_clean_first' from command line to 'False'
[8.634s] Level 5:colcon.colcon_core.verb:set package 'as7265x_at' build argument 'cmake_force_configure' from command line to 'False'
[8.634s] Level 5:colcon.colcon_core.verb:set package 'as7265x_at' build argument 'ament_cmake_args' from command line to 'None'
[8.634s] Level 5:colcon.colcon_core.verb:set package 'as7265x_at' build argument 'catkin_cmake_args' from command line to 'None'
[8.634s] Level 5:colcon.colcon_core.verb:set package 'as7265x_at' build argument 'catkin_skip_building_tests' from command line to 'False'
[8.634s] DEBUG:colcon.colcon_core.verb:Building package 'as7265x_at' with the following arguments: {'ament_cmake_args': None, 'build_base': '/home/pi4/camera_ws/src/build/as7265x_at', 'catkin_cmake_args': None, 'catkin_skip_building_tests': False, 'cmake_args': None, 'cmake_clean_cache': False, 'cmake_clean_first': False, 'cmake_force_configure': False, 'cmake_target': None, 'cmake_target_skip_unavailable': False, 'install_base': '/home/pi4/camera_ws/src/install/as7265x_at', 'merge_install': False, 'path': '/home/pi4/camera_ws/src/as7265x_at', 'symlink_install': True, 'test_result_base': None}
[8.639s] Level 5:colcon.colcon_core.verb:set package 'as7265x_at_msgs' build argument 'cmake_args' from command line to 'None'
[8.639s] Level 5:colcon.colcon_core.verb:set package 'as7265x_at_msgs' build argument 'cmake_target' from command line to 'None'
[8.639s] Level 5:colcon.colcon_core.verb:set package 'as7265x_at_msgs' build argument 'cmake_target_skip_unavailable' from command line to 'False'
[8.639s] Level 5:colcon.colcon_core.verb:set package 'as7265x_at_msgs' build argument 'cmake_clean_cache' from command line to 'False'
[8.639s] Level 5:colcon.colcon_core.verb:set package 'as7265x_at_msgs' build argument 'cmake_clean_first' from command line to 'False'
[8.640s] Level 5:colcon.colcon_core.verb:set package 'as7265x_at_msgs' build argument 'cmake_force_configure' from command line to 'False'
[8.640s] Level 5:colcon.colcon_core.verb:set package 'as7265x_at_msgs' build argument 'ament_cmake_args' from command line to 'None'
[8.640s] Level 5:colcon.colcon_core.verb:set package 'as7265x_at_msgs' build argument 'catkin_cmake_args' from command line to 'None'
[8.640s] Level 5:colcon.colcon_core.verb:set package 'as7265x_at_msgs' build argument 'catkin_skip_building_tests' from command line to 'False'
[8.640s] DEBUG:colcon.colcon_core.verb:Building package 'as7265x_at_msgs' with the following arguments: {'ament_cmake_args': None, 'build_base': '/home/pi4/camera_ws/src/build/as7265x_at_msgs', 'catkin_cmake_args': None, 'catkin_skip_building_tests': False, 'cmake_args': None, 'cmake_clean_cache': False, 'cmake_clean_first': False, 'cmake_force_configure': False, 'cmake_target': None, 'cmake_target_skip_unavailable': False, 'install_base': '/home/pi4/camera_ws/src/install/as7265x_at_msgs', 'merge_install': False, 'path': '/home/pi4/camera_ws/src/as7265x_at_msgs', 'symlink_install': True, 'test_result_base': None}
[8.642s] INFO:colcon.colcon_core.executor:Executing jobs using 'parallel' executor
[8.650s] DEBUG:colcon.colcon_parallel_executor.executor.parallel:run_until_complete
[8.653s] INFO:colcon.colcon_ros.task.ament_python.build:Building ROS package in '/home/pi4/camera_ws/src/as7265x_at' with build type 'ament_python'
[8.655s] Level 1:colcon.colcon_core.shell:create_environment_hook('as7265x_at', 'ament_prefix_path')
[8.693s] INFO:colcon.colcon_core.plugin_system:Skipping extension 'colcon_core.shell.bat': Not used on non-Windows systems
[8.694s] INFO:colcon.colcon_core.shell:Creating environment hook '/home/pi4/camera_ws/src/install/as7265x_at/share/as7265x_at/hook/ament_prefix_path.ps1'
[8.699s] INFO:colcon.colcon_core.shell:Creating environment descriptor '/home/pi4/camera_ws/src/install/as7265x_at/share/as7265x_at/hook/ament_prefix_path.dsv'
[8.703s] INFO:colcon.colcon_core.shell:Creating environment hook '/home/pi4/camera_ws/src/install/as7265x_at/share/as7265x_at/hook/ament_prefix_path.sh'
[8.709s] INFO:colcon.colcon_core.shell:Skip shell extension 'powershell' for command environment: Not usable outside of PowerShell
[8.710s] DEBUG:colcon.colcon_core.shell:Skip shell extension 'dsv' for command environment
[8.889s] INFO:colcon.colcon_ros.task.ament_cmake.build:Building ROS package in '/home/pi4/camera_ws/src/as7265x_at_msgs' with build type 'ament_cmake'
[8.891s] INFO:colcon.colcon_cmake.task.cmake.build:Building CMake package in '/home/pi4/camera_ws/src/as7265x_at_msgs'
[8.897s] INFO:colcon.colcon_core.shell:Skip shell extension 'powershell' for command environment: Not usable outside of PowerShell
[8.898s] DEBUG:colcon.colcon_core.shell:Skip shell extension 'dsv' for command environment
[17.176s] INFO:colcon.colcon_core.task.python.build:Building Python package in '/home/pi4/camera_ws/src/as7265x_at'
[17.178s] INFO:colcon.colcon_core.shell:Skip shell extension 'powershell' for command environment: Not usable outside of PowerShell
[17.178s] DEBUG:colcon.colcon_core.shell:Skip shell extension 'dsv' for command environment
[17.443s] DEBUG:colcon.colcon_core.event_handler.log_command:Invoking command in '/home/pi4/camera_ws/src/build/as7265x_at_msgs': CMAKE_PREFIX_PATH=${CMAKE_PREFIX_PATH}:/home/pi4/camera_ws/install/as7265x_at:/home/pi4/camera_ws/install/stamp_and_split_cam1:/home/pi4/camera_ws/install/opencv_tests:/home/pi4/as7265x_at/install/as7265x_at:/home/pi4/ros2_jazzy/install/rqt_bag_plugins:/home/pi4/ros2_jazzy/install/rqt_bag:/home/pi4/ros2_jazzy/install/rosbag2_examples_py:/home/pi4/ros2_jazzy/install/launch_testing_examples:/home/pi4/ros2_jazzy/install/ros2bag:/home/pi4/ros2_jazzy/install/tracetools_test:/home/pi4/ros2_jazzy/install/tracetools_launch:/home/pi4/ros2_jazzy/install/topic_monitor:/home/pi4/ros2_jazzy/install/tf2_tools:/home/pi4/ros2_jazzy/install/examples_tf2_py:/home/pi4/ros2_jazzy/install/tf2_ros_py:/home/pi4/ros2_jazzy/install/examples_rclpy_pointcloud_publisher:/home/pi4/ros2_jazzy/install/sensor_msgs_py:/home/pi4/ros2_jazzy/install/quality_of_service_demo_py:/home/pi4/ros2_jazzy/install/camera_info_manager_py:/home/pi4/ros2_jazzy/install/rqt_plot:/home/pi4/ros2_jazzy/install/ros2doctor:/home/pi4/ros2_jazzy/install/lifecycle_py:/home/pi4/ros2_jazzy/install/examples_rclpy_minimal_subscriber:/home/pi4/ros2_jazzy/install/examples_rclpy_minimal_service:/home/pi4/ros2_jazzy/install/examples_rclpy_minimal_publisher:/home/pi4/ros2_jazzy/install/examples_rclpy_minimal_client:/home/pi4/ros2_jazzy/install/examples_rclpy_executors:/home/pi4/ros2_jazzy/install/demo_nodes_py:/home/pi4/ros2_jazzy/install/rqt:/home/pi4/ros2_jazzy/install/ros2component:/home/pi4/ros2_jazzy/install/sros2:/home/pi4/ros2_jazzy/install/rqt_topic:/home/pi4/ros2_jazzy/install/rqt_srv:/home/pi4/ros2_jazzy/install/rqt_shell:/home/pi4/ros2_jazzy/install/rqt_service_caller:/home/pi4/ros2_jazzy/install/rqt_reconfigure:/home/pi4/ros2_jazzy/install/rqt_py_console:/home/pi4/ros2_jazzy/install/rqt_publisher:/home/pi4/ros2_jazzy/install/rqt_action:/home/pi4/ros2_jazzy/install/rqt_msg:/home/pi4/ros2_jazzy/install/rqt_console:/home/pi4/ros2_jazzy/install/rqt_graph:/home/pi4/ros2_jazzy/install/rqt_gui_py:/home/pi4/ros2_jazzy/install/rqt_gui:/home/pi4/ros2_jazzy/install/ros2trace:/home/pi4/ros2_jazzy/install/ros2param:/home/pi4/ros2_jazzy/install/ros2lifecycle:/home/pi4/ros2_jazzy/install/ros2service:/home/pi4/ros2_jazzy/install/ros2topic:/home/pi4/ros2_jazzy/install/ros2test:/home/pi4/ros2_jazzy/install/ros2run:/home/pi4/ros2_jazzy/install/ros2plugin:/home/pi4/ros2_jazzy/install/ros2launch:/home/pi4/ros2_jazzy/install/ros2pkg:/home/pi4/ros2_jazzy/install/ros2node:/home/pi4/ros2_jazzy/install/ros2multicast:/home/pi4/ros2_jazzy/install/ros2interface:/home/pi4/ros2_jazzy/install/ros2action:/home/pi4/ros2_jazzy/install/ros2cli:/home/pi4/ros2_jazzy/install/launch_testing_ros:/home/pi4/ros2_jazzy/install/launch_ros:/home/pi4/ros2_jazzy/install/examples_rclpy_minimal_action_server:/home/pi4/ros2_jazzy/install/examples_rclpy_minimal_action_client:/home/pi4/ros2_jazzy/install/examples_rclpy_guard_conditions:/home/pi4/ros2_jazzy/install/action_tutorials_py:/home/pi4/ros2_jazzy/install/ament_uncrustify:/home/pi4/ros2_jazzy/install/tracetools_trace:/home/pi4/ros2_jazzy/install/tracetools_read:/home/pi4/ros2_jazzy/install/test_tracetools_launch:/home/pi4/ros2_jazzy/install/test_ros2trace:/home/pi4/ros2_jazzy/install/test_launch_ros:/home/pi4/ros2_jazzy/install/rpyutils:/home/pi4/ros2_jazzy/install/rosidl_runtime_py:/home/pi4/ros2_jazzy/install/rosidl_pycommon:/home/pi4/ros2_jazzy/install/rosidl_cli:/home/pi4/ros2_jazzy/install/launch_pytest:/home/pi4/ros2_jazzy/install/launch_testing:/home/pi4/ros2_jazzy/install/launch_yaml:/home/pi4/ros2_jazzy/install/launch_xml:/home/pi4/ros2_jazzy/install/launch:/home/pi4/ros2_jazzy/install/osrf_pycommon:/home/pi4/ros2_jazzy/install/domain_coordinator:/home/pi4/ros2_jazzy/install/ament_xmllint:/home/pi4/ros2_jazzy/install/ament_pyflakes:/home/pi4/ros2_jazzy/install/ament_pycodestyle:/home/pi4/ros2_jazzy/install/ament_pep257:/home/pi4/ros2_jazzy/install/ament_pclint:/home/pi4/ros2_jazzy/install/ament_package:/home/pi4/ros2_jazzy/install/ament_mypy:/home/pi4/ros2_jazzy/install/ament_lint_cmake:/home/pi4/ros2_jazzy/install/ament_flake8:/home/pi4/ros2_jazzy/install/ament_copyright:/home/pi4/ros2_jazzy/install/ament_lint:/home/pi4/ros2_jazzy/install/ament_index_python:/home/pi4/ros2_jazzy/install/ament_cpplint:/home/pi4/ros2_jazzy/install/ament_cppcheck:/home/pi4/ros2_jazzy/install/ament_clang_tidy:/home/pi4/ros2_jazzy/install/ament_clang_format /usr/bin/cmake /home/pi4/camera_ws/src/as7265x_at_msgs -DAMENT_CMAKE_SYMLINK_INSTALL=1 -DCMAKE_INSTALL_PREFIX=/home/pi4/camera_ws/src/install/as7265x_at_msgs
[33.542s] DEBUG:colcon.colcon_core.event_handler.log_command:Invoking command in '/home/pi4/camera_ws/src/build/as7265x_at': PYTHONPATH=/home/pi4/camera_ws/src/build/as7265x_at/prefix_override:/usr/lib/python3/dist-packages/colcon_core/task/python/colcon_distutils_commands:/home/pi4/camera_ws/src/install/as7265x_at/lib/python3.11/site-packages:${PYTHONPATH} /usr/bin/python3 -W ignore:setup.py install is deprecated -W ignore:easy_install command is deprecated setup.py develop --editable --build-directory /home/pi4/camera_ws/src/build/as7265x_at/build --no-deps symlink_data
[52.540s] Level 1:colcon.colcon_core.shell:create_environment_hook('as7265x_at', 'pythonpath_develop')
[52.543s] INFO:colcon.colcon_core.shell:Creating environment hook '/home/pi4/camera_ws/src/build/as7265x_at/share/as7265x_at/hook/pythonpath_develop.ps1'
[52.625s] DEBUG:colcon.colcon_core.event_handler.log_command:Invoked command in '/home/pi4/camera_ws/src/build/as7265x_at' returned '0': PYTHONPATH=/home/pi4/camera_ws/src/build/as7265x_at/prefix_override:/usr/lib/python3/dist-packages/colcon_core/task/python/colcon_distutils_commands:/home/pi4/camera_ws/src/install/as7265x_at/lib/python3.11/site-packages:${PYTHONPATH} /usr/bin/python3 -W ignore:setup.py install is deprecated -W ignore:easy_install command is deprecated setup.py develop --editable --build-directory /home/pi4/camera_ws/src/build/as7265x_at/build --no-deps symlink_data
[52.724s] INFO:colcon.colcon_core.shell:Creating environment descriptor '/home/pi4/camera_ws/src/build/as7265x_at/share/as7265x_at/hook/pythonpath_develop.dsv'
[52.732s] INFO:colcon.colcon_core.shell:Creating environment hook '/home/pi4/camera_ws/src/build/as7265x_at/share/as7265x_at/hook/pythonpath_develop.sh'
[52.802s] Level 1:colcon.colcon_core.environment:checking '/home/pi4/camera_ws/src/install/as7265x_at' for CMake module files
[52.805s] Level 1:colcon.colcon_core.environment:checking '/home/pi4/camera_ws/src/install/as7265x_at' for CMake config files
[52.810s] Level 1:colcon.colcon_core.environment:checking '/home/pi4/camera_ws/src/install/as7265x_at/lib'
[52.812s] Level 1:colcon.colcon_core.environment:checking '/home/pi4/camera_ws/src/install/as7265x_at/bin'
[52.813s] Level 1:colcon.colcon_core.environment:checking '/home/pi4/camera_ws/src/install/as7265x_at/lib/pkgconfig/as7265x_at.pc'
[52.814s] Level 1:colcon.colcon_core.environment:checking '/home/pi4/camera_ws/src/install/as7265x_at/lib/python3.11/site-packages'
[52.815s] Level 1:colcon.colcon_core.shell:create_environment_hook('as7265x_at', 'pythonpath')
[52.820s] INFO:colcon.colcon_core.shell:Creating environment hook '/home/pi4/camera_ws/src/install/as7265x_at/share/as7265x_at/hook/pythonpath.ps1'
[52.828s] INFO:colcon.colcon_core.shell:Creating environment descriptor '/home/pi4/camera_ws/src/install/as7265x_at/share/as7265x_at/hook/pythonpath.dsv'
[52.837s] INFO:colcon.colcon_core.shell:Creating environment hook '/home/pi4/camera_ws/src/install/as7265x_at/share/as7265x_at/hook/pythonpath.sh'
[52.853s] Level 1:colcon.colcon_core.environment:checking '/home/pi4/camera_ws/src/install/as7265x_at/bin'
[52.854s] Level 1:colcon.colcon_core.environment:create_environment_scripts_only(as7265x_at)
[52.860s] INFO:colcon.colcon_core.shell:Creating package script '/home/pi4/camera_ws/src/install/as7265x_at/share/as7265x_at/package.ps1'
[52.871s] INFO:colcon.colcon_core.shell:Creating package descriptor '/home/pi4/camera_ws/src/install/as7265x_at/share/as7265x_at/package.dsv'
[52.878s] INFO:colcon.colcon_core.shell:Creating package script '/home/pi4/camera_ws/src/install/as7265x_at/share/as7265x_at/package.sh'
[52.883s] INFO:colcon.colcon_core.shell:Creating package script '/home/pi4/camera_ws/src/install/as7265x_at/share/as7265x_at/package.bash'
[52.890s] INFO:colcon.colcon_core.shell:Creating package script '/home/pi4/camera_ws/src/install/as7265x_at/share/as7265x_at/package.zsh'
[52.896s] Level 1:colcon.colcon_core.environment:create_file_with_runtime_dependencies(/home/pi4/camera_ws/src/install/as7265x_at/share/colcon-core/packages/as7265x_at)
[89.650s] DEBUG:colcon.colcon_core.event_handler.log_command:Invoked command in '/home/pi4/camera_ws/src/build/as7265x_at_msgs' returned '0': CMAKE_PREFIX_PATH=${CMAKE_PREFIX_PATH}:/home/pi4/camera_ws/install/as7265x_at:/home/pi4/camera_ws/install/stamp_and_split_cam1:/home/pi4/camera_ws/install/opencv_tests:/home/pi4/as7265x_at/install/as7265x_at:/home/pi4/ros2_jazzy/install/rqt_bag_plugins:/home/pi4/ros2_jazzy/install/rqt_bag:/home/pi4/ros2_jazzy/install/rosbag2_examples_py:/home/pi4/ros2_jazzy/install/launch_testing_examples:/home/pi4/ros2_jazzy/install/ros2bag:/home/pi4/ros2_jazzy/install/tracetools_test:/home/pi4/ros2_jazzy/install/tracetools_launch:/home/pi4/ros2_jazzy/install/topic_monitor:/home/pi4/ros2_jazzy/install/tf2_tools:/home/pi4/ros2_jazzy/install/examples_tf2_py:/home/pi4/ros2_jazzy/install/tf2_ros_py:/home/pi4/ros2_jazzy/install/examples_rclpy_pointcloud_publisher:/home/pi4/ros2_jazzy/install/sensor_msgs_py:/home/pi4/ros2_jazzy/install/quality_of_service_demo_py:/home/pi4/ros2_jazzy/install/camera_info_manager_py:/home/pi4/ros2_jazzy/install/rqt_plot:/home/pi4/ros2_jazzy/install/ros2doctor:/home/pi4/ros2_jazzy/install/lifecycle_py:/home/pi4/ros2_jazzy/install/examples_rclpy_minimal_subscriber:/home/pi4/ros2_jazzy/install/examples_rclpy_minimal_service:/home/pi4/ros2_jazzy/install/examples_rclpy_minimal_publisher:/home/pi4/ros2_jazzy/install/examples_rclpy_minimal_client:/home/pi4/ros2_jazzy/install/examples_rclpy_executors:/home/pi4/ros2_jazzy/install/demo_nodes_py:/home/pi4/ros2_jazzy/install/rqt:/home/pi4/ros2_jazzy/install/ros2component:/home/pi4/ros2_jazzy/install/sros2:/home/pi4/ros2_jazzy/install/rqt_topic:/home/pi4/ros2_jazzy/install/rqt_srv:/home/pi4/ros2_jazzy/install/rqt_shell:/home/pi4/ros2_jazzy/install/rqt_service_caller:/home/pi4/ros2_jazzy/install/rqt_reconfigure:/home/pi4/ros2_jazzy/install/rqt_py_console:/home/pi4/ros2_jazzy/install/rqt_publisher:/home/pi4/ros2_jazzy/install/rqt_action:/home/pi4/ros2_jazzy/install/rqt_msg:/home/pi4/ros2_jazzy/install/rqt_console:/home/pi4/ros2_jazzy/install/rqt_graph:/home/pi4/ros2_jazzy/install/rqt_gui_py:/home/pi4/ros2_jazzy/install/rqt_gui:/home/pi4/ros2_jazzy/install/ros2trace:/home/pi4/ros2_jazzy/install/ros2param:/home/pi4/ros2_jazzy/install/ros2lifecycle:/home/pi4/ros2_jazzy/install/ros2service:/home/pi4/ros2_jazzy/install/ros2topic:/home/pi4/ros2_jazzy/install/ros2test:/home/pi4/ros2_jazzy/install/ros2run:/home/pi4/ros2_jazzy/install/ros2plugin:/home/pi4/ros2_jazzy/install/ros2launch:/home/pi4/ros2_jazzy/install/ros2pkg:/home/pi4/ros2_jazzy/install/ros2node:/home/pi4/ros2_jazzy/install/ros2multicast:/home/pi4/ros2_jazzy/install/ros2interface:/home/pi4/ros2_jazzy/install/ros2action:/home/pi4/ros2_jazzy/install/ros2cli:/home/pi4/ros2_jazzy/install/launch_testing_ros:/home/pi4/ros2_jazzy/install/launch_ros:/home/pi4/ros2_jazzy/install/examples_rclpy_minimal_action_server:/home/pi4/ros2_jazzy/install/examples_rclpy_minimal_action_client:/home/pi4/ros2_jazzy/install/examples_rclpy_guard_conditions:/home/pi4/ros2_jazzy/install/action_tutorials_py:/home/pi4/ros2_jazzy/install/ament_uncrustify:/home/pi4/ros2_jazzy/install/tracetools_trace:/home/pi4/ros2_jazzy/install/tracetools_read:/home/pi4/ros2_jazzy/install/test_tracetools_launch:/home/pi4/ros2_jazzy/install/test_ros2trace:/home/pi4/ros2_jazzy/install/test_launch_ros:/home/pi4/ros2_jazzy/install/rpyutils:/home/pi4/ros2_jazzy/install/rosidl_runtime_py:/home/pi4/ros2_jazzy/install/rosidl_pycommon:/home/pi4/ros2_jazzy/install/rosidl_cli:/home/pi4/ros2_jazzy/install/launch_pytest:/home/pi4/ros2_jazzy/install/launch_testing:/home/pi4/ros2_jazzy/install/launch_yaml:/home/pi4/ros2_jazzy/install/launch_xml:/home/pi4/ros2_jazzy/install/launch:/home/pi4/ros2_jazzy/install/osrf_pycommon:/home/pi4/ros2_jazzy/install/domain_coordinator:/home/pi4/ros2_jazzy/install/ament_xmllint:/home/pi4/ros2_jazzy/install/ament_pyflakes:/home/pi4/ros2_jazzy/install/ament_pycodestyle:/home/pi4/ros2_jazzy/install/ament_pep257:/home/pi4/ros2_jazzy/install/ament_pclint:/home/pi4/ros2_jazzy/install/ament_package:/home/pi4/ros2_jazzy/install/ament_mypy:/home/pi4/ros2_jazzy/install/ament_lint_cmake:/home/pi4/ros2_jazzy/install/ament_flake8:/home/pi4/ros2_jazzy/install/ament_copyright:/home/pi4/ros2_jazzy/install/ament_lint:/home/pi4/ros2_jazzy/install/ament_index_python:/home/pi4/ros2_jazzy/install/ament_cpplint:/home/pi4/ros2_jazzy/install/ament_cppcheck:/home/pi4/ros2_jazzy/install/ament_clang_tidy:/home/pi4/ros2_jazzy/install/ament_clang_format /usr/bin/cmake /home/pi4/camera_ws/src/as7265x_at_msgs -DAMENT_CMAKE_SYMLINK_INSTALL=1 -DCMAKE_INSTALL_PREFIX=/home/pi4/camera_ws/src/install/as7265x_at_msgs
[89.683s] DEBUG:colcon.colcon_core.event_handler.log_command:Invoking command in '/home/pi4/camera_ws/src/build/as7265x_at_msgs': CMAKE_PREFIX_PATH=${CMAKE_PREFIX_PATH}:/home/pi4/camera_ws/install/as7265x_at:/home/pi4/camera_ws/install/stamp_and_split_cam1:/home/pi4/camera_ws/install/opencv_tests:/home/pi4/as7265x_at/install/as7265x_at:/home/pi4/ros2_jazzy/install/rqt_bag_plugins:/home/pi4/ros2_jazzy/install/rqt_bag:/home/pi4/ros2_jazzy/install/rosbag2_examples_py:/home/pi4/ros2_jazzy/install/launch_testing_examples:/home/pi4/ros2_jazzy/install/ros2bag:/home/pi4/ros2_jazzy/install/tracetools_test:/home/pi4/ros2_jazzy/install/tracetools_launch:/home/pi4/ros2_jazzy/install/topic_monitor:/home/pi4/ros2_jazzy/install/tf2_tools:/home/pi4/ros2_jazzy/install/examples_tf2_py:/home/pi4/ros2_jazzy/install/tf2_ros_py:/home/pi4/ros2_jazzy/install/examples_rclpy_pointcloud_publisher:/home/pi4/ros2_jazzy/install/sensor_msgs_py:/home/pi4/ros2_jazzy/install/quality_of_service_demo_py:/home/pi4/ros2_jazzy/install/camera_info_manager_py:/home/pi4/ros2_jazzy/install/rqt_plot:/home/pi4/ros2_jazzy/install/ros2doctor:/home/pi4/ros2_jazzy/install/lifecycle_py:/home/pi4/ros2_jazzy/install/examples_rclpy_minimal_subscriber:/home/pi4/ros2_jazzy/install/examples_rclpy_minimal_service:/home/pi4/ros2_jazzy/install/examples_rclpy_minimal_publisher:/home/pi4/ros2_jazzy/install/examples_rclpy_minimal_client:/home/pi4/ros2_jazzy/install/examples_rclpy_executors:/home/pi4/ros2_jazzy/install/demo_nodes_py:/home/pi4/ros2_jazzy/install/rqt:/home/pi4/ros2_jazzy/install/ros2component:/home/pi4/ros2_jazzy/install/sros2:/home/pi4/ros2_jazzy/install/rqt_topic:/home/pi4/ros2_jazzy/install/rqt_srv:/home/pi4/ros2_jazzy/install/rqt_shell:/home/pi4/ros2_jazzy/install/rqt_service_caller:/home/pi4/ros2_jazzy/install/rqt_reconfigure:/home/pi4/ros2_jazzy/install/rqt_py_console:/home/pi4/ros2_jazzy/install/rqt_publisher:/home/pi4/ros2_jazzy/install/rqt_action:/home/pi4/ros2_jazzy/install/rqt_msg:/home/pi4/ros2_jazzy/install/rqt_console:/home/pi4/ros2_jazzy/install/rqt_graph:/home/pi4/ros2_jazzy/install/rqt_gui_py:/home/pi4/ros2_jazzy/install/rqt_gui:/home/pi4/ros2_jazzy/install/ros2trace:/home/pi4/ros2_jazzy/install/ros2param:/home/pi4/ros2_jazzy/install/ros2lifecycle:/home/pi4/ros2_jazzy/install/ros2service:/home/pi4/ros2_jazzy/install/ros2topic:/home/pi4/ros2_jazzy/install/ros2test:/home/pi4/ros2_jazzy/install/ros2run:/home/pi4/ros2_jazzy/install/ros2plugin:/home/pi4/ros2_jazzy/install/ros2launch:/home/pi4/ros2_jazzy/install/ros2pkg:/home/pi4/ros2_jazzy/install/ros2node:/home/pi4/ros2_jazzy/install/ros2multicast:/home/pi4/ros2_jazzy/install/ros2interface:/home/pi4/ros2_jazzy/install/ros2action:/home/pi4/ros2_jazzy/install/ros2cli:/home/pi4/ros2_jazzy/install/launch_testing_ros:/home/pi4/ros2_jazzy/install/launch_ros:/home/pi4/ros2_jazzy/install/examples_rclpy_minimal_action_server:/home/pi4/ros2_jazzy/install/examples_rclpy_minimal_action_client:/home/pi4/ros2_jazzy/install/examples_rclpy_guard_conditions:/home/pi4/ros2_jazzy/install/action_tutorials_py:/home/pi4/ros2_jazzy/install/ament_uncrustify:/home/pi4/ros2_jazzy/install/tracetools_trace:/home/pi4/ros2_jazzy/install/tracetools_read:/home/pi4/ros2_jazzy/install/test_tracetools_launch:/home/pi4/ros2_jazzy/install/test_ros2trace:/home/pi4/ros2_jazzy/install/test_launch_ros:/home/pi4/ros2_jazzy/install/rpyutils:/home/pi4/ros2_jazzy/install/rosidl_runtime_py:/home/pi4/ros2_jazzy/install/rosidl_pycommon:/home/pi4/ros2_jazzy/install/rosidl_cli:/home/pi4/ros2_jazzy/install/launch_pytest:/home/pi4/ros2_jazzy/install/launch_testing:/home/pi4/ros2_jazzy/install/launch_yaml:/home/pi4/ros2_jazzy/install/launch_xml:/home/pi4/ros2_jazzy/install/launch:/home/pi4/ros2_jazzy/install/osrf_pycommon:/home/pi4/ros2_jazzy/install/domain_coordinator:/home/pi4/ros2_jazzy/install/ament_xmllint:/home/pi4/ros2_jazzy/install/ament_pyflakes:/home/pi4/ros2_jazzy/install/ament_pycodestyle:/home/pi4/ros2_jazzy/install/ament_pep257:/home/pi4/ros2_jazzy/install/ament_pclint:/home/pi4/ros2_jazzy/install/ament_package:/home/pi4/ros2_jazzy/install/ament_mypy:/home/pi4/ros2_jazzy/install/ament_lint_cmake:/home/pi4/ros2_jazzy/install/ament_flake8:/home/pi4/ros2_jazzy/install/ament_copyright:/home/pi4/ros2_jazzy/install/ament_lint:/home/pi4/ros2_jazzy/install/ament_index_python:/home/pi4/ros2_jazzy/install/ament_cpplint:/home/pi4/ros2_jazzy/install/ament_cppcheck:/home/pi4/ros2_jazzy/install/ament_clang_tidy:/home/pi4/ros2_jazzy/install/ament_clang_format /usr/bin/cmake --build /home/pi4/camera_ws/src/build/as7265x_at_msgs -- -j4 -l4
[218.175s] DEBUG:colcon.colcon_core.event_handler.log_command:Invoked command in '/home/pi4/camera_ws/src/build/as7265x_at_msgs' returned '0': CMAKE_PREFIX_PATH=${CMAKE_PREFIX_PATH}:/home/pi4/camera_ws/install/as7265x_at:/home/pi4/camera_ws/install/stamp_and_split_cam1:/home/pi4/camera_ws/install/opencv_tests:/home/pi4/as7265x_at/install/as7265x_at:/home/pi4/ros2_jazzy/install/rqt_bag_plugins:/home/pi4/ros2_jazzy/install/rqt_bag:/home/pi4/ros2_jazzy/install/rosbag2_examples_py:/home/pi4/ros2_jazzy/install/launch_testing_examples:/home/pi4/ros2_jazzy/install/ros2bag:/home/pi4/ros2_jazzy/install/tracetools_test:/home/pi4/ros2_jazzy/install/tracetools_launch:/home/pi4/ros2_jazzy/install/topic_monitor:/home/pi4/ros2_jazzy/install/tf2_tools:/home/pi4/ros2_jazzy/install/examples_tf2_py:/home/pi4/ros2_jazzy/install/tf2_ros_py:/home/pi4/ros2_jazzy/install/examples_rclpy_pointcloud_publisher:/home/pi4/ros2_jazzy/install/sensor_msgs_py:/home/pi4/ros2_jazzy/install/quality_of_service_demo_py:/home/pi4/ros2_jazzy/install/camera_info_manager_py:/home/pi4/ros2_jazzy/install/rqt_plot:/home/pi4/ros2_jazzy/install/ros2doctor:/home/pi4/ros2_jazzy/install/lifecycle_py:/home/pi4/ros2_jazzy/install/examples_rclpy_minimal_subscriber:/home/pi4/ros2_jazzy/install/examples_rclpy_minimal_service:/home/pi4/ros2_jazzy/install/examples_rclpy_minimal_publisher:/home/pi4/ros2_jazzy/install/examples_rclpy_minimal_client:/home/pi4/ros2_jazzy/install/examples_rclpy_executors:/home/pi4/ros2_jazzy/install/demo_nodes_py:/home/pi4/ros2_jazzy/install/rqt:/home/pi4/ros2_jazzy/install/ros2component:/home/pi4/ros2_jazzy/install/sros2:/home/pi4/ros2_jazzy/install/rqt_topic:/home/pi4/ros2_jazzy/install/rqt_srv:/home/pi4/ros2_jazzy/install/rqt_shell:/home/pi4/ros2_jazzy/install/rqt_service_caller:/home/pi4/ros2_jazzy/install/rqt_reconfigure:/home/pi4/ros2_jazzy/install/rqt_py_console:/home/pi4/ros2_jazzy/install/rqt_publisher:/home/pi4/ros2_jazzy/install/rqt_action:/home/pi4/ros2_jazzy/install/rqt_msg:/home/pi4/ros2_jazzy/install/rqt_console:/home/pi4/ros2_jazzy/install/rqt_graph:/home/pi4/ros2_jazzy/install/rqt_gui_py:/home/pi4/ros2_jazzy/install/rqt_gui:/home/pi4/ros2_jazzy/install/ros2trace:/home/pi4/ros2_jazzy/install/ros2param:/home/pi4/ros2_jazzy/install/ros2lifecycle:/home/pi4/ros2_jazzy/install/ros2service:/home/pi4/ros2_jazzy/install/ros2topic:/home/pi4/ros2_jazzy/install/ros2test:/home/pi4/ros2_jazzy/install/ros2run:/home/pi4/ros2_jazzy/install/ros2plugin:/home/pi4/ros2_jazzy/install/ros2launch:/home/pi4/ros2_jazzy/install/ros2pkg:/home/pi4/ros2_jazzy/install/ros2node:/home/pi4/ros2_jazzy/install/ros2multicast:/home/pi4/ros2_jazzy/install/ros2interface:/home/pi4/ros2_jazzy/install/ros2action:/home/pi4/ros2_jazzy/install/ros2cli:/home/pi4/ros2_jazzy/install/launch_testing_ros:/home/pi4/ros2_jazzy/install/launch_ros:/home/pi4/ros2_jazzy/install/examples_rclpy_minimal_action_server:/home/pi4/ros2_jazzy/install/examples_rclpy_minimal_action_client:/home/pi4/ros2_jazzy/install/examples_rclpy_guard_conditions:/home/pi4/ros2_jazzy/install/action_tutorials_py:/home/pi4/ros2_jazzy/install/ament_uncrustify:/home/pi4/ros2_jazzy/install/tracetools_trace:/home/pi4/ros2_jazzy/install/tracetools_read:/home/pi4/ros2_jazzy/install/test_tracetools_launch:/home/pi4/ros2_jazzy/install/test_ros2trace:/home/pi4/ros2_jazzy/install/test_launch_ros:/home/pi4/ros2_jazzy/install/rpyutils:/home/pi4/ros2_jazzy/install/rosidl_runtime_py:/home/pi4/ros2_jazzy/install/rosidl_pycommon:/home/pi4/ros2_jazzy/install/rosidl_cli:/home/pi4/ros2_jazzy/install/launch_pytest:/home/pi4/ros2_jazzy/install/launch_testing:/home/pi4/ros2_jazzy/install/launch_yaml:/home/pi4/ros2_jazzy/install/launch_xml:/home/pi4/ros2_jazzy/install/launch:/home/pi4/ros2_jazzy/install/osrf_pycommon:/home/pi4/ros2_jazzy/install/domain_coordinator:/home/pi4/ros2_jazzy/install/ament_xmllint:/home/pi4/ros2_jazzy/install/ament_pyflakes:/home/pi4/ros2_jazzy/install/ament_pycodestyle:/home/pi4/ros2_jazzy/install/ament_pep257:/home/pi4/ros2_jazzy/install/ament_pclint:/home/pi4/ros2_jazzy/install/ament_package:/home/pi4/ros2_jazzy/install/ament_mypy:/home/pi4/ros2_jazzy/install/ament_lint_cmake:/home/pi4/ros2_jazzy/install/ament_flake8:/home/pi4/ros2_jazzy/install/ament_copyright:/home/pi4/ros2_jazzy/install/ament_lint:/home/pi4/ros2_jazzy/install/ament_index_python:/home/pi4/ros2_jazzy/install/ament_cpplint:/home/pi4/ros2_jazzy/install/ament_cppcheck:/home/pi4/ros2_jazzy/install/ament_clang_tidy:/home/pi4/ros2_jazzy/install/ament_clang_format /usr/bin/cmake --build /home/pi4/camera_ws/src/build/as7265x_at_msgs -- -j4 -l4
[218.342s] DEBUG:colcon.colcon_core.event_handler.log_command:Invoking command in '/home/pi4/camera_ws/src/build/as7265x_at_msgs': CMAKE_PREFIX_PATH=${CMAKE_PREFIX_PATH}:/home/pi4/camera_ws/install/as7265x_at:/home/pi4/camera_ws/install/stamp_and_split_cam1:/home/pi4/camera_ws/install/opencv_tests:/home/pi4/as7265x_at/install/as7265x_at:/home/pi4/ros2_jazzy/install/rqt_bag_plugins:/home/pi4/ros2_jazzy/install/rqt_bag:/home/pi4/ros2_jazzy/install/rosbag2_examples_py:/home/pi4/ros2_jazzy/install/launch_testing_examples:/home/pi4/ros2_jazzy/install/ros2bag:/home/pi4/ros2_jazzy/install/tracetools_test:/home/pi4/ros2_jazzy/install/tracetools_launch:/home/pi4/ros2_jazzy/install/topic_monitor:/home/pi4/ros2_jazzy/install/tf2_tools:/home/pi4/ros2_jazzy/install/examples_tf2_py:/home/pi4/ros2_jazzy/install/tf2_ros_py:/home/pi4/ros2_jazzy/install/examples_rclpy_pointcloud_publisher:/home/pi4/ros2_jazzy/install/sensor_msgs_py:/home/pi4/ros2_jazzy/install/quality_of_service_demo_py:/home/pi4/ros2_jazzy/install/camera_info_manager_py:/home/pi4/ros2_jazzy/install/rqt_plot:/home/pi4/ros2_jazzy/install/ros2doctor:/home/pi4/ros2_jazzy/install/lifecycle_py:/home/pi4/ros2_jazzy/install/examples_rclpy_minimal_subscriber:/home/pi4/ros2_jazzy/install/examples_rclpy_minimal_service:/home/pi4/ros2_jazzy/install/examples_rclpy_minimal_publisher:/home/pi4/ros2_jazzy/install/examples_rclpy_minimal_client:/home/pi4/ros2_jazzy/install/examples_rclpy_executors:/home/pi4/ros2_jazzy/install/demo_nodes_py:/home/pi4/ros2_jazzy/install/rqt:/home/pi4/ros2_jazzy/install/ros2component:/home/pi4/ros2_jazzy/install/sros2:/home/pi4/ros2_jazzy/install/rqt_topic:/home/pi4/ros2_jazzy/install/rqt_srv:/home/pi4/ros2_jazzy/install/rqt_shell:/home/pi4/ros2_jazzy/install/rqt_service_caller:/home/pi4/ros2_jazzy/install/rqt_reconfigure:/home/pi4/ros2_jazzy/install/rqt_py_console:/home/pi4/ros2_jazzy/install/rqt_publisher:/home/pi4/ros2_jazzy/install/rqt_action:/home/pi4/ros2_jazzy/install/rqt_msg:/home/pi4/ros2_jazzy/install/rqt_console:/home/pi4/ros2_jazzy/install/rqt_graph:/home/pi4/ros2_jazzy/install/rqt_gui_py:/home/pi4/ros2_jazzy/install/rqt_gui:/home/pi4/ros2_jazzy/install/ros2trace:/home/pi4/ros2_jazzy/install/ros2param:/home/pi4/ros2_jazzy/install/ros2lifecycle:/home/pi4/ros2_jazzy/install/ros2service:/home/pi4/ros2_jazzy/install/ros2topic:/home/pi4/ros2_jazzy/install/ros2test:/home/pi4/ros2_jazzy/install/ros2run:/home/pi4/ros2_jazzy/install/ros2plugin:/home/pi4/ros2_jazzy/install/ros2launch:/home/pi4/ros2_jazzy/install/ros2pkg:/home/pi4/ros2_jazzy/install/ros2node:/home/pi4/ros2_jazzy/install/ros2multicast:/home/pi4/ros2_jazzy/install/ros2interface:/home/pi4/ros2_jazzy/install/ros2action:/home/pi4/ros2_jazzy/install/ros2cli:/home/pi4/ros2_jazzy/install/launch_testing_ros:/home/pi4/ros2_jazzy/install/launch_ros:/home/pi4/ros2_jazzy/install/examples_rclpy_minimal_action_server:/home/pi4/ros2_jazzy/install/examples_rclpy_minimal_action_client:/home/pi4/ros2_jazzy/install/examples_rclpy_guard_conditions:/home/pi4/ros2_jazzy/install/action_tutorials_py:/home/pi4/ros2_jazzy/install/ament_uncrustify:/home/pi4/ros2_jazzy/install/tracetools_trace:/home/pi4/ros2_jazzy/install/tracetools_read:/home/pi4/ros2_jazzy/install/test_tracetools_launch:/home/pi4/ros2_jazzy/install/test_ros2trace:/home/pi4/ros2_jazzy/install/test_launch_ros:/home/pi4/ros2_jazzy/install/rpyutils:/home/pi4/ros2_jazzy/install/rosidl_runtime_py:/home/pi4/ros2_jazzy/install/rosidl_pycommon:/home/pi4/ros2_jazzy/install/rosidl_cli:/home/pi4/ros2_jazzy/install/launch_pytest:/home/pi4/ros2_jazzy/install/launch_testing:/home/pi4/ros2_jazzy/install/launch_yaml:/home/pi4/ros2_jazzy/install/launch_xml:/home/pi4/ros2_jazzy/install/launch:/home/pi4/ros2_jazzy/install/osrf_pycommon:/home/pi4/ros2_jazzy/install/domain_coordinator:/home/pi4/ros2_jazzy/install/ament_xmllint:/home/pi4/ros2_jazzy/install/ament_pyflakes:/home/pi4/ros2_jazzy/install/ament_pycodestyle:/home/pi4/ros2_jazzy/install/ament_pep257:/home/pi4/ros2_jazzy/install/ament_pclint:/home/pi4/ros2_jazzy/install/ament_package:/home/pi4/ros2_jazzy/install/ament_mypy:/home/pi4/ros2_jazzy/install/ament_lint_cmake:/home/pi4/ros2_jazzy/install/ament_flake8:/home/pi4/ros2_jazzy/install/ament_copyright:/home/pi4/ros2_jazzy/install/ament_lint:/home/pi4/ros2_jazzy/install/ament_index_python:/home/pi4/ros2_jazzy/install/ament_cpplint:/home/pi4/ros2_jazzy/install/ament_cppcheck:/home/pi4/ros2_jazzy/install/ament_clang_tidy:/home/pi4/ros2_jazzy/install/ament_clang_format /usr/bin/cmake --install /home/pi4/camera_ws/src/build/as7265x_at_msgs
[232.180s] Level 1:colcon.colcon_core.environment:create_environment_scripts_only(as7265x_at_msgs)
[232.183s] Level 1:colcon.colcon_core.environment:checking '/home/pi4/camera_ws/src/install/as7265x_at_msgs' for CMake module files
[232.203s] DEBUG:colcon.colcon_core.event_handler.log_command:Invoked command in '/home/pi4/camera_ws/src/build/as7265x_at_msgs' returned '0': CMAKE_PREFIX_PATH=${CMAKE_PREFIX_PATH}:/home/pi4/camera_ws/install/as7265x_at:/home/pi4/camera_ws/install/stamp_and_split_cam1:/home/pi4/camera_ws/install/opencv_tests:/home/pi4/as7265x_at/install/as7265x_at:/home/pi4/ros2_jazzy/install/rqt_bag_plugins:/home/pi4/ros2_jazzy/install/rqt_bag:/home/pi4/ros2_jazzy/install/rosbag2_examples_py:/home/pi4/ros2_jazzy/install/launch_testing_examples:/home/pi4/ros2_jazzy/install/ros2bag:/home/pi4/ros2_jazzy/install/tracetools_test:/home/pi4/ros2_jazzy/install/tracetools_launch:/home/pi4/ros2_jazzy/install/topic_monitor:/home/pi4/ros2_jazzy/install/tf2_tools:/home/pi4/ros2_jazzy/install/examples_tf2_py:/home/pi4/ros2_jazzy/install/tf2_ros_py:/home/pi4/ros2_jazzy/install/examples_rclpy_pointcloud_publisher:/home/pi4/ros2_jazzy/install/sensor_msgs_py:/home/pi4/ros2_jazzy/install/quality_of_service_demo_py:/home/pi4/ros2_jazzy/install/camera_info_manager_py:/home/pi4/ros2_jazzy/install/rqt_plot:/home/pi4/ros2_jazzy/install/ros2doctor:/home/pi4/ros2_jazzy/install/lifecycle_py:/home/pi4/ros2_jazzy/install/examples_rclpy_minimal_subscriber:/home/pi4/ros2_jazzy/install/examples_rclpy_minimal_service:/home/pi4/ros2_jazzy/install/examples_rclpy_minimal_publisher:/home/pi4/ros2_jazzy/install/examples_rclpy_minimal_client:/home/pi4/ros2_jazzy/install/examples_rclpy_executors:/home/pi4/ros2_jazzy/install/demo_nodes_py:/home/pi4/ros2_jazzy/install/rqt:/home/pi4/ros2_jazzy/install/ros2component:/home/pi4/ros2_jazzy/install/sros2:/home/pi4/ros2_jazzy/install/rqt_topic:/home/pi4/ros2_jazzy/install/rqt_srv:/home/pi4/ros2_jazzy/install/rqt_shell:/home/pi4/ros2_jazzy/install/rqt_service_caller:/home/pi4/ros2_jazzy/install/rqt_reconfigure:/home/pi4/ros2_jazzy/install/rqt_py_console:/home/pi4/ros2_jazzy/install/rqt_publisher:/home/pi4/ros2_jazzy/install/rqt_action:/home/pi4/ros2_jazzy/install/rqt_msg:/home/pi4/ros2_jazzy/install/rqt_console:/home/pi4/ros2_jazzy/install/rqt_graph:/home/pi4/ros2_jazzy/install/rqt_gui_py:/home/pi4/ros2_jazzy/install/rqt_gui:/home/pi4/ros2_jazzy/install/ros2trace:/home/pi4/ros2_jazzy/install/ros2param:/home/pi4/ros2_jazzy/install/ros2lifecycle:/home/pi4/ros2_jazzy/install/ros2service:/home/pi4/ros2_jazzy/install/ros2topic:/home/pi4/ros2_jazzy/install/ros2test:/home/pi4/ros2_jazzy/install/ros2run:/home/pi4/ros2_jazzy/install/ros2plugin:/home/pi4/ros2_jazzy/install/ros2launch:/home/pi4/ros2_jazzy/install/ros2pkg:/home/pi4/ros2_jazzy/install/ros2node:/home/pi4/ros2_jazzy/install/ros2multicast:/home/pi4/ros2_jazzy/install/ros2interface:/home/pi4/ros2_jazzy/install/ros2action:/home/pi4/ros2_jazzy/install/ros2cli:/home/pi4/ros2_jazzy/install/launch_testing_ros:/home/pi4/ros2_jazzy/install/launch_ros:/home/pi4/ros2_jazzy/install/examples_rclpy_minimal_action_server:/home/pi4/ros2_jazzy/install/examples_rclpy_minimal_action_client:/home/pi4/ros2_jazzy/install/examples_rclpy_guard_conditions:/home/pi4/ros2_jazzy/install/action_tutorials_py:/home/pi4/ros2_jazzy/install/ament_uncrustify:/home/pi4/ros2_jazzy/install/tracetools_trace:/home/pi4/ros2_jazzy/install/tracetools_read:/home/pi4/ros2_jazzy/install/test_tracetools_launch:/home/pi4/ros2_jazzy/install/test_ros2trace:/home/pi4/ros2_jazzy/install/test_launch_ros:/home/pi4/ros2_jazzy/install/rpyutils:/home/pi4/ros2_jazzy/install/rosidl_runtime_py:/home/pi4/ros2_jazzy/install/rosidl_pycommon:/home/pi4/ros2_jazzy/install/rosidl_cli:/home/pi4/ros2_jazzy/install/launch_pytest:/home/pi4/ros2_jazzy/install/launch_testing:/home/pi4/ros2_jazzy/install/launch_yaml:/home/pi4/ros2_jazzy/install/launch_xml:/home/pi4/ros2_jazzy/install/launch:/home/pi4/ros2_jazzy/install/osrf_pycommon:/home/pi4/ros2_jazzy/install/domain_coordinator:/home/pi4/ros2_jazzy/install/ament_xmllint:/home/pi4/ros2_jazzy/install/ament_pyflakes:/home/pi4/ros2_jazzy/install/ament_pycodestyle:/home/pi4/ros2_jazzy/install/ament_pep257:/home/pi4/ros2_jazzy/install/ament_pclint:/home/pi4/ros2_jazzy/install/ament_package:/home/pi4/ros2_jazzy/install/ament_mypy:/home/pi4/ros2_jazzy/install/ament_lint_cmake:/home/pi4/ros2_jazzy/install/ament_flake8:/home/pi4/ros2_jazzy/install/ament_copyright:/home/pi4/ros2_jazzy/install/ament_lint:/home/pi4/ros2_jazzy/install/ament_index_python:/home/pi4/ros2_jazzy/install/ament_cpplint:/home/pi4/ros2_jazzy/install/ament_cppcheck:/home/pi4/ros2_jazzy/install/ament_clang_tidy:/home/pi4/ros2_jazzy/install/ament_clang_format /usr/bin/cmake --install /home/pi4/camera_ws/src/build/as7265x_at_msgs
[232.207s] Level 1:colcon.colcon_core.environment:checking '/home/pi4/camera_ws/src/install/as7265x_at_msgs' for CMake config files
[232.214s] Level 1:colcon.colcon_core.shell:create_environment_hook('as7265x_at_msgs', 'cmake_prefix_path')
[232.215s] INFO:colcon.colcon_core.shell:Creating environment hook '/home/pi4/camera_ws/src/install/as7265x_at_msgs/share/as7265x_at_msgs/hook/cmake_prefix_path.ps1'
[232.226s] INFO:colcon.colcon_core.shell:Creating environment descriptor '/home/pi4/camera_ws/src/install/as7265x_at_msgs/share/as7265x_at_msgs/hook/cmake_prefix_path.dsv'
[232.229s] INFO:colcon.colcon_core.shell:Creating environment hook '/home/pi4/camera_ws/src/install/as7265x_at_msgs/share/as7265x_at_msgs/hook/cmake_prefix_path.sh'
[232.240s] Level 1:colcon.colcon_core.environment:checking '/home/pi4/camera_ws/src/install/as7265x_at_msgs/lib'
[232.241s] Level 1:colcon.colcon_core.shell:create_environment_hook('as7265x_at_msgs', 'ld_library_path_lib')
[232.243s] INFO:colcon.colcon_core.shell:Creating environment hook '/home/pi4/camera_ws/src/install/as7265x_at_msgs/share/as7265x_at_msgs/hook/ld_library_path_lib.ps1'
[232.250s] INFO:colcon.colcon_core.shell:Creating environment descriptor '/home/pi4/camera_ws/src/install/as7265x_at_msgs/share/as7265x_at_msgs/hook/ld_library_path_lib.dsv'
[232.253s] INFO:colcon.colcon_core.shell:Creating environment hook '/home/pi4/camera_ws/src/install/as7265x_at_msgs/share/as7265x_at_msgs/hook/ld_library_path_lib.sh'
[232.261s] Level 1:colcon.colcon_core.environment:checking '/home/pi4/camera_ws/src/install/as7265x_at_msgs/bin'
[232.262s] Level 1:colcon.colcon_core.environment:checking '/home/pi4/camera_ws/src/install/as7265x_at_msgs/lib/pkgconfig/as7265x_at_msgs.pc'
[232.269s] Level 1:colcon.colcon_core.environment:checking '/home/pi4/camera_ws/src/install/as7265x_at_msgs/lib/python3.11/site-packages'
[232.276s] Level 1:colcon.colcon_core.shell:create_environment_hook('as7265x_at_msgs', 'pythonpath')
[232.279s] INFO:colcon.colcon_core.shell:Creating environment hook '/home/pi4/camera_ws/src/install/as7265x_at_msgs/share/as7265x_at_msgs/hook/pythonpath.ps1'
[232.285s] INFO:colcon.colcon_core.shell:Creating environment descriptor '/home/pi4/camera_ws/src/install/as7265x_at_msgs/share/as7265x_at_msgs/hook/pythonpath.dsv'
[232.287s] INFO:colcon.colcon_core.shell:Creating environment hook '/home/pi4/camera_ws/src/install/as7265x_at_msgs/share/as7265x_at_msgs/hook/pythonpath.sh'
[232.301s] Level 1:colcon.colcon_core.environment:checking '/home/pi4/camera_ws/src/install/as7265x_at_msgs/bin'
[232.304s] INFO:colcon.colcon_core.shell:Creating package script '/home/pi4/camera_ws/src/install/as7265x_at_msgs/share/as7265x_at_msgs/package.ps1'
[232.314s] INFO:colcon.colcon_core.shell:Creating package descriptor '/home/pi4/camera_ws/src/install/as7265x_at_msgs/share/as7265x_at_msgs/package.dsv'
[232.326s] INFO:colcon.colcon_core.shell:Creating package script '/home/pi4/camera_ws/src/install/as7265x_at_msgs/share/as7265x_at_msgs/package.sh'
[232.330s] INFO:colcon.colcon_core.shell:Creating package script '/home/pi4/camera_ws/src/install/as7265x_at_msgs/share/as7265x_at_msgs/package.bash'
[232.334s] INFO:colcon.colcon_core.shell:Creating package script '/home/pi4/camera_ws/src/install/as7265x_at_msgs/share/as7265x_at_msgs/package.zsh'
[232.338s] Level 1:colcon.colcon_core.environment:create_file_with_runtime_dependencies(/home/pi4/camera_ws/src/install/as7265x_at_msgs/share/colcon-core/packages/as7265x_at_msgs)
[232.345s] Level 1:colcon.colcon_core.environment:create_environment_scripts_only(as7265x_at_msgs)
[232.347s] Level 1:colcon.colcon_core.environment:checking '/home/pi4/camera_ws/src/install/as7265x_at_msgs' for CMake module files
[232.351s] Level 1:colcon.colcon_core.environment:checking '/home/pi4/camera_ws/src/install/as7265x_at_msgs' for CMake config files
[232.354s] Level 1:colcon.colcon_core.shell:create_environment_hook('as7265x_at_msgs', 'cmake_prefix_path')
[232.357s] INFO:colcon.colcon_core.shell:Creating environment hook '/home/pi4/camera_ws/src/install/as7265x_at_msgs/share/as7265x_at_msgs/hook/cmake_prefix_path.ps1'
[232.361s] INFO:colcon.colcon_core.shell:Creating environment descriptor '/home/pi4/camera_ws/src/install/as7265x_at_msgs/share/as7265x_at_msgs/hook/cmake_prefix_path.dsv'
[232.365s] INFO:colcon.colcon_core.shell:Creating environment hook '/home/pi4/camera_ws/src/install/as7265x_at_msgs/share/as7265x_at_msgs/hook/cmake_prefix_path.sh'
[232.372s] Level 1:colcon.colcon_core.environment:checking '/home/pi4/camera_ws/src/install/as7265x_at_msgs/lib'
[232.373s] Level 1:colcon.colcon_core.shell:create_environment_hook('as7265x_at_msgs', 'ld_library_path_lib')
[232.374s] INFO:colcon.colcon_core.shell:Creating environment hook '/home/pi4/camera_ws/src/install/as7265x_at_msgs/share/as7265x_at_msgs/hook/ld_library_path_lib.ps1'
[232.383s] INFO:colcon.colcon_core.shell:Creating environment descriptor '/home/pi4/camera_ws/src/install/as7265x_at_msgs/share/as7265x_at_msgs/hook/ld_library_path_lib.dsv'
[232.394s] INFO:colcon.colcon_core.shell:Creating environment hook '/home/pi4/camera_ws/src/install/as7265x_at_msgs/share/as7265x_at_msgs/hook/ld_library_path_lib.sh'
[232.408s] Level 1:colcon.colcon_core.environment:checking '/home/pi4/camera_ws/src/install/as7265x_at_msgs/bin'
[232.410s] Level 1:colcon.colcon_core.environment:checking '/home/pi4/camera_ws/src/install/as7265x_at_msgs/lib/pkgconfig/as7265x_at_msgs.pc'
[232.412s] Level 1:colcon.colcon_core.environment:checking '/home/pi4/camera_ws/src/install/as7265x_at_msgs/lib/python3.11/site-packages'
[232.413s] Level 1:colcon.colcon_core.shell:create_environment_hook('as7265x_at_msgs', 'pythonpath')
[232.415s] INFO:colcon.colcon_core.shell:Creating environment hook '/home/pi4/camera_ws/src/install/as7265x_at_msgs/share/as7265x_at_msgs/hook/pythonpath.ps1'
[232.420s] INFO:colcon.colcon_core.shell:Creating environment descriptor '/home/pi4/camera_ws/src/install/as7265x_at_msgs/share/as7265x_at_msgs/hook/pythonpath.dsv'
[232.425s] INFO:colcon.colcon_core.shell:Creating environment hook '/home/pi4/camera_ws/src/install/as7265x_at_msgs/share/as7265x_at_msgs/hook/pythonpath.sh'
[232.432s] Level 1:colcon.colcon_core.environment:checking '/home/pi4/camera_ws/src/install/as7265x_at_msgs/bin'
[232.435s] INFO:colcon.colcon_core.shell:Creating package script '/home/pi4/camera_ws/src/install/as7265x_at_msgs/share/as7265x_at_msgs/package.ps1'
[232.439s] INFO:colcon.colcon_core.shell:Creating package descriptor '/home/pi4/camera_ws/src/install/as7265x_at_msgs/share/as7265x_at_msgs/package.dsv'
[232.444s] INFO:colcon.colcon_core.shell:Creating package script '/home/pi4/camera_ws/src/install/as7265x_at_msgs/share/as7265x_at_msgs/package.sh'
[232.448s] INFO:colcon.colcon_core.shell:Creating package script '/home/pi4/camera_ws/src/install/as7265x_at_msgs/share/as7265x_at_msgs/package.bash'
[232.453s] INFO:colcon.colcon_core.shell:Creating package script '/home/pi4/camera_ws/src/install/as7265x_at_msgs/share/as7265x_at_msgs/package.zsh'
[232.458s] Level 1:colcon.colcon_core.environment:create_file_with_runtime_dependencies(/home/pi4/camera_ws/src/install/as7265x_at_msgs/share/colcon-core/packages/as7265x_at_msgs)
[232.461s] DEBUG:colcon.colcon_parallel_executor.executor.parallel:closing loop
[232.464s] DEBUG:colcon.colcon_parallel_executor.executor.parallel:loop closed
[232.465s] DEBUG:colcon.colcon_parallel_executor.executor.parallel:run_until_complete finished with '0'
[232.465s] DEBUG:colcon.colcon_core.event_reactor:joining thread
[232.563s] INFO:colcon.colcon_core.plugin_system:Skipping extension 'colcon_notification.desktop_notification.notify_send': Could not find 'notify-send'
[232.565s] INFO:colcon.colcon_core.plugin_system:Skipping extension 'colcon_notification.desktop_notification.terminal_notifier': Not used on non-Darwin systems
[232.566s] INFO:colcon.colcon_core.plugin_system:Skipping extension 'colcon_notification.desktop_notification.win32': Not used on non-Windows systems
[232.567s] INFO:colcon.colcon_notification.desktop_notification:Sending desktop notification using 'notify2'
[232.572s] DEBUG:colcon.colcon_notification.desktop_notification.notify2:Failed to initialize notify2: org.freedesktop.DBus.Error.ServiceUnknown: The name org.freedesktop.Notifications was not provided by any .service files
[232.580s] DEBUG:colcon.colcon_core.event_reactor:joined thread
[232.582s] INFO:colcon.colcon_core.shell:Creating prefix script '/home/pi4/camera_ws/src/install/local_setup.ps1'
[232.598s] INFO:colcon.colcon_core.shell:Creating prefix util module '/home/pi4/camera_ws/src/install/_local_setup_util_ps1.py'
[232.611s] INFO:colcon.colcon_core.shell:Creating prefix chain script '/home/pi4/camera_ws/src/install/setup.ps1'
[232.729s] INFO:colcon.colcon_core.shell:Creating prefix script '/home/pi4/camera_ws/src/install/local_setup.sh'
[232.733s] INFO:colcon.colcon_core.shell:Creating prefix util module '/home/pi4/camera_ws/src/install/_local_setup_util_sh.py'
[232.738s] INFO:colcon.colcon_core.shell:Creating prefix chain script '/home/pi4/camera_ws/src/install/setup.sh'
[232.837s] INFO:colcon.colcon_core.shell:Creating prefix script '/home/pi4/camera_ws/src/install/local_setup.bash'
[232.841s] INFO:colcon.colcon_core.shell:Creating prefix chain script '/home/pi4/camera_ws/src/install/setup.bash'
[233.000s] INFO:colcon.colcon_core.shell:Creating prefix script '/home/pi4/camera_ws/src/install/local_setup.zsh'
[233.006s] INFO:colcon.colcon_core.shell:Creating prefix chain script '/home/pi4/camera_ws/src/install/setup.zsh'
